2020-06-30 13:07:22,846 - TOPOPT - INFO - START OF THE MAIN PROGRAM

2020-06-30 13:07:22,875 - TOPOPT - INFO - Total number of finite elements            :   2732
2020-06-30 13:07:22,875 - TOPOPT - INFO - Number of finite elements for filament     :   2732
2020-06-30 13:07:22,876 - TOPOPT - INFO - Number of finite elements for connection   :   0
2020-06-30 13:07:22,876 - TOPOPT - INFO - Total number of design variables           :   2732
2020-06-30 13:07:22,876 - TOPOPT - INFO - Total number of nodes                      :   1125
2020-06-30 13:07:22,876 - TOPOPT - INFO - Total degrees of freedom                   :   6750
2020-06-30 13:07:22,877 - TOPOPT - INFO - Number of free degrees of freedom          :   6611
2020-06-30 13:07:22,877 - TOPOPT - INFO - Volume fraction                            :   0.3
2020-06-30 13:07:22,877 - TOPOPT - INFO - Penalty factor                             :   3.0
2020-06-30 13:07:22,877 - TOPOPT - INFO - Continuation step                          :   True
2020-06-30 13:07:22,877 - TOPOPT - INFO - Filter length                              :   40.0
2020-06-30 13:07:22,877 - TOPOPT - INFO - Filter approach                            :   SENS
2020-06-30 13:07:22,878 - TOPOPT - INFO - Maximum number of iterations               :   1000.0
2020-06-30 13:07:22,878 - TOPOPT - INFO - Tolerance (max. density change)            :   0.001
2020-06-30 13:07:22,878 - TOPOPT - INFO - Maximum Young's modulus for fil (if x_i=1) :   1.0
2020-06-30 13:07:22,878 - TOPOPT - INFO - Minimum Young's modulus for fil (if x_i=0) :   1e-09
2020-06-30 13:07:22,878 - TOPOPT - INFO - Maximum Young's modulus for con (if x_i=1) :   1.0
2020-06-30 13:07:22,878 - TOPOPT - INFO - Minimum Young's modulus for con (if x_i=0) :   1e-09

2020-06-30 13:07:23,051 - TOPOPT - INFO - Scaling factor for objective function f0   :   0.000
2020-06-30 13:07:23,052 - TOPOPT - INFO - Scaling factor for constraint function f1  :   2732.000

2020-06-30 13:07:23,230 - TOPOPT - INFO - Ite.: 000  Vol.: 0.300  Ch.: 0.0000  Obj.: 833.3
2020-06-30 13:07:23,392 - TOPOPT - INFO - Ite.: 001  Vol.: 0.300  Ch.: 0.2000  Obj.: 55.4
2020-06-30 13:07:23,581 - TOPOPT - INFO - Ite.: 002  Vol.: 0.300  Ch.: 0.2000  Obj.: 47.5
2020-06-30 13:07:23,782 - TOPOPT - INFO - Ite.: 003  Vol.: 0.300  Ch.: 0.2000  Obj.: 43.4
2020-06-30 13:07:23,991 - TOPOPT - INFO - Ite.: 004  Vol.: 0.300  Ch.: 0.1436  Obj.: 41.4
2020-06-30 13:07:24,163 - TOPOPT - INFO - Ite.: 005  Vol.: 0.300  Ch.: 0.1283  Obj.: 40.6
2020-06-30 13:07:24,291 - TOPOPT - INFO - Ite.: 006  Vol.: 0.300  Ch.: 0.1050  Obj.: 40.3
2020-06-30 13:07:24,418 - TOPOPT - INFO - Ite.: 007  Vol.: 0.300  Ch.: 0.0968  Obj.: 40.1
2020-06-30 13:07:24,529 - TOPOPT - INFO - Ite.: 008  Vol.: 0.300  Ch.: 0.0906  Obj.: 40.0
2020-06-30 13:07:24,650 - TOPOPT - INFO - Ite.: 009  Vol.: 0.300  Ch.: 0.0691  Obj.: 39.9
2020-06-30 13:07:24,773 - TOPOPT - INFO - Ite.: 010  Vol.: 0.300  Ch.: 0.0488  Obj.: 39.9
2020-06-30 13:07:24,889 - TOPOPT - INFO - Ite.: 011  Vol.: 0.300  Ch.: 0.0422  Obj.: 39.9
2020-06-30 13:07:24,996 - TOPOPT - INFO - Ite.: 012  Vol.: 0.300  Ch.: 0.0398  Obj.: 39.9
2020-06-30 13:07:25,107 - TOPOPT - INFO - Ite.: 013  Vol.: 0.300  Ch.: 0.0417  Obj.: 39.8
2020-06-30 13:07:25,232 - TOPOPT - INFO - Ite.: 014  Vol.: 0.300  Ch.: 0.0430  Obj.: 39.8
2020-06-30 13:07:25,358 - TOPOPT - INFO - Ite.: 015  Vol.: 0.300  Ch.: 0.0431  Obj.: 39.8
2020-06-30 13:07:25,479 - TOPOPT - INFO - Ite.: 016  Vol.: 0.300  Ch.: 0.0372  Obj.: 39.8
2020-06-30 13:07:25,596 - TOPOPT - INFO - Ite.: 017  Vol.: 0.300  Ch.: 0.0367  Obj.: 39.8
2020-06-30 13:07:25,717 - TOPOPT - INFO - Ite.: 018  Vol.: 0.300  Ch.: 0.0364  Obj.: 39.8
2020-06-30 13:07:25,844 - TOPOPT - INFO - Ite.: 019  Vol.: 0.300  Ch.: 0.0355  Obj.: 39.8
2020-06-30 13:07:25,963 - TOPOPT - INFO - Ite.: 020  Vol.: 0.300  Ch.: 0.0346  Obj.: 39.8
2020-06-30 13:07:26,080 - TOPOPT - INFO - Ite.: 021  Vol.: 0.300  Ch.: 0.0324  Obj.: 40.0
2020-06-30 13:07:26,205 - TOPOPT - INFO - Ite.: 022  Vol.: 0.300  Ch.: 0.0336  Obj.: 40.1
2020-06-30 13:07:26,348 - TOPOPT - INFO - Ite.: 023  Vol.: 0.300  Ch.: 0.0353  Obj.: 40.3
2020-06-30 13:07:26,475 - TOPOPT - INFO - Ite.: 024  Vol.: 0.300  Ch.: 0.0339  Obj.: 40.4
2020-06-30 13:07:26,612 - TOPOPT - INFO - Ite.: 025  Vol.: 0.300  Ch.: 0.0421  Obj.: 40.6
2020-06-30 13:07:26,728 - TOPOPT - INFO - Ite.: 026  Vol.: 0.300  Ch.: 0.0512  Obj.: 40.7
2020-06-30 13:07:26,853 - TOPOPT - INFO - Ite.: 027  Vol.: 0.300  Ch.: 0.0590  Obj.: 40.8
2020-06-30 13:07:26,967 - TOPOPT - INFO - Ite.: 028  Vol.: 0.300  Ch.: 0.0669  Obj.: 40.9
2020-06-30 13:07:27,080 - TOPOPT - INFO - Ite.: 029  Vol.: 0.300  Ch.: 0.0669  Obj.: 41.0
2020-06-30 13:07:27,195 - TOPOPT - INFO - Ite.: 030  Vol.: 0.300  Ch.: 0.0575  Obj.: 41.1
2020-06-30 13:07:27,334 - TOPOPT - INFO - Ite.: 031  Vol.: 0.300  Ch.: 0.0565  Obj.: 41.2
2020-06-30 13:07:27,457 - TOPOPT - INFO - Ite.: 032  Vol.: 0.300  Ch.: 0.0525  Obj.: 41.3
2020-06-30 13:07:27,574 - TOPOPT - INFO - Ite.: 033  Vol.: 0.300  Ch.: 0.0444  Obj.: 41.4
2020-06-30 13:07:27,717 - TOPOPT - INFO - Ite.: 034  Vol.: 0.300  Ch.: 0.0371  Obj.: 41.5
2020-06-30 13:07:27,838 - TOPOPT - INFO - Ite.: 035  Vol.: 0.300  Ch.: 0.0306  Obj.: 41.6
2020-06-30 13:07:27,954 - TOPOPT - INFO - Ite.: 036  Vol.: 0.300  Ch.: 0.0238  Obj.: 41.7
2020-06-30 13:07:28,119 - TOPOPT - INFO - Ite.: 037  Vol.: 0.300  Ch.: 0.0188  Obj.: 41.7
2020-06-30 13:07:28,296 - TOPOPT - INFO - Ite.: 038  Vol.: 0.300  Ch.: 0.0159  Obj.: 41.8
2020-06-30 13:07:28,433 - TOPOPT - INFO - Ite.: 039  Vol.: 0.300  Ch.: 0.0147  Obj.: 41.9
2020-06-30 13:07:28,565 - TOPOPT - INFO - Ite.: 040  Vol.: 0.300  Ch.: 0.0159  Obj.: 41.9
2020-06-30 13:07:28,703 - TOPOPT - INFO - Ite.: 041  Vol.: 0.300  Ch.: 0.0186  Obj.: 42.0
2020-06-30 13:07:28,887 - TOPOPT - INFO - Ite.: 042  Vol.: 0.300  Ch.: 0.0215  Obj.: 42.1
2020-06-30 13:07:29,013 - TOPOPT - INFO - Ite.: 043  Vol.: 0.300  Ch.: 0.0233  Obj.: 42.1
2020-06-30 13:07:29,163 - TOPOPT - INFO - Ite.: 044  Vol.: 0.300  Ch.: 0.0227  Obj.: 42.2
2020-06-30 13:07:29,376 - TOPOPT - INFO - Ite.: 045  Vol.: 0.300  Ch.: 0.0223  Obj.: 42.2
2020-06-30 13:07:29,555 - TOPOPT - INFO - Ite.: 046  Vol.: 0.300  Ch.: 0.0209  Obj.: 42.3
2020-06-30 13:07:29,770 - TOPOPT - INFO - Ite.: 047  Vol.: 0.300  Ch.: 0.0217  Obj.: 42.3
2020-06-30 13:07:29,995 - TOPOPT - INFO - Ite.: 048  Vol.: 0.300  Ch.: 0.0215  Obj.: 42.4
2020-06-30 13:07:30,222 - TOPOPT - INFO - Ite.: 049  Vol.: 0.300  Ch.: 0.0198  Obj.: 42.4
2020-06-30 13:07:30,471 - TOPOPT - INFO - Ite.: 050  Vol.: 0.300  Ch.: 0.0172  Obj.: 42.5
2020-06-30 13:07:30,662 - TOPOPT - INFO - Ite.: 051  Vol.: 0.300  Ch.: 0.0139  Obj.: 42.5
2020-06-30 13:07:30,896 - TOPOPT - INFO - Ite.: 052  Vol.: 0.300  Ch.: 0.0103  Obj.: 42.6
2020-06-30 13:07:31,124 - TOPOPT - INFO - Ite.: 053  Vol.: 0.300  Ch.: 0.0101  Obj.: 42.6
2020-06-30 13:07:31,365 - TOPOPT - INFO - Ite.: 054  Vol.: 0.300  Ch.: 0.0110  Obj.: 42.7
2020-06-30 13:07:31,600 - TOPOPT - INFO - Ite.: 055  Vol.: 0.300  Ch.: 0.0118  Obj.: 42.7
2020-06-30 13:07:31,822 - TOPOPT - INFO - Ite.: 056  Vol.: 0.300  Ch.: 0.0121  Obj.: 42.7
2020-06-30 13:07:32,035 - TOPOPT - INFO - Ite.: 057  Vol.: 0.300  Ch.: 0.0122  Obj.: 42.8
2020-06-30 13:07:32,251 - TOPOPT - INFO - Ite.: 058  Vol.: 0.300  Ch.: 0.0123  Obj.: 42.8
2020-06-30 13:07:32,481 - TOPOPT - INFO - Ite.: 059  Vol.: 0.300  Ch.: 0.0122  Obj.: 42.9
2020-06-30 13:07:32,697 - TOPOPT - INFO - Ite.: 060  Vol.: 0.300  Ch.: 0.0119  Obj.: 42.9
2020-06-30 13:07:32,920 - TOPOPT - INFO - Ite.: 061  Vol.: 0.300  Ch.: 0.0116  Obj.: 42.9
2020-06-30 13:07:33,073 - TOPOPT - INFO - Ite.: 062  Vol.: 0.300  Ch.: 0.0110  Obj.: 43.0
2020-06-30 13:07:33,293 - TOPOPT - INFO - Ite.: 063  Vol.: 0.300  Ch.: 0.0125  Obj.: 43.0
2020-06-30 13:07:33,494 - TOPOPT - INFO - Ite.: 064  Vol.: 0.300  Ch.: 0.0163  Obj.: 43.1
2020-06-30 13:07:33,695 - TOPOPT - INFO - Ite.: 065  Vol.: 0.300  Ch.: 0.0177  Obj.: 43.1
2020-06-30 13:07:33,893 - TOPOPT - INFO - Ite.: 066  Vol.: 0.300  Ch.: 0.0125  Obj.: 43.2
2020-06-30 13:07:34,091 - TOPOPT - INFO - Ite.: 067  Vol.: 0.300  Ch.: 0.0083  Obj.: 43.2
2020-06-30 13:07:34,315 - TOPOPT - INFO - Ite.: 068  Vol.: 0.300  Ch.: 0.0083  Obj.: 43.2
2020-06-30 13:07:34,528 - TOPOPT - INFO - Ite.: 069  Vol.: 0.300  Ch.: 0.0084  Obj.: 43.3
2020-06-30 13:07:34,674 - TOPOPT - INFO - Ite.: 070  Vol.: 0.300  Ch.: 0.0083  Obj.: 43.3
2020-06-30 13:07:34,811 - TOPOPT - INFO - Ite.: 071  Vol.: 0.300  Ch.: 0.0085  Obj.: 43.4
2020-06-30 13:07:34,955 - TOPOPT - INFO - Ite.: 072  Vol.: 0.300  Ch.: 0.0086  Obj.: 43.4
2020-06-30 13:07:35,084 - TOPOPT - INFO - Ite.: 073  Vol.: 0.300  Ch.: 0.0083  Obj.: 43.5
2020-06-30 13:07:35,287 - TOPOPT - INFO - Ite.: 074  Vol.: 0.300  Ch.: 0.0080  Obj.: 43.6
2020-06-30 13:07:35,474 - TOPOPT - INFO - Ite.: 075  Vol.: 0.300  Ch.: 0.0079  Obj.: 43.6
2020-06-30 13:07:35,612 - TOPOPT - INFO - Ite.: 076  Vol.: 0.300  Ch.: 0.0078  Obj.: 43.6
2020-06-30 13:07:35,740 - TOPOPT - INFO - Ite.: 077  Vol.: 0.300  Ch.: 0.0041  Obj.: 43.6
2020-06-30 13:07:35,921 - TOPOPT - INFO - Ite.: 078  Vol.: 0.300  Ch.: 0.0017  Obj.: 43.6
2020-06-30 13:07:36,095 - TOPOPT - INFO - Ite.: 079  Vol.: 0.300  Ch.: 0.0011  Obj.: 43.6
2020-06-30 13:07:36,277 - TOPOPT - INFO - Ite.: 080  Vol.: 0.300  Ch.: 0.0006  Obj.: 43.6
2020-06-30 13:07:36,294 - TOPOPT - INFO - Ite.: 081  Convergence criterion reached

2020-06-30 13:07:36,294 - TOPOPT - INFO - FINAL OBJECTIVE FUNCTION VALUE     :   677144454.0407559

2020-06-30 13:07:36,295 - TOPOPT - INFO - Black and white filtering data for different threshold values
2020-06-30 13:07:36,534 - TOPOPT - INFO - Threshold value            :   0.1
2020-06-30 13:07:36,535 - TOPOPT - INFO - Volume fraction            :   0.35746417507634676
2020-06-30 13:07:36,536 - TOPOPT - INFO - Objective function value   :   609942851.9970645

2020-06-30 13:07:36,773 - TOPOPT - INFO - Threshold value            :   0.2
2020-06-30 13:07:36,773 - TOPOPT - INFO - Volume fraction            :   0.3199827646054777
2020-06-30 13:07:36,774 - TOPOPT - INFO - Objective function value   :   6740816860993.981

2020-06-30 13:07:37,003 - TOPOPT - INFO - Threshold value            :   0.3
2020-06-30 13:07:37,003 - TOPOPT - INFO - Volume fraction            :   0.30570413204514657
2020-06-30 13:07:37,005 - TOPOPT - INFO - Objective function value   :   17894238618634.445

2020-06-30 13:07:37,233 - TOPOPT - INFO - Threshold value            :   0.4
2020-06-30 13:07:37,233 - TOPOPT - INFO - Volume fraction            :   0.3031800025677763
2020-06-30 13:07:37,234 - TOPOPT - INFO - Objective function value   :   19041042153068.395

2020-06-30 13:07:37,460 - TOPOPT - INFO - Threshold value            :   0.5
2020-06-30 13:07:37,461 - TOPOPT - INFO - Volume fraction            :   0.29813174361303574
2020-06-30 13:07:37,462 - TOPOPT - INFO - Objective function value   :   19078841564618.195

2020-06-30 13:07:37,699 - TOPOPT - INFO - Threshold value            :   0.6
2020-06-30 13:07:37,699 - TOPOPT - INFO - Volume fraction            :   0.29308348465829515
2020-06-30 13:07:37,701 - TOPOPT - INFO - Objective function value   :   19078881377384.285

2020-06-30 13:07:37,914 - TOPOPT - INFO - Threshold value            :   0.7
2020-06-30 13:07:37,914 - TOPOPT - INFO - Volume fraction            :   0.2862503966335132
2020-06-30 13:07:37,916 - TOPOPT - INFO - Objective function value   :   19078967685245.85

2020-06-30 13:07:38,117 - TOPOPT - INFO - Threshold value            :   0.8
2020-06-30 13:07:38,118 - TOPOPT - INFO - Volume fraction            :   0.27258422058394927
2020-06-30 13:07:38,119 - TOPOPT - INFO - Objective function value   :   36539511226837.016

2020-06-30 13:07:38,348 - TOPOPT - INFO - Threshold value            :   0.9
2020-06-30 13:07:38,349 - TOPOPT - INFO - Volume fraction            :   0.25765597979570026
2020-06-30 13:07:38,351 - TOPOPT - INFO - Objective function value   :   390236962528547.9

2020-06-30 13:07:38,352 - TOPOPT - INFO - OPTIMIZATION FINISHED IN 52 SEC. /// 1 MIN.

2020-06-30 13:07:38,354 - TOPOPT - INFO - END OF THE MAIN PROGRAM

2020-06-30 13:07:38,356 - TOPOPT - INFO - YOU CAN CLOSE THIS WINDOW AND CONTINUE IN GRASSHOPPER
