2020-06-30 12:15:38,636 - TOPOPT - INFO - START OF THE MAIN PROGRAM

2020-06-30 12:15:38,655 - TOPOPT - INFO - Total number of finite elements            :   1512
2020-06-30 12:15:38,655 - TOPOPT - INFO - Number of finite elements for filament     :   1512
2020-06-30 12:15:38,655 - TOPOPT - INFO - Number of finite elements for connection   :   0
2020-06-30 12:15:38,656 - TOPOPT - INFO - Total number of design variables           :   1512
2020-06-30 12:15:38,656 - TOPOPT - INFO - Total number of nodes                      :   625
2020-06-30 12:15:38,656 - TOPOPT - INFO - Total degrees of freedom                   :   3750
2020-06-30 12:15:38,656 - TOPOPT - INFO - Number of free degrees of freedom          :   3743
2020-06-30 12:15:38,657 - TOPOPT - INFO - Volume fraction                            :   0.3
2020-06-30 12:15:38,657 - TOPOPT - INFO - Penalty factor                             :   3.0
2020-06-30 12:15:38,657 - TOPOPT - INFO - Continuation step                          :   True
2020-06-30 12:15:38,657 - TOPOPT - INFO - Filter length                              :   40.0
2020-06-30 12:15:38,658 - TOPOPT - INFO - Filter approach                            :   SENS
2020-06-30 12:15:38,658 - TOPOPT - INFO - Maximum number of iterations               :   1000.0
2020-06-30 12:15:38,658 - TOPOPT - INFO - Tolerance (max. density change)            :   0.001
2020-06-30 12:15:38,658 - TOPOPT - INFO - Maximum Young's modulus for fil (if x_i=1) :   1.0
2020-06-30 12:15:38,659 - TOPOPT - INFO - Minimum Young's modulus for fil (if x_i=0) :   1e-09
2020-06-30 12:15:38,659 - TOPOPT - INFO - Maximum Young's modulus for con (if x_i=1) :   1.0
2020-06-30 12:15:38,659 - TOPOPT - INFO - Minimum Young's modulus for con (if x_i=0) :   1e-09

2020-06-30 12:15:38,768 - TOPOPT - INFO - Scaling factor for objective function f0   :   0.000
2020-06-30 12:15:38,768 - TOPOPT - INFO - Scaling factor for constraint function f1  :   1512.000

2020-06-30 12:15:38,828 - TOPOPT - INFO - Ite.: 000  Vol.: 0.300  Ch.: 0.0000  Obj.: 833.3
2020-06-30 12:15:38,875 - TOPOPT - INFO - Ite.: 001  Vol.: 0.300  Ch.: 0.2000  Obj.: 57.6
2020-06-30 12:15:38,923 - TOPOPT - INFO - Ite.: 002  Vol.: 0.300  Ch.: 0.2000  Obj.: 51.6
2020-06-30 12:15:38,976 - TOPOPT - INFO - Ite.: 003  Vol.: 0.300  Ch.: 0.2000  Obj.: 48.7
2020-06-30 12:15:39,031 - TOPOPT - INFO - Ite.: 004  Vol.: 0.300  Ch.: 0.1411  Obj.: 47.3
2020-06-30 12:15:39,079 - TOPOPT - INFO - Ite.: 005  Vol.: 0.300  Ch.: 0.1133  Obj.: 46.7
2020-06-30 12:15:39,124 - TOPOPT - INFO - Ite.: 006  Vol.: 0.300  Ch.: 0.0846  Obj.: 46.3
2020-06-30 12:15:39,170 - TOPOPT - INFO - Ite.: 007  Vol.: 0.300  Ch.: 0.0636  Obj.: 46.1
2020-06-30 12:15:39,217 - TOPOPT - INFO - Ite.: 008  Vol.: 0.300  Ch.: 0.0539  Obj.: 46.0
2020-06-30 12:15:39,264 - TOPOPT - INFO - Ite.: 009  Vol.: 0.300  Ch.: 0.0446  Obj.: 45.9
2020-06-30 12:15:39,303 - TOPOPT - INFO - Ite.: 010  Vol.: 0.300  Ch.: 0.0358  Obj.: 45.8
2020-06-30 12:15:39,352 - TOPOPT - INFO - Ite.: 011  Vol.: 0.300  Ch.: 0.0345  Obj.: 45.7
2020-06-30 12:15:39,402 - TOPOPT - INFO - Ite.: 012  Vol.: 0.300  Ch.: 0.0340  Obj.: 45.6
2020-06-30 12:15:39,453 - TOPOPT - INFO - Ite.: 013  Vol.: 0.300  Ch.: 0.0333  Obj.: 45.5
2020-06-30 12:15:39,495 - TOPOPT - INFO - Ite.: 014  Vol.: 0.300  Ch.: 0.0325  Obj.: 45.5
2020-06-30 12:15:39,539 - TOPOPT - INFO - Ite.: 015  Vol.: 0.300  Ch.: 0.0317  Obj.: 45.4
2020-06-30 12:15:39,594 - TOPOPT - INFO - Ite.: 016  Vol.: 0.300  Ch.: 0.0308  Obj.: 45.4
2020-06-30 12:15:39,644 - TOPOPT - INFO - Ite.: 017  Vol.: 0.300  Ch.: 0.0300  Obj.: 45.3
2020-06-30 12:15:39,693 - TOPOPT - INFO - Ite.: 018  Vol.: 0.300  Ch.: 0.0296  Obj.: 45.3
2020-06-30 12:15:39,747 - TOPOPT - INFO - Ite.: 019  Vol.: 0.300  Ch.: 0.0293  Obj.: 45.3
2020-06-30 12:15:39,799 - TOPOPT - INFO - Ite.: 020  Vol.: 0.300  Ch.: 0.0291  Obj.: 45.2
2020-06-30 12:15:39,847 - TOPOPT - INFO - Ite.: 021  Vol.: 0.300  Ch.: 0.0284  Obj.: 45.6
2020-06-30 12:15:39,895 - TOPOPT - INFO - Ite.: 022  Vol.: 0.300  Ch.: 0.0267  Obj.: 45.9
2020-06-30 12:15:39,943 - TOPOPT - INFO - Ite.: 023  Vol.: 0.300  Ch.: 0.0261  Obj.: 46.2
2020-06-30 12:15:39,992 - TOPOPT - INFO - Ite.: 024  Vol.: 0.300  Ch.: 0.0328  Obj.: 46.5
2020-06-30 12:15:40,041 - TOPOPT - INFO - Ite.: 025  Vol.: 0.300  Ch.: 0.0387  Obj.: 46.7
2020-06-30 12:15:40,095 - TOPOPT - INFO - Ite.: 026  Vol.: 0.300  Ch.: 0.0454  Obj.: 46.9
2020-06-30 12:15:40,146 - TOPOPT - INFO - Ite.: 027  Vol.: 0.300  Ch.: 0.0526  Obj.: 47.1
2020-06-30 12:15:40,213 - TOPOPT - INFO - Ite.: 028  Vol.: 0.300  Ch.: 0.0572  Obj.: 47.2
2020-06-30 12:15:40,262 - TOPOPT - INFO - Ite.: 029  Vol.: 0.300  Ch.: 0.0578  Obj.: 47.4
2020-06-30 12:15:40,318 - TOPOPT - INFO - Ite.: 030  Vol.: 0.300  Ch.: 0.0500  Obj.: 47.5
2020-06-30 12:15:40,368 - TOPOPT - INFO - Ite.: 031  Vol.: 0.300  Ch.: 0.0456  Obj.: 47.6
2020-06-30 12:15:40,428 - TOPOPT - INFO - Ite.: 032  Vol.: 0.300  Ch.: 0.0522  Obj.: 47.6
2020-06-30 12:15:40,474 - TOPOPT - INFO - Ite.: 033  Vol.: 0.300  Ch.: 0.0607  Obj.: 47.7
2020-06-30 12:15:40,517 - TOPOPT - INFO - Ite.: 034  Vol.: 0.300  Ch.: 0.0641  Obj.: 47.7
2020-06-30 12:15:40,573 - TOPOPT - INFO - Ite.: 035  Vol.: 0.300  Ch.: 0.0620  Obj.: 47.8
2020-06-30 12:15:40,630 - TOPOPT - INFO - Ite.: 036  Vol.: 0.300  Ch.: 0.0524  Obj.: 47.9
2020-06-30 12:15:40,686 - TOPOPT - INFO - Ite.: 037  Vol.: 0.300  Ch.: 0.0481  Obj.: 48.0
2020-06-30 12:15:40,744 - TOPOPT - INFO - Ite.: 038  Vol.: 0.300  Ch.: 0.0413  Obj.: 48.0
2020-06-30 12:15:40,793 - TOPOPT - INFO - Ite.: 039  Vol.: 0.300  Ch.: 0.0317  Obj.: 48.1
2020-06-30 12:15:40,837 - TOPOPT - INFO - Ite.: 040  Vol.: 0.300  Ch.: 0.0279  Obj.: 48.2
2020-06-30 12:15:40,886 - TOPOPT - INFO - Ite.: 041  Vol.: 0.300  Ch.: 0.0259  Obj.: 48.3
2020-06-30 12:15:40,937 - TOPOPT - INFO - Ite.: 042  Vol.: 0.300  Ch.: 0.0238  Obj.: 48.4
2020-06-30 12:15:40,995 - TOPOPT - INFO - Ite.: 043  Vol.: 0.300  Ch.: 0.0202  Obj.: 48.5
2020-06-30 12:15:41,046 - TOPOPT - INFO - Ite.: 044  Vol.: 0.300  Ch.: 0.0159  Obj.: 48.5
2020-06-30 12:15:41,096 - TOPOPT - INFO - Ite.: 045  Vol.: 0.300  Ch.: 0.0126  Obj.: 48.6
2020-06-30 12:15:41,149 - TOPOPT - INFO - Ite.: 046  Vol.: 0.300  Ch.: 0.0109  Obj.: 48.7
2020-06-30 12:15:41,203 - TOPOPT - INFO - Ite.: 047  Vol.: 0.300  Ch.: 0.0115  Obj.: 48.8
2020-06-30 12:15:41,251 - TOPOPT - INFO - Ite.: 048  Vol.: 0.300  Ch.: 0.0137  Obj.: 48.9
2020-06-30 12:15:41,304 - TOPOPT - INFO - Ite.: 049  Vol.: 0.300  Ch.: 0.0167  Obj.: 49.0
2020-06-30 12:15:41,351 - TOPOPT - INFO - Ite.: 050  Vol.: 0.300  Ch.: 0.0187  Obj.: 49.1
2020-06-30 12:15:41,400 - TOPOPT - INFO - Ite.: 051  Vol.: 0.300  Ch.: 0.0154  Obj.: 49.2
2020-06-30 12:15:41,450 - TOPOPT - INFO - Ite.: 052  Vol.: 0.300  Ch.: 0.0074  Obj.: 49.3
2020-06-30 12:15:41,498 - TOPOPT - INFO - Ite.: 053  Vol.: 0.300  Ch.: 0.0087  Obj.: 49.4
2020-06-30 12:15:41,549 - TOPOPT - INFO - Ite.: 054  Vol.: 0.300  Ch.: 0.0109  Obj.: 49.5
2020-06-30 12:15:41,607 - TOPOPT - INFO - Ite.: 055  Vol.: 0.300  Ch.: 0.0133  Obj.: 49.7
2020-06-30 12:15:41,667 - TOPOPT - INFO - Ite.: 056  Vol.: 0.300  Ch.: 0.0162  Obj.: 49.8
2020-06-30 12:15:41,754 - TOPOPT - INFO - Ite.: 057  Vol.: 0.300  Ch.: 0.0197  Obj.: 49.9
2020-06-30 12:15:41,835 - TOPOPT - INFO - Ite.: 058  Vol.: 0.300  Ch.: 0.0244  Obj.: 50.1
2020-06-30 12:15:41,914 - TOPOPT - INFO - Ite.: 059  Vol.: 0.300  Ch.: 0.0293  Obj.: 50.2
2020-06-30 12:15:41,993 - TOPOPT - INFO - Ite.: 060  Vol.: 0.300  Ch.: 0.0343  Obj.: 50.3
2020-06-30 12:15:42,077 - TOPOPT - INFO - Ite.: 061  Vol.: 0.300  Ch.: 0.0401  Obj.: 50.4
2020-06-30 12:15:42,159 - TOPOPT - INFO - Ite.: 062  Vol.: 0.300  Ch.: 0.0470  Obj.: 50.6
2020-06-30 12:15:42,243 - TOPOPT - INFO - Ite.: 063  Vol.: 0.300  Ch.: 0.0512  Obj.: 50.7
2020-06-30 12:15:42,312 - TOPOPT - INFO - Ite.: 064  Vol.: 0.300  Ch.: 0.0525  Obj.: 50.8
2020-06-30 12:15:42,389 - TOPOPT - INFO - Ite.: 065  Vol.: 0.300  Ch.: 0.0474  Obj.: 50.9
2020-06-30 12:15:42,465 - TOPOPT - INFO - Ite.: 066  Vol.: 0.300  Ch.: 0.0353  Obj.: 51.0
2020-06-30 12:15:42,522 - TOPOPT - INFO - Ite.: 067  Vol.: 0.300  Ch.: 0.0381  Obj.: 51.2
2020-06-30 12:15:42,582 - TOPOPT - INFO - Ite.: 068  Vol.: 0.300  Ch.: 0.0402  Obj.: 51.3
2020-06-30 12:15:42,641 - TOPOPT - INFO - Ite.: 069  Vol.: 0.300  Ch.: 0.0417  Obj.: 51.4
2020-06-30 12:15:42,703 - TOPOPT - INFO - Ite.: 070  Vol.: 0.300  Ch.: 0.0408  Obj.: 51.4
2020-06-30 12:15:42,767 - TOPOPT - INFO - Ite.: 071  Vol.: 0.300  Ch.: 0.0375  Obj.: 51.5
2020-06-30 12:15:42,821 - TOPOPT - INFO - Ite.: 072  Vol.: 0.300  Ch.: 0.0328  Obj.: 51.6
2020-06-30 12:15:42,872 - TOPOPT - INFO - Ite.: 073  Vol.: 0.300  Ch.: 0.0278  Obj.: 51.7
2020-06-30 12:15:42,926 - TOPOPT - INFO - Ite.: 074  Vol.: 0.300  Ch.: 0.0240  Obj.: 51.8
2020-06-30 12:15:42,982 - TOPOPT - INFO - Ite.: 075  Vol.: 0.300  Ch.: 0.0209  Obj.: 52.0
2020-06-30 12:15:43,032 - TOPOPT - INFO - Ite.: 076  Vol.: 0.300  Ch.: 0.0182  Obj.: 52.0
2020-06-30 12:15:43,084 - TOPOPT - INFO - Ite.: 077  Vol.: 0.300  Ch.: 0.0143  Obj.: 52.0
2020-06-30 12:15:43,139 - TOPOPT - INFO - Ite.: 078  Vol.: 0.300  Ch.: 0.0128  Obj.: 52.0
2020-06-30 12:15:43,186 - TOPOPT - INFO - Ite.: 079  Vol.: 0.300  Ch.: 0.0085  Obj.: 52.0
2020-06-30 12:15:43,240 - TOPOPT - INFO - Ite.: 080  Vol.: 0.300  Ch.: 0.0071  Obj.: 52.0
2020-06-30 12:15:43,287 - TOPOPT - INFO - Ite.: 081  Vol.: 0.300  Ch.: 0.0055  Obj.: 52.0
2020-06-30 12:15:43,334 - TOPOPT - INFO - Ite.: 082  Vol.: 0.300  Ch.: 0.0046  Obj.: 52.0
2020-06-30 12:15:43,382 - TOPOPT - INFO - Ite.: 083  Vol.: 0.300  Ch.: 0.0037  Obj.: 52.0
2020-06-30 12:15:43,425 - TOPOPT - INFO - Ite.: 084  Vol.: 0.300  Ch.: 0.0030  Obj.: 52.0
2020-06-30 12:15:43,469 - TOPOPT - INFO - Ite.: 085  Vol.: 0.300  Ch.: 0.0026  Obj.: 52.0
2020-06-30 12:15:43,516 - TOPOPT - INFO - Ite.: 086  Vol.: 0.300  Ch.: 0.0021  Obj.: 52.0
2020-06-30 12:15:43,563 - TOPOPT - INFO - Ite.: 087  Vol.: 0.300  Ch.: 0.0018  Obj.: 52.0
2020-06-30 12:15:43,611 - TOPOPT - INFO - Ite.: 088  Vol.: 0.300  Ch.: 0.0016  Obj.: 52.0
2020-06-30 12:15:43,663 - TOPOPT - INFO - Ite.: 089  Vol.: 0.300  Ch.: 0.0013  Obj.: 52.0
2020-06-30 12:15:43,718 - TOPOPT - INFO - Ite.: 090  Vol.: 0.300  Ch.: 0.0011  Obj.: 52.0
2020-06-30 12:15:43,771 - TOPOPT - INFO - Ite.: 091  Vol.: 0.300  Ch.: 0.0010  Obj.: 52.0
2020-06-30 12:15:43,776 - TOPOPT - INFO - Ite.: 092  Convergence criterion reached

2020-06-30 12:15:43,776 - TOPOPT - INFO - FINAL OBJECTIVE FUNCTION VALUE     :   2579200414.504389

2020-06-30 12:15:43,777 - TOPOPT - INFO - Black and white filtering data for different threshold values
2020-06-30 12:15:43,846 - TOPOPT - INFO - Threshold value            :   0.1
2020-06-30 12:15:43,846 - TOPOPT - INFO - Volume fraction            :   0.37204869154965137
2020-06-30 12:15:43,847 - TOPOPT - INFO - Objective function value   :   491979609661.89453

2020-06-30 12:15:43,930 - TOPOPT - INFO - Threshold value            :   0.2
2020-06-30 12:15:43,931 - TOPOPT - INFO - Volume fraction            :   0.316297118459309
2020-06-30 12:15:43,932 - TOPOPT - INFO - Objective function value   :   32887130318858.004

2020-06-30 12:15:44,013 - TOPOPT - INFO - Threshold value            :   0.3
2020-06-30 12:15:44,014 - TOPOPT - INFO - Volume fraction            :   0.3130657142440648
2020-06-30 12:15:44,015 - TOPOPT - INFO - Objective function value   :   32887196155620.56

2020-06-30 12:15:44,079 - TOPOPT - INFO - Threshold value            :   0.4
2020-06-30 12:15:44,079 - TOPOPT - INFO - Volume fraction            :   0.3043179579802224
2020-06-30 12:15:44,081 - TOPOPT - INFO - Objective function value   :   32887221857686.203

2020-06-30 12:15:44,143 - TOPOPT - INFO - Threshold value            :   0.5
2020-06-30 12:15:44,144 - TOPOPT - INFO - Volume fraction            :   0.29423171026491624
2020-06-30 12:15:44,145 - TOPOPT - INFO - Objective function value   :   32887261994757.793

2020-06-30 12:15:44,219 - TOPOPT - INFO - Threshold value            :   0.6
2020-06-30 12:15:44,219 - TOPOPT - INFO - Volume fraction            :   0.2841454625496101
2020-06-30 12:15:44,221 - TOPOPT - INFO - Objective function value   :   32887536571759.98

2020-06-30 12:15:44,312 - TOPOPT - INFO - Threshold value            :   0.7
2020-06-30 12:15:44,313 - TOPOPT - INFO - Volume fraction            :   0.2763441626676579
2020-06-30 12:15:44,314 - TOPOPT - INFO - Objective function value   :   32887624830081.066

2020-06-30 12:15:44,406 - TOPOPT - INFO - Threshold value            :   0.8
2020-06-30 12:15:44,407 - TOPOPT - INFO - Volume fraction            :   0.2639729671189977
2020-06-30 12:15:44,408 - TOPOPT - INFO - Objective function value   :   39753089269820.26

2020-06-30 12:15:44,476 - TOPOPT - INFO - Threshold value            :   0.9
2020-06-30 12:15:44,476 - TOPOPT - INFO - Volume fraction            :   0.2493168237369836
2020-06-30 12:15:44,477 - TOPOPT - INFO - Objective function value   :   123198491702084.3

2020-06-30 12:15:44,478 - TOPOPT - INFO - OPTIMIZATION FINISHED IN 11 SEC. /// 0 MIN.

2020-06-30 12:15:44,478 - TOPOPT - INFO - END OF THE MAIN PROGRAM

2020-06-30 12:15:44,478 - TOPOPT - INFO - YOU CAN CLOSE THIS WINDOW AND CONTINUE IN GRASSHOPPER
