2020-06-30 15:58:21,480 - TOPOPT - INFO - START OF THE MAIN PROGRAM

2020-06-30 15:58:21,499 - TOPOPT - INFO - Total number of finite elements            :   2088
2020-06-30 15:58:21,499 - TOPOPT - INFO - Number of finite elements for filament     :   2088
2020-06-30 15:58:21,499 - TOPOPT - INFO - Number of finite elements for connection   :   0
2020-06-30 15:58:21,499 - TOPOPT - INFO - Total number of design variables           :   2088
2020-06-30 15:58:21,500 - TOPOPT - INFO - Total number of nodes                      :   625
2020-06-30 15:58:21,500 - TOPOPT - INFO - Total degrees of freedom                   :   3750
2020-06-30 15:58:21,500 - TOPOPT - INFO - Number of free degrees of freedom          :   3743
2020-06-30 15:58:21,500 - TOPOPT - INFO - Volume fraction                            :   0.172837
2020-06-30 15:58:21,501 - TOPOPT - INFO - Penalty factor                             :   3.0
2020-06-30 15:58:21,501 - TOPOPT - INFO - Continuation step                          :   True
2020-06-30 15:58:21,501 - TOPOPT - INFO - Filter length                              :   0.0
2020-06-30 15:58:21,501 - TOPOPT - INFO - Filter approach                            :   SENS
2020-06-30 15:58:21,501 - TOPOPT - INFO - Maximum number of iterations               :   1000.0
2020-06-30 15:58:21,501 - TOPOPT - INFO - Tolerance (max. density change)            :   0.001
2020-06-30 15:58:21,502 - TOPOPT - INFO - Maximum Young's modulus for fil (if x_i=1) :   1.0
2020-06-30 15:58:21,502 - TOPOPT - INFO - Minimum Young's modulus for fil (if x_i=0) :   1e-09
2020-06-30 15:58:21,502 - TOPOPT - INFO - Maximum Young's modulus for con (if x_i=1) :   1.0
2020-06-30 15:58:21,502 - TOPOPT - INFO - Minimum Young's modulus for con (if x_i=0) :   1e-09

2020-06-30 15:58:21,603 - TOPOPT - INFO - Scaling factor for objective function f0   :   0.000
2020-06-30 15:58:21,603 - TOPOPT - INFO - Scaling factor for constraint function f1  :   2088.000

2020-06-30 15:58:21,649 - TOPOPT - INFO - Ite.: 000  Vol.: 0.173  Ch.: 0.0000  Obj.: 2510.7
2020-06-30 15:58:21,696 - TOPOPT - INFO - Ite.: 001  Vol.: 0.173  Ch.: 0.2000  Obj.: 56.1
2020-06-30 15:58:21,769 - TOPOPT - INFO - Ite.: 002  Vol.: 0.173  Ch.: 0.2000  Obj.: 50.3
2020-06-30 15:58:21,841 - TOPOPT - INFO - Ite.: 003  Vol.: 0.173  Ch.: 0.2000  Obj.: 47.6
2020-06-30 15:58:21,917 - TOPOPT - INFO - Ite.: 004  Vol.: 0.173  Ch.: 0.1941  Obj.: 46.1
2020-06-30 15:58:22,000 - TOPOPT - INFO - Ite.: 005  Vol.: 0.173  Ch.: 0.1475  Obj.: 45.1
2020-06-30 15:58:22,073 - TOPOPT - INFO - Ite.: 006  Vol.: 0.173  Ch.: 0.1146  Obj.: 44.5
2020-06-30 15:58:22,145 - TOPOPT - INFO - Ite.: 007  Vol.: 0.173  Ch.: 0.0987  Obj.: 44.0
2020-06-30 15:58:22,199 - TOPOPT - INFO - Ite.: 008  Vol.: 0.173  Ch.: 0.0795  Obj.: 43.7
2020-06-30 15:58:22,252 - TOPOPT - INFO - Ite.: 009  Vol.: 0.173  Ch.: 0.0554  Obj.: 43.5
2020-06-30 15:58:22,307 - TOPOPT - INFO - Ite.: 010  Vol.: 0.173  Ch.: 0.0456  Obj.: 43.4
2020-06-30 15:58:22,357 - TOPOPT - INFO - Ite.: 011  Vol.: 0.173  Ch.: 0.0427  Obj.: 43.3
2020-06-30 15:58:22,402 - TOPOPT - INFO - Ite.: 012  Vol.: 0.173  Ch.: 0.0392  Obj.: 43.3
2020-06-30 15:58:22,452 - TOPOPT - INFO - Ite.: 013  Vol.: 0.173  Ch.: 0.0357  Obj.: 43.2
2020-06-30 15:58:22,502 - TOPOPT - INFO - Ite.: 014  Vol.: 0.173  Ch.: 0.0322  Obj.: 43.2
2020-06-30 15:58:22,552 - TOPOPT - INFO - Ite.: 015  Vol.: 0.173  Ch.: 0.0294  Obj.: 43.2
2020-06-30 15:58:22,597 - TOPOPT - INFO - Ite.: 016  Vol.: 0.173  Ch.: 0.0269  Obj.: 43.1
2020-06-30 15:58:22,642 - TOPOPT - INFO - Ite.: 017  Vol.: 0.173  Ch.: 0.0222  Obj.: 43.1
2020-06-30 15:58:22,692 - TOPOPT - INFO - Ite.: 018  Vol.: 0.173  Ch.: 0.0213  Obj.: 43.1
2020-06-30 15:58:22,744 - TOPOPT - INFO - Ite.: 019  Vol.: 0.173  Ch.: 0.0202  Obj.: 43.1
2020-06-30 15:58:22,795 - TOPOPT - INFO - Ite.: 020  Vol.: 0.173  Ch.: 0.0191  Obj.: 43.1
2020-06-30 15:58:22,865 - TOPOPT - INFO - Ite.: 021  Vol.: 0.173  Ch.: 0.0181  Obj.: 43.9
2020-06-30 15:58:22,916 - TOPOPT - INFO - Ite.: 022  Vol.: 0.173  Ch.: 0.0233  Obj.: 44.7
2020-06-30 15:58:22,977 - TOPOPT - INFO - Ite.: 023  Vol.: 0.173  Ch.: 0.0232  Obj.: 45.5
2020-06-30 15:58:23,032 - TOPOPT - INFO - Ite.: 024  Vol.: 0.173  Ch.: 0.0253  Obj.: 46.4
2020-06-30 15:58:23,088 - TOPOPT - INFO - Ite.: 025  Vol.: 0.173  Ch.: 0.0274  Obj.: 47.3
2020-06-30 15:58:23,140 - TOPOPT - INFO - Ite.: 026  Vol.: 0.173  Ch.: 0.0289  Obj.: 48.2
2020-06-30 15:58:23,192 - TOPOPT - INFO - Ite.: 027  Vol.: 0.173  Ch.: 0.0296  Obj.: 49.1
2020-06-30 15:58:23,248 - TOPOPT - INFO - Ite.: 028  Vol.: 0.173  Ch.: 0.0293  Obj.: 50.0
2020-06-30 15:58:23,305 - TOPOPT - INFO - Ite.: 029  Vol.: 0.173  Ch.: 0.0277  Obj.: 50.9
2020-06-30 15:58:23,360 - TOPOPT - INFO - Ite.: 030  Vol.: 0.173  Ch.: 0.0272  Obj.: 51.8
2020-06-30 15:58:23,412 - TOPOPT - INFO - Ite.: 031  Vol.: 0.173  Ch.: 0.0284  Obj.: 52.8
2020-06-30 15:58:23,468 - TOPOPT - INFO - Ite.: 032  Vol.: 0.173  Ch.: 0.0289  Obj.: 53.7
2020-06-30 15:58:23,526 - TOPOPT - INFO - Ite.: 033  Vol.: 0.173  Ch.: 0.0315  Obj.: 54.7
2020-06-30 15:58:23,582 - TOPOPT - INFO - Ite.: 034  Vol.: 0.173  Ch.: 0.0347  Obj.: 55.6
2020-06-30 15:58:23,632 - TOPOPT - INFO - Ite.: 035  Vol.: 0.173  Ch.: 0.0361  Obj.: 56.5
2020-06-30 15:58:23,683 - TOPOPT - INFO - Ite.: 036  Vol.: 0.173  Ch.: 0.0443  Obj.: 57.3
2020-06-30 15:58:23,740 - TOPOPT - INFO - Ite.: 037  Vol.: 0.173  Ch.: 0.0538  Obj.: 57.9
2020-06-30 15:58:23,805 - TOPOPT - INFO - Ite.: 038  Vol.: 0.173  Ch.: 0.0688  Obj.: 58.5
2020-06-30 15:58:23,879 - TOPOPT - INFO - Ite.: 039  Vol.: 0.173  Ch.: 0.0847  Obj.: 58.8
2020-06-30 15:58:23,955 - TOPOPT - INFO - Ite.: 040  Vol.: 0.173  Ch.: 0.0883  Obj.: 59.0
2020-06-30 15:58:24,018 - TOPOPT - INFO - Ite.: 041  Vol.: 0.173  Ch.: 0.0768  Obj.: 59.1
2020-06-30 15:58:24,072 - TOPOPT - INFO - Ite.: 042  Vol.: 0.173  Ch.: 0.0690  Obj.: 59.1
2020-06-30 15:58:24,142 - TOPOPT - INFO - Ite.: 043  Vol.: 0.173  Ch.: 0.0833  Obj.: 59.0
2020-06-30 15:58:24,192 - TOPOPT - INFO - Ite.: 044  Vol.: 0.173  Ch.: 0.1001  Obj.: 58.9
2020-06-30 15:58:24,252 - TOPOPT - INFO - Ite.: 045  Vol.: 0.173  Ch.: 0.1229  Obj.: 58.7
2020-06-30 15:58:24,302 - TOPOPT - INFO - Ite.: 046  Vol.: 0.173  Ch.: 0.0964  Obj.: 58.4
2020-06-30 15:58:24,352 - TOPOPT - INFO - Ite.: 047  Vol.: 0.173  Ch.: 0.1119  Obj.: 58.0
2020-06-30 15:58:24,402 - TOPOPT - INFO - Ite.: 048  Vol.: 0.173  Ch.: 0.1535  Obj.: 57.4
2020-06-30 15:58:24,457 - TOPOPT - INFO - Ite.: 049  Vol.: 0.173  Ch.: 0.1453  Obj.: 56.8
2020-06-30 15:58:24,512 - TOPOPT - INFO - Ite.: 050  Vol.: 0.173  Ch.: 0.1564  Obj.: 56.3
2020-06-30 15:58:24,562 - TOPOPT - INFO - Ite.: 051  Vol.: 0.173  Ch.: 0.1323  Obj.: 55.9
2020-06-30 15:58:24,613 - TOPOPT - INFO - Ite.: 052  Vol.: 0.173  Ch.: 0.1146  Obj.: 55.5
2020-06-30 15:58:24,662 - TOPOPT - INFO - Ite.: 053  Vol.: 0.173  Ch.: 0.1143  Obj.: 55.1
2020-06-30 15:58:24,722 - TOPOPT - INFO - Ite.: 054  Vol.: 0.173  Ch.: 0.1190  Obj.: 54.6
2020-06-30 15:58:24,807 - TOPOPT - INFO - Ite.: 055  Vol.: 0.173  Ch.: 0.1369  Obj.: 54.3
2020-06-30 15:58:24,892 - TOPOPT - INFO - Ite.: 056  Vol.: 0.173  Ch.: 0.0864  Obj.: 54.2
2020-06-30 15:58:24,982 - TOPOPT - INFO - Ite.: 057  Vol.: 0.173  Ch.: 0.0806  Obj.: 54.1
2020-06-30 15:58:25,062 - TOPOPT - INFO - Ite.: 058  Vol.: 0.173  Ch.: 0.0993  Obj.: 54.2
2020-06-30 15:58:25,119 - TOPOPT - INFO - Ite.: 059  Vol.: 0.173  Ch.: 0.0878  Obj.: 54.3
2020-06-30 15:58:25,178 - TOPOPT - INFO - Ite.: 060  Vol.: 0.173  Ch.: 0.0944  Obj.: 54.4
2020-06-30 15:58:25,238 - TOPOPT - INFO - Ite.: 061  Vol.: 0.173  Ch.: 0.1121  Obj.: 54.4
2020-06-30 15:58:25,302 - TOPOPT - INFO - Ite.: 062  Vol.: 0.173  Ch.: 0.1437  Obj.: 54.3
2020-06-30 15:58:25,355 - TOPOPT - INFO - Ite.: 063  Vol.: 0.173  Ch.: 0.1792  Obj.: 54.1
2020-06-30 15:58:25,409 - TOPOPT - INFO - Ite.: 064  Vol.: 0.173  Ch.: 0.1411  Obj.: 54.1
2020-06-30 15:58:25,466 - TOPOPT - INFO - Ite.: 065  Vol.: 0.173  Ch.: 0.1500  Obj.: 54.3
2020-06-30 15:58:25,515 - TOPOPT - INFO - Ite.: 066  Vol.: 0.173  Ch.: 0.2000  Obj.: 54.3
2020-06-30 15:58:25,570 - TOPOPT - INFO - Ite.: 067  Vol.: 0.173  Ch.: 0.1774  Obj.: 54.2
2020-06-30 15:58:25,621 - TOPOPT - INFO - Ite.: 068  Vol.: 0.173  Ch.: 0.1786  Obj.: 54.1
2020-06-30 15:58:25,670 - TOPOPT - INFO - Ite.: 069  Vol.: 0.173  Ch.: 0.1255  Obj.: 54.1
2020-06-30 15:58:25,723 - TOPOPT - INFO - Ite.: 070  Vol.: 0.173  Ch.: 0.0549  Obj.: 54.3
2020-06-30 15:58:25,780 - TOPOPT - INFO - Ite.: 071  Vol.: 0.173  Ch.: 0.0307  Obj.: 54.5
2020-06-30 15:58:25,843 - TOPOPT - INFO - Ite.: 072  Vol.: 0.173  Ch.: 0.0329  Obj.: 54.7
2020-06-30 15:58:25,900 - TOPOPT - INFO - Ite.: 073  Vol.: 0.173  Ch.: 0.0235  Obj.: 55.0
2020-06-30 15:58:25,965 - TOPOPT - INFO - Ite.: 074  Vol.: 0.173  Ch.: 0.0277  Obj.: 55.3
2020-06-30 15:58:26,035 - TOPOPT - INFO - Ite.: 075  Vol.: 0.173  Ch.: 0.0226  Obj.: 55.6
2020-06-30 15:58:26,099 - TOPOPT - INFO - Ite.: 076  Vol.: 0.173  Ch.: 0.0266  Obj.: 55.8
2020-06-30 15:58:26,161 - TOPOPT - INFO - Ite.: 077  Vol.: 0.173  Ch.: 0.0258  Obj.: 55.8
2020-06-30 15:58:26,218 - TOPOPT - INFO - Ite.: 078  Vol.: 0.173  Ch.: 0.0270  Obj.: 55.8
2020-06-30 15:58:26,280 - TOPOPT - INFO - Ite.: 079  Vol.: 0.173  Ch.: 0.0305  Obj.: 55.8
2020-06-30 15:58:26,338 - TOPOPT - INFO - Ite.: 080  Vol.: 0.173  Ch.: 0.0361  Obj.: 55.8
2020-06-30 15:58:26,393 - TOPOPT - INFO - Ite.: 081  Vol.: 0.173  Ch.: 0.0452  Obj.: 55.7
2020-06-30 15:58:26,449 - TOPOPT - INFO - Ite.: 082  Vol.: 0.173  Ch.: 0.0583  Obj.: 55.7
2020-06-30 15:58:26,506 - TOPOPT - INFO - Ite.: 083  Vol.: 0.173  Ch.: 0.0757  Obj.: 55.6
2020-06-30 15:58:26,561 - TOPOPT - INFO - Ite.: 084  Vol.: 0.173  Ch.: 0.0903  Obj.: 55.5
2020-06-30 15:58:26,620 - TOPOPT - INFO - Ite.: 085  Vol.: 0.173  Ch.: 0.0874  Obj.: 55.4
2020-06-30 15:58:26,674 - TOPOPT - INFO - Ite.: 086  Vol.: 0.173  Ch.: 0.0776  Obj.: 55.2
2020-06-30 15:58:26,732 - TOPOPT - INFO - Ite.: 087  Vol.: 0.173  Ch.: 0.0399  Obj.: 55.1
2020-06-30 15:58:26,799 - TOPOPT - INFO - Ite.: 088  Vol.: 0.173  Ch.: 0.0219  Obj.: 55.1
2020-06-30 15:58:26,866 - TOPOPT - INFO - Ite.: 089  Vol.: 0.173  Ch.: 0.0217  Obj.: 55.1
2020-06-30 15:58:26,922 - TOPOPT - INFO - Ite.: 090  Vol.: 0.173  Ch.: 0.0225  Obj.: 55.1
2020-06-30 15:58:26,982 - TOPOPT - INFO - Ite.: 091  Vol.: 0.173  Ch.: 0.0224  Obj.: 55.1
2020-06-30 15:58:27,044 - TOPOPT - INFO - Ite.: 092  Vol.: 0.173  Ch.: 0.0255  Obj.: 55.1
2020-06-30 15:58:27,103 - TOPOPT - INFO - Ite.: 093  Vol.: 0.173  Ch.: 0.0260  Obj.: 55.1
2020-06-30 15:58:27,177 - TOPOPT - INFO - Ite.: 094  Vol.: 0.173  Ch.: 0.0345  Obj.: 55.1
2020-06-30 15:58:27,237 - TOPOPT - INFO - Ite.: 095  Vol.: 0.173  Ch.: 0.0374  Obj.: 55.1
2020-06-30 15:58:27,294 - TOPOPT - INFO - Ite.: 096  Vol.: 0.173  Ch.: 0.0384  Obj.: 55.1
2020-06-30 15:58:27,351 - TOPOPT - INFO - Ite.: 097  Vol.: 0.173  Ch.: 0.0407  Obj.: 55.1
2020-06-30 15:58:27,410 - TOPOPT - INFO - Ite.: 098  Vol.: 0.173  Ch.: 0.0713  Obj.: 55.0
2020-06-30 15:58:27,467 - TOPOPT - INFO - Ite.: 099  Vol.: 0.173  Ch.: 0.1115  Obj.: 55.0
2020-06-30 15:58:27,522 - TOPOPT - INFO - Ite.: 100  Vol.: 0.173  Ch.: 0.1278  Obj.: 54.9
2020-06-30 15:58:27,580 - TOPOPT - INFO - Ite.: 101  Vol.: 0.173  Ch.: 0.0818  Obj.: 54.9
2020-06-30 15:58:27,634 - TOPOPT - INFO - Ite.: 102  Vol.: 0.173  Ch.: 0.0346  Obj.: 54.9
2020-06-30 15:58:27,688 - TOPOPT - INFO - Ite.: 103  Vol.: 0.173  Ch.: 0.0415  Obj.: 54.9
2020-06-30 15:58:27,743 - TOPOPT - INFO - Ite.: 104  Vol.: 0.173  Ch.: 0.0728  Obj.: 54.9
2020-06-30 15:58:27,807 - TOPOPT - INFO - Ite.: 105  Vol.: 0.173  Ch.: 0.1136  Obj.: 54.8
2020-06-30 15:58:27,864 - TOPOPT - INFO - Ite.: 106  Vol.: 0.173  Ch.: 0.1297  Obj.: 54.8
2020-06-30 15:58:27,931 - TOPOPT - INFO - Ite.: 107  Vol.: 0.173  Ch.: 0.0835  Obj.: 54.7
2020-06-30 15:58:27,995 - TOPOPT - INFO - Ite.: 108  Vol.: 0.173  Ch.: 0.0313  Obj.: 54.7
2020-06-30 15:58:28,048 - TOPOPT - INFO - Ite.: 109  Vol.: 0.173  Ch.: 0.0313  Obj.: 54.7
2020-06-30 15:58:28,107 - TOPOPT - INFO - Ite.: 110  Vol.: 0.173  Ch.: 0.0313  Obj.: 54.7
2020-06-30 15:58:28,167 - TOPOPT - INFO - Ite.: 111  Vol.: 0.173  Ch.: 0.0313  Obj.: 54.7
2020-06-30 15:58:28,234 - TOPOPT - INFO - Ite.: 112  Vol.: 0.173  Ch.: 0.0313  Obj.: 54.7
2020-06-30 15:58:28,294 - TOPOPT - INFO - Ite.: 113  Vol.: 0.173  Ch.: 0.0313  Obj.: 54.7
2020-06-30 15:58:28,348 - TOPOPT - INFO - Ite.: 114  Vol.: 0.173  Ch.: 0.0313  Obj.: 54.7
2020-06-30 15:58:28,400 - TOPOPT - INFO - Ite.: 115  Vol.: 0.173  Ch.: 0.0313  Obj.: 54.7
2020-06-30 15:58:28,474 - TOPOPT - INFO - Ite.: 116  Vol.: 0.173  Ch.: 0.0313  Obj.: 54.7
2020-06-30 15:58:28,525 - TOPOPT - INFO - Ite.: 117  Vol.: 0.173  Ch.: 0.0313  Obj.: 54.7
2020-06-30 15:58:28,578 - TOPOPT - INFO - Ite.: 118  Vol.: 0.173  Ch.: 0.0313  Obj.: 54.7
2020-06-30 15:58:28,637 - TOPOPT - INFO - Ite.: 119  Vol.: 0.173  Ch.: 0.0313  Obj.: 54.7
2020-06-30 15:58:28,694 - TOPOPT - INFO - Ite.: 120  Vol.: 0.173  Ch.: 0.0313  Obj.: 54.7
2020-06-30 15:58:28,757 - TOPOPT - INFO - Ite.: 121  Vol.: 0.173  Ch.: 0.0313  Obj.: 54.7
2020-06-30 15:58:28,823 - TOPOPT - INFO - Ite.: 122  Vol.: 0.173  Ch.: 0.0313  Obj.: 54.7
2020-06-30 15:58:28,886 - TOPOPT - INFO - Ite.: 123  Vol.: 0.173  Ch.: 0.0313  Obj.: 54.7
2020-06-30 15:58:28,942 - TOPOPT - INFO - Ite.: 124  Vol.: 0.173  Ch.: 0.0313  Obj.: 54.7
2020-06-30 15:58:29,004 - TOPOPT - INFO - Ite.: 125  Vol.: 0.173  Ch.: 0.0313  Obj.: 54.7
2020-06-30 15:58:29,065 - TOPOPT - INFO - Ite.: 126  Vol.: 0.173  Ch.: 0.0313  Obj.: 54.7
2020-06-30 15:58:29,132 - TOPOPT - INFO - Ite.: 127  Vol.: 0.173  Ch.: 0.0313  Obj.: 54.7
2020-06-30 15:58:29,187 - TOPOPT - INFO - Ite.: 128  Vol.: 0.173  Ch.: 0.0313  Obj.: 54.7
2020-06-30 15:58:29,248 - TOPOPT - INFO - Ite.: 129  Vol.: 0.173  Ch.: 0.0313  Obj.: 54.7
2020-06-30 15:58:29,331 - TOPOPT - INFO - Ite.: 130  Vol.: 0.173  Ch.: 0.0313  Obj.: 54.7
2020-06-30 15:58:29,401 - TOPOPT - INFO - Ite.: 131  Vol.: 0.173  Ch.: 0.0313  Obj.: 54.7
2020-06-30 15:58:29,466 - TOPOPT - INFO - Ite.: 132  Vol.: 0.173  Ch.: 0.0313  Obj.: 54.7
2020-06-30 15:58:29,525 - TOPOPT - INFO - Ite.: 133  Vol.: 0.173  Ch.: 0.0313  Obj.: 54.7
2020-06-30 15:58:29,589 - TOPOPT - INFO - Ite.: 134  Vol.: 0.173  Ch.: 0.0313  Obj.: 54.7
2020-06-30 15:58:29,642 - TOPOPT - INFO - Ite.: 135  Vol.: 0.173  Ch.: 0.0313  Obj.: 54.7
2020-06-30 15:58:29,697 - TOPOPT - INFO - Ite.: 136  Vol.: 0.173  Ch.: 0.0313  Obj.: 54.7
2020-06-30 15:58:29,759 - TOPOPT - INFO - Ite.: 137  Vol.: 0.173  Ch.: 0.0313  Obj.: 54.7
2020-06-30 15:58:29,827 - TOPOPT - INFO - Ite.: 138  Vol.: 0.173  Ch.: 0.0313  Obj.: 54.7
2020-06-30 15:58:29,893 - TOPOPT - INFO - Ite.: 139  Vol.: 0.173  Ch.: 0.0313  Obj.: 54.7
2020-06-30 15:58:29,952 - TOPOPT - INFO - Ite.: 140  Vol.: 0.173  Ch.: 0.0313  Obj.: 54.7
2020-06-30 15:58:30,017 - TOPOPT - INFO - Ite.: 141  Vol.: 0.173  Ch.: 0.0313  Obj.: 54.7
2020-06-30 15:58:30,080 - TOPOPT - INFO - Ite.: 142  Vol.: 0.173  Ch.: 0.0313  Obj.: 54.7
2020-06-30 15:58:30,142 - TOPOPT - INFO - Ite.: 143  Vol.: 0.173  Ch.: 0.0313  Obj.: 54.7
2020-06-30 15:58:30,217 - TOPOPT - INFO - Ite.: 144  Vol.: 0.173  Ch.: 0.0313  Obj.: 54.7
2020-06-30 15:58:30,283 - TOPOPT - INFO - Ite.: 145  Vol.: 0.173  Ch.: 0.0313  Obj.: 54.7
2020-06-30 15:58:30,347 - TOPOPT - INFO - Ite.: 146  Vol.: 0.173  Ch.: 0.0313  Obj.: 54.7
2020-06-30 15:58:30,410 - TOPOPT - INFO - Ite.: 147  Vol.: 0.173  Ch.: 0.0313  Obj.: 54.7
2020-06-30 15:58:30,471 - TOPOPT - INFO - Ite.: 148  Vol.: 0.173  Ch.: 0.0313  Obj.: 54.7
2020-06-30 15:58:30,535 - TOPOPT - INFO - Ite.: 149  Vol.: 0.173  Ch.: 0.0313  Obj.: 54.7
2020-06-30 15:58:30,596 - TOPOPT - INFO - Ite.: 150  Vol.: 0.173  Ch.: 0.0313  Obj.: 54.7
2020-06-30 15:58:30,654 - TOPOPT - INFO - Ite.: 151  Vol.: 0.173  Ch.: 0.0313  Obj.: 54.7
2020-06-30 15:58:30,709 - TOPOPT - INFO - Ite.: 152  Vol.: 0.173  Ch.: 0.0313  Obj.: 54.7
2020-06-30 15:58:30,769 - TOPOPT - INFO - Ite.: 153  Vol.: 0.173  Ch.: 0.0313  Obj.: 54.7
2020-06-30 15:58:30,834 - TOPOPT - INFO - Ite.: 154  Vol.: 0.173  Ch.: 0.0313  Obj.: 54.7
2020-06-30 15:58:30,904 - TOPOPT - INFO - Ite.: 155  Vol.: 0.173  Ch.: 0.0313  Obj.: 54.7
2020-06-30 15:58:30,964 - TOPOPT - INFO - Ite.: 156  Vol.: 0.173  Ch.: 0.0313  Obj.: 54.7
2020-06-30 15:58:31,021 - TOPOPT - INFO - Ite.: 157  Vol.: 0.173  Ch.: 0.0313  Obj.: 54.7
2020-06-30 15:58:31,087 - TOPOPT - INFO - Ite.: 158  Vol.: 0.173  Ch.: 0.0313  Obj.: 54.7
2020-06-30 15:58:31,145 - TOPOPT - INFO - Ite.: 159  Vol.: 0.173  Ch.: 0.0313  Obj.: 54.7
2020-06-30 15:58:31,205 - TOPOPT - INFO - Ite.: 160  Vol.: 0.173  Ch.: 0.0313  Obj.: 54.7
2020-06-30 15:58:31,265 - TOPOPT - INFO - Ite.: 161  Vol.: 0.173  Ch.: 0.0313  Obj.: 54.7
2020-06-30 15:58:31,329 - TOPOPT - INFO - Ite.: 162  Vol.: 0.173  Ch.: 0.0312  Obj.: 54.7
2020-06-30 15:58:31,386 - TOPOPT - INFO - Ite.: 163  Vol.: 0.173  Ch.: 0.0313  Obj.: 54.7
2020-06-30 15:58:31,443 - TOPOPT - INFO - Ite.: 164  Vol.: 0.173  Ch.: 0.0313  Obj.: 54.7
2020-06-30 15:58:31,500 - TOPOPT - INFO - Ite.: 165  Vol.: 0.173  Ch.: 0.0313  Obj.: 54.7
2020-06-30 15:58:31,559 - TOPOPT - INFO - Ite.: 166  Vol.: 0.173  Ch.: 0.0312  Obj.: 54.7
2020-06-30 15:58:31,611 - TOPOPT - INFO - Ite.: 167  Vol.: 0.173  Ch.: 0.0313  Obj.: 54.7
2020-06-30 15:58:31,667 - TOPOPT - INFO - Ite.: 168  Vol.: 0.173  Ch.: 0.0313  Obj.: 54.7
2020-06-30 15:58:31,746 - TOPOPT - INFO - Ite.: 169  Vol.: 0.173  Ch.: 0.0313  Obj.: 54.7
2020-06-30 15:58:31,832 - TOPOPT - INFO - Ite.: 170  Vol.: 0.173  Ch.: 0.0312  Obj.: 54.7
2020-06-30 15:58:31,926 - TOPOPT - INFO - Ite.: 171  Vol.: 0.173  Ch.: 0.0313  Obj.: 54.7
2020-06-30 15:58:31,995 - TOPOPT - INFO - Ite.: 172  Vol.: 0.173  Ch.: 0.0313  Obj.: 54.7
2020-06-30 15:58:32,080 - TOPOPT - INFO - Ite.: 173  Vol.: 0.173  Ch.: 0.0313  Obj.: 54.7
2020-06-30 15:58:32,174 - TOPOPT - INFO - Ite.: 174  Vol.: 0.173  Ch.: 0.0312  Obj.: 54.7
2020-06-30 15:58:32,247 - TOPOPT - INFO - Ite.: 175  Vol.: 0.173  Ch.: 0.0312  Obj.: 54.7
2020-06-30 15:58:32,312 - TOPOPT - INFO - Ite.: 176  Vol.: 0.173  Ch.: 0.0313  Obj.: 54.7
2020-06-30 15:58:32,381 - TOPOPT - INFO - Ite.: 177  Vol.: 0.173  Ch.: 0.0313  Obj.: 54.7
2020-06-30 15:58:32,462 - TOPOPT - INFO - Ite.: 178  Vol.: 0.173  Ch.: 0.0312  Obj.: 54.7
2020-06-30 15:58:32,532 - TOPOPT - INFO - Ite.: 179  Vol.: 0.173  Ch.: 0.0312  Obj.: 54.7
2020-06-30 15:58:32,590 - TOPOPT - INFO - Ite.: 180  Vol.: 0.173  Ch.: 0.0312  Obj.: 54.7
2020-06-30 15:58:32,653 - TOPOPT - INFO - Ite.: 181  Vol.: 0.173  Ch.: 0.0312  Obj.: 54.7
2020-06-30 15:58:32,714 - TOPOPT - INFO - Ite.: 182  Vol.: 0.173  Ch.: 0.0312  Obj.: 54.7
2020-06-30 15:58:32,786 - TOPOPT - INFO - Ite.: 183  Vol.: 0.173  Ch.: 0.0312  Obj.: 54.7
2020-06-30 15:58:32,883 - TOPOPT - INFO - Ite.: 184  Vol.: 0.173  Ch.: 0.0312  Obj.: 54.7
2020-06-30 15:58:32,968 - TOPOPT - INFO - Ite.: 185  Vol.: 0.173  Ch.: 0.0312  Obj.: 54.7
2020-06-30 15:58:33,056 - TOPOPT - INFO - Ite.: 186  Vol.: 0.173  Ch.: 0.0312  Obj.: 54.7
2020-06-30 15:58:33,147 - TOPOPT - INFO - Ite.: 187  Vol.: 0.173  Ch.: 0.0312  Obj.: 54.7
2020-06-30 15:58:33,238 - TOPOPT - INFO - Ite.: 188  Vol.: 0.173  Ch.: 0.0312  Obj.: 54.7
2020-06-30 15:58:33,334 - TOPOPT - INFO - Ite.: 189  Vol.: 0.173  Ch.: 0.0312  Obj.: 54.7
2020-06-30 15:58:33,412 - TOPOPT - INFO - Ite.: 190  Vol.: 0.173  Ch.: 0.0312  Obj.: 54.7
2020-06-30 15:58:33,506 - TOPOPT - INFO - Ite.: 191  Vol.: 0.173  Ch.: 0.0312  Obj.: 54.7
2020-06-30 15:58:33,588 - TOPOPT - INFO - Ite.: 192  Vol.: 0.173  Ch.: 0.0312  Obj.: 54.7
2020-06-30 15:58:33,671 - TOPOPT - INFO - Ite.: 193  Vol.: 0.173  Ch.: 0.0312  Obj.: 54.7
2020-06-30 15:58:33,748 - TOPOPT - INFO - Ite.: 194  Vol.: 0.173  Ch.: 0.0312  Obj.: 54.7
2020-06-30 15:58:33,833 - TOPOPT - INFO - Ite.: 195  Vol.: 0.173  Ch.: 0.0312  Obj.: 54.7
2020-06-30 15:58:33,911 - TOPOPT - INFO - Ite.: 196  Vol.: 0.173  Ch.: 0.0312  Obj.: 54.7
2020-06-30 15:58:33,984 - TOPOPT - INFO - Ite.: 197  Vol.: 0.173  Ch.: 0.0312  Obj.: 54.7
2020-06-30 15:58:34,054 - TOPOPT - INFO - Ite.: 198  Vol.: 0.173  Ch.: 0.0312  Obj.: 54.7
2020-06-30 15:58:34,131 - TOPOPT - INFO - Ite.: 199  Vol.: 0.173  Ch.: 0.0312  Obj.: 54.7
2020-06-30 15:58:34,203 - TOPOPT - INFO - Ite.: 200  Vol.: 0.173  Ch.: 0.0312  Obj.: 54.7
2020-06-30 15:58:34,287 - TOPOPT - INFO - Ite.: 201  Vol.: 0.173  Ch.: 0.0312  Obj.: 54.7
2020-06-30 15:58:34,360 - TOPOPT - INFO - Ite.: 202  Vol.: 0.173  Ch.: 0.0312  Obj.: 54.7
2020-06-30 15:58:34,442 - TOPOPT - INFO - Ite.: 203  Vol.: 0.173  Ch.: 0.0312  Obj.: 54.7
2020-06-30 15:58:34,521 - TOPOPT - INFO - Ite.: 204  Vol.: 0.173  Ch.: 0.0312  Obj.: 54.7
2020-06-30 15:58:34,610 - TOPOPT - INFO - Ite.: 205  Vol.: 0.173  Ch.: 0.0312  Obj.: 54.7
2020-06-30 15:58:34,687 - TOPOPT - INFO - Ite.: 206  Vol.: 0.173  Ch.: 0.0312  Obj.: 54.7
2020-06-30 15:58:34,760 - TOPOPT - INFO - Ite.: 207  Vol.: 0.173  Ch.: 0.0312  Obj.: 54.7
2020-06-30 15:58:34,842 - TOPOPT - INFO - Ite.: 208  Vol.: 0.173  Ch.: 0.0312  Obj.: 54.7
2020-06-30 15:58:34,920 - TOPOPT - INFO - Ite.: 209  Vol.: 0.173  Ch.: 0.0312  Obj.: 54.7
2020-06-30 15:58:34,984 - TOPOPT - INFO - Ite.: 210  Vol.: 0.173  Ch.: 0.0312  Obj.: 54.7
2020-06-30 15:58:35,053 - TOPOPT - INFO - Ite.: 211  Vol.: 0.173  Ch.: 0.0312  Obj.: 54.7
2020-06-30 15:58:35,118 - TOPOPT - INFO - Ite.: 212  Vol.: 0.173  Ch.: 0.0311  Obj.: 54.7
2020-06-30 15:58:35,179 - TOPOPT - INFO - Ite.: 213  Vol.: 0.173  Ch.: 0.0312  Obj.: 54.7
2020-06-30 15:58:35,242 - TOPOPT - INFO - Ite.: 214  Vol.: 0.173  Ch.: 0.0312  Obj.: 54.7
2020-06-30 15:58:35,308 - TOPOPT - INFO - Ite.: 215  Vol.: 0.173  Ch.: 0.0312  Obj.: 54.7
2020-06-30 15:58:35,368 - TOPOPT - INFO - Ite.: 216  Vol.: 0.173  Ch.: 0.0311  Obj.: 54.7
2020-06-30 15:58:35,435 - TOPOPT - INFO - Ite.: 217  Vol.: 0.173  Ch.: 0.0312  Obj.: 54.7
2020-06-30 15:58:35,509 - TOPOPT - INFO - Ite.: 218  Vol.: 0.173  Ch.: 0.0312  Obj.: 54.7
2020-06-30 15:58:35,579 - TOPOPT - INFO - Ite.: 219  Vol.: 0.173  Ch.: 0.0312  Obj.: 54.7
2020-06-30 15:58:35,645 - TOPOPT - INFO - Ite.: 220  Vol.: 0.173  Ch.: 0.0311  Obj.: 54.7
2020-06-30 15:58:35,703 - TOPOPT - INFO - Ite.: 221  Vol.: 0.173  Ch.: 0.0312  Obj.: 54.7
2020-06-30 15:58:35,768 - TOPOPT - INFO - Ite.: 222  Vol.: 0.173  Ch.: 0.0312  Obj.: 54.7
2020-06-30 15:58:35,831 - TOPOPT - INFO - Ite.: 223  Vol.: 0.173  Ch.: 0.0312  Obj.: 54.7
2020-06-30 15:58:35,892 - TOPOPT - INFO - Ite.: 224  Vol.: 0.173  Ch.: 0.0311  Obj.: 54.7
2020-06-30 15:58:35,968 - TOPOPT - INFO - Ite.: 225  Vol.: 0.173  Ch.: 0.0312  Obj.: 54.7
2020-06-30 15:58:36,032 - TOPOPT - INFO - Ite.: 226  Vol.: 0.173  Ch.: 0.0312  Obj.: 54.7
2020-06-30 15:58:36,094 - TOPOPT - INFO - Ite.: 227  Vol.: 0.173  Ch.: 0.0312  Obj.: 54.7
2020-06-30 15:58:36,154 - TOPOPT - INFO - Ite.: 228  Vol.: 0.173  Ch.: 0.0311  Obj.: 54.7
2020-06-30 15:58:36,215 - TOPOPT - INFO - Ite.: 229  Vol.: 0.173  Ch.: 0.0311  Obj.: 54.7
2020-06-30 15:58:36,284 - TOPOPT - INFO - Ite.: 230  Vol.: 0.173  Ch.: 0.0311  Obj.: 54.7
2020-06-30 15:58:36,342 - TOPOPT - INFO - Ite.: 231  Vol.: 0.173  Ch.: 0.0311  Obj.: 54.7
2020-06-30 15:58:36,398 - TOPOPT - INFO - Ite.: 232  Vol.: 0.173  Ch.: 0.0311  Obj.: 54.7
2020-06-30 15:58:36,455 - TOPOPT - INFO - Ite.: 233  Vol.: 0.173  Ch.: 0.0311  Obj.: 54.7
2020-06-30 15:58:36,517 - TOPOPT - INFO - Ite.: 234  Vol.: 0.173  Ch.: 0.0311  Obj.: 54.7
2020-06-30 15:58:36,575 - TOPOPT - INFO - Ite.: 235  Vol.: 0.173  Ch.: 0.0311  Obj.: 54.7
2020-06-30 15:58:36,630 - TOPOPT - INFO - Ite.: 236  Vol.: 0.173  Ch.: 0.0311  Obj.: 54.7
2020-06-30 15:58:36,690 - TOPOPT - INFO - Ite.: 237  Vol.: 0.173  Ch.: 0.0311  Obj.: 54.7
2020-06-30 15:58:36,758 - TOPOPT - INFO - Ite.: 238  Vol.: 0.173  Ch.: 0.0311  Obj.: 54.7
2020-06-30 15:58:36,829 - TOPOPT - INFO - Ite.: 239  Vol.: 0.173  Ch.: 0.0311  Obj.: 54.7
2020-06-30 15:58:36,897 - TOPOPT - INFO - Ite.: 240  Vol.: 0.173  Ch.: 0.0311  Obj.: 54.7
2020-06-30 15:58:36,959 - TOPOPT - INFO - Ite.: 241  Vol.: 0.173  Ch.: 0.0311  Obj.: 54.7
2020-06-30 15:58:37,027 - TOPOPT - INFO - Ite.: 242  Vol.: 0.173  Ch.: 0.0311  Obj.: 54.7
2020-06-30 15:58:37,099 - TOPOPT - INFO - Ite.: 243  Vol.: 0.173  Ch.: 0.0311  Obj.: 54.7
2020-06-30 15:58:37,161 - TOPOPT - INFO - Ite.: 244  Vol.: 0.173  Ch.: 0.0311  Obj.: 54.7
2020-06-30 15:58:37,222 - TOPOPT - INFO - Ite.: 245  Vol.: 0.173  Ch.: 0.0311  Obj.: 54.7
2020-06-30 15:58:37,283 - TOPOPT - INFO - Ite.: 246  Vol.: 0.173  Ch.: 0.0311  Obj.: 54.7
2020-06-30 15:58:37,340 - TOPOPT - INFO - Ite.: 247  Vol.: 0.173  Ch.: 0.0311  Obj.: 54.7
2020-06-30 15:58:37,398 - TOPOPT - INFO - Ite.: 248  Vol.: 0.173  Ch.: 0.0311  Obj.: 54.7
2020-06-30 15:58:37,459 - TOPOPT - INFO - Ite.: 249  Vol.: 0.173  Ch.: 0.0311  Obj.: 54.7
2020-06-30 15:58:37,516 - TOPOPT - INFO - Ite.: 250  Vol.: 0.173  Ch.: 0.0311  Obj.: 54.7
2020-06-30 15:58:37,577 - TOPOPT - INFO - Ite.: 251  Vol.: 0.173  Ch.: 0.0311  Obj.: 54.7
2020-06-30 15:58:37,636 - TOPOPT - INFO - Ite.: 252  Vol.: 0.173  Ch.: 0.0311  Obj.: 54.7
2020-06-30 15:58:37,697 - TOPOPT - INFO - Ite.: 253  Vol.: 0.173  Ch.: 0.0311  Obj.: 54.7
2020-06-30 15:58:37,764 - TOPOPT - INFO - Ite.: 254  Vol.: 0.173  Ch.: 0.0311  Obj.: 54.7
2020-06-30 15:58:37,833 - TOPOPT - INFO - Ite.: 255  Vol.: 0.173  Ch.: 0.0311  Obj.: 54.7
2020-06-30 15:58:37,901 - TOPOPT - INFO - Ite.: 256  Vol.: 0.173  Ch.: 0.0311  Obj.: 54.7
2020-06-30 15:58:37,972 - TOPOPT - INFO - Ite.: 257  Vol.: 0.173  Ch.: 0.0311  Obj.: 54.7
2020-06-30 15:58:38,038 - TOPOPT - INFO - Ite.: 258  Vol.: 0.173  Ch.: 0.0311  Obj.: 54.7
2020-06-30 15:58:38,114 - TOPOPT - INFO - Ite.: 259  Vol.: 0.173  Ch.: 0.0311  Obj.: 54.7
2020-06-30 15:58:38,173 - TOPOPT - INFO - Ite.: 260  Vol.: 0.173  Ch.: 0.0311  Obj.: 54.7
2020-06-30 15:58:38,234 - TOPOPT - INFO - Ite.: 261  Vol.: 0.173  Ch.: 0.0311  Obj.: 54.7
2020-06-30 15:58:38,293 - TOPOPT - INFO - Ite.: 262  Vol.: 0.173  Ch.: 0.0311  Obj.: 54.7
2020-06-30 15:58:38,362 - TOPOPT - INFO - Ite.: 263  Vol.: 0.173  Ch.: 0.0311  Obj.: 54.7
2020-06-30 15:58:38,421 - TOPOPT - INFO - Ite.: 264  Vol.: 0.173  Ch.: 0.0311  Obj.: 54.7
2020-06-30 15:58:38,485 - TOPOPT - INFO - Ite.: 265  Vol.: 0.173  Ch.: 0.0311  Obj.: 54.7
2020-06-30 15:58:38,549 - TOPOPT - INFO - Ite.: 266  Vol.: 0.173  Ch.: 0.0310  Obj.: 54.7
2020-06-30 15:58:38,610 - TOPOPT - INFO - Ite.: 267  Vol.: 0.173  Ch.: 0.0311  Obj.: 54.7
2020-06-30 15:58:38,685 - TOPOPT - INFO - Ite.: 268  Vol.: 0.173  Ch.: 0.0311  Obj.: 54.7
2020-06-30 15:58:38,758 - TOPOPT - INFO - Ite.: 269  Vol.: 0.173  Ch.: 0.0311  Obj.: 54.7
2020-06-30 15:58:38,857 - TOPOPT - INFO - Ite.: 270  Vol.: 0.173  Ch.: 0.0310  Obj.: 54.7
2020-06-30 15:58:38,932 - TOPOPT - INFO - Ite.: 271  Vol.: 0.173  Ch.: 0.0311  Obj.: 54.7
2020-06-30 15:58:39,004 - TOPOPT - INFO - Ite.: 272  Vol.: 0.173  Ch.: 0.0311  Obj.: 54.7
2020-06-30 15:58:39,073 - TOPOPT - INFO - Ite.: 273  Vol.: 0.173  Ch.: 0.0311  Obj.: 54.7
2020-06-30 15:58:39,147 - TOPOPT - INFO - Ite.: 274  Vol.: 0.173  Ch.: 0.0310  Obj.: 54.7
2020-06-30 15:58:39,210 - TOPOPT - INFO - Ite.: 275  Vol.: 0.173  Ch.: 0.0311  Obj.: 54.7
2020-06-30 15:58:39,271 - TOPOPT - INFO - Ite.: 276  Vol.: 0.173  Ch.: 0.0311  Obj.: 54.7
2020-06-30 15:58:39,352 - TOPOPT - INFO - Ite.: 277  Vol.: 0.173  Ch.: 0.0311  Obj.: 54.7
2020-06-30 15:58:39,412 - TOPOPT - INFO - Ite.: 278  Vol.: 0.173  Ch.: 0.0310  Obj.: 54.7
2020-06-30 15:58:39,471 - TOPOPT - INFO - Ite.: 279  Vol.: 0.173  Ch.: 0.0311  Obj.: 54.7
2020-06-30 15:58:39,522 - TOPOPT - INFO - Ite.: 280  Vol.: 0.173  Ch.: 0.0311  Obj.: 54.7
2020-06-30 15:58:39,593 - TOPOPT - INFO - Ite.: 281  Vol.: 0.173  Ch.: 0.0311  Obj.: 54.7
2020-06-30 15:58:39,650 - TOPOPT - INFO - Ite.: 282  Vol.: 0.173  Ch.: 0.0310  Obj.: 54.7
2020-06-30 15:58:39,710 - TOPOPT - INFO - Ite.: 283  Vol.: 0.173  Ch.: 0.0311  Obj.: 54.7
2020-06-30 15:58:39,779 - TOPOPT - INFO - Ite.: 284  Vol.: 0.173  Ch.: 0.0311  Obj.: 54.7
2020-06-30 15:58:39,860 - TOPOPT - INFO - Ite.: 285  Vol.: 0.173  Ch.: 0.0311  Obj.: 54.7
2020-06-30 15:58:39,937 - TOPOPT - INFO - Ite.: 286  Vol.: 0.173  Ch.: 0.0310  Obj.: 54.7
2020-06-30 15:58:40,013 - TOPOPT - INFO - Ite.: 287  Vol.: 0.173  Ch.: 0.0310  Obj.: 54.7
2020-06-30 15:58:40,101 - TOPOPT - INFO - Ite.: 288  Vol.: 0.173  Ch.: 0.0310  Obj.: 54.7
2020-06-30 15:58:40,194 - TOPOPT - INFO - Ite.: 289  Vol.: 0.173  Ch.: 0.0310  Obj.: 54.7
2020-06-30 15:58:40,289 - TOPOPT - INFO - Ite.: 290  Vol.: 0.173  Ch.: 0.0310  Obj.: 54.7
2020-06-30 15:58:40,388 - TOPOPT - INFO - Ite.: 291  Vol.: 0.173  Ch.: 0.0310  Obj.: 54.7
2020-06-30 15:58:40,492 - TOPOPT - INFO - Ite.: 292  Vol.: 0.173  Ch.: 0.0310  Obj.: 54.7
2020-06-30 15:58:40,597 - TOPOPT - INFO - Ite.: 293  Vol.: 0.173  Ch.: 0.0310  Obj.: 54.7
2020-06-30 15:58:40,706 - TOPOPT - INFO - Ite.: 294  Vol.: 0.173  Ch.: 0.0310  Obj.: 54.7
2020-06-30 15:58:40,818 - TOPOPT - INFO - Ite.: 295  Vol.: 0.173  Ch.: 0.0310  Obj.: 54.7
2020-06-30 15:58:40,942 - TOPOPT - INFO - Ite.: 296  Vol.: 0.173  Ch.: 0.0310  Obj.: 54.7
2020-06-30 15:58:41,067 - TOPOPT - INFO - Ite.: 297  Vol.: 0.173  Ch.: 0.0310  Obj.: 54.7
2020-06-30 15:58:41,182 - TOPOPT - INFO - Ite.: 298  Vol.: 0.173  Ch.: 0.0310  Obj.: 54.7
2020-06-30 15:58:41,291 - TOPOPT - INFO - Ite.: 299  Vol.: 0.173  Ch.: 0.0310  Obj.: 54.7
2020-06-30 15:58:41,402 - TOPOPT - INFO - Ite.: 300  Vol.: 0.173  Ch.: 0.0310  Obj.: 54.7
2020-06-30 15:58:41,520 - TOPOPT - INFO - Ite.: 301  Vol.: 0.173  Ch.: 0.0310  Obj.: 54.7
2020-06-30 15:58:41,623 - TOPOPT - INFO - Ite.: 302  Vol.: 0.173  Ch.: 0.0310  Obj.: 54.7
2020-06-30 15:58:41,729 - TOPOPT - INFO - Ite.: 303  Vol.: 0.173  Ch.: 0.0310  Obj.: 54.7
2020-06-30 15:58:41,847 - TOPOPT - INFO - Ite.: 304  Vol.: 0.173  Ch.: 0.0310  Obj.: 54.7
2020-06-30 15:58:41,994 - TOPOPT - INFO - Ite.: 305  Vol.: 0.173  Ch.: 0.0310  Obj.: 54.7
2020-06-30 15:58:42,177 - TOPOPT - INFO - Ite.: 306  Vol.: 0.173  Ch.: 0.0310  Obj.: 54.7
2020-06-30 15:58:42,307 - TOPOPT - INFO - Ite.: 307  Vol.: 0.173  Ch.: 0.0310  Obj.: 54.7
2020-06-30 15:58:42,419 - TOPOPT - INFO - Ite.: 308  Vol.: 0.173  Ch.: 0.0310  Obj.: 54.7
2020-06-30 15:58:42,527 - TOPOPT - INFO - Ite.: 309  Vol.: 0.173  Ch.: 0.0310  Obj.: 54.7
2020-06-30 15:58:42,633 - TOPOPT - INFO - Ite.: 310  Vol.: 0.173  Ch.: 0.0310  Obj.: 54.7
2020-06-30 15:58:42,742 - TOPOPT - INFO - Ite.: 311  Vol.: 0.173  Ch.: 0.0310  Obj.: 54.7
2020-06-30 15:58:42,853 - TOPOPT - INFO - Ite.: 312  Vol.: 0.173  Ch.: 0.0310  Obj.: 54.7
2020-06-30 15:58:42,966 - TOPOPT - INFO - Ite.: 313  Vol.: 0.173  Ch.: 0.0310  Obj.: 54.7
2020-06-30 15:58:43,095 - TOPOPT - INFO - Ite.: 314  Vol.: 0.173  Ch.: 0.0310  Obj.: 54.7
2020-06-30 15:58:43,234 - TOPOPT - INFO - Ite.: 315  Vol.: 0.173  Ch.: 0.0310  Obj.: 54.7
2020-06-30 15:58:43,371 - TOPOPT - INFO - Ite.: 316  Vol.: 0.173  Ch.: 0.0310  Obj.: 54.7
2020-06-30 15:58:43,496 - TOPOPT - INFO - Ite.: 317  Vol.: 0.173  Ch.: 0.0310  Obj.: 54.7
2020-06-30 15:58:43,616 - TOPOPT - INFO - Ite.: 318  Vol.: 0.173  Ch.: 0.0310  Obj.: 54.7
2020-06-30 15:58:43,733 - TOPOPT - INFO - Ite.: 319  Vol.: 0.173  Ch.: 0.0310  Obj.: 54.7
2020-06-30 15:58:43,843 - TOPOPT - INFO - Ite.: 320  Vol.: 0.173  Ch.: 0.0310  Obj.: 54.7
2020-06-30 15:58:43,949 - TOPOPT - INFO - Ite.: 321  Vol.: 0.173  Ch.: 0.0310  Obj.: 54.7
2020-06-30 15:58:44,052 - TOPOPT - INFO - Ite.: 322  Vol.: 0.173  Ch.: 0.0310  Obj.: 54.7
2020-06-30 15:58:44,161 - TOPOPT - INFO - Ite.: 323  Vol.: 0.173  Ch.: 0.0310  Obj.: 54.7
2020-06-30 15:58:44,268 - TOPOPT - INFO - Ite.: 324  Vol.: 0.173  Ch.: 0.0310  Obj.: 54.7
2020-06-30 15:58:44,385 - TOPOPT - INFO - Ite.: 325  Vol.: 0.173  Ch.: 0.0310  Obj.: 54.7
2020-06-30 15:58:44,501 - TOPOPT - INFO - Ite.: 326  Vol.: 0.173  Ch.: 0.0310  Obj.: 54.7
2020-06-30 15:58:44,613 - TOPOPT - INFO - Ite.: 327  Vol.: 0.173  Ch.: 0.0310  Obj.: 54.7
2020-06-30 15:58:44,716 - TOPOPT - INFO - Ite.: 328  Vol.: 0.173  Ch.: 0.0310  Obj.: 54.7
2020-06-30 15:58:44,821 - TOPOPT - INFO - Ite.: 329  Vol.: 0.173  Ch.: 0.0310  Obj.: 54.7
2020-06-30 15:58:44,925 - TOPOPT - INFO - Ite.: 330  Vol.: 0.173  Ch.: 0.0310  Obj.: 54.7
2020-06-30 15:58:45,034 - TOPOPT - INFO - Ite.: 331  Vol.: 0.173  Ch.: 0.0310  Obj.: 54.7
2020-06-30 15:58:45,163 - TOPOPT - INFO - Ite.: 332  Vol.: 0.173  Ch.: 0.0310  Obj.: 54.7
2020-06-30 15:58:45,289 - TOPOPT - INFO - Ite.: 333  Vol.: 0.173  Ch.: 0.0310  Obj.: 54.7
2020-06-30 15:58:45,415 - TOPOPT - INFO - Ite.: 334  Vol.: 0.173  Ch.: 0.0310  Obj.: 54.7
2020-06-30 15:58:45,540 - TOPOPT - INFO - Ite.: 335  Vol.: 0.173  Ch.: 0.0310  Obj.: 54.7
2020-06-30 15:58:45,647 - TOPOPT - INFO - Ite.: 336  Vol.: 0.173  Ch.: 0.0309  Obj.: 54.7
2020-06-30 15:58:45,751 - TOPOPT - INFO - Ite.: 337  Vol.: 0.173  Ch.: 0.0310  Obj.: 54.7
2020-06-30 15:58:45,851 - TOPOPT - INFO - Ite.: 338  Vol.: 0.173  Ch.: 0.0310  Obj.: 54.7
2020-06-30 15:58:45,958 - TOPOPT - INFO - Ite.: 339  Vol.: 0.173  Ch.: 0.0310  Obj.: 54.7
2020-06-30 15:58:46,056 - TOPOPT - INFO - Ite.: 340  Vol.: 0.173  Ch.: 0.0309  Obj.: 54.7
2020-06-30 15:58:46,165 - TOPOPT - INFO - Ite.: 341  Vol.: 0.173  Ch.: 0.0309  Obj.: 54.7
2020-06-30 15:58:46,287 - TOPOPT - INFO - Ite.: 342  Vol.: 0.173  Ch.: 0.0310  Obj.: 54.7
2020-06-30 15:58:46,402 - TOPOPT - INFO - Ite.: 343  Vol.: 0.173  Ch.: 0.0309  Obj.: 54.7
2020-06-30 15:58:46,505 - TOPOPT - INFO - Ite.: 344  Vol.: 0.173  Ch.: 0.0309  Obj.: 54.7
2020-06-30 15:58:46,612 - TOPOPT - INFO - Ite.: 345  Vol.: 0.173  Ch.: 0.0309  Obj.: 54.7
2020-06-30 15:58:46,723 - TOPOPT - INFO - Ite.: 346  Vol.: 0.173  Ch.: 0.0310  Obj.: 54.7
2020-06-30 15:58:46,845 - TOPOPT - INFO - Ite.: 347  Vol.: 0.173  Ch.: 0.0309  Obj.: 54.7
2020-06-30 15:58:46,960 - TOPOPT - INFO - Ite.: 348  Vol.: 0.173  Ch.: 0.0309  Obj.: 54.7
2020-06-30 15:58:47,076 - TOPOPT - INFO - Ite.: 349  Vol.: 0.173  Ch.: 0.0309  Obj.: 54.7
2020-06-30 15:58:47,190 - TOPOPT - INFO - Ite.: 350  Vol.: 0.173  Ch.: 0.0310  Obj.: 54.7
2020-06-30 15:58:47,294 - TOPOPT - INFO - Ite.: 351  Vol.: 0.173  Ch.: 0.0309  Obj.: 54.7
2020-06-30 15:58:47,401 - TOPOPT - INFO - Ite.: 352  Vol.: 0.173  Ch.: 0.0309  Obj.: 54.7
2020-06-30 15:58:47,514 - TOPOPT - INFO - Ite.: 353  Vol.: 0.173  Ch.: 0.0309  Obj.: 54.7
2020-06-30 15:58:47,630 - TOPOPT - INFO - Ite.: 354  Vol.: 0.173  Ch.: 0.0310  Obj.: 54.7
2020-06-30 15:58:47,743 - TOPOPT - INFO - Ite.: 355  Vol.: 0.173  Ch.: 0.0309  Obj.: 54.7
2020-06-30 15:58:47,857 - TOPOPT - INFO - Ite.: 356  Vol.: 0.173  Ch.: 0.0309  Obj.: 54.7
2020-06-30 15:58:47,962 - TOPOPT - INFO - Ite.: 357  Vol.: 0.173  Ch.: 0.0309  Obj.: 54.7
2020-06-30 15:58:48,064 - TOPOPT - INFO - Ite.: 358  Vol.: 0.173  Ch.: 0.0310  Obj.: 54.7
2020-06-30 15:58:48,162 - TOPOPT - INFO - Ite.: 359  Vol.: 0.173  Ch.: 0.0309  Obj.: 54.7
2020-06-30 15:58:48,262 - TOPOPT - INFO - Ite.: 360  Vol.: 0.173  Ch.: 0.0309  Obj.: 54.7
2020-06-30 15:58:48,362 - TOPOPT - INFO - Ite.: 361  Vol.: 0.173  Ch.: 0.0309  Obj.: 54.7
2020-06-30 15:58:48,472 - TOPOPT - INFO - Ite.: 362  Vol.: 0.173  Ch.: 0.0309  Obj.: 54.7
2020-06-30 15:58:48,573 - TOPOPT - INFO - Ite.: 363  Vol.: 0.173  Ch.: 0.0309  Obj.: 54.7
2020-06-30 15:58:48,684 - TOPOPT - INFO - Ite.: 364  Vol.: 0.173  Ch.: 0.0309  Obj.: 54.7
2020-06-30 15:58:48,815 - TOPOPT - INFO - Ite.: 365  Vol.: 0.173  Ch.: 0.0309  Obj.: 54.7
2020-06-30 15:58:48,937 - TOPOPT - INFO - Ite.: 366  Vol.: 0.173  Ch.: 0.0309  Obj.: 54.7
2020-06-30 15:58:49,037 - TOPOPT - INFO - Ite.: 367  Vol.: 0.173  Ch.: 0.0309  Obj.: 54.7
2020-06-30 15:58:49,154 - TOPOPT - INFO - Ite.: 368  Vol.: 0.173  Ch.: 0.0309  Obj.: 54.7
2020-06-30 15:58:49,255 - TOPOPT - INFO - Ite.: 369  Vol.: 0.173  Ch.: 0.0309  Obj.: 54.7
2020-06-30 15:58:49,357 - TOPOPT - INFO - Ite.: 370  Vol.: 0.173  Ch.: 0.0309  Obj.: 54.7
2020-06-30 15:58:49,460 - TOPOPT - INFO - Ite.: 371  Vol.: 0.173  Ch.: 0.0309  Obj.: 54.7
2020-06-30 15:58:49,559 - TOPOPT - INFO - Ite.: 372  Vol.: 0.173  Ch.: 0.0309  Obj.: 54.7
2020-06-30 15:58:49,664 - TOPOPT - INFO - Ite.: 373  Vol.: 0.173  Ch.: 0.0309  Obj.: 54.7
2020-06-30 15:58:49,768 - TOPOPT - INFO - Ite.: 374  Vol.: 0.173  Ch.: 0.0309  Obj.: 54.7
2020-06-30 15:58:49,872 - TOPOPT - INFO - Ite.: 375  Vol.: 0.173  Ch.: 0.0309  Obj.: 54.7
2020-06-30 15:58:49,976 - TOPOPT - INFO - Ite.: 376  Vol.: 0.173  Ch.: 0.0309  Obj.: 54.7
2020-06-30 15:58:50,072 - TOPOPT - INFO - Ite.: 377  Vol.: 0.173  Ch.: 0.0309  Obj.: 54.7
2020-06-30 15:58:50,182 - TOPOPT - INFO - Ite.: 378  Vol.: 0.173  Ch.: 0.0309  Obj.: 54.7
2020-06-30 15:58:50,272 - TOPOPT - INFO - Ite.: 379  Vol.: 0.173  Ch.: 0.0309  Obj.: 54.7
2020-06-30 15:58:50,377 - TOPOPT - INFO - Ite.: 380  Vol.: 0.173  Ch.: 0.0309  Obj.: 54.7
2020-06-30 15:58:50,482 - TOPOPT - INFO - Ite.: 381  Vol.: 0.173  Ch.: 0.0309  Obj.: 54.7
2020-06-30 15:58:50,592 - TOPOPT - INFO - Ite.: 382  Vol.: 0.173  Ch.: 0.0309  Obj.: 54.7
2020-06-30 15:58:50,712 - TOPOPT - INFO - Ite.: 383  Vol.: 0.173  Ch.: 0.0309  Obj.: 54.7
2020-06-30 15:58:50,812 - TOPOPT - INFO - Ite.: 384  Vol.: 0.173  Ch.: 0.0309  Obj.: 54.7
2020-06-30 15:58:50,916 - TOPOPT - INFO - Ite.: 385  Vol.: 0.173  Ch.: 0.0309  Obj.: 54.7
2020-06-30 15:58:51,023 - TOPOPT - INFO - Ite.: 386  Vol.: 0.173  Ch.: 0.0309  Obj.: 54.7
2020-06-30 15:58:51,133 - TOPOPT - INFO - Ite.: 387  Vol.: 0.173  Ch.: 0.0309  Obj.: 54.7
2020-06-30 15:58:51,238 - TOPOPT - INFO - Ite.: 388  Vol.: 0.173  Ch.: 0.0309  Obj.: 54.7
2020-06-30 15:58:51,353 - TOPOPT - INFO - Ite.: 389  Vol.: 0.173  Ch.: 0.0309  Obj.: 54.7
2020-06-30 15:58:51,466 - TOPOPT - INFO - Ite.: 390  Vol.: 0.173  Ch.: 0.0309  Obj.: 54.7
2020-06-30 15:58:51,574 - TOPOPT - INFO - Ite.: 391  Vol.: 0.173  Ch.: 0.0309  Obj.: 54.7
2020-06-30 15:58:51,683 - TOPOPT - INFO - Ite.: 392  Vol.: 0.173  Ch.: 0.0309  Obj.: 54.7
2020-06-30 15:58:51,793 - TOPOPT - INFO - Ite.: 393  Vol.: 0.173  Ch.: 0.0309  Obj.: 54.7
2020-06-30 15:58:51,899 - TOPOPT - INFO - Ite.: 394  Vol.: 0.173  Ch.: 0.0309  Obj.: 54.7
2020-06-30 15:58:52,003 - TOPOPT - INFO - Ite.: 395  Vol.: 0.173  Ch.: 0.0309  Obj.: 54.7
2020-06-30 15:58:52,105 - TOPOPT - INFO - Ite.: 396  Vol.: 0.173  Ch.: 0.0309  Obj.: 54.7
2020-06-30 15:58:52,209 - TOPOPT - INFO - Ite.: 397  Vol.: 0.173  Ch.: 0.0309  Obj.: 54.7
2020-06-30 15:58:52,307 - TOPOPT - INFO - Ite.: 398  Vol.: 0.173  Ch.: 0.0309  Obj.: 54.7
2020-06-30 15:58:52,403 - TOPOPT - INFO - Ite.: 399  Vol.: 0.173  Ch.: 0.0309  Obj.: 54.7
2020-06-30 15:58:52,505 - TOPOPT - INFO - Ite.: 400  Vol.: 0.173  Ch.: 0.0309  Obj.: 54.7
2020-06-30 15:58:52,626 - TOPOPT - INFO - Ite.: 401  Vol.: 0.173  Ch.: 0.0309  Obj.: 54.7
2020-06-30 15:58:52,747 - TOPOPT - INFO - Ite.: 402  Vol.: 0.173  Ch.: 0.0309  Obj.: 54.7
2020-06-30 15:58:52,855 - TOPOPT - INFO - Ite.: 403  Vol.: 0.173  Ch.: 0.0309  Obj.: 54.7
2020-06-30 15:58:52,964 - TOPOPT - INFO - Ite.: 404  Vol.: 0.173  Ch.: 0.0309  Obj.: 54.7
2020-06-30 15:58:53,066 - TOPOPT - INFO - Ite.: 405  Vol.: 0.173  Ch.: 0.0309  Obj.: 54.7
2020-06-30 15:58:53,169 - TOPOPT - INFO - Ite.: 406  Vol.: 0.173  Ch.: 0.0309  Obj.: 54.7
2020-06-30 15:58:53,279 - TOPOPT - INFO - Ite.: 407  Vol.: 0.173  Ch.: 0.0309  Obj.: 54.7
2020-06-30 15:58:53,380 - TOPOPT - INFO - Ite.: 408  Vol.: 0.173  Ch.: 0.0309  Obj.: 54.7
2020-06-30 15:58:53,481 - TOPOPT - INFO - Ite.: 409  Vol.: 0.173  Ch.: 0.0309  Obj.: 54.7
2020-06-30 15:58:53,601 - TOPOPT - INFO - Ite.: 410  Vol.: 0.173  Ch.: 0.0309  Obj.: 54.7
2020-06-30 15:58:53,720 - TOPOPT - INFO - Ite.: 411  Vol.: 0.173  Ch.: 0.0309  Obj.: 54.7
2020-06-30 15:58:53,829 - TOPOPT - INFO - Ite.: 412  Vol.: 0.173  Ch.: 0.0309  Obj.: 54.7
2020-06-30 15:58:53,932 - TOPOPT - INFO - Ite.: 413  Vol.: 0.173  Ch.: 0.0309  Obj.: 54.7
2020-06-30 15:58:54,033 - TOPOPT - INFO - Ite.: 414  Vol.: 0.173  Ch.: 0.0309  Obj.: 54.7
2020-06-30 15:58:54,139 - TOPOPT - INFO - Ite.: 415  Vol.: 0.173  Ch.: 0.0309  Obj.: 54.7
2020-06-30 15:58:54,237 - TOPOPT - INFO - Ite.: 416  Vol.: 0.173  Ch.: 0.0308  Obj.: 54.7
2020-06-30 15:58:54,348 - TOPOPT - INFO - Ite.: 417  Vol.: 0.173  Ch.: 0.0309  Obj.: 54.7
2020-06-30 15:58:54,445 - TOPOPT - INFO - Ite.: 418  Vol.: 0.173  Ch.: 0.0309  Obj.: 54.7
2020-06-30 15:58:54,551 - TOPOPT - INFO - Ite.: 419  Vol.: 0.173  Ch.: 0.0309  Obj.: 54.7
2020-06-30 15:58:54,663 - TOPOPT - INFO - Ite.: 420  Vol.: 0.173  Ch.: 0.0308  Obj.: 54.7
2020-06-30 15:58:54,775 - TOPOPT - INFO - Ite.: 421  Vol.: 0.173  Ch.: 0.0309  Obj.: 54.7
2020-06-30 15:58:54,888 - TOPOPT - INFO - Ite.: 422  Vol.: 0.173  Ch.: 0.0309  Obj.: 54.7
2020-06-30 15:58:55,003 - TOPOPT - INFO - Ite.: 423  Vol.: 0.173  Ch.: 0.0309  Obj.: 54.7
2020-06-30 15:58:55,124 - TOPOPT - INFO - Ite.: 424  Vol.: 0.173  Ch.: 0.0308  Obj.: 54.7
2020-06-30 15:58:55,239 - TOPOPT - INFO - Ite.: 425  Vol.: 0.173  Ch.: 0.0308  Obj.: 54.7
2020-06-30 15:58:55,347 - TOPOPT - INFO - Ite.: 426  Vol.: 0.173  Ch.: 0.0308  Obj.: 54.7
2020-06-30 15:58:55,451 - TOPOPT - INFO - Ite.: 427  Vol.: 0.173  Ch.: 0.0308  Obj.: 54.7
2020-06-30 15:58:55,555 - TOPOPT - INFO - Ite.: 428  Vol.: 0.173  Ch.: 0.0308  Obj.: 54.7
2020-06-30 15:58:55,679 - TOPOPT - INFO - Ite.: 429  Vol.: 0.173  Ch.: 0.0308  Obj.: 54.7
2020-06-30 15:58:55,800 - TOPOPT - INFO - Ite.: 430  Vol.: 0.173  Ch.: 0.0308  Obj.: 54.7
2020-06-30 15:58:55,908 - TOPOPT - INFO - Ite.: 431  Vol.: 0.173  Ch.: 0.0308  Obj.: 54.7
2020-06-30 15:58:56,017 - TOPOPT - INFO - Ite.: 432  Vol.: 0.173  Ch.: 0.0308  Obj.: 54.7
2020-06-30 15:58:56,129 - TOPOPT - INFO - Ite.: 433  Vol.: 0.173  Ch.: 0.0308  Obj.: 54.7
2020-06-30 15:58:56,230 - TOPOPT - INFO - Ite.: 434  Vol.: 0.173  Ch.: 0.0308  Obj.: 54.7
2020-06-30 15:58:56,335 - TOPOPT - INFO - Ite.: 435  Vol.: 0.173  Ch.: 0.0308  Obj.: 54.7
2020-06-30 15:58:56,430 - TOPOPT - INFO - Ite.: 436  Vol.: 0.173  Ch.: 0.0308  Obj.: 54.7
2020-06-30 15:58:56,536 - TOPOPT - INFO - Ite.: 437  Vol.: 0.173  Ch.: 0.0308  Obj.: 54.7
2020-06-30 15:58:56,640 - TOPOPT - INFO - Ite.: 438  Vol.: 0.173  Ch.: 0.0308  Obj.: 54.7
2020-06-30 15:58:56,749 - TOPOPT - INFO - Ite.: 439  Vol.: 0.173  Ch.: 0.0308  Obj.: 54.7
2020-06-30 15:58:56,861 - TOPOPT - INFO - Ite.: 440  Vol.: 0.173  Ch.: 0.0308  Obj.: 54.7
2020-06-30 15:58:56,963 - TOPOPT - INFO - Ite.: 441  Vol.: 0.173  Ch.: 0.0308  Obj.: 54.7
2020-06-30 15:58:57,064 - TOPOPT - INFO - Ite.: 442  Vol.: 0.173  Ch.: 0.0308  Obj.: 54.7
2020-06-30 15:58:57,159 - TOPOPT - INFO - Ite.: 443  Vol.: 0.173  Ch.: 0.0308  Obj.: 54.7
2020-06-30 15:58:57,253 - TOPOPT - INFO - Ite.: 444  Vol.: 0.173  Ch.: 0.0308  Obj.: 54.7
2020-06-30 15:58:57,352 - TOPOPT - INFO - Ite.: 445  Vol.: 0.173  Ch.: 0.0308  Obj.: 54.7
2020-06-30 15:58:57,466 - TOPOPT - INFO - Ite.: 446  Vol.: 0.173  Ch.: 0.0308  Obj.: 54.7
2020-06-30 15:58:57,570 - TOPOPT - INFO - Ite.: 447  Vol.: 0.173  Ch.: 0.0308  Obj.: 54.7
2020-06-30 15:58:57,678 - TOPOPT - INFO - Ite.: 448  Vol.: 0.173  Ch.: 0.0308  Obj.: 54.7
2020-06-30 15:58:57,780 - TOPOPT - INFO - Ite.: 449  Vol.: 0.173  Ch.: 0.0308  Obj.: 54.7
2020-06-30 15:58:57,885 - TOPOPT - INFO - Ite.: 450  Vol.: 0.173  Ch.: 0.0308  Obj.: 54.7
2020-06-30 15:58:57,984 - TOPOPT - INFO - Ite.: 451  Vol.: 0.173  Ch.: 0.0308  Obj.: 54.7
2020-06-30 15:58:58,097 - TOPOPT - INFO - Ite.: 452  Vol.: 0.173  Ch.: 0.0308  Obj.: 54.7
2020-06-30 15:58:58,202 - TOPOPT - INFO - Ite.: 453  Vol.: 0.173  Ch.: 0.0308  Obj.: 54.7
2020-06-30 15:58:58,302 - TOPOPT - INFO - Ite.: 454  Vol.: 0.173  Ch.: 0.0308  Obj.: 54.7
2020-06-30 15:58:58,410 - TOPOPT - INFO - Ite.: 455  Vol.: 0.173  Ch.: 0.0308  Obj.: 54.7
2020-06-30 15:58:58,506 - TOPOPT - INFO - Ite.: 456  Vol.: 0.173  Ch.: 0.0308  Obj.: 54.7
2020-06-30 15:58:58,613 - TOPOPT - INFO - Ite.: 457  Vol.: 0.173  Ch.: 0.0308  Obj.: 54.7
2020-06-30 15:58:58,728 - TOPOPT - INFO - Ite.: 458  Vol.: 0.173  Ch.: 0.0308  Obj.: 54.7
2020-06-30 15:58:58,838 - TOPOPT - INFO - Ite.: 459  Vol.: 0.173  Ch.: 0.0308  Obj.: 54.7
2020-06-30 15:58:58,941 - TOPOPT - INFO - Ite.: 460  Vol.: 0.173  Ch.: 0.0308  Obj.: 54.7
2020-06-30 15:58:59,045 - TOPOPT - INFO - Ite.: 461  Vol.: 0.173  Ch.: 0.0308  Obj.: 54.7
2020-06-30 15:58:59,148 - TOPOPT - INFO - Ite.: 462  Vol.: 0.173  Ch.: 0.0308  Obj.: 54.7
2020-06-30 15:58:59,265 - TOPOPT - INFO - Ite.: 463  Vol.: 0.173  Ch.: 0.0308  Obj.: 54.7
2020-06-30 15:58:59,366 - TOPOPT - INFO - Ite.: 464  Vol.: 0.173  Ch.: 0.0308  Obj.: 54.7
2020-06-30 15:58:59,473 - TOPOPT - INFO - Ite.: 465  Vol.: 0.173  Ch.: 0.0308  Obj.: 54.7
2020-06-30 15:58:59,572 - TOPOPT - INFO - Ite.: 466  Vol.: 0.173  Ch.: 0.0308  Obj.: 54.7
2020-06-30 15:58:59,679 - TOPOPT - INFO - Ite.: 467  Vol.: 0.173  Ch.: 0.0308  Obj.: 54.7
2020-06-30 15:58:59,796 - TOPOPT - INFO - Ite.: 468  Vol.: 0.173  Ch.: 0.0308  Obj.: 54.7
2020-06-30 15:58:59,908 - TOPOPT - INFO - Ite.: 469  Vol.: 0.173  Ch.: 0.0308  Obj.: 54.7
2020-06-30 15:59:00,019 - TOPOPT - INFO - Ite.: 470  Vol.: 0.173  Ch.: 0.0308  Obj.: 54.7
2020-06-30 15:59:00,120 - TOPOPT - INFO - Ite.: 471  Vol.: 0.173  Ch.: 0.0308  Obj.: 54.7
2020-06-30 15:59:00,221 - TOPOPT - INFO - Ite.: 472  Vol.: 0.173  Ch.: 0.0308  Obj.: 54.7
2020-06-30 15:59:00,321 - TOPOPT - INFO - Ite.: 473  Vol.: 0.173  Ch.: 0.0308  Obj.: 54.7
2020-06-30 15:59:00,431 - TOPOPT - INFO - Ite.: 474  Vol.: 0.173  Ch.: 0.0308  Obj.: 54.7
2020-06-30 15:59:00,541 - TOPOPT - INFO - Ite.: 475  Vol.: 0.173  Ch.: 0.0308  Obj.: 54.7
2020-06-30 15:59:00,655 - TOPOPT - INFO - Ite.: 476  Vol.: 0.173  Ch.: 0.0308  Obj.: 54.7
2020-06-30 15:59:00,768 - TOPOPT - INFO - Ite.: 477  Vol.: 0.173  Ch.: 0.0308  Obj.: 54.7
2020-06-30 15:59:00,873 - TOPOPT - INFO - Ite.: 478  Vol.: 0.173  Ch.: 0.0308  Obj.: 54.7
2020-06-30 15:59:00,981 - TOPOPT - INFO - Ite.: 479  Vol.: 0.173  Ch.: 0.0308  Obj.: 54.7
2020-06-30 15:59:01,093 - TOPOPT - INFO - Ite.: 480  Vol.: 0.173  Ch.: 0.0308  Obj.: 54.7
2020-06-30 15:59:01,199 - TOPOPT - INFO - Ite.: 481  Vol.: 0.173  Ch.: 0.0308  Obj.: 54.7
2020-06-30 15:59:01,315 - TOPOPT - INFO - Ite.: 482  Vol.: 0.173  Ch.: 0.0308  Obj.: 54.7
2020-06-30 15:59:01,422 - TOPOPT - INFO - Ite.: 483  Vol.: 0.173  Ch.: 0.0308  Obj.: 54.7
2020-06-30 15:59:01,525 - TOPOPT - INFO - Ite.: 484  Vol.: 0.173  Ch.: 0.0308  Obj.: 54.7
2020-06-30 15:59:01,629 - TOPOPT - INFO - Ite.: 485  Vol.: 0.173  Ch.: 0.0308  Obj.: 54.7
2020-06-30 15:59:01,738 - TOPOPT - INFO - Ite.: 486  Vol.: 0.173  Ch.: 0.0308  Obj.: 54.7
2020-06-30 15:59:01,857 - TOPOPT - INFO - Ite.: 487  Vol.: 0.173  Ch.: 0.0308  Obj.: 54.7
2020-06-30 15:59:01,974 - TOPOPT - INFO - Ite.: 488  Vol.: 0.173  Ch.: 0.0308  Obj.: 54.7
2020-06-30 15:59:02,092 - TOPOPT - INFO - Ite.: 489  Vol.: 0.173  Ch.: 0.0308  Obj.: 54.7
2020-06-30 15:59:02,205 - TOPOPT - INFO - Ite.: 490  Vol.: 0.173  Ch.: 0.0308  Obj.: 54.7
2020-06-30 15:59:02,319 - TOPOPT - INFO - Ite.: 491  Vol.: 0.173  Ch.: 0.0308  Obj.: 54.7
2020-06-30 15:59:02,429 - TOPOPT - INFO - Ite.: 492  Vol.: 0.173  Ch.: 0.0308  Obj.: 54.7
2020-06-30 15:59:02,532 - TOPOPT - INFO - Ite.: 493  Vol.: 0.173  Ch.: 0.0308  Obj.: 54.7
2020-06-30 15:59:02,633 - TOPOPT - INFO - Ite.: 494  Vol.: 0.173  Ch.: 0.0308  Obj.: 54.7
2020-06-30 15:59:02,754 - TOPOPT - INFO - Ite.: 495  Vol.: 0.173  Ch.: 0.0308  Obj.: 54.7
2020-06-30 15:59:02,892 - TOPOPT - INFO - Ite.: 496  Vol.: 0.173  Ch.: 0.0308  Obj.: 54.7
2020-06-30 15:59:03,010 - TOPOPT - INFO - Ite.: 497  Vol.: 0.173  Ch.: 0.0308  Obj.: 54.7
2020-06-30 15:59:03,139 - TOPOPT - INFO - Ite.: 498  Vol.: 0.173  Ch.: 0.0308  Obj.: 54.7
2020-06-30 15:59:03,255 - TOPOPT - INFO - Ite.: 499  Vol.: 0.173  Ch.: 0.0308  Obj.: 54.7
2020-06-30 15:59:03,375 - TOPOPT - INFO - Ite.: 500  Vol.: 0.173  Ch.: 0.0308  Obj.: 54.7
2020-06-30 15:59:03,489 - TOPOPT - INFO - Ite.: 501  Vol.: 0.173  Ch.: 0.0308  Obj.: 54.7
2020-06-30 15:59:03,605 - TOPOPT - INFO - Ite.: 502  Vol.: 0.173  Ch.: 0.0308  Obj.: 54.7
2020-06-30 15:59:03,721 - TOPOPT - INFO - Ite.: 503  Vol.: 0.173  Ch.: 0.0308  Obj.: 54.7
2020-06-30 15:59:03,837 - TOPOPT - INFO - Ite.: 504  Vol.: 0.173  Ch.: 0.0308  Obj.: 54.7
2020-06-30 15:59:03,948 - TOPOPT - INFO - Ite.: 505  Vol.: 0.173  Ch.: 0.0308  Obj.: 54.7
2020-06-30 15:59:04,058 - TOPOPT - INFO - Ite.: 506  Vol.: 0.173  Ch.: 0.0308  Obj.: 54.7
2020-06-30 15:59:04,173 - TOPOPT - INFO - Ite.: 507  Vol.: 0.173  Ch.: 0.0308  Obj.: 54.7
2020-06-30 15:59:04,288 - TOPOPT - INFO - Ite.: 508  Vol.: 0.173  Ch.: 0.0307  Obj.: 54.7
2020-06-30 15:59:04,402 - TOPOPT - INFO - Ite.: 509  Vol.: 0.173  Ch.: 0.0307  Obj.: 54.7
2020-06-30 15:59:04,513 - TOPOPT - INFO - Ite.: 510  Vol.: 0.173  Ch.: 0.0307  Obj.: 54.7
2020-06-30 15:59:04,628 - TOPOPT - INFO - Ite.: 511  Vol.: 0.173  Ch.: 0.0307  Obj.: 54.7
2020-06-30 15:59:04,732 - TOPOPT - INFO - Ite.: 512  Vol.: 0.173  Ch.: 0.0307  Obj.: 54.7
2020-06-30 15:59:04,834 - TOPOPT - INFO - Ite.: 513  Vol.: 0.173  Ch.: 0.0307  Obj.: 54.7
2020-06-30 15:59:04,942 - TOPOPT - INFO - Ite.: 514  Vol.: 0.173  Ch.: 0.0307  Obj.: 54.7
2020-06-30 15:59:05,044 - TOPOPT - INFO - Ite.: 515  Vol.: 0.173  Ch.: 0.0307  Obj.: 54.7
2020-06-30 15:59:05,152 - TOPOPT - INFO - Ite.: 516  Vol.: 0.173  Ch.: 0.0307  Obj.: 54.7
2020-06-30 15:59:05,252 - TOPOPT - INFO - Ite.: 517  Vol.: 0.173  Ch.: 0.0307  Obj.: 54.7
2020-06-30 15:59:05,362 - TOPOPT - INFO - Ite.: 518  Vol.: 0.173  Ch.: 0.0307  Obj.: 54.7
2020-06-30 15:59:05,479 - TOPOPT - INFO - Ite.: 519  Vol.: 0.173  Ch.: 0.0307  Obj.: 54.7
2020-06-30 15:59:05,592 - TOPOPT - INFO - Ite.: 520  Vol.: 0.173  Ch.: 0.0307  Obj.: 54.7
2020-06-30 15:59:05,712 - TOPOPT - INFO - Ite.: 521  Vol.: 0.173  Ch.: 0.0307  Obj.: 54.7
2020-06-30 15:59:05,827 - TOPOPT - INFO - Ite.: 522  Vol.: 0.173  Ch.: 0.0307  Obj.: 54.7
2020-06-30 15:59:05,927 - TOPOPT - INFO - Ite.: 523  Vol.: 0.173  Ch.: 0.0307  Obj.: 54.7
2020-06-30 15:59:06,032 - TOPOPT - INFO - Ite.: 524  Vol.: 0.173  Ch.: 0.0307  Obj.: 54.7
2020-06-30 15:59:06,141 - TOPOPT - INFO - Ite.: 525  Vol.: 0.173  Ch.: 0.0307  Obj.: 54.7
2020-06-30 15:59:06,259 - TOPOPT - INFO - Ite.: 526  Vol.: 0.173  Ch.: 0.0307  Obj.: 54.7
2020-06-30 15:59:06,371 - TOPOPT - INFO - Ite.: 527  Vol.: 0.173  Ch.: 0.0307  Obj.: 54.7
2020-06-30 15:59:06,479 - TOPOPT - INFO - Ite.: 528  Vol.: 0.173  Ch.: 0.0307  Obj.: 54.7
2020-06-30 15:59:06,589 - TOPOPT - INFO - Ite.: 529  Vol.: 0.173  Ch.: 0.0307  Obj.: 54.7
2020-06-30 15:59:06,718 - TOPOPT - INFO - Ite.: 530  Vol.: 0.173  Ch.: 0.0307  Obj.: 54.7
2020-06-30 15:59:06,832 - TOPOPT - INFO - Ite.: 531  Vol.: 0.173  Ch.: 0.0307  Obj.: 54.7
2020-06-30 15:59:06,934 - TOPOPT - INFO - Ite.: 532  Vol.: 0.173  Ch.: 0.0307  Obj.: 54.7
2020-06-30 15:59:07,037 - TOPOPT - INFO - Ite.: 533  Vol.: 0.173  Ch.: 0.0307  Obj.: 54.7
2020-06-30 15:59:07,152 - TOPOPT - INFO - Ite.: 534  Vol.: 0.173  Ch.: 0.0307  Obj.: 54.7
2020-06-30 15:59:07,255 - TOPOPT - INFO - Ite.: 535  Vol.: 0.173  Ch.: 0.0307  Obj.: 54.7
2020-06-30 15:59:07,367 - TOPOPT - INFO - Ite.: 536  Vol.: 0.173  Ch.: 0.0307  Obj.: 54.7
2020-06-30 15:59:07,465 - TOPOPT - INFO - Ite.: 537  Vol.: 0.173  Ch.: 0.0307  Obj.: 54.7
2020-06-30 15:59:07,561 - TOPOPT - INFO - Ite.: 538  Vol.: 0.173  Ch.: 0.0307  Obj.: 54.7
2020-06-30 15:59:07,660 - TOPOPT - INFO - Ite.: 539  Vol.: 0.173  Ch.: 0.0307  Obj.: 54.7
2020-06-30 15:59:07,767 - TOPOPT - INFO - Ite.: 540  Vol.: 0.173  Ch.: 0.0307  Obj.: 54.7
2020-06-30 15:59:07,870 - TOPOPT - INFO - Ite.: 541  Vol.: 0.173  Ch.: 0.0307  Obj.: 54.7
2020-06-30 15:59:07,978 - TOPOPT - INFO - Ite.: 542  Vol.: 0.173  Ch.: 0.0307  Obj.: 54.7
2020-06-30 15:59:08,109 - TOPOPT - INFO - Ite.: 543  Vol.: 0.173  Ch.: 0.0307  Obj.: 54.7
2020-06-30 15:59:08,252 - TOPOPT - INFO - Ite.: 544  Vol.: 0.173  Ch.: 0.0307  Obj.: 54.7
2020-06-30 15:59:08,357 - TOPOPT - INFO - Ite.: 545  Vol.: 0.173  Ch.: 0.0307  Obj.: 54.7
2020-06-30 15:59:08,454 - TOPOPT - INFO - Ite.: 546  Vol.: 0.173  Ch.: 0.0307  Obj.: 54.7
2020-06-30 15:59:08,551 - TOPOPT - INFO - Ite.: 547  Vol.: 0.173  Ch.: 0.0307  Obj.: 54.7
2020-06-30 15:59:08,635 - TOPOPT - INFO - Ite.: 548  Vol.: 0.173  Ch.: 0.0307  Obj.: 54.7
2020-06-30 15:59:08,715 - TOPOPT - INFO - Ite.: 549  Vol.: 0.173  Ch.: 0.0307  Obj.: 54.7
2020-06-30 15:59:08,793 - TOPOPT - INFO - Ite.: 550  Vol.: 0.173  Ch.: 0.0307  Obj.: 54.7
2020-06-30 15:59:08,876 - TOPOPT - INFO - Ite.: 551  Vol.: 0.173  Ch.: 0.0307  Obj.: 54.7
2020-06-30 15:59:08,949 - TOPOPT - INFO - Ite.: 552  Vol.: 0.173  Ch.: 0.0307  Obj.: 54.7
2020-06-30 15:59:09,021 - TOPOPT - INFO - Ite.: 553  Vol.: 0.173  Ch.: 0.0307  Obj.: 54.7
2020-06-30 15:59:09,092 - TOPOPT - INFO - Ite.: 554  Vol.: 0.173  Ch.: 0.0307  Obj.: 54.7
2020-06-30 15:59:09,176 - TOPOPT - INFO - Ite.: 555  Vol.: 0.173  Ch.: 0.0307  Obj.: 54.7
2020-06-30 15:59:09,244 - TOPOPT - INFO - Ite.: 556  Vol.: 0.173  Ch.: 0.0307  Obj.: 54.7
2020-06-30 15:59:09,373 - TOPOPT - INFO - Ite.: 557  Vol.: 0.173  Ch.: 0.0307  Obj.: 54.7
2020-06-30 15:59:09,539 - TOPOPT - INFO - Ite.: 558  Vol.: 0.173  Ch.: 0.0307  Obj.: 54.7
2020-06-30 15:59:09,651 - TOPOPT - INFO - Ite.: 559  Vol.: 0.173  Ch.: 0.0307  Obj.: 54.7
2020-06-30 15:59:09,730 - TOPOPT - INFO - Ite.: 560  Vol.: 0.173  Ch.: 0.0307  Obj.: 54.7
2020-06-30 15:59:09,810 - TOPOPT - INFO - Ite.: 561  Vol.: 0.173  Ch.: 0.0307  Obj.: 54.7
2020-06-30 15:59:09,895 - TOPOPT - INFO - Ite.: 562  Vol.: 0.173  Ch.: 0.0307  Obj.: 54.7
2020-06-30 15:59:09,974 - TOPOPT - INFO - Ite.: 563  Vol.: 0.173  Ch.: 0.0307  Obj.: 54.7
2020-06-30 15:59:10,066 - TOPOPT - INFO - Ite.: 564  Vol.: 0.173  Ch.: 0.0307  Obj.: 54.7
2020-06-30 15:59:10,190 - TOPOPT - INFO - Ite.: 565  Vol.: 0.173  Ch.: 0.0307  Obj.: 54.7
2020-06-30 15:59:10,331 - TOPOPT - INFO - Ite.: 566  Vol.: 0.173  Ch.: 0.0307  Obj.: 54.7
2020-06-30 15:59:10,464 - TOPOPT - INFO - Ite.: 567  Vol.: 0.173  Ch.: 0.0307  Obj.: 54.7
2020-06-30 15:59:10,579 - TOPOPT - INFO - Ite.: 568  Vol.: 0.173  Ch.: 0.0307  Obj.: 54.7
2020-06-30 15:59:10,661 - TOPOPT - INFO - Ite.: 569  Vol.: 0.173  Ch.: 0.0307  Obj.: 54.7
2020-06-30 15:59:10,745 - TOPOPT - INFO - Ite.: 570  Vol.: 0.173  Ch.: 0.0307  Obj.: 54.7
2020-06-30 15:59:10,837 - TOPOPT - INFO - Ite.: 571  Vol.: 0.173  Ch.: 0.0307  Obj.: 54.7
2020-06-30 15:59:10,918 - TOPOPT - INFO - Ite.: 572  Vol.: 0.173  Ch.: 0.0307  Obj.: 54.7
2020-06-30 15:59:10,989 - TOPOPT - INFO - Ite.: 573  Vol.: 0.173  Ch.: 0.0307  Obj.: 54.7
2020-06-30 15:59:11,058 - TOPOPT - INFO - Ite.: 574  Vol.: 0.173  Ch.: 0.0307  Obj.: 54.7
2020-06-30 15:59:11,125 - TOPOPT - INFO - Ite.: 575  Vol.: 0.173  Ch.: 0.0307  Obj.: 54.7
2020-06-30 15:59:11,194 - TOPOPT - INFO - Ite.: 576  Vol.: 0.173  Ch.: 0.0307  Obj.: 54.7
2020-06-30 15:59:11,260 - TOPOPT - INFO - Ite.: 577  Vol.: 0.173  Ch.: 0.0307  Obj.: 54.7
2020-06-30 15:59:11,330 - TOPOPT - INFO - Ite.: 578  Vol.: 0.173  Ch.: 0.0307  Obj.: 54.7
2020-06-30 15:59:11,397 - TOPOPT - INFO - Ite.: 579  Vol.: 0.173  Ch.: 0.0307  Obj.: 54.7
2020-06-30 15:59:11,462 - TOPOPT - INFO - Ite.: 580  Vol.: 0.173  Ch.: 0.0307  Obj.: 54.7
2020-06-30 15:59:11,532 - TOPOPT - INFO - Ite.: 581  Vol.: 0.173  Ch.: 0.0307  Obj.: 54.7
2020-06-30 15:59:11,634 - TOPOPT - INFO - Ite.: 582  Vol.: 0.173  Ch.: 0.0307  Obj.: 54.7
2020-06-30 15:59:11,724 - TOPOPT - INFO - Ite.: 583  Vol.: 0.173  Ch.: 0.0307  Obj.: 54.7
2020-06-30 15:59:11,816 - TOPOPT - INFO - Ite.: 584  Vol.: 0.173  Ch.: 0.0307  Obj.: 54.7
2020-06-30 15:59:11,899 - TOPOPT - INFO - Ite.: 585  Vol.: 0.173  Ch.: 0.0307  Obj.: 54.7
2020-06-30 15:59:11,987 - TOPOPT - INFO - Ite.: 586  Vol.: 0.173  Ch.: 0.0307  Obj.: 54.7
2020-06-30 15:59:12,075 - TOPOPT - INFO - Ite.: 587  Vol.: 0.173  Ch.: 0.0307  Obj.: 54.7
2020-06-30 15:59:12,162 - TOPOPT - INFO - Ite.: 588  Vol.: 0.173  Ch.: 0.0307  Obj.: 54.7
2020-06-30 15:59:12,269 - TOPOPT - INFO - Ite.: 589  Vol.: 0.173  Ch.: 0.0307  Obj.: 54.7
2020-06-30 15:59:12,355 - TOPOPT - INFO - Ite.: 590  Vol.: 0.173  Ch.: 0.0307  Obj.: 54.7
2020-06-30 15:59:12,442 - TOPOPT - INFO - Ite.: 591  Vol.: 0.173  Ch.: 0.0307  Obj.: 54.7
2020-06-30 15:59:12,544 - TOPOPT - INFO - Ite.: 592  Vol.: 0.173  Ch.: 0.0307  Obj.: 54.7
2020-06-30 15:59:12,671 - TOPOPT - INFO - Ite.: 593  Vol.: 0.173  Ch.: 0.0307  Obj.: 54.7
2020-06-30 15:59:12,791 - TOPOPT - INFO - Ite.: 594  Vol.: 0.173  Ch.: 0.0307  Obj.: 54.7
2020-06-30 15:59:12,888 - TOPOPT - INFO - Ite.: 595  Vol.: 0.173  Ch.: 0.0307  Obj.: 54.7
2020-06-30 15:59:12,979 - TOPOPT - INFO - Ite.: 596  Vol.: 0.173  Ch.: 0.0307  Obj.: 54.7
2020-06-30 15:59:13,066 - TOPOPT - INFO - Ite.: 597  Vol.: 0.173  Ch.: 0.0307  Obj.: 54.7
2020-06-30 15:59:13,143 - TOPOPT - INFO - Ite.: 598  Vol.: 0.173  Ch.: 0.0307  Obj.: 54.7
2020-06-30 15:59:13,223 - TOPOPT - INFO - Ite.: 599  Vol.: 0.173  Ch.: 0.0307  Obj.: 54.7
2020-06-30 15:59:13,308 - TOPOPT - INFO - Ite.: 600  Vol.: 0.173  Ch.: 0.0307  Obj.: 54.7
2020-06-30 15:59:13,382 - TOPOPT - INFO - Ite.: 601  Vol.: 0.173  Ch.: 0.0307  Obj.: 54.7
2020-06-30 15:59:13,452 - TOPOPT - INFO - Ite.: 602  Vol.: 0.173  Ch.: 0.0307  Obj.: 54.7
2020-06-30 15:59:13,522 - TOPOPT - INFO - Ite.: 603  Vol.: 0.173  Ch.: 0.0307  Obj.: 54.7
2020-06-30 15:59:13,602 - TOPOPT - INFO - Ite.: 604  Vol.: 0.173  Ch.: 0.0306  Obj.: 54.7
2020-06-30 15:59:13,662 - TOPOPT - INFO - Ite.: 605  Vol.: 0.173  Ch.: 0.0307  Obj.: 54.7
2020-06-30 15:59:13,732 - TOPOPT - INFO - Ite.: 606  Vol.: 0.173  Ch.: 0.0307  Obj.: 54.7
2020-06-30 15:59:13,792 - TOPOPT - INFO - Ite.: 607  Vol.: 0.173  Ch.: 0.0307  Obj.: 54.7
2020-06-30 15:59:13,852 - TOPOPT - INFO - Ite.: 608  Vol.: 0.173  Ch.: 0.0306  Obj.: 54.7
2020-06-30 15:59:13,922 - TOPOPT - INFO - Ite.: 609  Vol.: 0.173  Ch.: 0.0307  Obj.: 54.7
2020-06-30 15:59:13,992 - TOPOPT - INFO - Ite.: 610  Vol.: 0.173  Ch.: 0.0307  Obj.: 54.7
2020-06-30 15:59:14,057 - TOPOPT - INFO - Ite.: 611  Vol.: 0.173  Ch.: 0.0307  Obj.: 54.7
2020-06-30 15:59:14,125 - TOPOPT - INFO - Ite.: 612  Vol.: 0.173  Ch.: 0.0306  Obj.: 54.7
2020-06-30 15:59:14,187 - TOPOPT - INFO - Ite.: 613  Vol.: 0.173  Ch.: 0.0307  Obj.: 54.7
2020-06-30 15:59:14,249 - TOPOPT - INFO - Ite.: 614  Vol.: 0.173  Ch.: 0.0307  Obj.: 54.7
2020-06-30 15:59:14,313 - TOPOPT - INFO - Ite.: 615  Vol.: 0.173  Ch.: 0.0307  Obj.: 54.7
2020-06-30 15:59:14,382 - TOPOPT - INFO - Ite.: 616  Vol.: 0.173  Ch.: 0.0306  Obj.: 54.7
2020-06-30 15:59:14,450 - TOPOPT - INFO - Ite.: 617  Vol.: 0.173  Ch.: 0.0307  Obj.: 54.7
2020-06-30 15:59:14,535 - TOPOPT - INFO - Ite.: 618  Vol.: 0.173  Ch.: 0.0307  Obj.: 54.7
2020-06-30 15:59:14,615 - TOPOPT - INFO - Ite.: 619  Vol.: 0.173  Ch.: 0.0307  Obj.: 54.7
2020-06-30 15:59:14,703 - TOPOPT - INFO - Ite.: 620  Vol.: 0.173  Ch.: 0.0306  Obj.: 54.7
2020-06-30 15:59:14,804 - TOPOPT - INFO - Ite.: 621  Vol.: 0.173  Ch.: 0.0306  Obj.: 54.7
2020-06-30 15:59:14,882 - TOPOPT - INFO - Ite.: 622  Vol.: 0.173  Ch.: 0.0307  Obj.: 54.7
2020-06-30 15:59:14,973 - TOPOPT - INFO - Ite.: 623  Vol.: 0.173  Ch.: 0.0306  Obj.: 54.7
2020-06-30 15:59:15,057 - TOPOPT - INFO - Ite.: 624  Vol.: 0.173  Ch.: 0.0306  Obj.: 54.7
2020-06-30 15:59:15,136 - TOPOPT - INFO - Ite.: 625  Vol.: 0.173  Ch.: 0.0306  Obj.: 54.7
2020-06-30 15:59:15,213 - TOPOPT - INFO - Ite.: 626  Vol.: 0.173  Ch.: 0.0306  Obj.: 54.7
2020-06-30 15:59:15,282 - TOPOPT - INFO - Ite.: 627  Vol.: 0.173  Ch.: 0.0306  Obj.: 54.7
2020-06-30 15:59:15,356 - TOPOPT - INFO - Ite.: 628  Vol.: 0.173  Ch.: 0.0306  Obj.: 54.7
2020-06-30 15:59:15,423 - TOPOPT - INFO - Ite.: 629  Vol.: 0.173  Ch.: 0.0306  Obj.: 54.7
2020-06-30 15:59:15,486 - TOPOPT - INFO - Ite.: 630  Vol.: 0.173  Ch.: 0.0306  Obj.: 54.7
2020-06-30 15:59:15,551 - TOPOPT - INFO - Ite.: 631  Vol.: 0.173  Ch.: 0.0306  Obj.: 54.7
2020-06-30 15:59:15,609 - TOPOPT - INFO - Ite.: 632  Vol.: 0.173  Ch.: 0.0306  Obj.: 54.7
2020-06-30 15:59:15,663 - TOPOPT - INFO - Ite.: 633  Vol.: 0.173  Ch.: 0.0306  Obj.: 54.7
2020-06-30 15:59:15,718 - TOPOPT - INFO - Ite.: 634  Vol.: 0.173  Ch.: 0.0306  Obj.: 54.7
2020-06-30 15:59:15,778 - TOPOPT - INFO - Ite.: 635  Vol.: 0.173  Ch.: 0.0306  Obj.: 54.7
2020-06-30 15:59:15,836 - TOPOPT - INFO - Ite.: 636  Vol.: 0.173  Ch.: 0.0306  Obj.: 54.7
2020-06-30 15:59:15,900 - TOPOPT - INFO - Ite.: 637  Vol.: 0.173  Ch.: 0.0306  Obj.: 54.7
2020-06-30 15:59:15,979 - TOPOPT - INFO - Ite.: 638  Vol.: 0.173  Ch.: 0.0306  Obj.: 54.7
2020-06-30 15:59:16,041 - TOPOPT - INFO - Ite.: 639  Vol.: 0.173  Ch.: 0.0306  Obj.: 54.7
2020-06-30 15:59:16,096 - TOPOPT - INFO - Ite.: 640  Vol.: 0.173  Ch.: 0.0306  Obj.: 54.7
2020-06-30 15:59:16,156 - TOPOPT - INFO - Ite.: 641  Vol.: 0.173  Ch.: 0.0306  Obj.: 54.7
2020-06-30 15:59:16,228 - TOPOPT - INFO - Ite.: 642  Vol.: 0.173  Ch.: 0.0306  Obj.: 54.7
2020-06-30 15:59:16,294 - TOPOPT - INFO - Ite.: 643  Vol.: 0.173  Ch.: 0.0306  Obj.: 54.7
2020-06-30 15:59:16,352 - TOPOPT - INFO - Ite.: 644  Vol.: 0.173  Ch.: 0.0306  Obj.: 54.7
2020-06-30 15:59:16,413 - TOPOPT - INFO - Ite.: 645  Vol.: 0.173  Ch.: 0.0306  Obj.: 54.7
2020-06-30 15:59:16,472 - TOPOPT - INFO - Ite.: 646  Vol.: 0.173  Ch.: 0.0306  Obj.: 54.7
2020-06-30 15:59:16,527 - TOPOPT - INFO - Ite.: 647  Vol.: 0.173  Ch.: 0.0306  Obj.: 54.7
2020-06-30 15:59:16,585 - TOPOPT - INFO - Ite.: 648  Vol.: 0.173  Ch.: 0.0306  Obj.: 54.7
2020-06-30 15:59:16,642 - TOPOPT - INFO - Ite.: 649  Vol.: 0.173  Ch.: 0.0306  Obj.: 54.7
2020-06-30 15:59:16,693 - TOPOPT - INFO - Ite.: 650  Vol.: 0.173  Ch.: 0.0306  Obj.: 54.7
2020-06-30 15:59:16,757 - TOPOPT - INFO - Ite.: 651  Vol.: 0.173  Ch.: 0.0306  Obj.: 54.7
2020-06-30 15:59:16,816 - TOPOPT - INFO - Ite.: 652  Vol.: 0.173  Ch.: 0.0306  Obj.: 54.7
2020-06-30 15:59:16,882 - TOPOPT - INFO - Ite.: 653  Vol.: 0.173  Ch.: 0.0306  Obj.: 54.7
2020-06-30 15:59:16,957 - TOPOPT - INFO - Ite.: 654  Vol.: 0.173  Ch.: 0.0306  Obj.: 54.7
2020-06-30 15:59:17,031 - TOPOPT - INFO - Ite.: 655  Vol.: 0.173  Ch.: 0.0306  Obj.: 54.7
2020-06-30 15:59:17,091 - TOPOPT - INFO - Ite.: 656  Vol.: 0.173  Ch.: 0.0306  Obj.: 54.7
2020-06-30 15:59:17,161 - TOPOPT - INFO - Ite.: 657  Vol.: 0.173  Ch.: 0.0306  Obj.: 54.7
2020-06-30 15:59:17,228 - TOPOPT - INFO - Ite.: 658  Vol.: 0.173  Ch.: 0.0306  Obj.: 54.7
2020-06-30 15:59:17,293 - TOPOPT - INFO - Ite.: 659  Vol.: 0.173  Ch.: 0.0306  Obj.: 54.7
2020-06-30 15:59:17,352 - TOPOPT - INFO - Ite.: 660  Vol.: 0.173  Ch.: 0.0306  Obj.: 54.7
2020-06-30 15:59:17,405 - TOPOPT - INFO - Ite.: 661  Vol.: 0.173  Ch.: 0.0306  Obj.: 54.7
2020-06-30 15:59:17,464 - TOPOPT - INFO - Ite.: 662  Vol.: 0.173  Ch.: 0.0306  Obj.: 54.7
2020-06-30 15:59:17,514 - TOPOPT - INFO - Ite.: 663  Vol.: 0.173  Ch.: 0.0306  Obj.: 54.7
2020-06-30 15:59:17,572 - TOPOPT - INFO - Ite.: 664  Vol.: 0.173  Ch.: 0.0306  Obj.: 54.7
2020-06-30 15:59:17,627 - TOPOPT - INFO - Ite.: 665  Vol.: 0.173  Ch.: 0.0306  Obj.: 54.7
2020-06-30 15:59:17,677 - TOPOPT - INFO - Ite.: 666  Vol.: 0.173  Ch.: 0.0306  Obj.: 54.7
2020-06-30 15:59:17,739 - TOPOPT - INFO - Ite.: 667  Vol.: 0.173  Ch.: 0.0306  Obj.: 54.7
2020-06-30 15:59:17,797 - TOPOPT - INFO - Ite.: 668  Vol.: 0.173  Ch.: 0.0306  Obj.: 54.7
2020-06-30 15:59:17,855 - TOPOPT - INFO - Ite.: 669  Vol.: 0.173  Ch.: 0.0306  Obj.: 54.7
2020-06-30 15:59:17,940 - TOPOPT - INFO - Ite.: 670  Vol.: 0.173  Ch.: 0.0306  Obj.: 54.7
2020-06-30 15:59:18,022 - TOPOPT - INFO - Ite.: 671  Vol.: 0.173  Ch.: 0.0306  Obj.: 54.7
2020-06-30 15:59:18,108 - TOPOPT - INFO - Ite.: 672  Vol.: 0.173  Ch.: 0.0306  Obj.: 54.7
2020-06-30 15:59:18,187 - TOPOPT - INFO - Ite.: 673  Vol.: 0.173  Ch.: 0.0306  Obj.: 54.7
2020-06-30 15:59:18,251 - TOPOPT - INFO - Ite.: 674  Vol.: 0.173  Ch.: 0.0306  Obj.: 54.7
2020-06-30 15:59:18,313 - TOPOPT - INFO - Ite.: 675  Vol.: 0.173  Ch.: 0.0306  Obj.: 54.7
2020-06-30 15:59:18,376 - TOPOPT - INFO - Ite.: 676  Vol.: 0.173  Ch.: 0.0306  Obj.: 54.7
2020-06-30 15:59:18,436 - TOPOPT - INFO - Ite.: 677  Vol.: 0.173  Ch.: 0.0306  Obj.: 54.7
2020-06-30 15:59:18,495 - TOPOPT - INFO - Ite.: 678  Vol.: 0.173  Ch.: 0.0306  Obj.: 54.7
2020-06-30 15:59:18,556 - TOPOPT - INFO - Ite.: 679  Vol.: 0.173  Ch.: 0.0306  Obj.: 54.7
2020-06-30 15:59:18,610 - TOPOPT - INFO - Ite.: 680  Vol.: 0.173  Ch.: 0.0306  Obj.: 54.7
2020-06-30 15:59:18,670 - TOPOPT - INFO - Ite.: 681  Vol.: 0.173  Ch.: 0.0306  Obj.: 54.7
2020-06-30 15:59:18,736 - TOPOPT - INFO - Ite.: 682  Vol.: 0.173  Ch.: 0.0306  Obj.: 54.7
2020-06-30 15:59:18,795 - TOPOPT - INFO - Ite.: 683  Vol.: 0.173  Ch.: 0.0306  Obj.: 54.7
2020-06-30 15:59:18,870 - TOPOPT - INFO - Ite.: 684  Vol.: 0.173  Ch.: 0.0306  Obj.: 54.7
2020-06-30 15:59:18,930 - TOPOPT - INFO - Ite.: 685  Vol.: 0.173  Ch.: 0.0306  Obj.: 54.7
2020-06-30 15:59:18,991 - TOPOPT - INFO - Ite.: 686  Vol.: 0.173  Ch.: 0.0306  Obj.: 54.7
2020-06-30 15:59:19,052 - TOPOPT - INFO - Ite.: 687  Vol.: 0.173  Ch.: 0.0306  Obj.: 54.7
2020-06-30 15:59:19,122 - TOPOPT - INFO - Ite.: 688  Vol.: 0.173  Ch.: 0.0306  Obj.: 54.7
2020-06-30 15:59:19,182 - TOPOPT - INFO - Ite.: 689  Vol.: 0.173  Ch.: 0.0306  Obj.: 54.7
2020-06-30 15:59:19,237 - TOPOPT - INFO - Ite.: 690  Vol.: 0.173  Ch.: 0.0306  Obj.: 54.7
2020-06-30 15:59:19,302 - TOPOPT - INFO - Ite.: 691  Vol.: 0.173  Ch.: 0.0306  Obj.: 54.7
2020-06-30 15:59:19,367 - TOPOPT - INFO - Ite.: 692  Vol.: 0.173  Ch.: 0.0306  Obj.: 54.7
2020-06-30 15:59:19,422 - TOPOPT - INFO - Ite.: 693  Vol.: 0.173  Ch.: 0.0306  Obj.: 54.7
2020-06-30 15:59:19,477 - TOPOPT - INFO - Ite.: 694  Vol.: 0.173  Ch.: 0.0306  Obj.: 54.7
2020-06-30 15:59:19,532 - TOPOPT - INFO - Ite.: 695  Vol.: 0.173  Ch.: 0.0306  Obj.: 54.7
2020-06-30 15:59:19,582 - TOPOPT - INFO - Ite.: 696  Vol.: 0.173  Ch.: 0.0306  Obj.: 54.7
2020-06-30 15:59:19,636 - TOPOPT - INFO - Ite.: 697  Vol.: 0.173  Ch.: 0.0306  Obj.: 54.7
2020-06-30 15:59:19,687 - TOPOPT - INFO - Ite.: 698  Vol.: 0.173  Ch.: 0.0306  Obj.: 54.7
2020-06-30 15:59:19,732 - TOPOPT - INFO - Ite.: 699  Vol.: 0.173  Ch.: 0.0306  Obj.: 54.7
2020-06-30 15:59:19,792 - TOPOPT - INFO - Ite.: 700  Vol.: 0.173  Ch.: 0.0306  Obj.: 54.7
2020-06-30 15:59:19,852 - TOPOPT - INFO - Ite.: 701  Vol.: 0.173  Ch.: 0.0306  Obj.: 54.7
2020-06-30 15:59:19,902 - TOPOPT - INFO - Ite.: 702  Vol.: 0.173  Ch.: 0.0306  Obj.: 54.7
2020-06-30 15:59:19,962 - TOPOPT - INFO - Ite.: 703  Vol.: 0.173  Ch.: 0.0306  Obj.: 54.7
2020-06-30 15:59:20,027 - TOPOPT - INFO - Ite.: 704  Vol.: 0.173  Ch.: 0.0306  Obj.: 54.7
2020-06-30 15:59:20,088 - TOPOPT - INFO - Ite.: 705  Vol.: 0.173  Ch.: 0.0306  Obj.: 54.7
2020-06-30 15:59:20,149 - TOPOPT - INFO - Ite.: 706  Vol.: 0.173  Ch.: 0.0306  Obj.: 54.7
2020-06-30 15:59:20,212 - TOPOPT - INFO - Ite.: 707  Vol.: 0.173  Ch.: 0.0306  Obj.: 54.7
2020-06-30 15:59:20,277 - TOPOPT - INFO - Ite.: 708  Vol.: 0.173  Ch.: 0.0305  Obj.: 54.7
2020-06-30 15:59:20,353 - TOPOPT - INFO - Ite.: 709  Vol.: 0.173  Ch.: 0.0306  Obj.: 54.7
2020-06-30 15:59:20,410 - TOPOPT - INFO - Ite.: 710  Vol.: 0.173  Ch.: 0.0306  Obj.: 54.7
2020-06-30 15:59:20,469 - TOPOPT - INFO - Ite.: 711  Vol.: 0.173  Ch.: 0.0306  Obj.: 54.7
2020-06-30 15:59:20,526 - TOPOPT - INFO - Ite.: 712  Vol.: 0.173  Ch.: 0.0305  Obj.: 54.7
2020-06-30 15:59:20,591 - TOPOPT - INFO - Ite.: 713  Vol.: 0.173  Ch.: 0.0305  Obj.: 54.7
2020-06-30 15:59:20,647 - TOPOPT - INFO - Ite.: 714  Vol.: 0.173  Ch.: 0.0306  Obj.: 54.7
2020-06-30 15:59:20,703 - TOPOPT - INFO - Ite.: 715  Vol.: 0.173  Ch.: 0.0306  Obj.: 54.7
2020-06-30 15:59:20,758 - TOPOPT - INFO - Ite.: 716  Vol.: 0.173  Ch.: 0.0305  Obj.: 54.7
2020-06-30 15:59:20,812 - TOPOPT - INFO - Ite.: 717  Vol.: 0.173  Ch.: 0.0305  Obj.: 54.7
2020-06-30 15:59:20,870 - TOPOPT - INFO - Ite.: 718  Vol.: 0.173  Ch.: 0.0306  Obj.: 54.7
2020-06-30 15:59:20,930 - TOPOPT - INFO - Ite.: 719  Vol.: 0.173  Ch.: 0.0305  Obj.: 54.7
2020-06-30 15:59:20,990 - TOPOPT - INFO - Ite.: 720  Vol.: 0.173  Ch.: 0.0305  Obj.: 54.7
2020-06-30 15:59:21,044 - TOPOPT - INFO - Ite.: 721  Vol.: 0.173  Ch.: 0.0305  Obj.: 54.7
2020-06-30 15:59:21,114 - TOPOPT - INFO - Ite.: 722  Vol.: 0.173  Ch.: 0.0306  Obj.: 54.7
2020-06-30 15:59:21,177 - TOPOPT - INFO - Ite.: 723  Vol.: 0.173  Ch.: 0.0305  Obj.: 54.7
2020-06-30 15:59:21,240 - TOPOPT - INFO - Ite.: 724  Vol.: 0.173  Ch.: 0.0305  Obj.: 54.7
2020-06-30 15:59:21,305 - TOPOPT - INFO - Ite.: 725  Vol.: 0.173  Ch.: 0.0305  Obj.: 54.7
2020-06-30 15:59:21,363 - TOPOPT - INFO - Ite.: 726  Vol.: 0.173  Ch.: 0.0306  Obj.: 54.7
2020-06-30 15:59:21,420 - TOPOPT - INFO - Ite.: 727  Vol.: 0.173  Ch.: 0.0305  Obj.: 54.7
2020-06-30 15:59:21,478 - TOPOPT - INFO - Ite.: 728  Vol.: 0.173  Ch.: 0.0305  Obj.: 54.7
2020-06-30 15:59:21,542 - TOPOPT - INFO - Ite.: 729  Vol.: 0.173  Ch.: 0.0305  Obj.: 54.7
2020-06-30 15:59:21,599 - TOPOPT - INFO - Ite.: 730  Vol.: 0.173  Ch.: 0.0306  Obj.: 54.7
2020-06-30 15:59:21,653 - TOPOPT - INFO - Ite.: 731  Vol.: 0.173  Ch.: 0.0305  Obj.: 54.7
2020-06-30 15:59:21,712 - TOPOPT - INFO - Ite.: 732  Vol.: 0.173  Ch.: 0.0305  Obj.: 54.7
2020-06-30 15:59:21,768 - TOPOPT - INFO - Ite.: 733  Vol.: 0.173  Ch.: 0.0305  Obj.: 54.7
2020-06-30 15:59:21,841 - TOPOPT - INFO - Ite.: 734  Vol.: 0.173  Ch.: 0.0305  Obj.: 54.7
2020-06-30 15:59:21,906 - TOPOPT - INFO - Ite.: 735  Vol.: 0.173  Ch.: 0.0305  Obj.: 54.7
2020-06-30 15:59:21,959 - TOPOPT - INFO - Ite.: 736  Vol.: 0.173  Ch.: 0.0305  Obj.: 54.7
2020-06-30 15:59:22,022 - TOPOPT - INFO - Ite.: 737  Vol.: 0.173  Ch.: 0.0305  Obj.: 54.7
2020-06-30 15:59:22,092 - TOPOPT - INFO - Ite.: 738  Vol.: 0.173  Ch.: 0.0305  Obj.: 54.7
2020-06-30 15:59:22,152 - TOPOPT - INFO - Ite.: 739  Vol.: 0.173  Ch.: 0.0305  Obj.: 54.7
2020-06-30 15:59:22,209 - TOPOPT - INFO - Ite.: 740  Vol.: 0.173  Ch.: 0.0305  Obj.: 54.7
2020-06-30 15:59:22,270 - TOPOPT - INFO - Ite.: 741  Vol.: 0.173  Ch.: 0.0305  Obj.: 54.7
2020-06-30 15:59:22,321 - TOPOPT - INFO - Ite.: 742  Vol.: 0.173  Ch.: 0.0305  Obj.: 54.7
2020-06-30 15:59:22,372 - TOPOPT - INFO - Ite.: 743  Vol.: 0.173  Ch.: 0.0305  Obj.: 54.7
2020-06-30 15:59:22,425 - TOPOPT - INFO - Ite.: 744  Vol.: 0.173  Ch.: 0.0305  Obj.: 54.7
2020-06-30 15:59:22,478 - TOPOPT - INFO - Ite.: 745  Vol.: 0.173  Ch.: 0.0305  Obj.: 54.7
2020-06-30 15:59:22,533 - TOPOPT - INFO - Ite.: 746  Vol.: 0.173  Ch.: 0.0305  Obj.: 54.7
2020-06-30 15:59:22,583 - TOPOPT - INFO - Ite.: 747  Vol.: 0.173  Ch.: 0.0305  Obj.: 54.7
2020-06-30 15:59:22,637 - TOPOPT - INFO - Ite.: 748  Vol.: 0.173  Ch.: 0.0305  Obj.: 54.7
2020-06-30 15:59:22,692 - TOPOPT - INFO - Ite.: 749  Vol.: 0.173  Ch.: 0.0305  Obj.: 54.7
2020-06-30 15:59:22,753 - TOPOPT - INFO - Ite.: 750  Vol.: 0.173  Ch.: 0.0305  Obj.: 54.7
2020-06-30 15:59:22,813 - TOPOPT - INFO - Ite.: 751  Vol.: 0.173  Ch.: 0.0305  Obj.: 54.7
2020-06-30 15:59:22,877 - TOPOPT - INFO - Ite.: 752  Vol.: 0.173  Ch.: 0.0305  Obj.: 54.7
2020-06-30 15:59:22,937 - TOPOPT - INFO - Ite.: 753  Vol.: 0.173  Ch.: 0.0305  Obj.: 54.7
2020-06-30 15:59:22,995 - TOPOPT - INFO - Ite.: 754  Vol.: 0.173  Ch.: 0.0305  Obj.: 54.7
2020-06-30 15:59:23,053 - TOPOPT - INFO - Ite.: 755  Vol.: 0.173  Ch.: 0.0305  Obj.: 54.7
2020-06-30 15:59:23,111 - TOPOPT - INFO - Ite.: 756  Vol.: 0.173  Ch.: 0.0305  Obj.: 54.7
2020-06-30 15:59:23,167 - TOPOPT - INFO - Ite.: 757  Vol.: 0.173  Ch.: 0.0305  Obj.: 54.7
2020-06-30 15:59:23,231 - TOPOPT - INFO - Ite.: 758  Vol.: 0.173  Ch.: 0.0305  Obj.: 54.7
2020-06-30 15:59:23,293 - TOPOPT - INFO - Ite.: 759  Vol.: 0.173  Ch.: 0.0305  Obj.: 54.7
2020-06-30 15:59:23,348 - TOPOPT - INFO - Ite.: 760  Vol.: 0.173  Ch.: 0.0305  Obj.: 54.7
2020-06-30 15:59:23,405 - TOPOPT - INFO - Ite.: 761  Vol.: 0.173  Ch.: 0.0305  Obj.: 54.7
2020-06-30 15:59:23,465 - TOPOPT - INFO - Ite.: 762  Vol.: 0.173  Ch.: 0.0305  Obj.: 54.7
2020-06-30 15:59:23,527 - TOPOPT - INFO - Ite.: 763  Vol.: 0.173  Ch.: 0.0305  Obj.: 54.7
2020-06-30 15:59:23,583 - TOPOPT - INFO - Ite.: 764  Vol.: 0.173  Ch.: 0.0305  Obj.: 54.7
2020-06-30 15:59:23,637 - TOPOPT - INFO - Ite.: 765  Vol.: 0.173  Ch.: 0.0305  Obj.: 54.7
2020-06-30 15:59:23,693 - TOPOPT - INFO - Ite.: 766  Vol.: 0.173  Ch.: 0.0305  Obj.: 54.7
2020-06-30 15:59:23,750 - TOPOPT - INFO - Ite.: 767  Vol.: 0.173  Ch.: 0.0305  Obj.: 54.7
2020-06-30 15:59:23,808 - TOPOPT - INFO - Ite.: 768  Vol.: 0.173  Ch.: 0.0305  Obj.: 54.7
2020-06-30 15:59:23,870 - TOPOPT - INFO - Ite.: 769  Vol.: 0.173  Ch.: 0.0305  Obj.: 54.7
2020-06-30 15:59:23,931 - TOPOPT - INFO - Ite.: 770  Vol.: 0.173  Ch.: 0.0305  Obj.: 54.7
2020-06-30 15:59:23,991 - TOPOPT - INFO - Ite.: 771  Vol.: 0.173  Ch.: 0.0305  Obj.: 54.7
2020-06-30 15:59:24,052 - TOPOPT - INFO - Ite.: 772  Vol.: 0.173  Ch.: 0.0305  Obj.: 54.7
2020-06-30 15:59:24,114 - TOPOPT - INFO - Ite.: 773  Vol.: 0.173  Ch.: 0.0305  Obj.: 54.7
2020-06-30 15:59:24,171 - TOPOPT - INFO - Ite.: 774  Vol.: 0.173  Ch.: 0.0305  Obj.: 54.7
2020-06-30 15:59:24,228 - TOPOPT - INFO - Ite.: 775  Vol.: 0.173  Ch.: 0.0305  Obj.: 54.7
2020-06-30 15:59:24,288 - TOPOPT - INFO - Ite.: 776  Vol.: 0.173  Ch.: 0.0305  Obj.: 54.7
2020-06-30 15:59:24,351 - TOPOPT - INFO - Ite.: 777  Vol.: 0.173  Ch.: 0.0305  Obj.: 54.7
2020-06-30 15:59:24,408 - TOPOPT - INFO - Ite.: 778  Vol.: 0.173  Ch.: 0.0305  Obj.: 54.7
2020-06-30 15:59:24,466 - TOPOPT - INFO - Ite.: 779  Vol.: 0.173  Ch.: 0.0305  Obj.: 54.7
2020-06-30 15:59:24,521 - TOPOPT - INFO - Ite.: 780  Vol.: 0.173  Ch.: 0.0305  Obj.: 54.7
2020-06-30 15:59:24,578 - TOPOPT - INFO - Ite.: 781  Vol.: 0.173  Ch.: 0.0305  Obj.: 54.7
2020-06-30 15:59:24,634 - TOPOPT - INFO - Ite.: 782  Vol.: 0.173  Ch.: 0.0305  Obj.: 54.7
2020-06-30 15:59:24,689 - TOPOPT - INFO - Ite.: 783  Vol.: 0.173  Ch.: 0.0305  Obj.: 54.7
2020-06-30 15:59:24,739 - TOPOPT - INFO - Ite.: 784  Vol.: 0.173  Ch.: 0.0305  Obj.: 54.7
2020-06-30 15:59:24,793 - TOPOPT - INFO - Ite.: 785  Vol.: 0.173  Ch.: 0.0305  Obj.: 54.7
2020-06-30 15:59:24,854 - TOPOPT - INFO - Ite.: 786  Vol.: 0.173  Ch.: 0.0305  Obj.: 54.7
2020-06-30 15:59:24,916 - TOPOPT - INFO - Ite.: 787  Vol.: 0.173  Ch.: 0.0305  Obj.: 54.7
2020-06-30 15:59:24,974 - TOPOPT - INFO - Ite.: 788  Vol.: 0.173  Ch.: 0.0305  Obj.: 54.7
2020-06-30 15:59:25,033 - TOPOPT - INFO - Ite.: 789  Vol.: 0.173  Ch.: 0.0305  Obj.: 54.7
2020-06-30 15:59:25,096 - TOPOPT - INFO - Ite.: 790  Vol.: 0.173  Ch.: 0.0305  Obj.: 54.7
2020-06-30 15:59:25,151 - TOPOPT - INFO - Ite.: 791  Vol.: 0.173  Ch.: 0.0305  Obj.: 54.7
2020-06-30 15:59:25,208 - TOPOPT - INFO - Ite.: 792  Vol.: 0.173  Ch.: 0.0305  Obj.: 54.7
2020-06-30 15:59:25,267 - TOPOPT - INFO - Ite.: 793  Vol.: 0.173  Ch.: 0.0305  Obj.: 54.7
2020-06-30 15:59:25,330 - TOPOPT - INFO - Ite.: 794  Vol.: 0.173  Ch.: 0.0305  Obj.: 54.7
2020-06-30 15:59:25,380 - TOPOPT - INFO - Ite.: 795  Vol.: 0.173  Ch.: 0.0305  Obj.: 54.7
2020-06-30 15:59:25,434 - TOPOPT - INFO - Ite.: 796  Vol.: 0.173  Ch.: 0.0305  Obj.: 54.7
2020-06-30 15:59:25,488 - TOPOPT - INFO - Ite.: 797  Vol.: 0.173  Ch.: 0.0305  Obj.: 54.7
2020-06-30 15:59:25,544 - TOPOPT - INFO - Ite.: 798  Vol.: 0.173  Ch.: 0.0305  Obj.: 54.7
2020-06-30 15:59:25,609 - TOPOPT - INFO - Ite.: 799  Vol.: 0.173  Ch.: 0.0305  Obj.: 54.7
2020-06-30 15:59:25,662 - TOPOPT - INFO - Ite.: 800  Vol.: 0.173  Ch.: 0.0305  Obj.: 54.7
2020-06-30 15:59:25,714 - TOPOPT - INFO - Ite.: 801  Vol.: 0.173  Ch.: 0.0305  Obj.: 54.7
2020-06-30 15:59:25,766 - TOPOPT - INFO - Ite.: 802  Vol.: 0.173  Ch.: 0.0305  Obj.: 54.7
2020-06-30 15:59:25,825 - TOPOPT - INFO - Ite.: 803  Vol.: 0.173  Ch.: 0.0305  Obj.: 54.7
2020-06-30 15:59:25,887 - TOPOPT - INFO - Ite.: 804  Vol.: 0.173  Ch.: 0.0305  Obj.: 54.7
2020-06-30 15:59:25,950 - TOPOPT - INFO - Ite.: 805  Vol.: 0.173  Ch.: 0.0305  Obj.: 54.7
2020-06-30 15:59:26,011 - TOPOPT - INFO - Ite.: 806  Vol.: 0.173  Ch.: 0.0305  Obj.: 54.7
2020-06-30 15:59:26,071 - TOPOPT - INFO - Ite.: 807  Vol.: 0.173  Ch.: 0.0305  Obj.: 54.7
2020-06-30 15:59:26,130 - TOPOPT - INFO - Ite.: 808  Vol.: 0.173  Ch.: 0.0305  Obj.: 54.7
2020-06-30 15:59:26,186 - TOPOPT - INFO - Ite.: 809  Vol.: 0.173  Ch.: 0.0305  Obj.: 54.7
2020-06-30 15:59:26,245 - TOPOPT - INFO - Ite.: 810  Vol.: 0.173  Ch.: 0.0305  Obj.: 54.7
2020-06-30 15:59:26,306 - TOPOPT - INFO - Ite.: 811  Vol.: 0.173  Ch.: 0.0305  Obj.: 54.7
2020-06-30 15:59:26,369 - TOPOPT - INFO - Ite.: 812  Vol.: 0.173  Ch.: 0.0305  Obj.: 54.7
2020-06-30 15:59:26,422 - TOPOPT - INFO - Ite.: 813  Vol.: 0.173  Ch.: 0.0305  Obj.: 54.7
2020-06-30 15:59:26,476 - TOPOPT - INFO - Ite.: 814  Vol.: 0.173  Ch.: 0.0305  Obj.: 54.7
2020-06-30 15:59:26,535 - TOPOPT - INFO - Ite.: 815  Vol.: 0.173  Ch.: 0.0305  Obj.: 54.7
2020-06-30 15:59:26,591 - TOPOPT - INFO - Ite.: 816  Vol.: 0.173  Ch.: 0.0305  Obj.: 54.7
2020-06-30 15:59:26,646 - TOPOPT - INFO - Ite.: 817  Vol.: 0.173  Ch.: 0.0305  Obj.: 54.7
2020-06-30 15:59:26,701 - TOPOPT - INFO - Ite.: 818  Vol.: 0.173  Ch.: 0.0305  Obj.: 54.7
2020-06-30 15:59:26,759 - TOPOPT - INFO - Ite.: 819  Vol.: 0.173  Ch.: 0.0305  Obj.: 54.7
2020-06-30 15:59:26,821 - TOPOPT - INFO - Ite.: 820  Vol.: 0.173  Ch.: 0.0305  Obj.: 54.7
2020-06-30 15:59:26,880 - TOPOPT - INFO - Ite.: 821  Vol.: 0.173  Ch.: 0.0305  Obj.: 54.7
2020-06-30 15:59:26,941 - TOPOPT - INFO - Ite.: 822  Vol.: 0.173  Ch.: 0.0305  Obj.: 54.7
2020-06-30 15:59:26,998 - TOPOPT - INFO - Ite.: 823  Vol.: 0.173  Ch.: 0.0305  Obj.: 54.7
2020-06-30 15:59:27,068 - TOPOPT - INFO - Ite.: 824  Vol.: 0.173  Ch.: 0.0305  Obj.: 54.7
2020-06-30 15:59:27,135 - TOPOPT - INFO - Ite.: 825  Vol.: 0.173  Ch.: 0.0305  Obj.: 54.7
2020-06-30 15:59:27,194 - TOPOPT - INFO - Ite.: 826  Vol.: 0.173  Ch.: 0.0305  Obj.: 54.7
2020-06-30 15:59:27,254 - TOPOPT - INFO - Ite.: 827  Vol.: 0.173  Ch.: 0.0305  Obj.: 54.7
2020-06-30 15:59:27,317 - TOPOPT - INFO - Ite.: 828  Vol.: 0.173  Ch.: 0.0305  Obj.: 54.7
2020-06-30 15:59:27,384 - TOPOPT - INFO - Ite.: 829  Vol.: 0.173  Ch.: 0.0305  Obj.: 54.7
2020-06-30 15:59:27,446 - TOPOPT - INFO - Ite.: 830  Vol.: 0.173  Ch.: 0.0304  Obj.: 54.7
2020-06-30 15:59:27,507 - TOPOPT - INFO - Ite.: 831  Vol.: 0.173  Ch.: 0.0305  Obj.: 54.7
2020-06-30 15:59:27,580 - TOPOPT - INFO - Ite.: 832  Vol.: 0.173  Ch.: 0.0305  Obj.: 54.7
2020-06-30 15:59:27,635 - TOPOPT - INFO - Ite.: 833  Vol.: 0.173  Ch.: 0.0305  Obj.: 54.7
2020-06-30 15:59:27,689 - TOPOPT - INFO - Ite.: 834  Vol.: 0.173  Ch.: 0.0304  Obj.: 54.7
2020-06-30 15:59:27,743 - TOPOPT - INFO - Ite.: 835  Vol.: 0.173  Ch.: 0.0305  Obj.: 54.7
2020-06-30 15:59:27,801 - TOPOPT - INFO - Ite.: 836  Vol.: 0.173  Ch.: 0.0305  Obj.: 54.7
2020-06-30 15:59:27,872 - TOPOPT - INFO - Ite.: 837  Vol.: 0.173  Ch.: 0.0305  Obj.: 54.7
2020-06-30 15:59:27,931 - TOPOPT - INFO - Ite.: 838  Vol.: 0.173  Ch.: 0.0304  Obj.: 54.7
2020-06-30 15:59:27,992 - TOPOPT - INFO - Ite.: 839  Vol.: 0.173  Ch.: 0.0305  Obj.: 54.7
2020-06-30 15:59:28,049 - TOPOPT - INFO - Ite.: 840  Vol.: 0.173  Ch.: 0.0305  Obj.: 54.7
2020-06-30 15:59:28,109 - TOPOPT - INFO - Ite.: 841  Vol.: 0.173  Ch.: 0.0305  Obj.: 54.7
2020-06-30 15:59:28,166 - TOPOPT - INFO - Ite.: 842  Vol.: 0.173  Ch.: 0.0304  Obj.: 54.7
2020-06-30 15:59:28,229 - TOPOPT - INFO - Ite.: 843  Vol.: 0.173  Ch.: 0.0305  Obj.: 54.7
2020-06-30 15:59:28,290 - TOPOPT - INFO - Ite.: 844  Vol.: 0.173  Ch.: 0.0305  Obj.: 54.7
2020-06-30 15:59:28,344 - TOPOPT - INFO - Ite.: 845  Vol.: 0.173  Ch.: 0.0305  Obj.: 54.7
2020-06-30 15:59:28,398 - TOPOPT - INFO - Ite.: 846  Vol.: 0.173  Ch.: 0.0304  Obj.: 54.7
2020-06-30 15:59:28,449 - TOPOPT - INFO - Ite.: 847  Vol.: 0.173  Ch.: 0.0304  Obj.: 54.7
2020-06-30 15:59:28,501 - TOPOPT - INFO - Ite.: 848  Vol.: 0.173  Ch.: 0.0305  Obj.: 54.7
2020-06-30 15:59:28,554 - TOPOPT - INFO - Ite.: 849  Vol.: 0.173  Ch.: 0.0304  Obj.: 54.7
2020-06-30 15:59:28,606 - TOPOPT - INFO - Ite.: 850  Vol.: 0.173  Ch.: 0.0304  Obj.: 54.7
2020-06-30 15:59:28,657 - TOPOPT - INFO - Ite.: 851  Vol.: 0.173  Ch.: 0.0304  Obj.: 54.7
2020-06-30 15:59:28,708 - TOPOPT - INFO - Ite.: 852  Vol.: 0.173  Ch.: 0.0305  Obj.: 54.7
2020-06-30 15:59:28,772 - TOPOPT - INFO - Ite.: 853  Vol.: 0.173  Ch.: 0.0304  Obj.: 54.7
2020-06-30 15:59:28,832 - TOPOPT - INFO - Ite.: 854  Vol.: 0.173  Ch.: 0.0304  Obj.: 54.7
2020-06-30 15:59:28,892 - TOPOPT - INFO - Ite.: 855  Vol.: 0.173  Ch.: 0.0304  Obj.: 54.7
2020-06-30 15:59:28,952 - TOPOPT - INFO - Ite.: 856  Vol.: 0.173  Ch.: 0.0305  Obj.: 54.7
2020-06-30 15:59:29,012 - TOPOPT - INFO - Ite.: 857  Vol.: 0.173  Ch.: 0.0304  Obj.: 54.7
2020-06-30 15:59:29,069 - TOPOPT - INFO - Ite.: 858  Vol.: 0.173  Ch.: 0.0304  Obj.: 54.7
2020-06-30 15:59:29,126 - TOPOPT - INFO - Ite.: 859  Vol.: 0.173  Ch.: 0.0304  Obj.: 54.7
2020-06-30 15:59:29,188 - TOPOPT - INFO - Ite.: 860  Vol.: 0.173  Ch.: 0.0305  Obj.: 54.7
2020-06-30 15:59:29,252 - TOPOPT - INFO - Ite.: 861  Vol.: 0.173  Ch.: 0.0304  Obj.: 54.7
2020-06-30 15:59:29,317 - TOPOPT - INFO - Ite.: 862  Vol.: 0.173  Ch.: 0.0304  Obj.: 54.7
2020-06-30 15:59:29,370 - TOPOPT - INFO - Ite.: 863  Vol.: 0.173  Ch.: 0.0304  Obj.: 54.7
2020-06-30 15:59:29,437 - TOPOPT - INFO - Ite.: 864  Vol.: 0.173  Ch.: 0.0305  Obj.: 54.7
2020-06-30 15:59:29,494 - TOPOPT - INFO - Ite.: 865  Vol.: 0.173  Ch.: 0.0304  Obj.: 54.7
2020-06-30 15:59:29,563 - TOPOPT - INFO - Ite.: 866  Vol.: 0.173  Ch.: 0.0304  Obj.: 54.7
2020-06-30 15:59:29,624 - TOPOPT - INFO - Ite.: 867  Vol.: 0.173  Ch.: 0.0304  Obj.: 54.7
2020-06-30 15:59:29,692 - TOPOPT - INFO - Ite.: 868  Vol.: 0.173  Ch.: 0.0304  Obj.: 54.7
2020-06-30 15:59:29,745 - TOPOPT - INFO - Ite.: 869  Vol.: 0.173  Ch.: 0.0304  Obj.: 54.7
2020-06-30 15:59:29,808 - TOPOPT - INFO - Ite.: 870  Vol.: 0.173  Ch.: 0.0304  Obj.: 54.7
2020-06-30 15:59:29,874 - TOPOPT - INFO - Ite.: 871  Vol.: 0.173  Ch.: 0.0304  Obj.: 54.7
2020-06-30 15:59:29,937 - TOPOPT - INFO - Ite.: 872  Vol.: 0.173  Ch.: 0.0304  Obj.: 54.7
2020-06-30 15:59:30,014 - TOPOPT - INFO - Ite.: 873  Vol.: 0.173  Ch.: 0.0304  Obj.: 54.7
2020-06-30 15:59:30,074 - TOPOPT - INFO - Ite.: 874  Vol.: 0.173  Ch.: 0.0304  Obj.: 54.7
2020-06-30 15:59:30,135 - TOPOPT - INFO - Ite.: 875  Vol.: 0.173  Ch.: 0.0304  Obj.: 54.7
2020-06-30 15:59:30,197 - TOPOPT - INFO - Ite.: 876  Vol.: 0.173  Ch.: 0.0304  Obj.: 54.7
2020-06-30 15:59:30,268 - TOPOPT - INFO - Ite.: 877  Vol.: 0.173  Ch.: 0.0304  Obj.: 54.7
2020-06-30 15:59:30,332 - TOPOPT - INFO - Ite.: 878  Vol.: 0.173  Ch.: 0.0304  Obj.: 54.7
2020-06-30 15:59:30,388 - TOPOPT - INFO - Ite.: 879  Vol.: 0.173  Ch.: 0.0304  Obj.: 54.7
2020-06-30 15:59:30,439 - TOPOPT - INFO - Ite.: 880  Vol.: 0.173  Ch.: 0.0304  Obj.: 54.7
2020-06-30 15:59:30,497 - TOPOPT - INFO - Ite.: 881  Vol.: 0.173  Ch.: 0.0304  Obj.: 54.7
2020-06-30 15:59:30,552 - TOPOPT - INFO - Ite.: 882  Vol.: 0.173  Ch.: 0.0304  Obj.: 54.7
2020-06-30 15:59:30,602 - TOPOPT - INFO - Ite.: 883  Vol.: 0.173  Ch.: 0.0304  Obj.: 54.7
2020-06-30 15:59:30,652 - TOPOPT - INFO - Ite.: 884  Vol.: 0.173  Ch.: 0.0304  Obj.: 54.7
2020-06-30 15:59:30,714 - TOPOPT - INFO - Ite.: 885  Vol.: 0.173  Ch.: 0.0304  Obj.: 54.7
2020-06-30 15:59:30,772 - TOPOPT - INFO - Ite.: 886  Vol.: 0.173  Ch.: 0.0304  Obj.: 54.7
2020-06-30 15:59:30,842 - TOPOPT - INFO - Ite.: 887  Vol.: 0.173  Ch.: 0.0304  Obj.: 54.7
2020-06-30 15:59:30,902 - TOPOPT - INFO - Ite.: 888  Vol.: 0.173  Ch.: 0.0304  Obj.: 54.7
2020-06-30 15:59:30,972 - TOPOPT - INFO - Ite.: 889  Vol.: 0.173  Ch.: 0.0304  Obj.: 54.7
2020-06-30 15:59:31,034 - TOPOPT - INFO - Ite.: 890  Vol.: 0.173  Ch.: 0.0304  Obj.: 54.7
2020-06-30 15:59:31,105 - TOPOPT - INFO - Ite.: 891  Vol.: 0.173  Ch.: 0.0304  Obj.: 54.7
2020-06-30 15:59:31,166 - TOPOPT - INFO - Ite.: 892  Vol.: 0.173  Ch.: 0.0304  Obj.: 54.7
2020-06-30 15:59:31,230 - TOPOPT - INFO - Ite.: 893  Vol.: 0.173  Ch.: 0.0304  Obj.: 54.7
2020-06-30 15:59:31,298 - TOPOPT - INFO - Ite.: 894  Vol.: 0.173  Ch.: 0.0304  Obj.: 54.7
2020-06-30 15:59:31,368 - TOPOPT - INFO - Ite.: 895  Vol.: 0.173  Ch.: 0.0304  Obj.: 54.7
2020-06-30 15:59:31,438 - TOPOPT - INFO - Ite.: 896  Vol.: 0.173  Ch.: 0.0304  Obj.: 54.7
2020-06-30 15:59:31,508 - TOPOPT - INFO - Ite.: 897  Vol.: 0.173  Ch.: 0.0304  Obj.: 54.7
2020-06-30 15:59:31,583 - TOPOPT - INFO - Ite.: 898  Vol.: 0.173  Ch.: 0.0304  Obj.: 54.7
2020-06-30 15:59:31,666 - TOPOPT - INFO - Ite.: 899  Vol.: 0.173  Ch.: 0.0304  Obj.: 54.7
2020-06-30 15:59:31,736 - TOPOPT - INFO - Ite.: 900  Vol.: 0.173  Ch.: 0.0304  Obj.: 54.7
2020-06-30 15:59:31,801 - TOPOPT - INFO - Ite.: 901  Vol.: 0.173  Ch.: 0.0304  Obj.: 54.7
2020-06-30 15:59:31,877 - TOPOPT - INFO - Ite.: 902  Vol.: 0.173  Ch.: 0.0304  Obj.: 54.7
2020-06-30 15:59:31,960 - TOPOPT - INFO - Ite.: 903  Vol.: 0.173  Ch.: 0.0304  Obj.: 54.7
2020-06-30 15:59:32,039 - TOPOPT - INFO - Ite.: 904  Vol.: 0.173  Ch.: 0.0304  Obj.: 54.7
2020-06-30 15:59:32,121 - TOPOPT - INFO - Ite.: 905  Vol.: 0.173  Ch.: 0.0304  Obj.: 54.7
2020-06-30 15:59:32,201 - TOPOPT - INFO - Ite.: 906  Vol.: 0.173  Ch.: 0.0304  Obj.: 54.7
2020-06-30 15:59:32,288 - TOPOPT - INFO - Ite.: 907  Vol.: 0.173  Ch.: 0.0304  Obj.: 54.7
2020-06-30 15:59:32,385 - TOPOPT - INFO - Ite.: 908  Vol.: 0.173  Ch.: 0.0304  Obj.: 54.7
2020-06-30 15:59:32,477 - TOPOPT - INFO - Ite.: 909  Vol.: 0.173  Ch.: 0.0304  Obj.: 54.7
2020-06-30 15:59:32,572 - TOPOPT - INFO - Ite.: 910  Vol.: 0.173  Ch.: 0.0304  Obj.: 54.7
2020-06-30 15:59:32,662 - TOPOPT - INFO - Ite.: 911  Vol.: 0.173  Ch.: 0.0304  Obj.: 54.7
2020-06-30 15:59:32,742 - TOPOPT - INFO - Ite.: 912  Vol.: 0.173  Ch.: 0.0304  Obj.: 54.7
2020-06-30 15:59:32,832 - TOPOPT - INFO - Ite.: 913  Vol.: 0.173  Ch.: 0.0304  Obj.: 54.7
2020-06-30 15:59:32,942 - TOPOPT - INFO - Ite.: 914  Vol.: 0.173  Ch.: 0.0304  Obj.: 54.7
2020-06-30 15:59:33,052 - TOPOPT - INFO - Ite.: 915  Vol.: 0.173  Ch.: 0.0304  Obj.: 54.7
2020-06-30 15:59:33,160 - TOPOPT - INFO - Ite.: 916  Vol.: 0.173  Ch.: 0.0304  Obj.: 54.7
2020-06-30 15:59:33,259 - TOPOPT - INFO - Ite.: 917  Vol.: 0.173  Ch.: 0.0304  Obj.: 54.7
2020-06-30 15:59:33,357 - TOPOPT - INFO - Ite.: 918  Vol.: 0.173  Ch.: 0.0304  Obj.: 54.7
2020-06-30 15:59:33,452 - TOPOPT - INFO - Ite.: 919  Vol.: 0.173  Ch.: 0.0304  Obj.: 54.7
2020-06-30 15:59:33,542 - TOPOPT - INFO - Ite.: 920  Vol.: 0.173  Ch.: 0.0304  Obj.: 54.7
2020-06-30 15:59:33,627 - TOPOPT - INFO - Ite.: 921  Vol.: 0.173  Ch.: 0.0304  Obj.: 54.7
2020-06-30 15:59:33,712 - TOPOPT - INFO - Ite.: 922  Vol.: 0.173  Ch.: 0.0304  Obj.: 54.7
2020-06-30 15:59:33,792 - TOPOPT - INFO - Ite.: 923  Vol.: 0.173  Ch.: 0.0304  Obj.: 54.7
2020-06-30 15:59:33,877 - TOPOPT - INFO - Ite.: 924  Vol.: 0.173  Ch.: 0.0304  Obj.: 54.7
2020-06-30 15:59:33,956 - TOPOPT - INFO - Ite.: 925  Vol.: 0.173  Ch.: 0.0304  Obj.: 54.7
2020-06-30 15:59:34,034 - TOPOPT - INFO - Ite.: 926  Vol.: 0.173  Ch.: 0.0304  Obj.: 54.7
2020-06-30 15:59:34,109 - TOPOPT - INFO - Ite.: 927  Vol.: 0.173  Ch.: 0.0304  Obj.: 54.7
2020-06-30 15:59:34,182 - TOPOPT - INFO - Ite.: 928  Vol.: 0.173  Ch.: 0.0304  Obj.: 54.7
2020-06-30 15:59:34,252 - TOPOPT - INFO - Ite.: 929  Vol.: 0.173  Ch.: 0.0304  Obj.: 54.7
2020-06-30 15:59:34,322 - TOPOPT - INFO - Ite.: 930  Vol.: 0.173  Ch.: 0.0304  Obj.: 54.7
2020-06-30 15:59:34,390 - TOPOPT - INFO - Ite.: 931  Vol.: 0.173  Ch.: 0.0304  Obj.: 54.7
2020-06-30 15:59:34,459 - TOPOPT - INFO - Ite.: 932  Vol.: 0.173  Ch.: 0.0304  Obj.: 54.7
2020-06-30 15:59:34,530 - TOPOPT - INFO - Ite.: 933  Vol.: 0.173  Ch.: 0.0304  Obj.: 54.7
2020-06-30 15:59:34,593 - TOPOPT - INFO - Ite.: 934  Vol.: 0.173  Ch.: 0.0304  Obj.: 54.7
2020-06-30 15:59:34,654 - TOPOPT - INFO - Ite.: 935  Vol.: 0.173  Ch.: 0.0304  Obj.: 54.7
2020-06-30 15:59:34,716 - TOPOPT - INFO - Ite.: 936  Vol.: 0.173  Ch.: 0.0304  Obj.: 54.7
2020-06-30 15:59:34,775 - TOPOPT - INFO - Ite.: 937  Vol.: 0.173  Ch.: 0.0304  Obj.: 54.7
2020-06-30 15:59:34,837 - TOPOPT - INFO - Ite.: 938  Vol.: 0.173  Ch.: 0.0304  Obj.: 54.7
2020-06-30 15:59:34,905 - TOPOPT - INFO - Ite.: 939  Vol.: 0.173  Ch.: 0.0304  Obj.: 54.7
2020-06-30 15:59:34,974 - TOPOPT - INFO - Ite.: 940  Vol.: 0.173  Ch.: 0.0304  Obj.: 54.7
2020-06-30 15:59:35,047 - TOPOPT - INFO - Ite.: 941  Vol.: 0.173  Ch.: 0.0304  Obj.: 54.7
2020-06-30 15:59:35,120 - TOPOPT - INFO - Ite.: 942  Vol.: 0.173  Ch.: 0.0304  Obj.: 54.7
2020-06-30 15:59:35,192 - TOPOPT - INFO - Ite.: 943  Vol.: 0.173  Ch.: 0.0304  Obj.: 54.7
2020-06-30 15:59:35,264 - TOPOPT - INFO - Ite.: 944  Vol.: 0.173  Ch.: 0.0304  Obj.: 54.7
2020-06-30 15:59:35,340 - TOPOPT - INFO - Ite.: 945  Vol.: 0.173  Ch.: 0.0304  Obj.: 54.7
2020-06-30 15:59:35,418 - TOPOPT - INFO - Ite.: 946  Vol.: 0.173  Ch.: 0.0304  Obj.: 54.7
2020-06-30 15:59:35,498 - TOPOPT - INFO - Ite.: 947  Vol.: 0.173  Ch.: 0.0304  Obj.: 54.7
2020-06-30 15:59:35,581 - TOPOPT - INFO - Ite.: 948  Vol.: 0.173  Ch.: 0.0304  Obj.: 54.7
2020-06-30 15:59:35,663 - TOPOPT - INFO - Ite.: 949  Vol.: 0.173  Ch.: 0.0304  Obj.: 54.7
2020-06-30 15:59:35,740 - TOPOPT - INFO - Ite.: 950  Vol.: 0.173  Ch.: 0.0304  Obj.: 54.7
2020-06-30 15:59:35,824 - TOPOPT - INFO - Ite.: 951  Vol.: 0.173  Ch.: 0.0304  Obj.: 54.7
2020-06-30 15:59:35,916 - TOPOPT - INFO - Ite.: 952  Vol.: 0.173  Ch.: 0.0304  Obj.: 54.7
2020-06-30 15:59:36,011 - TOPOPT - INFO - Ite.: 953  Vol.: 0.173  Ch.: 0.0304  Obj.: 54.7
2020-06-30 15:59:36,108 - TOPOPT - INFO - Ite.: 954  Vol.: 0.173  Ch.: 0.0304  Obj.: 54.7
2020-06-30 15:59:36,204 - TOPOPT - INFO - Ite.: 955  Vol.: 0.173  Ch.: 0.0304  Obj.: 54.7
2020-06-30 15:59:36,306 - TOPOPT - INFO - Ite.: 956  Vol.: 0.173  Ch.: 0.0304  Obj.: 54.7
2020-06-30 15:59:36,412 - TOPOPT - INFO - Ite.: 957  Vol.: 0.173  Ch.: 0.0304  Obj.: 54.7
2020-06-30 15:59:36,514 - TOPOPT - INFO - Ite.: 958  Vol.: 0.173  Ch.: 0.0304  Obj.: 54.7
2020-06-30 15:59:36,615 - TOPOPT - INFO - Ite.: 959  Vol.: 0.173  Ch.: 0.0304  Obj.: 54.7
2020-06-30 15:59:36,722 - TOPOPT - INFO - Ite.: 960  Vol.: 0.173  Ch.: 0.0304  Obj.: 54.7
2020-06-30 15:59:36,824 - TOPOPT - INFO - Ite.: 961  Vol.: 0.173  Ch.: 0.0304  Obj.: 54.7
2020-06-30 15:59:36,929 - TOPOPT - INFO - Ite.: 962  Vol.: 0.173  Ch.: 0.0304  Obj.: 54.7
2020-06-30 15:59:37,043 - TOPOPT - INFO - Ite.: 963  Vol.: 0.173  Ch.: 0.0304  Obj.: 54.7
2020-06-30 15:59:37,155 - TOPOPT - INFO - Ite.: 964  Vol.: 0.173  Ch.: 0.0304  Obj.: 54.7
2020-06-30 15:59:37,267 - TOPOPT - INFO - Ite.: 965  Vol.: 0.173  Ch.: 0.0304  Obj.: 54.7
2020-06-30 15:59:37,379 - TOPOPT - INFO - Ite.: 966  Vol.: 0.173  Ch.: 0.0304  Obj.: 54.7
2020-06-30 15:59:37,488 - TOPOPT - INFO - Ite.: 967  Vol.: 0.173  Ch.: 0.0304  Obj.: 54.7
2020-06-30 15:59:37,594 - TOPOPT - INFO - Ite.: 968  Vol.: 0.173  Ch.: 0.0304  Obj.: 54.7
2020-06-30 15:59:37,698 - TOPOPT - INFO - Ite.: 969  Vol.: 0.173  Ch.: 0.0304  Obj.: 54.7
2020-06-30 15:59:37,803 - TOPOPT - INFO - Ite.: 970  Vol.: 0.173  Ch.: 0.0304  Obj.: 54.7
2020-06-30 15:59:37,924 - TOPOPT - INFO - Ite.: 971  Vol.: 0.173  Ch.: 0.0304  Obj.: 54.7
2020-06-30 15:59:38,033 - TOPOPT - INFO - Ite.: 972  Vol.: 0.173  Ch.: 0.0304  Obj.: 54.7
2020-06-30 15:59:38,141 - TOPOPT - INFO - Ite.: 973  Vol.: 0.173  Ch.: 0.0304  Obj.: 54.7
2020-06-30 15:59:38,262 - TOPOPT - INFO - Ite.: 974  Vol.: 0.173  Ch.: 0.0304  Obj.: 54.7
2020-06-30 15:59:38,368 - TOPOPT - INFO - Ite.: 975  Vol.: 0.173  Ch.: 0.0304  Obj.: 54.7
2020-06-30 15:59:38,477 - TOPOPT - INFO - Ite.: 976  Vol.: 0.173  Ch.: 0.0304  Obj.: 54.7
2020-06-30 15:59:38,579 - TOPOPT - INFO - Ite.: 977  Vol.: 0.173  Ch.: 0.0304  Obj.: 54.7
2020-06-30 15:59:38,682 - TOPOPT - INFO - Ite.: 978  Vol.: 0.173  Ch.: 0.0304  Obj.: 54.7
2020-06-30 15:59:38,792 - TOPOPT - INFO - Ite.: 979  Vol.: 0.173  Ch.: 0.0304  Obj.: 54.7
2020-06-30 15:59:38,899 - TOPOPT - INFO - Ite.: 980  Vol.: 0.173  Ch.: 0.0304  Obj.: 54.7
2020-06-30 15:59:39,018 - TOPOPT - INFO - Ite.: 981  Vol.: 0.173  Ch.: 0.0304  Obj.: 54.7
2020-06-30 15:59:39,137 - TOPOPT - INFO - Ite.: 982  Vol.: 0.173  Ch.: 0.0304  Obj.: 54.7
2020-06-30 15:59:39,245 - TOPOPT - INFO - Ite.: 983  Vol.: 0.173  Ch.: 0.0304  Obj.: 54.7
2020-06-30 15:59:39,353 - TOPOPT - INFO - Ite.: 984  Vol.: 0.173  Ch.: 0.0304  Obj.: 54.7
2020-06-30 15:59:39,465 - TOPOPT - INFO - Ite.: 985  Vol.: 0.173  Ch.: 0.0304  Obj.: 54.7
2020-06-30 15:59:39,575 - TOPOPT - INFO - Ite.: 986  Vol.: 0.173  Ch.: 0.0304  Obj.: 54.7
2020-06-30 15:59:39,678 - TOPOPT - INFO - Ite.: 987  Vol.: 0.173  Ch.: 0.0304  Obj.: 54.7
2020-06-30 15:59:39,778 - TOPOPT - INFO - Ite.: 988  Vol.: 0.173  Ch.: 0.0304  Obj.: 54.7
2020-06-30 15:59:39,879 - TOPOPT - INFO - Ite.: 989  Vol.: 0.173  Ch.: 0.0304  Obj.: 54.7
2020-06-30 15:59:39,985 - TOPOPT - INFO - Ite.: 990  Vol.: 0.173  Ch.: 0.0304  Obj.: 54.7
2020-06-30 15:59:40,102 - TOPOPT - INFO - Ite.: 991  Vol.: 0.173  Ch.: 0.0304  Obj.: 54.7
2020-06-30 15:59:40,207 - TOPOPT - INFO - Ite.: 992  Vol.: 0.173  Ch.: 0.0304  Obj.: 54.7
2020-06-30 15:59:40,325 - TOPOPT - INFO - Ite.: 993  Vol.: 0.173  Ch.: 0.0304  Obj.: 54.7
2020-06-30 15:59:40,434 - TOPOPT - INFO - Ite.: 994  Vol.: 0.173  Ch.: 0.0304  Obj.: 54.7
2020-06-30 15:59:40,537 - TOPOPT - INFO - Ite.: 995  Vol.: 0.173  Ch.: 0.0304  Obj.: 54.7
2020-06-30 15:59:40,642 - TOPOPT - INFO - Ite.: 996  Vol.: 0.173  Ch.: 0.0304  Obj.: 54.7
2020-06-30 15:59:40,740 - TOPOPT - INFO - Ite.: 997  Vol.: 0.173  Ch.: 0.0304  Obj.: 54.7
2020-06-30 15:59:40,844 - TOPOPT - INFO - Ite.: 998  Vol.: 0.173  Ch.: 0.0304  Obj.: 54.7
2020-06-30 15:59:40,944 - TOPOPT - INFO - Ite.: 999  Vol.: 0.173  Ch.: 0.0304  Obj.: 54.7
2020-06-30 15:59:41,053 - TOPOPT - INFO - Ite.: 1000  Vol.: 0.173  Ch.: 0.0304  Obj.: 54.7
2020-06-30 15:59:41,072 - TOPOPT - INFO - Ite.: 1001  Maximum number of iterations reached

2020-06-30 15:59:41,073 - TOPOPT - INFO - FINAL OBJECTIVE FUNCTION VALUE     :   2710543939.894492

2020-06-30 15:59:41,074 - TOPOPT - INFO - Black and white filtering data for different threshold values
2020-06-30 15:59:41,181 - TOPOPT - INFO - Threshold value            :   0.1
2020-06-30 15:59:41,183 - TOPOPT - INFO - Volume fraction            :   0.21356972041743433
2020-06-30 15:59:41,185 - TOPOPT - INFO - Objective function value   :   2173302343.859534

2020-06-30 15:59:41,294 - TOPOPT - INFO - Threshold value            :   0.2
2020-06-30 15:59:41,294 - TOPOPT - INFO - Volume fraction            :   0.20562447056005503
2020-06-30 15:59:41,296 - TOPOPT - INFO - Objective function value   :   1316589062560.9348

2020-06-30 15:59:41,400 - TOPOPT - INFO - Threshold value            :   0.3
2020-06-30 15:59:41,401 - TOPOPT - INFO - Volume fraction            :   0.19063534229253765
2020-06-30 15:59:41,404 - TOPOPT - INFO - Objective function value   :   14395302193418.686

2020-06-30 15:59:41,524 - TOPOPT - INFO - Threshold value            :   0.4
2020-06-30 15:59:41,526 - TOPOPT - INFO - Volume fraction            :   0.17847687066025292
2020-06-30 15:59:41,528 - TOPOPT - INFO - Objective function value   :   16693965338692.783

2020-06-30 15:59:41,682 - TOPOPT - INFO - Threshold value            :   0.5
2020-06-30 15:59:41,683 - TOPOPT - INFO - Volume fraction            :   0.17529877071730118
2020-06-30 15:59:41,685 - TOPOPT - INFO - Objective function value   :   17257803995244.295

2020-06-30 15:59:41,844 - TOPOPT - INFO - Threshold value            :   0.6
2020-06-30 15:59:41,844 - TOPOPT - INFO - Volume fraction            :   0.16685502237855843
2020-06-30 15:59:41,846 - TOPOPT - INFO - Objective function value   :   37212727493028.59

2020-06-30 15:59:41,961 - TOPOPT - INFO - Threshold value            :   0.7
2020-06-30 15:59:41,962 - TOPOPT - INFO - Volume fraction            :   0.1573293749441692
2020-06-30 15:59:41,963 - TOPOPT - INFO - Objective function value   :   3256396467158234.5

2020-06-30 15:59:42,071 - TOPOPT - INFO - Threshold value            :   0.8
2020-06-30 15:59:42,072 - TOPOPT - INFO - Volume fraction            :   0.14168204062717793
2020-06-30 15:59:42,075 - TOPOPT - INFO - Objective function value   :   6150501126411162.0

2020-06-30 15:59:42,181 - TOPOPT - INFO - Threshold value            :   0.9
2020-06-30 15:59:42,182 - TOPOPT - INFO - Volume fraction            :   0.13231177456366616
2020-06-30 15:59:42,184 - TOPOPT - INFO - Objective function value   :   2.28535166008103e+16

2020-06-30 15:59:42,187 - TOPOPT - INFO - OPTIMIZATION FINISHED IN 83 SEC. /// 1 MIN.

2020-06-30 15:59:42,188 - TOPOPT - INFO - END OF THE MAIN PROGRAM

2020-06-30 15:59:42,189 - TOPOPT - INFO - YOU CAN CLOSE THIS WINDOW AND CONTINUE IN GRASSHOPPER
