2019-01-24 16:27:36,734 - TOPOPT_UNMASKED - INFO - START OF THE MAIN PROGRAM

2019-01-24 16:27:38,062 - TOPOPT_UNMASKED - INFO - Number of finite elements                  :   135350
2019-01-24 16:27:38,063 - TOPOPT_UNMASKED - INFO - Number of nodes                            :   30351
2019-01-24 16:27:38,063 - TOPOPT_UNMASKED - INFO - Total degrees of freedom                   :   91053
2019-01-24 16:27:38,065 - TOPOPT_UNMASKED - INFO - Number of free degrees of freedom          :   60699
2019-01-24 16:27:38,065 - TOPOPT_UNMASKED - INFO - Algoritmn for finding design variables x   :   OC
2019-01-24 16:27:38,065 - TOPOPT_UNMASKED - INFO - Volume fraction                            :   0.2601788053
2019-01-24 16:27:38,065 - TOPOPT_UNMASKED - INFO - Penalty factor                             :   3.0
2019-01-24 16:27:38,065 - TOPOPT_UNMASKED - INFO - Continuation step                          :   False
2019-01-24 16:27:38,065 - TOPOPT_UNMASKED - INFO - Filter length                              :   8.0
2019-01-24 16:27:38,065 - TOPOPT_UNMASKED - INFO - Filter approach                            :   SENS
2019-01-24 16:27:38,065 - TOPOPT_UNMASKED - INFO - Maximum number of iterations               :   1000.0
2019-01-24 16:27:38,065 - TOPOPT_UNMASKED - INFO - Tolerance (max. density change)            :   0.001
2019-01-24 16:27:38,065 - TOPOPT_UNMASKED - INFO - Maximum Young's modulus (if x_i=1)         :   1.0
2019-01-24 16:27:38,065 - TOPOPT_UNMASKED - INFO - Minimum Young's modulus (if x_i=0)         :   1e-09

2019-01-24 16:27:39,851 - TOPOPT_UNMASKED - INFO - Scaling factor for objective function f0   :   0.844
2019-01-24 16:27:39,851 - TOPOPT_UNMASKED - INFO - Scaling factor for constraint function f1  :   135350.000

2019-01-24 16:28:31,359 - TOPOPT_UNMASKED - INFO - Ite.: 000  Vol.: 0.260  Ch.: 0.0000  Obj.: 1107.9
2019-01-24 16:28:33,253 - TOPOPT_UNMASKED - INFO - Ite.: 001  Vol.: 0.260  Ch.: 0.2000  Obj.: 278.5
2019-01-24 16:28:34,828 - TOPOPT_UNMASKED - INFO - Ite.: 002  Vol.: 0.260  Ch.: 0.2000  Obj.: 103.1
2019-01-24 16:28:36,398 - TOPOPT_UNMASKED - INFO - Ite.: 003  Vol.: 0.260  Ch.: 0.2000  Obj.: 51.2
2019-01-24 16:28:37,971 - TOPOPT_UNMASKED - INFO - Ite.: 004  Vol.: 0.260  Ch.: 0.2000  Obj.: 34.0
2019-01-24 16:28:39,686 - TOPOPT_UNMASKED - INFO - Ite.: 005  Vol.: 0.260  Ch.: 0.2000  Obj.: 30.9
2019-01-24 16:28:41,325 - TOPOPT_UNMASKED - INFO - Ite.: 006  Vol.: 0.260  Ch.: 0.2000  Obj.: 29.6
2019-01-24 16:28:43,121 - TOPOPT_UNMASKED - INFO - Ite.: 007  Vol.: 0.260  Ch.: 0.2000  Obj.: 28.9
2019-01-24 16:28:44,805 - TOPOPT_UNMASKED - INFO - Ite.: 008  Vol.: 0.260  Ch.: 0.2000  Obj.: 28.4
2019-01-24 16:28:46,575 - TOPOPT_UNMASKED - INFO - Ite.: 009  Vol.: 0.260  Ch.: 0.2000  Obj.: 28.2
2019-01-24 16:28:48,312 - TOPOPT_UNMASKED - INFO - Ite.: 010  Vol.: 0.260  Ch.: 0.2000  Obj.: 28.0
2019-01-24 16:28:50,010 - TOPOPT_UNMASKED - INFO - Ite.: 011  Vol.: 0.260  Ch.: 0.2000  Obj.: 27.8
2019-01-24 16:28:51,749 - TOPOPT_UNMASKED - INFO - Ite.: 012  Vol.: 0.260  Ch.: 0.2000  Obj.: 27.7
2019-01-24 16:28:53,515 - TOPOPT_UNMASKED - INFO - Ite.: 013  Vol.: 0.260  Ch.: 0.2000  Obj.: 27.6
2019-01-24 16:28:55,240 - TOPOPT_UNMASKED - INFO - Ite.: 014  Vol.: 0.260  Ch.: 0.2000  Obj.: 27.5
2019-01-24 16:28:56,881 - TOPOPT_UNMASKED - INFO - Ite.: 015  Vol.: 0.260  Ch.: 0.2000  Obj.: 27.4
2019-01-24 16:28:58,525 - TOPOPT_UNMASKED - INFO - Ite.: 016  Vol.: 0.260  Ch.: 0.2000  Obj.: 27.3
2019-01-24 16:29:00,036 - TOPOPT_UNMASKED - INFO - Ite.: 017  Vol.: 0.260  Ch.: 0.2000  Obj.: 27.3
2019-01-24 16:29:01,585 - TOPOPT_UNMASKED - INFO - Ite.: 018  Vol.: 0.260  Ch.: 0.2000  Obj.: 27.3
2019-01-24 16:29:03,138 - TOPOPT_UNMASKED - INFO - Ite.: 019  Vol.: 0.260  Ch.: 0.2000  Obj.: 27.2
2019-01-24 16:29:04,881 - TOPOPT_UNMASKED - INFO - Ite.: 020  Vol.: 0.260  Ch.: 0.2000  Obj.: 27.2
2019-01-24 16:29:06,650 - TOPOPT_UNMASKED - INFO - Ite.: 021  Vol.: 0.260  Ch.: 0.2000  Obj.: 27.2
2019-01-24 16:29:08,339 - TOPOPT_UNMASKED - INFO - Ite.: 022  Vol.: 0.260  Ch.: 0.2000  Obj.: 27.2
2019-01-24 16:29:09,865 - TOPOPT_UNMASKED - INFO - Ite.: 023  Vol.: 0.260  Ch.: 0.2000  Obj.: 27.2
2019-01-24 16:29:11,430 - TOPOPT_UNMASKED - INFO - Ite.: 024  Vol.: 0.260  Ch.: 0.2000  Obj.: 27.2
2019-01-24 16:29:13,002 - TOPOPT_UNMASKED - INFO - Ite.: 025  Vol.: 0.260  Ch.: 0.2000  Obj.: 27.2
2019-01-24 16:29:14,530 - TOPOPT_UNMASKED - INFO - Ite.: 026  Vol.: 0.260  Ch.: 0.2000  Obj.: 27.1
2019-01-24 16:29:16,095 - TOPOPT_UNMASKED - INFO - Ite.: 027  Vol.: 0.260  Ch.: 0.2000  Obj.: 27.1
2019-01-24 16:29:17,747 - TOPOPT_UNMASKED - INFO - Ite.: 028  Vol.: 0.260  Ch.: 0.2000  Obj.: 27.1
2019-01-24 16:29:19,480 - TOPOPT_UNMASKED - INFO - Ite.: 029  Vol.: 0.260  Ch.: 0.2000  Obj.: 27.1
2019-01-24 16:29:21,121 - TOPOPT_UNMASKED - INFO - Ite.: 030  Vol.: 0.260  Ch.: 0.2000  Obj.: 27.1
2019-01-24 16:29:22,696 - TOPOPT_UNMASKED - INFO - Ite.: 031  Vol.: 0.260  Ch.: 0.1708  Obj.: 27.1
2019-01-24 16:29:24,387 - TOPOPT_UNMASKED - INFO - Ite.: 032  Vol.: 0.260  Ch.: 0.1392  Obj.: 27.1
2019-01-24 16:29:26,003 - TOPOPT_UNMASKED - INFO - Ite.: 033  Vol.: 0.260  Ch.: 0.1358  Obj.: 27.1
2019-01-24 16:29:27,549 - TOPOPT_UNMASKED - INFO - Ite.: 034  Vol.: 0.260  Ch.: 0.1783  Obj.: 27.1
2019-01-24 16:29:29,259 - TOPOPT_UNMASKED - INFO - Ite.: 035  Vol.: 0.260  Ch.: 0.1761  Obj.: 27.1
2019-01-24 16:29:30,940 - TOPOPT_UNMASKED - INFO - Ite.: 036  Vol.: 0.260  Ch.: 0.1403  Obj.: 27.1
2019-01-24 16:29:32,630 - TOPOPT_UNMASKED - INFO - Ite.: 037  Vol.: 0.260  Ch.: 0.1688  Obj.: 27.1
2019-01-24 16:29:34,321 - TOPOPT_UNMASKED - INFO - Ite.: 038  Vol.: 0.260  Ch.: 0.1671  Obj.: 27.1
2019-01-24 16:29:35,891 - TOPOPT_UNMASKED - INFO - Ite.: 039  Vol.: 0.260  Ch.: 0.1610  Obj.: 27.1
2019-01-24 16:29:37,558 - TOPOPT_UNMASKED - INFO - Ite.: 040  Vol.: 0.260  Ch.: 0.1635  Obj.: 27.1
2019-01-24 16:29:39,173 - TOPOPT_UNMASKED - INFO - Ite.: 041  Vol.: 0.260  Ch.: 0.1837  Obj.: 27.1
2019-01-24 16:29:40,809 - TOPOPT_UNMASKED - INFO - Ite.: 042  Vol.: 0.260  Ch.: 0.1724  Obj.: 27.1
2019-01-24 16:29:42,401 - TOPOPT_UNMASKED - INFO - Ite.: 043  Vol.: 0.260  Ch.: 0.1928  Obj.: 27.1
2019-01-24 16:29:43,917 - TOPOPT_UNMASKED - INFO - Ite.: 044  Vol.: 0.260  Ch.: 0.2000  Obj.: 27.1
2019-01-24 16:29:45,665 - TOPOPT_UNMASKED - INFO - Ite.: 045  Vol.: 0.260  Ch.: 0.1420  Obj.: 27.1
2019-01-24 16:29:47,446 - TOPOPT_UNMASKED - INFO - Ite.: 046  Vol.: 0.260  Ch.: 0.1301  Obj.: 27.1
2019-01-24 16:29:49,298 - TOPOPT_UNMASKED - INFO - Ite.: 047  Vol.: 0.260  Ch.: 0.1558  Obj.: 27.1
2019-01-24 16:29:51,217 - TOPOPT_UNMASKED - INFO - Ite.: 048  Vol.: 0.260  Ch.: 0.1813  Obj.: 27.1
2019-01-24 16:29:52,947 - TOPOPT_UNMASKED - INFO - Ite.: 049  Vol.: 0.260  Ch.: 0.1907  Obj.: 27.1
2019-01-24 16:29:54,548 - TOPOPT_UNMASKED - INFO - Ite.: 050  Vol.: 0.260  Ch.: 0.1661  Obj.: 27.1
2019-01-24 16:29:56,194 - TOPOPT_UNMASKED - INFO - Ite.: 051  Vol.: 0.260  Ch.: 0.1434  Obj.: 27.1
2019-01-24 16:29:57,924 - TOPOPT_UNMASKED - INFO - Ite.: 052  Vol.: 0.260  Ch.: 0.1084  Obj.: 27.1
2019-01-24 16:29:59,596 - TOPOPT_UNMASKED - INFO - Ite.: 053  Vol.: 0.260  Ch.: 0.1871  Obj.: 27.1
2019-01-24 16:30:01,237 - TOPOPT_UNMASKED - INFO - Ite.: 054  Vol.: 0.260  Ch.: 0.2000  Obj.: 27.1
2019-01-24 16:30:02,757 - TOPOPT_UNMASKED - INFO - Ite.: 055  Vol.: 0.260  Ch.: 0.2000  Obj.: 27.1
2019-01-24 16:30:04,308 - TOPOPT_UNMASKED - INFO - Ite.: 056  Vol.: 0.260  Ch.: 0.2000  Obj.: 27.1
2019-01-24 16:30:05,826 - TOPOPT_UNMASKED - INFO - Ite.: 057  Vol.: 0.260  Ch.: 0.2000  Obj.: 27.1
2019-01-24 16:30:07,407 - TOPOPT_UNMASKED - INFO - Ite.: 058  Vol.: 0.260  Ch.: 0.1610  Obj.: 27.1
2019-01-24 16:30:08,979 - TOPOPT_UNMASKED - INFO - Ite.: 059  Vol.: 0.260  Ch.: 0.1877  Obj.: 27.1
2019-01-24 16:30:10,566 - TOPOPT_UNMASKED - INFO - Ite.: 060  Vol.: 0.260  Ch.: 0.2000  Obj.: 27.1
2019-01-24 16:30:12,118 - TOPOPT_UNMASKED - INFO - Ite.: 061  Vol.: 0.260  Ch.: 0.2000  Obj.: 27.1
2019-01-24 16:30:13,680 - TOPOPT_UNMASKED - INFO - Ite.: 062  Vol.: 0.260  Ch.: 0.1863  Obj.: 27.1
2019-01-24 16:30:15,269 - TOPOPT_UNMASKED - INFO - Ite.: 063  Vol.: 0.260  Ch.: 0.1334  Obj.: 27.1
2019-01-24 16:30:16,815 - TOPOPT_UNMASKED - INFO - Ite.: 064  Vol.: 0.260  Ch.: 0.1896  Obj.: 27.1
2019-01-24 16:30:18,377 - TOPOPT_UNMASKED - INFO - Ite.: 065  Vol.: 0.260  Ch.: 0.1735  Obj.: 27.1
2019-01-24 16:30:19,928 - TOPOPT_UNMASKED - INFO - Ite.: 066  Vol.: 0.260  Ch.: 0.1186  Obj.: 27.1
2019-01-24 16:30:21,434 - TOPOPT_UNMASKED - INFO - Ite.: 067  Vol.: 0.260  Ch.: 0.1001  Obj.: 27.1
2019-01-24 16:30:22,927 - TOPOPT_UNMASKED - INFO - Ite.: 068  Vol.: 0.260  Ch.: 0.1186  Obj.: 27.1
2019-01-24 16:30:24,408 - TOPOPT_UNMASKED - INFO - Ite.: 069  Vol.: 0.260  Ch.: 0.1436  Obj.: 27.1
2019-01-24 16:30:25,914 - TOPOPT_UNMASKED - INFO - Ite.: 070  Vol.: 0.260  Ch.: 0.1601  Obj.: 27.1
2019-01-24 16:30:27,428 - TOPOPT_UNMASKED - INFO - Ite.: 071  Vol.: 0.260  Ch.: 0.1266  Obj.: 27.1
2019-01-24 16:30:28,867 - TOPOPT_UNMASKED - INFO - Ite.: 072  Vol.: 0.260  Ch.: 0.1521  Obj.: 27.1
2019-01-24 16:30:30,358 - TOPOPT_UNMASKED - INFO - Ite.: 073  Vol.: 0.260  Ch.: 0.1828  Obj.: 27.1
2019-01-24 16:30:31,908 - TOPOPT_UNMASKED - INFO - Ite.: 074  Vol.: 0.260  Ch.: 0.1435  Obj.: 27.1
2019-01-24 16:30:33,526 - TOPOPT_UNMASKED - INFO - Ite.: 075  Vol.: 0.260  Ch.: 0.1476  Obj.: 27.1
2019-01-24 16:30:35,117 - TOPOPT_UNMASKED - INFO - Ite.: 076  Vol.: 0.260  Ch.: 0.1270  Obj.: 27.1
2019-01-24 16:30:36,707 - TOPOPT_UNMASKED - INFO - Ite.: 077  Vol.: 0.260  Ch.: 0.0837  Obj.: 27.1
2019-01-24 16:30:38,265 - TOPOPT_UNMASKED - INFO - Ite.: 078  Vol.: 0.260  Ch.: 0.0480  Obj.: 27.1
2019-01-24 16:30:39,796 - TOPOPT_UNMASKED - INFO - Ite.: 079  Vol.: 0.260  Ch.: 0.0733  Obj.: 27.1
2019-01-24 16:30:41,259 - TOPOPT_UNMASKED - INFO - Ite.: 080  Vol.: 0.260  Ch.: 0.1440  Obj.: 27.1
2019-01-24 16:30:42,726 - TOPOPT_UNMASKED - INFO - Ite.: 081  Vol.: 0.260  Ch.: 0.1465  Obj.: 27.1
2019-01-24 16:30:44,269 - TOPOPT_UNMASKED - INFO - Ite.: 082  Vol.: 0.260  Ch.: 0.1049  Obj.: 27.1
2019-01-24 16:30:45,757 - TOPOPT_UNMASKED - INFO - Ite.: 083  Vol.: 0.260  Ch.: 0.0687  Obj.: 27.1
2019-01-24 16:30:47,309 - TOPOPT_UNMASKED - INFO - Ite.: 084  Vol.: 0.260  Ch.: 0.0886  Obj.: 27.1
2019-01-24 16:30:48,809 - TOPOPT_UNMASKED - INFO - Ite.: 085  Vol.: 0.260  Ch.: 0.1043  Obj.: 27.1
2019-01-24 16:30:50,358 - TOPOPT_UNMASKED - INFO - Ite.: 086  Vol.: 0.260  Ch.: 0.1120  Obj.: 27.1
2019-01-24 16:30:52,058 - TOPOPT_UNMASKED - INFO - Ite.: 087  Vol.: 0.260  Ch.: 0.1064  Obj.: 27.1
2019-01-24 16:30:53,805 - TOPOPT_UNMASKED - INFO - Ite.: 088  Vol.: 0.260  Ch.: 0.1255  Obj.: 27.1
2019-01-24 16:30:55,592 - TOPOPT_UNMASKED - INFO - Ite.: 089  Vol.: 0.260  Ch.: 0.1435  Obj.: 27.1
2019-01-24 16:30:57,309 - TOPOPT_UNMASKED - INFO - Ite.: 090  Vol.: 0.260  Ch.: 0.0996  Obj.: 27.1
2019-01-24 16:30:58,947 - TOPOPT_UNMASKED - INFO - Ite.: 091  Vol.: 0.260  Ch.: 0.0948  Obj.: 27.1
2019-01-24 16:31:00,677 - TOPOPT_UNMASKED - INFO - Ite.: 092  Vol.: 0.260  Ch.: 0.1197  Obj.: 27.1
2019-01-24 16:31:02,381 - TOPOPT_UNMASKED - INFO - Ite.: 093  Vol.: 0.260  Ch.: 0.1310  Obj.: 27.1
2019-01-24 16:31:03,967 - TOPOPT_UNMASKED - INFO - Ite.: 094  Vol.: 0.260  Ch.: 0.1609  Obj.: 27.1
2019-01-24 16:31:05,575 - TOPOPT_UNMASKED - INFO - Ite.: 095  Vol.: 0.260  Ch.: 0.1681  Obj.: 27.1
2019-01-24 16:31:07,219 - TOPOPT_UNMASKED - INFO - Ite.: 096  Vol.: 0.260  Ch.: 0.1219  Obj.: 27.1
2019-01-24 16:31:08,910 - TOPOPT_UNMASKED - INFO - Ite.: 097  Vol.: 0.260  Ch.: 0.0658  Obj.: 27.1
2019-01-24 16:31:10,499 - TOPOPT_UNMASKED - INFO - Ite.: 098  Vol.: 0.260  Ch.: 0.0327  Obj.: 27.1
2019-01-24 16:31:12,069 - TOPOPT_UNMASKED - INFO - Ite.: 099  Vol.: 0.260  Ch.: 0.0280  Obj.: 27.1
2019-01-24 16:31:13,578 - TOPOPT_UNMASKED - INFO - Ite.: 100  Vol.: 0.260  Ch.: 0.0306  Obj.: 27.1
2019-01-24 16:31:15,105 - TOPOPT_UNMASKED - INFO - Ite.: 101  Vol.: 0.260  Ch.: 0.0619  Obj.: 27.1
2019-01-24 16:31:16,673 - TOPOPT_UNMASKED - INFO - Ite.: 102  Vol.: 0.260  Ch.: 0.1187  Obj.: 27.1
2019-01-24 16:31:18,178 - TOPOPT_UNMASKED - INFO - Ite.: 103  Vol.: 0.260  Ch.: 0.1193  Obj.: 27.1
2019-01-24 16:31:19,726 - TOPOPT_UNMASKED - INFO - Ite.: 104  Vol.: 0.260  Ch.: 0.0850  Obj.: 27.1
2019-01-24 16:31:21,286 - TOPOPT_UNMASKED - INFO - Ite.: 105  Vol.: 0.260  Ch.: 0.1339  Obj.: 27.1
2019-01-24 16:31:22,848 - TOPOPT_UNMASKED - INFO - Ite.: 106  Vol.: 0.260  Ch.: 0.1480  Obj.: 27.1
2019-01-24 16:31:24,404 - TOPOPT_UNMASKED - INFO - Ite.: 107  Vol.: 0.260  Ch.: 0.1194  Obj.: 27.1
2019-01-24 16:31:25,957 - TOPOPT_UNMASKED - INFO - Ite.: 108  Vol.: 0.260  Ch.: 0.0769  Obj.: 27.1
2019-01-24 16:31:27,467 - TOPOPT_UNMASKED - INFO - Ite.: 109  Vol.: 0.260  Ch.: 0.0764  Obj.: 27.1
2019-01-24 16:31:29,055 - TOPOPT_UNMASKED - INFO - Ite.: 110  Vol.: 0.260  Ch.: 0.1293  Obj.: 27.1
2019-01-24 16:31:30,624 - TOPOPT_UNMASKED - INFO - Ite.: 111  Vol.: 0.260  Ch.: 0.1229  Obj.: 27.1
2019-01-24 16:31:32,168 - TOPOPT_UNMASKED - INFO - Ite.: 112  Vol.: 0.260  Ch.: 0.0914  Obj.: 27.1
2019-01-24 16:31:33,658 - TOPOPT_UNMASKED - INFO - Ite.: 113  Vol.: 0.260  Ch.: 0.0838  Obj.: 27.1
2019-01-24 16:31:35,164 - TOPOPT_UNMASKED - INFO - Ite.: 114  Vol.: 0.260  Ch.: 0.0589  Obj.: 27.1
2019-01-24 16:31:36,769 - TOPOPT_UNMASKED - INFO - Ite.: 115  Vol.: 0.260  Ch.: 0.0587  Obj.: 27.1
2019-01-24 16:31:38,256 - TOPOPT_UNMASKED - INFO - Ite.: 116  Vol.: 0.260  Ch.: 0.1303  Obj.: 27.1
2019-01-24 16:31:39,788 - TOPOPT_UNMASKED - INFO - Ite.: 117  Vol.: 0.260  Ch.: 0.1762  Obj.: 27.1
2019-01-24 16:31:41,325 - TOPOPT_UNMASKED - INFO - Ite.: 118  Vol.: 0.260  Ch.: 0.1467  Obj.: 27.1
2019-01-24 16:31:42,845 - TOPOPT_UNMASKED - INFO - Ite.: 119  Vol.: 0.260  Ch.: 0.0946  Obj.: 27.1
2019-01-24 16:31:44,398 - TOPOPT_UNMASKED - INFO - Ite.: 120  Vol.: 0.260  Ch.: 0.0579  Obj.: 27.1
2019-01-24 16:31:45,957 - TOPOPT_UNMASKED - INFO - Ite.: 121  Vol.: 0.260  Ch.: 0.0340  Obj.: 27.1
2019-01-24 16:31:47,539 - TOPOPT_UNMASKED - INFO - Ite.: 122  Vol.: 0.260  Ch.: 0.0337  Obj.: 27.1
2019-01-24 16:31:49,108 - TOPOPT_UNMASKED - INFO - Ite.: 123  Vol.: 0.260  Ch.: 0.0362  Obj.: 27.1
2019-01-24 16:31:50,627 - TOPOPT_UNMASKED - INFO - Ite.: 124  Vol.: 0.260  Ch.: 0.0387  Obj.: 27.1
2019-01-24 16:31:52,226 - TOPOPT_UNMASKED - INFO - Ite.: 125  Vol.: 0.260  Ch.: 0.0412  Obj.: 27.1
2019-01-24 16:31:53,775 - TOPOPT_UNMASKED - INFO - Ite.: 126  Vol.: 0.260  Ch.: 0.0440  Obj.: 27.1
2019-01-24 16:31:55,338 - TOPOPT_UNMASKED - INFO - Ite.: 127  Vol.: 0.260  Ch.: 0.0466  Obj.: 27.1
2019-01-24 16:31:56,857 - TOPOPT_UNMASKED - INFO - Ite.: 128  Vol.: 0.260  Ch.: 0.0476  Obj.: 27.1
2019-01-24 16:31:58,447 - TOPOPT_UNMASKED - INFO - Ite.: 129  Vol.: 0.260  Ch.: 0.0489  Obj.: 27.1
2019-01-24 16:31:59,976 - TOPOPT_UNMASKED - INFO - Ite.: 130  Vol.: 0.260  Ch.: 0.0468  Obj.: 27.1
2019-01-24 16:32:01,596 - TOPOPT_UNMASKED - INFO - Ite.: 131  Vol.: 0.260  Ch.: 0.0427  Obj.: 27.1
2019-01-24 16:32:03,187 - TOPOPT_UNMASKED - INFO - Ite.: 132  Vol.: 0.260  Ch.: 0.0377  Obj.: 27.1
2019-01-24 16:32:04,778 - TOPOPT_UNMASKED - INFO - Ite.: 133  Vol.: 0.260  Ch.: 0.0399  Obj.: 27.1
2019-01-24 16:32:06,357 - TOPOPT_UNMASKED - INFO - Ite.: 134  Vol.: 0.260  Ch.: 0.0890  Obj.: 27.1
2019-01-24 16:32:07,865 - TOPOPT_UNMASKED - INFO - Ite.: 135  Vol.: 0.260  Ch.: 0.1050  Obj.: 27.1
2019-01-24 16:32:09,387 - TOPOPT_UNMASKED - INFO - Ite.: 136  Vol.: 0.260  Ch.: 0.1093  Obj.: 27.1
2019-01-24 16:32:10,986 - TOPOPT_UNMASKED - INFO - Ite.: 137  Vol.: 0.260  Ch.: 0.1056  Obj.: 27.1
2019-01-24 16:32:12,548 - TOPOPT_UNMASKED - INFO - Ite.: 138  Vol.: 0.260  Ch.: 0.0871  Obj.: 27.1
2019-01-24 16:32:14,178 - TOPOPT_UNMASKED - INFO - Ite.: 139  Vol.: 0.260  Ch.: 0.0608  Obj.: 27.1
2019-01-24 16:32:15,742 - TOPOPT_UNMASKED - INFO - Ite.: 140  Vol.: 0.260  Ch.: 0.0381  Obj.: 27.1
2019-01-24 16:32:17,298 - TOPOPT_UNMASKED - INFO - Ite.: 141  Vol.: 0.260  Ch.: 0.0353  Obj.: 27.1
2019-01-24 16:32:18,823 - TOPOPT_UNMASKED - INFO - Ite.: 142  Vol.: 0.260  Ch.: 0.0400  Obj.: 27.1
2019-01-24 16:32:20,348 - TOPOPT_UNMASKED - INFO - Ite.: 143  Vol.: 0.260  Ch.: 0.0464  Obj.: 27.1
2019-01-24 16:32:21,937 - TOPOPT_UNMASKED - INFO - Ite.: 144  Vol.: 0.260  Ch.: 0.0546  Obj.: 27.1
2019-01-24 16:32:23,543 - TOPOPT_UNMASKED - INFO - Ite.: 145  Vol.: 0.260  Ch.: 0.0654  Obj.: 27.1
2019-01-24 16:32:25,148 - TOPOPT_UNMASKED - INFO - Ite.: 146  Vol.: 0.260  Ch.: 0.0769  Obj.: 27.1
2019-01-24 16:32:26,739 - TOPOPT_UNMASKED - INFO - Ite.: 147  Vol.: 0.260  Ch.: 0.0873  Obj.: 27.1
2019-01-24 16:32:28,252 - TOPOPT_UNMASKED - INFO - Ite.: 148  Vol.: 0.260  Ch.: 0.1449  Obj.: 27.1
2019-01-24 16:32:29,826 - TOPOPT_UNMASKED - INFO - Ite.: 149  Vol.: 0.260  Ch.: 0.1351  Obj.: 27.1
2019-01-24 16:32:31,394 - TOPOPT_UNMASKED - INFO - Ite.: 150  Vol.: 0.260  Ch.: 0.0929  Obj.: 27.1
2019-01-24 16:32:33,007 - TOPOPT_UNMASKED - INFO - Ite.: 151  Vol.: 0.260  Ch.: 0.0546  Obj.: 27.1
2019-01-24 16:32:34,608 - TOPOPT_UNMASKED - INFO - Ite.: 152  Vol.: 0.260  Ch.: 0.0296  Obj.: 27.1
2019-01-24 16:32:36,196 - TOPOPT_UNMASKED - INFO - Ite.: 153  Vol.: 0.260  Ch.: 0.0169  Obj.: 27.1
2019-01-24 16:32:37,734 - TOPOPT_UNMASKED - INFO - Ite.: 154  Vol.: 0.260  Ch.: 0.0102  Obj.: 27.1
2019-01-24 16:32:39,305 - TOPOPT_UNMASKED - INFO - Ite.: 155  Vol.: 0.260  Ch.: 0.0062  Obj.: 27.1
2019-01-24 16:32:40,855 - TOPOPT_UNMASKED - INFO - Ite.: 156  Vol.: 0.260  Ch.: 0.0064  Obj.: 27.1
2019-01-24 16:32:42,428 - TOPOPT_UNMASKED - INFO - Ite.: 157  Vol.: 0.260  Ch.: 0.0148  Obj.: 27.1
2019-01-24 16:32:43,999 - TOPOPT_UNMASKED - INFO - Ite.: 158  Vol.: 0.260  Ch.: 0.0654  Obj.: 27.1
2019-01-24 16:32:45,586 - TOPOPT_UNMASKED - INFO - Ite.: 159  Vol.: 0.260  Ch.: 0.1039  Obj.: 27.1
2019-01-24 16:32:47,115 - TOPOPT_UNMASKED - INFO - Ite.: 160  Vol.: 0.260  Ch.: 0.0946  Obj.: 27.1
2019-01-24 16:32:48,677 - TOPOPT_UNMASKED - INFO - Ite.: 161  Vol.: 0.260  Ch.: 0.0642  Obj.: 27.1
2019-01-24 16:32:50,236 - TOPOPT_UNMASKED - INFO - Ite.: 162  Vol.: 0.260  Ch.: 0.0376  Obj.: 27.1
2019-01-24 16:32:51,808 - TOPOPT_UNMASKED - INFO - Ite.: 163  Vol.: 0.260  Ch.: 0.0204  Obj.: 27.1
2019-01-24 16:32:53,368 - TOPOPT_UNMASKED - INFO - Ite.: 164  Vol.: 0.260  Ch.: 0.0144  Obj.: 27.1
2019-01-24 16:32:54,908 - TOPOPT_UNMASKED - INFO - Ite.: 165  Vol.: 0.260  Ch.: 0.0096  Obj.: 27.1
2019-01-24 16:32:56,469 - TOPOPT_UNMASKED - INFO - Ite.: 166  Vol.: 0.260  Ch.: 0.0057  Obj.: 27.1
2019-01-24 16:32:58,017 - TOPOPT_UNMASKED - INFO - Ite.: 167  Vol.: 0.260  Ch.: 0.0389  Obj.: 27.1
2019-01-24 16:32:59,569 - TOPOPT_UNMASKED - INFO - Ite.: 168  Vol.: 0.260  Ch.: 0.1032  Obj.: 27.1
2019-01-24 16:33:01,115 - TOPOPT_UNMASKED - INFO - Ite.: 169  Vol.: 0.260  Ch.: 0.1240  Obj.: 27.1
2019-01-24 16:33:02,684 - TOPOPT_UNMASKED - INFO - Ite.: 170  Vol.: 0.260  Ch.: 0.0973  Obj.: 27.1
2019-01-24 16:33:04,217 - TOPOPT_UNMASKED - INFO - Ite.: 171  Vol.: 0.260  Ch.: 0.1173  Obj.: 27.1
2019-01-24 16:33:05,836 - TOPOPT_UNMASKED - INFO - Ite.: 172  Vol.: 0.260  Ch.: 0.1271  Obj.: 27.1
2019-01-24 16:33:07,407 - TOPOPT_UNMASKED - INFO - Ite.: 173  Vol.: 0.260  Ch.: 0.1326  Obj.: 27.1
2019-01-24 16:33:08,969 - TOPOPT_UNMASKED - INFO - Ite.: 174  Vol.: 0.260  Ch.: 0.1253  Obj.: 27.1
2019-01-24 16:33:10,598 - TOPOPT_UNMASKED - INFO - Ite.: 175  Vol.: 0.260  Ch.: 0.0959  Obj.: 27.1
2019-01-24 16:33:12,137 - TOPOPT_UNMASKED - INFO - Ite.: 176  Vol.: 0.260  Ch.: 0.0724  Obj.: 27.1
2019-01-24 16:33:13,757 - TOPOPT_UNMASKED - INFO - Ite.: 177  Vol.: 0.260  Ch.: 0.0569  Obj.: 27.1
2019-01-24 16:33:15,305 - TOPOPT_UNMASKED - INFO - Ite.: 178  Vol.: 0.260  Ch.: 0.0423  Obj.: 27.1
2019-01-24 16:33:16,908 - TOPOPT_UNMASKED - INFO - Ite.: 179  Vol.: 0.260  Ch.: 0.0307  Obj.: 27.1
2019-01-24 16:33:18,467 - TOPOPT_UNMASKED - INFO - Ite.: 180  Vol.: 0.260  Ch.: 0.0219  Obj.: 27.1
2019-01-24 16:33:20,048 - TOPOPT_UNMASKED - INFO - Ite.: 181  Vol.: 0.260  Ch.: 0.0156  Obj.: 27.1
2019-01-24 16:33:21,625 - TOPOPT_UNMASKED - INFO - Ite.: 182  Vol.: 0.260  Ch.: 0.0110  Obj.: 27.1
2019-01-24 16:33:23,187 - TOPOPT_UNMASKED - INFO - Ite.: 183  Vol.: 0.260  Ch.: 0.0238  Obj.: 27.1
2019-01-24 16:33:24,802 - TOPOPT_UNMASKED - INFO - Ite.: 184  Vol.: 0.260  Ch.: 0.0294  Obj.: 27.1
2019-01-24 16:33:26,346 - TOPOPT_UNMASKED - INFO - Ite.: 185  Vol.: 0.260  Ch.: 0.0232  Obj.: 27.1
2019-01-24 16:33:27,888 - TOPOPT_UNMASKED - INFO - Ite.: 186  Vol.: 0.260  Ch.: 0.0145  Obj.: 27.1
2019-01-24 16:33:29,417 - TOPOPT_UNMASKED - INFO - Ite.: 187  Vol.: 0.260  Ch.: 0.0080  Obj.: 27.1
2019-01-24 16:33:30,996 - TOPOPT_UNMASKED - INFO - Ite.: 188  Vol.: 0.260  Ch.: 0.0069  Obj.: 27.1
2019-01-24 16:33:32,598 - TOPOPT_UNMASKED - INFO - Ite.: 189  Vol.: 0.260  Ch.: 0.0066  Obj.: 27.1
2019-01-24 16:33:34,188 - TOPOPT_UNMASKED - INFO - Ite.: 190  Vol.: 0.260  Ch.: 0.0064  Obj.: 27.1
2019-01-24 16:33:35,737 - TOPOPT_UNMASKED - INFO - Ite.: 191  Vol.: 0.260  Ch.: 0.0070  Obj.: 27.1
2019-01-24 16:33:37,275 - TOPOPT_UNMASKED - INFO - Ite.: 192  Vol.: 0.260  Ch.: 0.0454  Obj.: 27.1
2019-01-24 16:33:38,826 - TOPOPT_UNMASKED - INFO - Ite.: 193  Vol.: 0.260  Ch.: 0.0878  Obj.: 27.1
2019-01-24 16:33:40,378 - TOPOPT_UNMASKED - INFO - Ite.: 194  Vol.: 0.260  Ch.: 0.0885  Obj.: 27.1
2019-01-24 16:33:41,966 - TOPOPT_UNMASKED - INFO - Ite.: 195  Vol.: 0.260  Ch.: 0.0629  Obj.: 27.1
2019-01-24 16:33:43,516 - TOPOPT_UNMASKED - INFO - Ite.: 196  Vol.: 0.260  Ch.: 0.0371  Obj.: 27.1
2019-01-24 16:33:45,095 - TOPOPT_UNMASKED - INFO - Ite.: 197  Vol.: 0.260  Ch.: 0.0198  Obj.: 27.1
2019-01-24 16:33:46,796 - TOPOPT_UNMASKED - INFO - Ite.: 198  Vol.: 0.260  Ch.: 0.0179  Obj.: 27.1
2019-01-24 16:33:48,578 - TOPOPT_UNMASKED - INFO - Ite.: 199  Vol.: 0.260  Ch.: 0.0213  Obj.: 27.1
2019-01-24 16:33:50,447 - TOPOPT_UNMASKED - INFO - Ite.: 200  Vol.: 0.260  Ch.: 0.0252  Obj.: 27.1
2019-01-24 16:33:52,247 - TOPOPT_UNMASKED - INFO - Ite.: 201  Vol.: 0.260  Ch.: 0.0297  Obj.: 27.1
2019-01-24 16:33:54,007 - TOPOPT_UNMASKED - INFO - Ite.: 202  Vol.: 0.260  Ch.: 0.0344  Obj.: 27.1
2019-01-24 16:33:55,849 - TOPOPT_UNMASKED - INFO - Ite.: 203  Vol.: 0.260  Ch.: 0.0381  Obj.: 27.1
2019-01-24 16:33:57,694 - TOPOPT_UNMASKED - INFO - Ite.: 204  Vol.: 0.260  Ch.: 0.0403  Obj.: 27.1
2019-01-24 16:33:59,487 - TOPOPT_UNMASKED - INFO - Ite.: 205  Vol.: 0.260  Ch.: 0.0405  Obj.: 27.1
2019-01-24 16:34:01,326 - TOPOPT_UNMASKED - INFO - Ite.: 206  Vol.: 0.260  Ch.: 0.0385  Obj.: 27.1
2019-01-24 16:34:03,029 - TOPOPT_UNMASKED - INFO - Ite.: 207  Vol.: 0.260  Ch.: 0.0346  Obj.: 27.1
2019-01-24 16:34:04,703 - TOPOPT_UNMASKED - INFO - Ite.: 208  Vol.: 0.260  Ch.: 0.0270  Obj.: 27.1
2019-01-24 16:34:06,285 - TOPOPT_UNMASKED - INFO - Ite.: 209  Vol.: 0.260  Ch.: 0.0215  Obj.: 27.1
2019-01-24 16:34:07,826 - TOPOPT_UNMASKED - INFO - Ite.: 210  Vol.: 0.260  Ch.: 0.0165  Obj.: 27.1
2019-01-24 16:34:09,391 - TOPOPT_UNMASKED - INFO - Ite.: 211  Vol.: 0.260  Ch.: 0.0154  Obj.: 27.1
2019-01-24 16:34:10,976 - TOPOPT_UNMASKED - INFO - Ite.: 212  Vol.: 0.260  Ch.: 0.0150  Obj.: 27.1
2019-01-24 16:34:12,529 - TOPOPT_UNMASKED - INFO - Ite.: 213  Vol.: 0.260  Ch.: 0.0298  Obj.: 27.1
2019-01-24 16:34:14,048 - TOPOPT_UNMASKED - INFO - Ite.: 214  Vol.: 0.260  Ch.: 0.0542  Obj.: 27.1
2019-01-24 16:34:15,627 - TOPOPT_UNMASKED - INFO - Ite.: 215  Vol.: 0.260  Ch.: 0.0531  Obj.: 27.1
2019-01-24 16:34:17,227 - TOPOPT_UNMASKED - INFO - Ite.: 216  Vol.: 0.260  Ch.: 0.0374  Obj.: 27.1
2019-01-24 16:34:18,806 - TOPOPT_UNMASKED - INFO - Ite.: 217  Vol.: 0.260  Ch.: 0.0222  Obj.: 27.1
2019-01-24 16:34:20,345 - TOPOPT_UNMASKED - INFO - Ite.: 218  Vol.: 0.260  Ch.: 0.0123  Obj.: 27.1
2019-01-24 16:34:21,917 - TOPOPT_UNMASKED - INFO - Ite.: 219  Vol.: 0.260  Ch.: 0.0127  Obj.: 27.1
2019-01-24 16:34:23,486 - TOPOPT_UNMASKED - INFO - Ite.: 220  Vol.: 0.260  Ch.: 0.0130  Obj.: 27.1
2019-01-24 16:34:25,148 - TOPOPT_UNMASKED - INFO - Ite.: 221  Vol.: 0.260  Ch.: 0.0132  Obj.: 27.1
2019-01-24 16:34:26,678 - TOPOPT_UNMASKED - INFO - Ite.: 222  Vol.: 0.260  Ch.: 0.0135  Obj.: 27.1
2019-01-24 16:34:28,197 - TOPOPT_UNMASKED - INFO - Ite.: 223  Vol.: 0.260  Ch.: 0.0136  Obj.: 27.1
2019-01-24 16:34:29,778 - TOPOPT_UNMASKED - INFO - Ite.: 224  Vol.: 0.260  Ch.: 0.0139  Obj.: 27.1
2019-01-24 16:34:31,497 - TOPOPT_UNMASKED - INFO - Ite.: 225  Vol.: 0.260  Ch.: 0.0141  Obj.: 27.1
2019-01-24 16:34:33,059 - TOPOPT_UNMASKED - INFO - Ite.: 226  Vol.: 0.260  Ch.: 0.0143  Obj.: 27.1
2019-01-24 16:34:34,582 - TOPOPT_UNMASKED - INFO - Ite.: 227  Vol.: 0.260  Ch.: 0.0145  Obj.: 27.1
2019-01-24 16:34:36,177 - TOPOPT_UNMASKED - INFO - Ite.: 228  Vol.: 0.260  Ch.: 0.0148  Obj.: 27.1
2019-01-24 16:34:37,707 - TOPOPT_UNMASKED - INFO - Ite.: 229  Vol.: 0.260  Ch.: 0.0150  Obj.: 27.1
2019-01-24 16:34:39,278 - TOPOPT_UNMASKED - INFO - Ite.: 230  Vol.: 0.260  Ch.: 0.0141  Obj.: 27.1
2019-01-24 16:34:40,875 - TOPOPT_UNMASKED - INFO - Ite.: 231  Vol.: 0.260  Ch.: 0.0135  Obj.: 27.1
2019-01-24 16:34:42,398 - TOPOPT_UNMASKED - INFO - Ite.: 232  Vol.: 0.260  Ch.: 0.0129  Obj.: 27.1
2019-01-24 16:34:43,941 - TOPOPT_UNMASKED - INFO - Ite.: 233  Vol.: 0.260  Ch.: 0.0134  Obj.: 27.1
2019-01-24 16:34:45,457 - TOPOPT_UNMASKED - INFO - Ite.: 234  Vol.: 0.260  Ch.: 0.0219  Obj.: 27.1
2019-01-24 16:34:46,971 - TOPOPT_UNMASKED - INFO - Ite.: 235  Vol.: 0.260  Ch.: 0.0594  Obj.: 27.1
2019-01-24 16:34:48,447 - TOPOPT_UNMASKED - INFO - Ite.: 236  Vol.: 0.260  Ch.: 0.0724  Obj.: 27.1
2019-01-24 16:34:50,039 - TOPOPT_UNMASKED - INFO - Ite.: 237  Vol.: 0.260  Ch.: 0.0574  Obj.: 27.1
2019-01-24 16:34:51,536 - TOPOPT_UNMASKED - INFO - Ite.: 238  Vol.: 0.260  Ch.: 0.0365  Obj.: 27.1
2019-01-24 16:34:53,117 - TOPOPT_UNMASKED - INFO - Ite.: 239  Vol.: 0.260  Ch.: 0.0208  Obj.: 27.1
2019-01-24 16:34:54,707 - TOPOPT_UNMASKED - INFO - Ite.: 240  Vol.: 0.260  Ch.: 0.0198  Obj.: 27.1
2019-01-24 16:34:56,246 - TOPOPT_UNMASKED - INFO - Ite.: 241  Vol.: 0.260  Ch.: 0.0467  Obj.: 27.1
2019-01-24 16:34:57,788 - TOPOPT_UNMASKED - INFO - Ite.: 242  Vol.: 0.260  Ch.: 0.0962  Obj.: 27.1
2019-01-24 16:34:59,288 - TOPOPT_UNMASKED - INFO - Ite.: 243  Vol.: 0.260  Ch.: 0.1007  Obj.: 27.1
2019-01-24 16:35:00,815 - TOPOPT_UNMASKED - INFO - Ite.: 244  Vol.: 0.260  Ch.: 0.0735  Obj.: 27.1
2019-01-24 16:35:02,325 - TOPOPT_UNMASKED - INFO - Ite.: 245  Vol.: 0.260  Ch.: 0.0445  Obj.: 27.1
2019-01-24 16:35:03,826 - TOPOPT_UNMASKED - INFO - Ite.: 246  Vol.: 0.260  Ch.: 0.0245  Obj.: 27.1
2019-01-24 16:35:05,457 - TOPOPT_UNMASKED - INFO - Ite.: 247  Vol.: 0.260  Ch.: 0.0175  Obj.: 27.1
2019-01-24 16:35:07,046 - TOPOPT_UNMASKED - INFO - Ite.: 248  Vol.: 0.260  Ch.: 0.0180  Obj.: 27.1
2019-01-24 16:35:08,625 - TOPOPT_UNMASKED - INFO - Ite.: 249  Vol.: 0.260  Ch.: 0.0167  Obj.: 27.1
2019-01-24 16:35:10,197 - TOPOPT_UNMASKED - INFO - Ite.: 250  Vol.: 0.260  Ch.: 0.0116  Obj.: 27.1
2019-01-24 16:35:11,868 - TOPOPT_UNMASKED - INFO - Ite.: 251  Vol.: 0.260  Ch.: 0.0058  Obj.: 27.1
2019-01-24 16:35:13,388 - TOPOPT_UNMASKED - INFO - Ite.: 252  Vol.: 0.260  Ch.: 0.0045  Obj.: 27.1
2019-01-24 16:35:15,042 - TOPOPT_UNMASKED - INFO - Ite.: 253  Vol.: 0.260  Ch.: 0.0040  Obj.: 27.1
2019-01-24 16:35:16,674 - TOPOPT_UNMASKED - INFO - Ite.: 254  Vol.: 0.260  Ch.: 0.0035  Obj.: 27.1
2019-01-24 16:35:18,286 - TOPOPT_UNMASKED - INFO - Ite.: 255  Vol.: 0.260  Ch.: 0.0031  Obj.: 27.1
2019-01-24 16:35:19,987 - TOPOPT_UNMASKED - INFO - Ite.: 256  Vol.: 0.260  Ch.: 0.0028  Obj.: 27.1
2019-01-24 16:35:21,674 - TOPOPT_UNMASKED - INFO - Ite.: 257  Vol.: 0.260  Ch.: 0.0025  Obj.: 27.1
2019-01-24 16:35:23,219 - TOPOPT_UNMASKED - INFO - Ite.: 258  Vol.: 0.260  Ch.: 0.0023  Obj.: 27.1
2019-01-24 16:35:24,828 - TOPOPT_UNMASKED - INFO - Ite.: 259  Vol.: 0.260  Ch.: 0.0037  Obj.: 27.1
2019-01-24 16:35:26,519 - TOPOPT_UNMASKED - INFO - Ite.: 260  Vol.: 0.260  Ch.: 0.0055  Obj.: 27.1
2019-01-24 16:35:28,322 - TOPOPT_UNMASKED - INFO - Ite.: 261  Vol.: 0.260  Ch.: 0.0048  Obj.: 27.1
2019-01-24 16:35:30,108 - TOPOPT_UNMASKED - INFO - Ite.: 262  Vol.: 0.260  Ch.: 0.0047  Obj.: 27.1
2019-01-24 16:35:31,825 - TOPOPT_UNMASKED - INFO - Ite.: 263  Vol.: 0.260  Ch.: 0.0080  Obj.: 27.1
2019-01-24 16:35:33,555 - TOPOPT_UNMASKED - INFO - Ite.: 264  Vol.: 0.260  Ch.: 0.0076  Obj.: 27.1
2019-01-24 16:35:35,107 - TOPOPT_UNMASKED - INFO - Ite.: 265  Vol.: 0.260  Ch.: 0.0053  Obj.: 27.1
2019-01-24 16:35:36,664 - TOPOPT_UNMASKED - INFO - Ite.: 266  Vol.: 0.260  Ch.: 0.0034  Obj.: 27.1
2019-01-24 16:35:38,187 - TOPOPT_UNMASKED - INFO - Ite.: 267  Vol.: 0.260  Ch.: 0.0107  Obj.: 27.1
2019-01-24 16:35:39,934 - TOPOPT_UNMASKED - INFO - Ite.: 268  Vol.: 0.260  Ch.: 0.0137  Obj.: 27.1
2019-01-24 16:35:41,684 - TOPOPT_UNMASKED - INFO - Ite.: 269  Vol.: 0.260  Ch.: 0.0111  Obj.: 27.1
2019-01-24 16:35:43,545 - TOPOPT_UNMASKED - INFO - Ite.: 270  Vol.: 0.260  Ch.: 0.0071  Obj.: 27.1
2019-01-24 16:35:45,275 - TOPOPT_UNMASKED - INFO - Ite.: 271  Vol.: 0.260  Ch.: 0.0040  Obj.: 27.1
2019-01-24 16:35:46,999 - TOPOPT_UNMASKED - INFO - Ite.: 272  Vol.: 0.260  Ch.: 0.0021  Obj.: 27.1
2019-01-24 16:35:48,859 - TOPOPT_UNMASKED - INFO - Ite.: 273  Vol.: 0.260  Ch.: 0.0022  Obj.: 27.1
2019-01-24 16:35:50,546 - TOPOPT_UNMASKED - INFO - Ite.: 274  Vol.: 0.260  Ch.: 0.0024  Obj.: 27.1
2019-01-24 16:35:52,098 - TOPOPT_UNMASKED - INFO - Ite.: 275  Vol.: 0.260  Ch.: 0.0028  Obj.: 27.1
2019-01-24 16:35:53,757 - TOPOPT_UNMASKED - INFO - Ite.: 276  Vol.: 0.260  Ch.: 0.0031  Obj.: 27.1
2019-01-24 16:35:55,384 - TOPOPT_UNMASKED - INFO - Ite.: 277  Vol.: 0.260  Ch.: 0.0176  Obj.: 27.1
2019-01-24 16:35:57,107 - TOPOPT_UNMASKED - INFO - Ite.: 278  Vol.: 0.260  Ch.: 0.0488  Obj.: 27.1
2019-01-24 16:35:58,816 - TOPOPT_UNMASKED - INFO - Ite.: 279  Vol.: 0.260  Ch.: 0.0602  Obj.: 27.1
2019-01-24 16:36:00,615 - TOPOPT_UNMASKED - INFO - Ite.: 280  Vol.: 0.260  Ch.: 0.0478  Obj.: 27.1
2019-01-24 16:36:02,259 - TOPOPT_UNMASKED - INFO - Ite.: 281  Vol.: 0.260  Ch.: 0.0302  Obj.: 27.1
2019-01-24 16:36:03,898 - TOPOPT_UNMASKED - INFO - Ite.: 282  Vol.: 0.260  Ch.: 0.0170  Obj.: 27.1
2019-01-24 16:36:05,628 - TOPOPT_UNMASKED - INFO - Ite.: 283  Vol.: 0.260  Ch.: 0.0099  Obj.: 27.1
2019-01-24 16:36:07,278 - TOPOPT_UNMASKED - INFO - Ite.: 284  Vol.: 0.260  Ch.: 0.0122  Obj.: 27.1
2019-01-24 16:36:09,045 - TOPOPT_UNMASKED - INFO - Ite.: 285  Vol.: 0.260  Ch.: 0.0154  Obj.: 27.1
2019-01-24 16:36:10,928 - TOPOPT_UNMASKED - INFO - Ite.: 286  Vol.: 0.260  Ch.: 0.0196  Obj.: 27.1
2019-01-24 16:36:12,536 - TOPOPT_UNMASKED - INFO - Ite.: 287  Vol.: 0.260  Ch.: 0.0255  Obj.: 27.1
2019-01-24 16:36:14,148 - TOPOPT_UNMASKED - INFO - Ite.: 288  Vol.: 0.260  Ch.: 0.0337  Obj.: 27.1
2019-01-24 16:36:15,865 - TOPOPT_UNMASKED - INFO - Ite.: 289  Vol.: 0.260  Ch.: 0.0450  Obj.: 27.1
2019-01-24 16:36:17,436 - TOPOPT_UNMASKED - INFO - Ite.: 290  Vol.: 0.260  Ch.: 0.0599  Obj.: 27.1
2019-01-24 16:36:18,994 - TOPOPT_UNMASKED - INFO - Ite.: 291  Vol.: 0.260  Ch.: 0.0776  Obj.: 27.1
2019-01-24 16:36:20,556 - TOPOPT_UNMASKED - INFO - Ite.: 292  Vol.: 0.260  Ch.: 0.0938  Obj.: 27.1
2019-01-24 16:36:22,177 - TOPOPT_UNMASKED - INFO - Ite.: 293  Vol.: 0.260  Ch.: 0.0963  Obj.: 27.1
2019-01-24 16:36:23,736 - TOPOPT_UNMASKED - INFO - Ite.: 294  Vol.: 0.260  Ch.: 0.0861  Obj.: 27.1
2019-01-24 16:36:25,325 - TOPOPT_UNMASKED - INFO - Ite.: 295  Vol.: 0.260  Ch.: 0.0589  Obj.: 27.1
2019-01-24 16:36:26,890 - TOPOPT_UNMASKED - INFO - Ite.: 296  Vol.: 0.260  Ch.: 0.0475  Obj.: 27.1
2019-01-24 16:36:28,418 - TOPOPT_UNMASKED - INFO - Ite.: 297  Vol.: 0.260  Ch.: 0.0412  Obj.: 27.1
2019-01-24 16:36:29,997 - TOPOPT_UNMASKED - INFO - Ite.: 298  Vol.: 0.260  Ch.: 0.0382  Obj.: 27.1
2019-01-24 16:36:31,555 - TOPOPT_UNMASKED - INFO - Ite.: 299  Vol.: 0.260  Ch.: 0.0358  Obj.: 27.1
2019-01-24 16:36:33,237 - TOPOPT_UNMASKED - INFO - Ite.: 300  Vol.: 0.260  Ch.: 0.0353  Obj.: 27.1
2019-01-24 16:36:34,805 - TOPOPT_UNMASKED - INFO - Ite.: 301  Vol.: 0.260  Ch.: 0.0343  Obj.: 27.1
2019-01-24 16:36:36,367 - TOPOPT_UNMASKED - INFO - Ite.: 302  Vol.: 0.260  Ch.: 0.0324  Obj.: 27.1
2019-01-24 16:36:37,963 - TOPOPT_UNMASKED - INFO - Ite.: 303  Vol.: 0.260  Ch.: 0.0299  Obj.: 27.1
2019-01-24 16:36:39,536 - TOPOPT_UNMASKED - INFO - Ite.: 304  Vol.: 0.260  Ch.: 0.0269  Obj.: 27.1
2019-01-24 16:36:41,068 - TOPOPT_UNMASKED - INFO - Ite.: 305  Vol.: 0.260  Ch.: 0.0236  Obj.: 27.1
2019-01-24 16:36:42,713 - TOPOPT_UNMASKED - INFO - Ite.: 306  Vol.: 0.260  Ch.: 0.0255  Obj.: 27.1
2019-01-24 16:36:44,378 - TOPOPT_UNMASKED - INFO - Ite.: 307  Vol.: 0.260  Ch.: 0.0294  Obj.: 27.1
2019-01-24 16:36:46,098 - TOPOPT_UNMASKED - INFO - Ite.: 308  Vol.: 0.260  Ch.: 0.0324  Obj.: 27.1
2019-01-24 16:36:47,776 - TOPOPT_UNMASKED - INFO - Ite.: 309  Vol.: 0.260  Ch.: 0.0343  Obj.: 27.1
2019-01-24 16:36:49,447 - TOPOPT_UNMASKED - INFO - Ite.: 310  Vol.: 0.260  Ch.: 0.0745  Obj.: 27.1
2019-01-24 16:36:51,197 - TOPOPT_UNMASKED - INFO - Ite.: 311  Vol.: 0.260  Ch.: 0.0855  Obj.: 27.1
2019-01-24 16:36:52,786 - TOPOPT_UNMASKED - INFO - Ite.: 312  Vol.: 0.260  Ch.: 0.0666  Obj.: 27.1
2019-01-24 16:36:54,345 - TOPOPT_UNMASKED - INFO - Ite.: 313  Vol.: 0.260  Ch.: 0.0415  Obj.: 27.1
2019-01-24 16:36:55,897 - TOPOPT_UNMASKED - INFO - Ite.: 314  Vol.: 0.260  Ch.: 0.0240  Obj.: 27.1
2019-01-24 16:36:57,496 - TOPOPT_UNMASKED - INFO - Ite.: 315  Vol.: 0.260  Ch.: 0.0230  Obj.: 27.1
2019-01-24 16:36:59,096 - TOPOPT_UNMASKED - INFO - Ite.: 316  Vol.: 0.260  Ch.: 0.0224  Obj.: 27.1
2019-01-24 16:37:00,786 - TOPOPT_UNMASKED - INFO - Ite.: 317  Vol.: 0.260  Ch.: 0.0219  Obj.: 27.1
2019-01-24 16:37:02,394 - TOPOPT_UNMASKED - INFO - Ite.: 318  Vol.: 0.260  Ch.: 0.0216  Obj.: 27.1
2019-01-24 16:37:03,964 - TOPOPT_UNMASKED - INFO - Ite.: 319  Vol.: 0.260  Ch.: 0.0215  Obj.: 27.1
2019-01-24 16:37:05,588 - TOPOPT_UNMASKED - INFO - Ite.: 320  Vol.: 0.260  Ch.: 0.0216  Obj.: 27.1
2019-01-24 16:37:07,227 - TOPOPT_UNMASKED - INFO - Ite.: 321  Vol.: 0.260  Ch.: 0.0220  Obj.: 27.1
2019-01-24 16:37:08,805 - TOPOPT_UNMASKED - INFO - Ite.: 322  Vol.: 0.260  Ch.: 0.0232  Obj.: 27.1
2019-01-24 16:37:10,415 - TOPOPT_UNMASKED - INFO - Ite.: 323  Vol.: 0.260  Ch.: 0.0254  Obj.: 27.1
2019-01-24 16:37:12,009 - TOPOPT_UNMASKED - INFO - Ite.: 324  Vol.: 0.260  Ch.: 0.0282  Obj.: 27.1
2019-01-24 16:37:13,556 - TOPOPT_UNMASKED - INFO - Ite.: 325  Vol.: 0.260  Ch.: 0.0314  Obj.: 27.1
2019-01-24 16:37:15,127 - TOPOPT_UNMASKED - INFO - Ite.: 326  Vol.: 0.260  Ch.: 0.0351  Obj.: 27.1
2019-01-24 16:37:16,765 - TOPOPT_UNMASKED - INFO - Ite.: 327  Vol.: 0.260  Ch.: 0.0384  Obj.: 27.1
2019-01-24 16:37:18,309 - TOPOPT_UNMASKED - INFO - Ite.: 328  Vol.: 0.260  Ch.: 0.0400  Obj.: 27.1
2019-01-24 16:37:19,917 - TOPOPT_UNMASKED - INFO - Ite.: 329  Vol.: 0.260  Ch.: 0.0382  Obj.: 27.1
2019-01-24 16:37:21,457 - TOPOPT_UNMASKED - INFO - Ite.: 330  Vol.: 0.260  Ch.: 0.0324  Obj.: 27.1
2019-01-24 16:37:23,056 - TOPOPT_UNMASKED - INFO - Ite.: 331  Vol.: 0.260  Ch.: 0.0448  Obj.: 27.1
2019-01-24 16:37:24,647 - TOPOPT_UNMASKED - INFO - Ite.: 332  Vol.: 0.260  Ch.: 0.0506  Obj.: 27.1
2019-01-24 16:37:26,250 - TOPOPT_UNMASKED - INFO - Ite.: 333  Vol.: 0.260  Ch.: 0.0387  Obj.: 27.1
2019-01-24 16:37:27,848 - TOPOPT_UNMASKED - INFO - Ite.: 334  Vol.: 0.260  Ch.: 0.0243  Obj.: 27.1
2019-01-24 16:37:29,407 - TOPOPT_UNMASKED - INFO - Ite.: 335  Vol.: 0.260  Ch.: 0.0191  Obj.: 27.1
2019-01-24 16:37:30,983 - TOPOPT_UNMASKED - INFO - Ite.: 336  Vol.: 0.260  Ch.: 0.0202  Obj.: 27.1
2019-01-24 16:37:32,618 - TOPOPT_UNMASKED - INFO - Ite.: 337  Vol.: 0.260  Ch.: 0.0208  Obj.: 27.1
2019-01-24 16:37:34,305 - TOPOPT_UNMASKED - INFO - Ite.: 338  Vol.: 0.260  Ch.: 0.0209  Obj.: 27.1
2019-01-24 16:37:35,974 - TOPOPT_UNMASKED - INFO - Ite.: 339  Vol.: 0.260  Ch.: 0.0203  Obj.: 27.1
2019-01-24 16:37:37,575 - TOPOPT_UNMASKED - INFO - Ite.: 340  Vol.: 0.260  Ch.: 0.0191  Obj.: 27.1
2019-01-24 16:37:39,127 - TOPOPT_UNMASKED - INFO - Ite.: 341  Vol.: 0.260  Ch.: 0.0174  Obj.: 27.1
2019-01-24 16:37:40,967 - TOPOPT_UNMASKED - INFO - Ite.: 342  Vol.: 0.260  Ch.: 0.0153  Obj.: 27.1
2019-01-24 16:37:42,825 - TOPOPT_UNMASKED - INFO - Ite.: 343  Vol.: 0.260  Ch.: 0.0131  Obj.: 27.1
2019-01-24 16:37:44,516 - TOPOPT_UNMASKED - INFO - Ite.: 344  Vol.: 0.260  Ch.: 0.0109  Obj.: 27.1
2019-01-24 16:37:46,217 - TOPOPT_UNMASKED - INFO - Ite.: 345  Vol.: 0.260  Ch.: 0.0102  Obj.: 27.1
2019-01-24 16:37:47,878 - TOPOPT_UNMASKED - INFO - Ite.: 346  Vol.: 0.260  Ch.: 0.0100  Obj.: 27.1
2019-01-24 16:37:49,596 - TOPOPT_UNMASKED - INFO - Ite.: 347  Vol.: 0.260  Ch.: 0.0108  Obj.: 27.1
2019-01-24 16:37:51,517 - TOPOPT_UNMASKED - INFO - Ite.: 348  Vol.: 0.260  Ch.: 0.0125  Obj.: 27.1
2019-01-24 16:37:53,145 - TOPOPT_UNMASKED - INFO - Ite.: 349  Vol.: 0.260  Ch.: 0.0147  Obj.: 27.1
2019-01-24 16:37:54,838 - TOPOPT_UNMASKED - INFO - Ite.: 350  Vol.: 0.260  Ch.: 0.0179  Obj.: 27.1
2019-01-24 16:37:56,526 - TOPOPT_UNMASKED - INFO - Ite.: 351  Vol.: 0.260  Ch.: 0.0225  Obj.: 27.1
2019-01-24 16:37:58,194 - TOPOPT_UNMASKED - INFO - Ite.: 352  Vol.: 0.260  Ch.: 0.0292  Obj.: 27.1
2019-01-24 16:37:59,815 - TOPOPT_UNMASKED - INFO - Ite.: 353  Vol.: 0.260  Ch.: 0.0392  Obj.: 27.1
2019-01-24 16:38:01,444 - TOPOPT_UNMASKED - INFO - Ite.: 354  Vol.: 0.260  Ch.: 0.0535  Obj.: 27.1
2019-01-24 16:38:03,096 - TOPOPT_UNMASKED - INFO - Ite.: 355  Vol.: 0.260  Ch.: 0.0706  Obj.: 27.1
2019-01-24 16:38:04,775 - TOPOPT_UNMASKED - INFO - Ite.: 356  Vol.: 0.260  Ch.: 0.0791  Obj.: 27.1
2019-01-24 16:38:06,338 - TOPOPT_UNMASKED - INFO - Ite.: 357  Vol.: 0.260  Ch.: 0.0571  Obj.: 27.1
2019-01-24 16:38:07,996 - TOPOPT_UNMASKED - INFO - Ite.: 358  Vol.: 0.260  Ch.: 0.0169  Obj.: 27.1
2019-01-24 16:38:09,661 - TOPOPT_UNMASKED - INFO - Ite.: 359  Vol.: 0.260  Ch.: 0.0078  Obj.: 27.1
2019-01-24 16:38:11,371 - TOPOPT_UNMASKED - INFO - Ite.: 360  Vol.: 0.260  Ch.: 0.0070  Obj.: 27.1
2019-01-24 16:38:13,046 - TOPOPT_UNMASKED - INFO - Ite.: 361  Vol.: 0.260  Ch.: 0.0076  Obj.: 27.1
2019-01-24 16:38:14,709 - TOPOPT_UNMASKED - INFO - Ite.: 362  Vol.: 0.260  Ch.: 0.0082  Obj.: 27.1
2019-01-24 16:38:16,246 - TOPOPT_UNMASKED - INFO - Ite.: 363  Vol.: 0.260  Ch.: 0.0089  Obj.: 27.1
2019-01-24 16:38:17,788 - TOPOPT_UNMASKED - INFO - Ite.: 364  Vol.: 0.260  Ch.: 0.0097  Obj.: 27.1
2019-01-24 16:38:19,384 - TOPOPT_UNMASKED - INFO - Ite.: 365  Vol.: 0.260  Ch.: 0.0107  Obj.: 27.1
2019-01-24 16:38:20,927 - TOPOPT_UNMASKED - INFO - Ite.: 366  Vol.: 0.260  Ch.: 0.0118  Obj.: 27.1
2019-01-24 16:38:22,509 - TOPOPT_UNMASKED - INFO - Ite.: 367  Vol.: 0.260  Ch.: 0.0132  Obj.: 27.1
2019-01-24 16:38:24,091 - TOPOPT_UNMASKED - INFO - Ite.: 368  Vol.: 0.260  Ch.: 0.0147  Obj.: 27.1
2019-01-24 16:38:25,780 - TOPOPT_UNMASKED - INFO - Ite.: 369  Vol.: 0.260  Ch.: 0.0167  Obj.: 27.1
2019-01-24 16:38:27,756 - TOPOPT_UNMASKED - INFO - Ite.: 370  Vol.: 0.260  Ch.: 0.0193  Obj.: 27.1
2019-01-24 16:38:29,648 - TOPOPT_UNMASKED - INFO - Ite.: 371  Vol.: 0.260  Ch.: 0.0226  Obj.: 27.1
2019-01-24 16:38:31,417 - TOPOPT_UNMASKED - INFO - Ite.: 372  Vol.: 0.260  Ch.: 0.0266  Obj.: 27.1
2019-01-24 16:38:33,039 - TOPOPT_UNMASKED - INFO - Ite.: 373  Vol.: 0.260  Ch.: 0.0307  Obj.: 27.1
2019-01-24 16:38:34,591 - TOPOPT_UNMASKED - INFO - Ite.: 374  Vol.: 0.260  Ch.: 0.0342  Obj.: 27.1
2019-01-24 16:38:36,173 - TOPOPT_UNMASKED - INFO - Ite.: 375  Vol.: 0.260  Ch.: 0.0389  Obj.: 27.1
2019-01-24 16:38:37,792 - TOPOPT_UNMASKED - INFO - Ite.: 376  Vol.: 0.260  Ch.: 0.0422  Obj.: 27.1
2019-01-24 16:38:39,437 - TOPOPT_UNMASKED - INFO - Ite.: 377  Vol.: 0.260  Ch.: 0.0441  Obj.: 27.1
2019-01-24 16:38:41,140 - TOPOPT_UNMASKED - INFO - Ite.: 378  Vol.: 0.260  Ch.: 0.0445  Obj.: 27.1
2019-01-24 16:38:42,792 - TOPOPT_UNMASKED - INFO - Ite.: 379  Vol.: 0.260  Ch.: 0.0434  Obj.: 27.1
2019-01-24 16:38:44,516 - TOPOPT_UNMASKED - INFO - Ite.: 380  Vol.: 0.260  Ch.: 0.0352  Obj.: 27.1
2019-01-24 16:38:46,259 - TOPOPT_UNMASKED - INFO - Ite.: 381  Vol.: 0.260  Ch.: 0.0306  Obj.: 27.1
2019-01-24 16:38:47,898 - TOPOPT_UNMASKED - INFO - Ite.: 382  Vol.: 0.260  Ch.: 0.0262  Obj.: 27.1
2019-01-24 16:38:49,601 - TOPOPT_UNMASKED - INFO - Ite.: 383  Vol.: 0.260  Ch.: 0.0211  Obj.: 27.1
2019-01-24 16:38:51,273 - TOPOPT_UNMASKED - INFO - Ite.: 384  Vol.: 0.260  Ch.: 0.0175  Obj.: 27.1
2019-01-24 16:38:52,926 - TOPOPT_UNMASKED - INFO - Ite.: 385  Vol.: 0.260  Ch.: 0.0147  Obj.: 27.1
2019-01-24 16:38:54,736 - TOPOPT_UNMASKED - INFO - Ite.: 386  Vol.: 0.260  Ch.: 0.0135  Obj.: 27.1
2019-01-24 16:38:56,411 - TOPOPT_UNMASKED - INFO - Ite.: 387  Vol.: 0.260  Ch.: 0.0122  Obj.: 27.1
2019-01-24 16:38:58,023 - TOPOPT_UNMASKED - INFO - Ite.: 388  Vol.: 0.260  Ch.: 0.0110  Obj.: 27.1
2019-01-24 16:38:59,801 - TOPOPT_UNMASKED - INFO - Ite.: 389  Vol.: 0.260  Ch.: 0.0098  Obj.: 27.1
2019-01-24 16:39:01,404 - TOPOPT_UNMASKED - INFO - Ite.: 390  Vol.: 0.260  Ch.: 0.0087  Obj.: 27.1
2019-01-24 16:39:03,009 - TOPOPT_UNMASKED - INFO - Ite.: 391  Vol.: 0.260  Ch.: 0.0077  Obj.: 27.1
2019-01-24 16:39:04,674 - TOPOPT_UNMASKED - INFO - Ite.: 392  Vol.: 0.260  Ch.: 0.0069  Obj.: 27.1
2019-01-24 16:39:06,256 - TOPOPT_UNMASKED - INFO - Ite.: 393  Vol.: 0.260  Ch.: 0.0061  Obj.: 27.1
2019-01-24 16:39:07,865 - TOPOPT_UNMASKED - INFO - Ite.: 394  Vol.: 0.260  Ch.: 0.0058  Obj.: 27.1
2019-01-24 16:39:09,484 - TOPOPT_UNMASKED - INFO - Ite.: 395  Vol.: 0.260  Ch.: 0.0095  Obj.: 27.1
2019-01-24 16:39:11,142 - TOPOPT_UNMASKED - INFO - Ite.: 396  Vol.: 0.260  Ch.: 0.0568  Obj.: 27.1
2019-01-24 16:39:12,851 - TOPOPT_UNMASKED - INFO - Ite.: 397  Vol.: 0.260  Ch.: 0.1060  Obj.: 27.1
2019-01-24 16:39:14,506 - TOPOPT_UNMASKED - INFO - Ite.: 398  Vol.: 0.260  Ch.: 0.1055  Obj.: 27.1
2019-01-24 16:39:16,055 - TOPOPT_UNMASKED - INFO - Ite.: 399  Vol.: 0.260  Ch.: 0.0751  Obj.: 27.1
2019-01-24 16:39:17,595 - TOPOPT_UNMASKED - INFO - Ite.: 400  Vol.: 0.260  Ch.: 0.0451  Obj.: 27.1
2019-01-24 16:39:19,148 - TOPOPT_UNMASKED - INFO - Ite.: 401  Vol.: 0.260  Ch.: 0.0250  Obj.: 27.1
2019-01-24 16:39:20,696 - TOPOPT_UNMASKED - INFO - Ite.: 402  Vol.: 0.260  Ch.: 0.0138  Obj.: 27.1
2019-01-24 16:39:22,217 - TOPOPT_UNMASKED - INFO - Ite.: 403  Vol.: 0.260  Ch.: 0.0157  Obj.: 27.1
2019-01-24 16:39:23,717 - TOPOPT_UNMASKED - INFO - Ite.: 404  Vol.: 0.260  Ch.: 0.0180  Obj.: 27.1
2019-01-24 16:39:25,255 - TOPOPT_UNMASKED - INFO - Ite.: 405  Vol.: 0.260  Ch.: 0.0206  Obj.: 27.1
2019-01-24 16:39:26,790 - TOPOPT_UNMASKED - INFO - Ite.: 406  Vol.: 0.260  Ch.: 0.0247  Obj.: 27.1
2019-01-24 16:39:28,385 - TOPOPT_UNMASKED - INFO - Ite.: 407  Vol.: 0.260  Ch.: 0.0291  Obj.: 27.1
2019-01-24 16:39:30,003 - TOPOPT_UNMASKED - INFO - Ite.: 408  Vol.: 0.260  Ch.: 0.0333  Obj.: 27.1
2019-01-24 16:39:31,885 - TOPOPT_UNMASKED - INFO - Ite.: 409  Vol.: 0.260  Ch.: 0.0380  Obj.: 27.1
2019-01-24 16:39:33,796 - TOPOPT_UNMASKED - INFO - Ite.: 410  Vol.: 0.260  Ch.: 0.0433  Obj.: 27.1
2019-01-24 16:39:35,642 - TOPOPT_UNMASKED - INFO - Ite.: 411  Vol.: 0.260  Ch.: 0.0459  Obj.: 27.1
2019-01-24 16:39:37,525 - TOPOPT_UNMASKED - INFO - Ite.: 412  Vol.: 0.260  Ch.: 0.0529  Obj.: 27.1
2019-01-24 16:39:39,503 - TOPOPT_UNMASKED - INFO - Ite.: 413  Vol.: 0.260  Ch.: 0.0629  Obj.: 27.1
2019-01-24 16:39:41,453 - TOPOPT_UNMASKED - INFO - Ite.: 414  Vol.: 0.260  Ch.: 0.0733  Obj.: 27.1
2019-01-24 16:39:43,546 - TOPOPT_UNMASKED - INFO - Ite.: 415  Vol.: 0.260  Ch.: 0.0819  Obj.: 27.1
2019-01-24 16:39:45,486 - TOPOPT_UNMASKED - INFO - Ite.: 416  Vol.: 0.260  Ch.: 0.0983  Obj.: 27.1
2019-01-24 16:39:47,438 - TOPOPT_UNMASKED - INFO - Ite.: 417  Vol.: 0.260  Ch.: 0.0972  Obj.: 27.1
2019-01-24 16:39:49,335 - TOPOPT_UNMASKED - INFO - Ite.: 418  Vol.: 0.260  Ch.: 0.0962  Obj.: 27.1
2019-01-24 16:39:51,099 - TOPOPT_UNMASKED - INFO - Ite.: 419  Vol.: 0.260  Ch.: 0.0720  Obj.: 27.1
2019-01-24 16:39:52,736 - TOPOPT_UNMASKED - INFO - Ite.: 420  Vol.: 0.260  Ch.: 0.0634  Obj.: 27.1
2019-01-24 16:39:54,351 - TOPOPT_UNMASKED - INFO - Ite.: 421  Vol.: 0.260  Ch.: 0.0548  Obj.: 27.1
2019-01-24 16:39:55,907 - TOPOPT_UNMASKED - INFO - Ite.: 422  Vol.: 0.260  Ch.: 0.0435  Obj.: 27.1
2019-01-24 16:39:57,492 - TOPOPT_UNMASKED - INFO - Ite.: 423  Vol.: 0.260  Ch.: 0.0324  Obj.: 27.1
2019-01-24 16:39:59,115 - TOPOPT_UNMASKED - INFO - Ite.: 424  Vol.: 0.260  Ch.: 0.0197  Obj.: 27.1
2019-01-24 16:40:00,723 - TOPOPT_UNMASKED - INFO - Ite.: 425  Vol.: 0.260  Ch.: 0.0205  Obj.: 27.1
2019-01-24 16:40:02,421 - TOPOPT_UNMASKED - INFO - Ite.: 426  Vol.: 0.260  Ch.: 0.0235  Obj.: 27.1
2019-01-24 16:40:04,029 - TOPOPT_UNMASKED - INFO - Ite.: 427  Vol.: 0.260  Ch.: 0.0250  Obj.: 27.1
2019-01-24 16:40:05,647 - TOPOPT_UNMASKED - INFO - Ite.: 428  Vol.: 0.260  Ch.: 0.0259  Obj.: 27.1
2019-01-24 16:40:07,355 - TOPOPT_UNMASKED - INFO - Ite.: 429  Vol.: 0.260  Ch.: 0.0260  Obj.: 27.1
2019-01-24 16:40:09,194 - TOPOPT_UNMASKED - INFO - Ite.: 430  Vol.: 0.260  Ch.: 0.0248  Obj.: 27.1
2019-01-24 16:40:11,035 - TOPOPT_UNMASKED - INFO - Ite.: 431  Vol.: 0.260  Ch.: 0.0473  Obj.: 27.1
2019-01-24 16:40:12,923 - TOPOPT_UNMASKED - INFO - Ite.: 432  Vol.: 0.260  Ch.: 0.0629  Obj.: 27.1
2019-01-24 16:40:14,624 - TOPOPT_UNMASKED - INFO - Ite.: 433  Vol.: 0.260  Ch.: 0.0531  Obj.: 27.1
2019-01-24 16:40:16,378 - TOPOPT_UNMASKED - INFO - Ite.: 434  Vol.: 0.260  Ch.: 0.0364  Obj.: 27.1
2019-01-24 16:40:17,957 - TOPOPT_UNMASKED - INFO - Ite.: 435  Vol.: 0.260  Ch.: 0.0267  Obj.: 27.1
2019-01-24 16:40:19,611 - TOPOPT_UNMASKED - INFO - Ite.: 436  Vol.: 0.260  Ch.: 0.0200  Obj.: 27.1
2019-01-24 16:40:21,384 - TOPOPT_UNMASKED - INFO - Ite.: 437  Vol.: 0.260  Ch.: 0.0126  Obj.: 27.1
2019-01-24 16:40:22,953 - TOPOPT_UNMASKED - INFO - Ite.: 438  Vol.: 0.260  Ch.: 0.0111  Obj.: 27.1
2019-01-24 16:40:24,599 - TOPOPT_UNMASKED - INFO - Ite.: 439  Vol.: 0.260  Ch.: 0.0111  Obj.: 27.1
2019-01-24 16:40:26,298 - TOPOPT_UNMASKED - INFO - Ite.: 440  Vol.: 0.260  Ch.: 0.0110  Obj.: 27.1
2019-01-24 16:40:27,913 - TOPOPT_UNMASKED - INFO - Ite.: 441  Vol.: 0.260  Ch.: 0.0109  Obj.: 27.1
2019-01-24 16:40:29,467 - TOPOPT_UNMASKED - INFO - Ite.: 442  Vol.: 0.260  Ch.: 0.0106  Obj.: 27.1
2019-01-24 16:40:31,135 - TOPOPT_UNMASKED - INFO - Ite.: 443  Vol.: 0.260  Ch.: 0.0103  Obj.: 27.1
2019-01-24 16:40:32,697 - TOPOPT_UNMASKED - INFO - Ite.: 444  Vol.: 0.260  Ch.: 0.0099  Obj.: 27.1
2019-01-24 16:40:34,246 - TOPOPT_UNMASKED - INFO - Ite.: 445  Vol.: 0.260  Ch.: 0.0095  Obj.: 27.1
2019-01-24 16:40:35,802 - TOPOPT_UNMASKED - INFO - Ite.: 446  Vol.: 0.260  Ch.: 0.0091  Obj.: 27.1
2019-01-24 16:40:37,438 - TOPOPT_UNMASKED - INFO - Ite.: 447  Vol.: 0.260  Ch.: 0.0085  Obj.: 27.1
2019-01-24 16:40:39,065 - TOPOPT_UNMASKED - INFO - Ite.: 448  Vol.: 0.260  Ch.: 0.0079  Obj.: 27.1
2019-01-24 16:40:40,674 - TOPOPT_UNMASKED - INFO - Ite.: 449  Vol.: 0.260  Ch.: 0.0075  Obj.: 27.1
2019-01-24 16:40:42,276 - TOPOPT_UNMASKED - INFO - Ite.: 450  Vol.: 0.260  Ch.: 0.0070  Obj.: 27.1
2019-01-24 16:40:43,805 - TOPOPT_UNMASKED - INFO - Ite.: 451  Vol.: 0.260  Ch.: 0.0064  Obj.: 27.1
2019-01-24 16:40:45,358 - TOPOPT_UNMASKED - INFO - Ite.: 452  Vol.: 0.260  Ch.: 0.0060  Obj.: 27.1
2019-01-24 16:40:46,959 - TOPOPT_UNMASKED - INFO - Ite.: 453  Vol.: 0.260  Ch.: 0.0055  Obj.: 27.1
2019-01-24 16:40:48,832 - TOPOPT_UNMASKED - INFO - Ite.: 454  Vol.: 0.260  Ch.: 0.0050  Obj.: 27.1
2019-01-24 16:40:50,763 - TOPOPT_UNMASKED - INFO - Ite.: 455  Vol.: 0.260  Ch.: 0.0046  Obj.: 27.1
2019-01-24 16:40:52,500 - TOPOPT_UNMASKED - INFO - Ite.: 456  Vol.: 0.260  Ch.: 0.0042  Obj.: 27.1
2019-01-24 16:40:54,124 - TOPOPT_UNMASKED - INFO - Ite.: 457  Vol.: 0.260  Ch.: 0.0041  Obj.: 27.1
2019-01-24 16:40:55,697 - TOPOPT_UNMASKED - INFO - Ite.: 458  Vol.: 0.260  Ch.: 0.0039  Obj.: 27.1
2019-01-24 16:40:57,240 - TOPOPT_UNMASKED - INFO - Ite.: 459  Vol.: 0.260  Ch.: 0.0037  Obj.: 27.1
2019-01-24 16:40:58,821 - TOPOPT_UNMASKED - INFO - Ite.: 460  Vol.: 0.260  Ch.: 0.0036  Obj.: 27.1
2019-01-24 16:41:00,388 - TOPOPT_UNMASKED - INFO - Ite.: 461  Vol.: 0.260  Ch.: 0.0035  Obj.: 27.1
2019-01-24 16:41:01,983 - TOPOPT_UNMASKED - INFO - Ite.: 462  Vol.: 0.260  Ch.: 0.0033  Obj.: 27.1
2019-01-24 16:41:03,596 - TOPOPT_UNMASKED - INFO - Ite.: 463  Vol.: 0.260  Ch.: 0.0031  Obj.: 27.1
2019-01-24 16:41:05,207 - TOPOPT_UNMASKED - INFO - Ite.: 464  Vol.: 0.260  Ch.: 0.0030  Obj.: 27.1
2019-01-24 16:41:06,848 - TOPOPT_UNMASKED - INFO - Ite.: 465  Vol.: 0.260  Ch.: 0.0028  Obj.: 27.1
2019-01-24 16:41:08,526 - TOPOPT_UNMASKED - INFO - Ite.: 466  Vol.: 0.260  Ch.: 0.0028  Obj.: 27.1
2019-01-24 16:41:10,089 - TOPOPT_UNMASKED - INFO - Ite.: 467  Vol.: 0.260  Ch.: 0.0026  Obj.: 27.1
2019-01-24 16:41:11,763 - TOPOPT_UNMASKED - INFO - Ite.: 468  Vol.: 0.260  Ch.: 0.0026  Obj.: 27.1
2019-01-24 16:41:13,414 - TOPOPT_UNMASKED - INFO - Ite.: 469  Vol.: 0.260  Ch.: 0.0024  Obj.: 27.1
2019-01-24 16:41:15,036 - TOPOPT_UNMASKED - INFO - Ite.: 470  Vol.: 0.260  Ch.: 0.0024  Obj.: 27.1
2019-01-24 16:41:16,773 - TOPOPT_UNMASKED - INFO - Ite.: 471  Vol.: 0.260  Ch.: 0.0023  Obj.: 27.1
2019-01-24 16:41:18,494 - TOPOPT_UNMASKED - INFO - Ite.: 472  Vol.: 0.260  Ch.: 0.0023  Obj.: 27.1
2019-01-24 16:41:20,154 - TOPOPT_UNMASKED - INFO - Ite.: 473  Vol.: 0.260  Ch.: 0.0021  Obj.: 27.1
2019-01-24 16:41:21,770 - TOPOPT_UNMASKED - INFO - Ite.: 474  Vol.: 0.260  Ch.: 0.0021  Obj.: 27.1
2019-01-24 16:41:23,375 - TOPOPT_UNMASKED - INFO - Ite.: 475  Vol.: 0.260  Ch.: 0.0020  Obj.: 27.1
2019-01-24 16:41:25,051 - TOPOPT_UNMASKED - INFO - Ite.: 476  Vol.: 0.260  Ch.: 0.0020  Obj.: 27.1
2019-01-24 16:41:26,688 - TOPOPT_UNMASKED - INFO - Ite.: 477  Vol.: 0.260  Ch.: 0.0019  Obj.: 27.1
2019-01-24 16:41:28,391 - TOPOPT_UNMASKED - INFO - Ite.: 478  Vol.: 0.260  Ch.: 0.0019  Obj.: 27.1
2019-01-24 16:41:29,993 - TOPOPT_UNMASKED - INFO - Ite.: 479  Vol.: 0.260  Ch.: 0.0018  Obj.: 27.1
2019-01-24 16:41:31,624 - TOPOPT_UNMASKED - INFO - Ite.: 480  Vol.: 0.260  Ch.: 0.0018  Obj.: 27.1
2019-01-24 16:41:33,200 - TOPOPT_UNMASKED - INFO - Ite.: 481  Vol.: 0.260  Ch.: 0.0016  Obj.: 27.1
2019-01-24 16:41:34,851 - TOPOPT_UNMASKED - INFO - Ite.: 482  Vol.: 0.260  Ch.: 0.0015  Obj.: 27.1
2019-01-24 16:41:36,479 - TOPOPT_UNMASKED - INFO - Ite.: 483  Vol.: 0.260  Ch.: 0.0013  Obj.: 27.1
2019-01-24 16:41:38,049 - TOPOPT_UNMASKED - INFO - Ite.: 484  Vol.: 0.260  Ch.: 0.0013  Obj.: 27.1
2019-01-24 16:41:39,648 - TOPOPT_UNMASKED - INFO - Ite.: 485  Vol.: 0.260  Ch.: 0.0011  Obj.: 27.1
2019-01-24 16:41:41,467 - TOPOPT_UNMASKED - INFO - Ite.: 486  Vol.: 0.260  Ch.: 0.0010  Obj.: 27.1
2019-01-24 16:41:43,246 - TOPOPT_UNMASKED - INFO - Ite.: 487  Vol.: 0.260  Ch.: 0.0009  Obj.: 27.1
2019-01-24 16:41:43,757 - TOPOPT_UNMASKED - INFO - Ite.: 488  Convergence criterion reached

2019-01-24 16:41:43,759 - TOPOPT_UNMASKED - INFO - FINAL OBJECTIVE FUNCTION VALUE     :   32.0813730067

2019-01-24 16:41:43,759 - TOPOPT_UNMASKED - INFO - Black and white filtering data for different threshold values
2019-01-24 16:41:45,615 - TOPOPT_UNMASKED - INFO - Threshold value            :   0.1
2019-01-24 16:41:45,615 - TOPOPT_UNMASKED - INFO - Volume fraction            :   0.288916770352
2019-01-24 16:41:45,617 - TOPOPT_UNMASKED - INFO - Objective function value   :   31.5095025393

2019-01-24 16:41:47,131 - TOPOPT_UNMASKED - INFO - Threshold value            :   0.2
2019-01-24 16:41:47,131 - TOPOPT_UNMASKED - INFO - Volume fraction            :   0.277478740684
2019-01-24 16:41:47,131 - TOPOPT_UNMASKED - INFO - Objective function value   :   31.7022607142

2019-01-24 16:41:48,528 - TOPOPT_UNMASKED - INFO - Threshold value            :   0.3
2019-01-24 16:41:48,528 - TOPOPT_UNMASKED - INFO - Volume fraction            :   0.268787996423
2019-01-24 16:41:48,529 - TOPOPT_UNMASKED - INFO - Objective function value   :   31.8314577158

2019-01-24 16:41:49,878 - TOPOPT_UNMASKED - INFO - Threshold value            :   0.4
2019-01-24 16:41:49,878 - TOPOPT_UNMASKED - INFO - Volume fraction            :   0.262355457056
2019-01-24 16:41:49,878 - TOPOPT_UNMASKED - INFO - Objective function value   :   31.9840281507

2019-01-24 16:41:51,451 - TOPOPT_UNMASKED - INFO - Threshold value            :   0.5
2019-01-24 16:41:51,451 - TOPOPT_UNMASKED - INFO - Volume fraction            :   0.256047406399
2019-01-24 16:41:51,451 - TOPOPT_UNMASKED - INFO - Objective function value   :   32.4297055637

2019-01-24 16:41:52,946 - TOPOPT_UNMASKED - INFO - Threshold value            :   0.6
2019-01-24 16:41:52,946 - TOPOPT_UNMASKED - INFO - Volume fraction            :   0.251057084685
2019-01-24 16:41:52,947 - TOPOPT_UNMASKED - INFO - Objective function value   :   33.5603576526

2019-01-24 16:41:54,450 - TOPOPT_UNMASKED - INFO - Threshold value            :   0.7
2019-01-24 16:41:54,451 - TOPOPT_UNMASKED - INFO - Volume fraction            :   0.246178984
2019-01-24 16:41:54,453 - TOPOPT_UNMASKED - INFO - Objective function value   :   34.1229851351

2019-01-24 16:41:55,944 - TOPOPT_UNMASKED - INFO - Threshold value            :   0.8
2019-01-24 16:41:55,944 - TOPOPT_UNMASKED - INFO - Volume fraction            :   0.241865037296
2019-01-24 16:41:55,946 - TOPOPT_UNMASKED - INFO - Objective function value   :   35.3799024475

2019-01-24 16:41:57,470 - TOPOPT_UNMASKED - INFO - Threshold value            :   0.9
2019-01-24 16:41:57,470 - TOPOPT_UNMASKED - INFO - Volume fraction            :   0.237463109123
2019-01-24 16:41:57,470 - TOPOPT_UNMASKED - INFO - Objective function value   :   39.6544905875

2019-01-24 16:41:57,470 - TOPOPT_UNMASKED - INFO - OPTIMIZATION FINISHED IN 848 SEC. /// 14 MIN.

2019-01-24 16:41:57,470 - TOPOPT_UNMASKED - INFO - END OF THE MAIN PROGRAM
