2019-09-02 16:19:25,398 - TOPOPT - INFO - START OF THE MAIN PROGRAM

2019-09-02 16:19:26,148 - TOPOPT - INFO - Number of finite elements                  :   60350
2019-09-02 16:19:26,148 - TOPOPT - INFO - Number of nodes                            :   15351
2019-09-02 16:19:26,148 - TOPOPT - INFO - Total degrees of freedom                   :   46053
2019-09-02 16:19:26,148 - TOPOPT - INFO - Number of free degrees of freedom          :   30699
2019-09-02 16:19:26,148 - TOPOPT - INFO - Algoritmn for finding design variables x   :   OC
2019-09-02 16:19:26,150 - TOPOPT - INFO - Volume fraction                            :   0.5
2019-09-02 16:19:26,150 - TOPOPT - INFO - Penalty factor                             :   3.0
2019-09-02 16:19:26,150 - TOPOPT - INFO - Continuation step                          :   False
2019-09-02 16:19:26,150 - TOPOPT - INFO - Filter length                              :   2.0
2019-09-02 16:19:26,150 - TOPOPT - INFO - Filter approach                            :   SENS
2019-09-02 16:19:26,151 - TOPOPT - INFO - Maximum number of iterations               :   1000.0
2019-09-02 16:19:26,151 - TOPOPT - INFO - Tolerance (max. density change)            :   0.001
2019-09-02 16:19:26,151 - TOPOPT - INFO - Maximum Young's modulus (if x_i=1)         :   1.0
2019-09-02 16:19:26,151 - TOPOPT - INFO - Minimum Young's modulus (if x_i=0)         :   1e-09

2019-09-02 16:19:26,773 - TOPOPT - INFO - Scaling factor for objective function f0   :   0.896
2019-09-02 16:19:26,773 - TOPOPT - INFO - Scaling factor for constraint function f1  :   60350.000

2019-09-02 16:19:28,528 - TOPOPT - INFO - Ite.: 000  Vol.: 0.500  Ch.: 0.0000  Obj.: 300.0
2019-09-02 16:19:29,115 - TOPOPT - INFO - Ite.: 001  Vol.: 0.500  Ch.: 0.2000  Obj.: 130.7
2019-09-02 16:19:29,727 - TOPOPT - INFO - Ite.: 002  Vol.: 0.500  Ch.: 0.2000  Obj.: 71.8
2019-09-02 16:19:30,249 - TOPOPT - INFO - Ite.: 003  Vol.: 0.500  Ch.: 0.2000  Obj.: 51.3
2019-09-02 16:19:30,779 - TOPOPT - INFO - Ite.: 004  Vol.: 0.500  Ch.: 0.2000  Obj.: 46.9
2019-09-02 16:19:31,213 - TOPOPT - INFO - Ite.: 005  Vol.: 0.500  Ch.: 0.2000  Obj.: 45.1
2019-09-02 16:19:31,750 - TOPOPT - INFO - Ite.: 006  Vol.: 0.500  Ch.: 0.2000  Obj.: 44.2
2019-09-02 16:19:32,315 - TOPOPT - INFO - Ite.: 007  Vol.: 0.500  Ch.: 0.2000  Obj.: 43.8
2019-09-02 16:19:32,842 - TOPOPT - INFO - Ite.: 008  Vol.: 0.500  Ch.: 0.2000  Obj.: 43.5
2019-09-02 16:19:33,339 - TOPOPT - INFO - Ite.: 009  Vol.: 0.500  Ch.: 0.2000  Obj.: 43.3
2019-09-02 16:19:33,819 - TOPOPT - INFO - Ite.: 010  Vol.: 0.500  Ch.: 0.2000  Obj.: 43.1
2019-09-02 16:19:34,335 - TOPOPT - INFO - Ite.: 011  Vol.: 0.500  Ch.: 0.2000  Obj.: 42.9
2019-09-02 16:19:34,918 - TOPOPT - INFO - Ite.: 012  Vol.: 0.500  Ch.: 0.2000  Obj.: 42.8
2019-09-02 16:19:35,388 - TOPOPT - INFO - Ite.: 013  Vol.: 0.500  Ch.: 0.2000  Obj.: 42.7
2019-09-02 16:19:35,848 - TOPOPT - INFO - Ite.: 014  Vol.: 0.500  Ch.: 0.2000  Obj.: 42.7
2019-09-02 16:19:36,444 - TOPOPT - INFO - Ite.: 015  Vol.: 0.500  Ch.: 0.2000  Obj.: 42.6
2019-09-02 16:19:36,934 - TOPOPT - INFO - Ite.: 016  Vol.: 0.500  Ch.: 0.2000  Obj.: 42.5
2019-09-02 16:19:37,411 - TOPOPT - INFO - Ite.: 017  Vol.: 0.500  Ch.: 0.2000  Obj.: 42.5
2019-09-02 16:19:38,005 - TOPOPT - INFO - Ite.: 018  Vol.: 0.500  Ch.: 0.2000  Obj.: 42.5
2019-09-02 16:19:38,490 - TOPOPT - INFO - Ite.: 019  Vol.: 0.500  Ch.: 0.2000  Obj.: 42.5
2019-09-02 16:19:39,076 - TOPOPT - INFO - Ite.: 020  Vol.: 0.500  Ch.: 0.2000  Obj.: 42.5
2019-09-02 16:19:39,642 - TOPOPT - INFO - Ite.: 021  Vol.: 0.500  Ch.: 0.2000  Obj.: 42.4
2019-09-02 16:19:40,119 - TOPOPT - INFO - Ite.: 022  Vol.: 0.500  Ch.: 0.2000  Obj.: 42.4
2019-09-02 16:19:40,657 - TOPOPT - INFO - Ite.: 023  Vol.: 0.500  Ch.: 0.2000  Obj.: 42.4
2019-09-02 16:19:41,161 - TOPOPT - INFO - Ite.: 024  Vol.: 0.500  Ch.: 0.2000  Obj.: 42.4
2019-09-02 16:19:41,654 - TOPOPT - INFO - Ite.: 025  Vol.: 0.500  Ch.: 0.2000  Obj.: 42.4
2019-09-02 16:19:42,243 - TOPOPT - INFO - Ite.: 026  Vol.: 0.500  Ch.: 0.2000  Obj.: 42.4
2019-09-02 16:19:42,724 - TOPOPT - INFO - Ite.: 027  Vol.: 0.500  Ch.: 0.2000  Obj.: 42.4
2019-09-02 16:19:43,313 - TOPOPT - INFO - Ite.: 028  Vol.: 0.500  Ch.: 0.2000  Obj.: 42.4
2019-09-02 16:19:43,811 - TOPOPT - INFO - Ite.: 029  Vol.: 0.500  Ch.: 0.2000  Obj.: 42.4
2019-09-02 16:19:44,312 - TOPOPT - INFO - Ite.: 030  Vol.: 0.500  Ch.: 0.2000  Obj.: 42.4
2019-09-02 16:19:44,858 - TOPOPT - INFO - Ite.: 031  Vol.: 0.500  Ch.: 0.2000  Obj.: 42.4
2019-09-02 16:19:45,431 - TOPOPT - INFO - Ite.: 032  Vol.: 0.500  Ch.: 0.2000  Obj.: 42.4
2019-09-02 16:19:46,009 - TOPOPT - INFO - Ite.: 033  Vol.: 0.500  Ch.: 0.2000  Obj.: 42.4
2019-09-02 16:19:46,529 - TOPOPT - INFO - Ite.: 034  Vol.: 0.500  Ch.: 0.2000  Obj.: 42.4
2019-09-02 16:19:47,102 - TOPOPT - INFO - Ite.: 035  Vol.: 0.500  Ch.: 0.2000  Obj.: 42.3
2019-09-02 16:19:47,674 - TOPOPT - INFO - Ite.: 036  Vol.: 0.500  Ch.: 0.2000  Obj.: 42.3
2019-09-02 16:19:48,229 - TOPOPT - INFO - Ite.: 037  Vol.: 0.500  Ch.: 0.2000  Obj.: 42.3
2019-09-02 16:19:48,773 - TOPOPT - INFO - Ite.: 038  Vol.: 0.500  Ch.: 0.2000  Obj.: 42.3
2019-09-02 16:19:49,338 - TOPOPT - INFO - Ite.: 039  Vol.: 0.500  Ch.: 0.2000  Obj.: 42.3
2019-09-02 16:19:49,832 - TOPOPT - INFO - Ite.: 040  Vol.: 0.500  Ch.: 0.2000  Obj.: 42.3
2019-09-02 16:19:50,364 - TOPOPT - INFO - Ite.: 041  Vol.: 0.500  Ch.: 0.2000  Obj.: 42.3
2019-09-02 16:19:50,924 - TOPOPT - INFO - Ite.: 042  Vol.: 0.500  Ch.: 0.2000  Obj.: 42.3
2019-09-02 16:19:51,480 - TOPOPT - INFO - Ite.: 043  Vol.: 0.500  Ch.: 0.2000  Obj.: 42.3
2019-09-02 16:19:52,045 - TOPOPT - INFO - Ite.: 044  Vol.: 0.500  Ch.: 0.2000  Obj.: 42.3
2019-09-02 16:19:52,588 - TOPOPT - INFO - Ite.: 045  Vol.: 0.500  Ch.: 0.2000  Obj.: 42.3
2019-09-02 16:19:53,122 - TOPOPT - INFO - Ite.: 046  Vol.: 0.500  Ch.: 0.2000  Obj.: 42.3
2019-09-02 16:19:53,703 - TOPOPT - INFO - Ite.: 047  Vol.: 0.500  Ch.: 0.1983  Obj.: 42.3
2019-09-02 16:19:54,184 - TOPOPT - INFO - Ite.: 048  Vol.: 0.500  Ch.: 0.2000  Obj.: 42.3
2019-09-02 16:19:54,719 - TOPOPT - INFO - Ite.: 049  Vol.: 0.500  Ch.: 0.1946  Obj.: 42.3
2019-09-02 16:19:55,267 - TOPOPT - INFO - Ite.: 050  Vol.: 0.500  Ch.: 0.2000  Obj.: 42.3
2019-09-02 16:19:55,818 - TOPOPT - INFO - Ite.: 051  Vol.: 0.500  Ch.: 0.2000  Obj.: 42.3
2019-09-02 16:19:56,348 - TOPOPT - INFO - Ite.: 052  Vol.: 0.500  Ch.: 0.2000  Obj.: 42.3
2019-09-02 16:19:56,910 - TOPOPT - INFO - Ite.: 053  Vol.: 0.500  Ch.: 0.2000  Obj.: 42.3
2019-09-02 16:19:57,424 - TOPOPT - INFO - Ite.: 054  Vol.: 0.500  Ch.: 0.2000  Obj.: 42.3
2019-09-02 16:19:57,976 - TOPOPT - INFO - Ite.: 055  Vol.: 0.500  Ch.: 0.2000  Obj.: 42.3
2019-09-02 16:19:58,453 - TOPOPT - INFO - Ite.: 056  Vol.: 0.500  Ch.: 0.2000  Obj.: 42.3
2019-09-02 16:19:59,009 - TOPOPT - INFO - Ite.: 057  Vol.: 0.500  Ch.: 0.2000  Obj.: 42.3
2019-09-02 16:19:59,540 - TOPOPT - INFO - Ite.: 058  Vol.: 0.500  Ch.: 0.2000  Obj.: 42.3
2019-09-02 16:20:00,167 - TOPOPT - INFO - Ite.: 059  Vol.: 0.500  Ch.: 0.2000  Obj.: 42.3
2019-09-02 16:20:00,697 - TOPOPT - INFO - Ite.: 060  Vol.: 0.500  Ch.: 0.1820  Obj.: 42.3
2019-09-02 16:20:01,270 - TOPOPT - INFO - Ite.: 061  Vol.: 0.500  Ch.: 0.2000  Obj.: 42.3
2019-09-02 16:20:01,865 - TOPOPT - INFO - Ite.: 062  Vol.: 0.500  Ch.: 0.2000  Obj.: 42.3
2019-09-02 16:20:02,372 - TOPOPT - INFO - Ite.: 063  Vol.: 0.500  Ch.: 0.1093  Obj.: 42.3
2019-09-02 16:20:02,921 - TOPOPT - INFO - Ite.: 064  Vol.: 0.500  Ch.: 0.1488  Obj.: 42.3
2019-09-02 16:20:03,471 - TOPOPT - INFO - Ite.: 065  Vol.: 0.500  Ch.: 0.2000  Obj.: 42.3
2019-09-02 16:20:04,051 - TOPOPT - INFO - Ite.: 066  Vol.: 0.500  Ch.: 0.2000  Obj.: 42.3
2019-09-02 16:20:04,661 - TOPOPT - INFO - Ite.: 067  Vol.: 0.500  Ch.: 0.2000  Obj.: 42.3
2019-09-02 16:20:05,142 - TOPOPT - INFO - Ite.: 068  Vol.: 0.500  Ch.: 0.2000  Obj.: 42.3
2019-09-02 16:20:05,727 - TOPOPT - INFO - Ite.: 069  Vol.: 0.500  Ch.: 0.1900  Obj.: 42.3
2019-09-02 16:20:06,219 - TOPOPT - INFO - Ite.: 070  Vol.: 0.500  Ch.: 0.2000  Obj.: 42.3
2019-09-02 16:20:06,789 - TOPOPT - INFO - Ite.: 071  Vol.: 0.500  Ch.: 0.2000  Obj.: 42.3
2019-09-02 16:20:07,331 - TOPOPT - INFO - Ite.: 072  Vol.: 0.500  Ch.: 0.2000  Obj.: 42.3
2019-09-02 16:20:07,875 - TOPOPT - INFO - Ite.: 073  Vol.: 0.500  Ch.: 0.2000  Obj.: 42.3
2019-09-02 16:20:08,407 - TOPOPT - INFO - Ite.: 074  Vol.: 0.500  Ch.: 0.2000  Obj.: 42.3
2019-09-02 16:20:08,994 - TOPOPT - INFO - Ite.: 075  Vol.: 0.500  Ch.: 0.2000  Obj.: 42.3
2019-09-02 16:20:09,493 - TOPOPT - INFO - Ite.: 076  Vol.: 0.500  Ch.: 0.2000  Obj.: 42.3
2019-09-02 16:20:10,108 - TOPOPT - INFO - Ite.: 077  Vol.: 0.500  Ch.: 0.2000  Obj.: 42.3
2019-09-02 16:20:10,648 - TOPOPT - INFO - Ite.: 078  Vol.: 0.500  Ch.: 0.1235  Obj.: 42.3
2019-09-02 16:20:11,171 - TOPOPT - INFO - Ite.: 079  Vol.: 0.500  Ch.: 0.2000  Obj.: 42.3
2019-09-02 16:20:11,640 - TOPOPT - INFO - Ite.: 080  Vol.: 0.500  Ch.: 0.2000  Obj.: 42.3
2019-09-02 16:20:12,273 - TOPOPT - INFO - Ite.: 081  Vol.: 0.500  Ch.: 0.2000  Obj.: 42.3
2019-09-02 16:20:12,759 - TOPOPT - INFO - Ite.: 082  Vol.: 0.500  Ch.: 0.2000  Obj.: 42.3
2019-09-02 16:20:13,378 - TOPOPT - INFO - Ite.: 083  Vol.: 0.500  Ch.: 0.1416  Obj.: 42.3
2019-09-02 16:20:13,918 - TOPOPT - INFO - Ite.: 084  Vol.: 0.500  Ch.: 0.1886  Obj.: 42.3
2019-09-02 16:20:14,410 - TOPOPT - INFO - Ite.: 085  Vol.: 0.500  Ch.: 0.2000  Obj.: 42.3
2019-09-02 16:20:14,996 - TOPOPT - INFO - Ite.: 086  Vol.: 0.500  Ch.: 0.1376  Obj.: 42.3
2019-09-02 16:20:15,529 - TOPOPT - INFO - Ite.: 087  Vol.: 0.500  Ch.: 0.1501  Obj.: 42.3
2019-09-02 16:20:16,023 - TOPOPT - INFO - Ite.: 088  Vol.: 0.500  Ch.: 0.1296  Obj.: 42.3
2019-09-02 16:20:16,585 - TOPOPT - INFO - Ite.: 089  Vol.: 0.500  Ch.: 0.2000  Obj.: 42.3
2019-09-02 16:20:17,111 - TOPOPT - INFO - Ite.: 090  Vol.: 0.500  Ch.: 0.2000  Obj.: 42.3
2019-09-02 16:20:17,604 - TOPOPT - INFO - Ite.: 091  Vol.: 0.500  Ch.: 0.1809  Obj.: 42.3
2019-09-02 16:20:18,174 - TOPOPT - INFO - Ite.: 092  Vol.: 0.500  Ch.: 0.2000  Obj.: 42.3
2019-09-02 16:20:18,726 - TOPOPT - INFO - Ite.: 093  Vol.: 0.500  Ch.: 0.2000  Obj.: 42.3
2019-09-02 16:20:19,210 - TOPOPT - INFO - Ite.: 094  Vol.: 0.500  Ch.: 0.1976  Obj.: 42.3
2019-09-02 16:20:19,763 - TOPOPT - INFO - Ite.: 095  Vol.: 0.500  Ch.: 0.0806  Obj.: 42.3
2019-09-02 16:20:20,309 - TOPOPT - INFO - Ite.: 096  Vol.: 0.500  Ch.: 0.0552  Obj.: 42.3
2019-09-02 16:20:20,842 - TOPOPT - INFO - Ite.: 097  Vol.: 0.500  Ch.: 0.0993  Obj.: 42.3
2019-09-02 16:20:21,388 - TOPOPT - INFO - Ite.: 098  Vol.: 0.500  Ch.: 0.1443  Obj.: 42.3
2019-09-02 16:20:21,971 - TOPOPT - INFO - Ite.: 099  Vol.: 0.500  Ch.: 0.1825  Obj.: 42.3
2019-09-02 16:20:22,542 - TOPOPT - INFO - Ite.: 100  Vol.: 0.500  Ch.: 0.2000  Obj.: 42.3
2019-09-02 16:20:23,076 - TOPOPT - INFO - Ite.: 101  Vol.: 0.500  Ch.: 0.2000  Obj.: 42.3
2019-09-02 16:20:23,670 - TOPOPT - INFO - Ite.: 102  Vol.: 0.500  Ch.: 0.2000  Obj.: 42.3
2019-09-02 16:20:24,243 - TOPOPT - INFO - Ite.: 103  Vol.: 0.500  Ch.: 0.1678  Obj.: 42.3
2019-09-02 16:20:24,743 - TOPOPT - INFO - Ite.: 104  Vol.: 0.500  Ch.: 0.0888  Obj.: 42.3
2019-09-02 16:20:25,286 - TOPOPT - INFO - Ite.: 105  Vol.: 0.500  Ch.: 0.0873  Obj.: 42.3
2019-09-02 16:20:25,836 - TOPOPT - INFO - Ite.: 106  Vol.: 0.500  Ch.: 0.1007  Obj.: 42.3
2019-09-02 16:20:26,367 - TOPOPT - INFO - Ite.: 107  Vol.: 0.500  Ch.: 0.1326  Obj.: 42.3
2019-09-02 16:20:26,931 - TOPOPT - INFO - Ite.: 108  Vol.: 0.500  Ch.: 0.1831  Obj.: 42.3
2019-09-02 16:20:27,394 - TOPOPT - INFO - Ite.: 109  Vol.: 0.500  Ch.: 0.1760  Obj.: 42.3
2019-09-02 16:20:27,954 - TOPOPT - INFO - Ite.: 110  Vol.: 0.500  Ch.: 0.1607  Obj.: 42.3
2019-09-02 16:20:28,512 - TOPOPT - INFO - Ite.: 111  Vol.: 0.500  Ch.: 0.1465  Obj.: 42.3
2019-09-02 16:20:29,015 - TOPOPT - INFO - Ite.: 112  Vol.: 0.500  Ch.: 0.2000  Obj.: 42.3
2019-09-02 16:20:29,542 - TOPOPT - INFO - Ite.: 113  Vol.: 0.500  Ch.: 0.1345  Obj.: 42.3
2019-09-02 16:20:30,102 - TOPOPT - INFO - Ite.: 114  Vol.: 0.500  Ch.: 0.1320  Obj.: 42.3
2019-09-02 16:20:30,641 - TOPOPT - INFO - Ite.: 115  Vol.: 0.500  Ch.: 0.1478  Obj.: 42.3
2019-09-02 16:20:31,186 - TOPOPT - INFO - Ite.: 116  Vol.: 0.500  Ch.: 0.1685  Obj.: 42.3
2019-09-02 16:20:31,671 - TOPOPT - INFO - Ite.: 117  Vol.: 0.500  Ch.: 0.2000  Obj.: 42.3
2019-09-02 16:20:32,273 - TOPOPT - INFO - Ite.: 118  Vol.: 0.500  Ch.: 0.2000  Obj.: 42.3
2019-09-02 16:20:32,826 - TOPOPT - INFO - Ite.: 119  Vol.: 0.500  Ch.: 0.1245  Obj.: 42.3
2019-09-02 16:20:33,390 - TOPOPT - INFO - Ite.: 120  Vol.: 0.500  Ch.: 0.1625  Obj.: 42.3
2019-09-02 16:20:33,907 - TOPOPT - INFO - Ite.: 121  Vol.: 0.500  Ch.: 0.1046  Obj.: 42.3
2019-09-02 16:20:34,411 - TOPOPT - INFO - Ite.: 122  Vol.: 0.500  Ch.: 0.1278  Obj.: 42.3
2019-09-02 16:20:34,937 - TOPOPT - INFO - Ite.: 123  Vol.: 0.500  Ch.: 0.1468  Obj.: 42.3
2019-09-02 16:20:35,474 - TOPOPT - INFO - Ite.: 124  Vol.: 0.500  Ch.: 0.1121  Obj.: 42.3
2019-09-02 16:20:35,986 - TOPOPT - INFO - Ite.: 125  Vol.: 0.500  Ch.: 0.0693  Obj.: 42.3
2019-09-02 16:20:36,572 - TOPOPT - INFO - Ite.: 126  Vol.: 0.500  Ch.: 0.0822  Obj.: 42.3
2019-09-02 16:20:37,065 - TOPOPT - INFO - Ite.: 127  Vol.: 0.500  Ch.: 0.1153  Obj.: 42.3
2019-09-02 16:20:37,589 - TOPOPT - INFO - Ite.: 128  Vol.: 0.500  Ch.: 0.1527  Obj.: 42.3
2019-09-02 16:20:38,145 - TOPOPT - INFO - Ite.: 129  Vol.: 0.500  Ch.: 0.1166  Obj.: 42.3
2019-09-02 16:20:38,624 - TOPOPT - INFO - Ite.: 130  Vol.: 0.500  Ch.: 0.0870  Obj.: 42.3
2019-09-02 16:20:39,292 - TOPOPT - INFO - Ite.: 131  Vol.: 0.500  Ch.: 0.0837  Obj.: 42.3
2019-09-02 16:20:39,884 - TOPOPT - INFO - Ite.: 132  Vol.: 0.500  Ch.: 0.0972  Obj.: 42.3
2019-09-02 16:20:40,516 - TOPOPT - INFO - Ite.: 133  Vol.: 0.500  Ch.: 0.1395  Obj.: 42.3
2019-09-02 16:20:41,128 - TOPOPT - INFO - Ite.: 134  Vol.: 0.500  Ch.: 0.2000  Obj.: 42.3
2019-09-02 16:20:41,714 - TOPOPT - INFO - Ite.: 135  Vol.: 0.500  Ch.: 0.2000  Obj.: 42.3
2019-09-02 16:20:42,381 - TOPOPT - INFO - Ite.: 136  Vol.: 0.500  Ch.: 0.1490  Obj.: 42.3
2019-09-02 16:20:42,946 - TOPOPT - INFO - Ite.: 137  Vol.: 0.500  Ch.: 0.2000  Obj.: 42.3
2019-09-02 16:20:43,543 - TOPOPT - INFO - Ite.: 138  Vol.: 0.500  Ch.: 0.2000  Obj.: 42.3
2019-09-02 16:20:44,141 - TOPOPT - INFO - Ite.: 139  Vol.: 0.500  Ch.: 0.2000  Obj.: 42.3
2019-09-02 16:20:44,703 - TOPOPT - INFO - Ite.: 140  Vol.: 0.500  Ch.: 0.2000  Obj.: 42.3
2019-09-02 16:20:45,368 - TOPOPT - INFO - Ite.: 141  Vol.: 0.500  Ch.: 0.1991  Obj.: 42.3
2019-09-02 16:20:46,006 - TOPOPT - INFO - Ite.: 142  Vol.: 0.500  Ch.: 0.2000  Obj.: 42.3
2019-09-02 16:20:46,611 - TOPOPT - INFO - Ite.: 143  Vol.: 0.500  Ch.: 0.1134  Obj.: 42.3
2019-09-02 16:20:47,293 - TOPOPT - INFO - Ite.: 144  Vol.: 0.500  Ch.: 0.1655  Obj.: 42.3
2019-09-02 16:20:47,982 - TOPOPT - INFO - Ite.: 145  Vol.: 0.500  Ch.: 0.2000  Obj.: 42.3
2019-09-02 16:20:48,506 - TOPOPT - INFO - Ite.: 146  Vol.: 0.500  Ch.: 0.1325  Obj.: 42.3
2019-09-02 16:20:49,115 - TOPOPT - INFO - Ite.: 147  Vol.: 0.500  Ch.: 0.0431  Obj.: 42.3
2019-09-02 16:20:49,660 - TOPOPT - INFO - Ite.: 148  Vol.: 0.500  Ch.: 0.0318  Obj.: 42.3
2019-09-02 16:20:50,253 - TOPOPT - INFO - Ite.: 149  Vol.: 0.500  Ch.: 0.0340  Obj.: 42.3
2019-09-02 16:20:50,835 - TOPOPT - INFO - Ite.: 150  Vol.: 0.500  Ch.: 0.0369  Obj.: 42.3
2019-09-02 16:20:51,342 - TOPOPT - INFO - Ite.: 151  Vol.: 0.500  Ch.: 0.1092  Obj.: 42.3
2019-09-02 16:20:51,938 - TOPOPT - INFO - Ite.: 152  Vol.: 0.500  Ch.: 0.1454  Obj.: 42.3
2019-09-02 16:20:52,476 - TOPOPT - INFO - Ite.: 153  Vol.: 0.500  Ch.: 0.1701  Obj.: 42.3
2019-09-02 16:20:53,052 - TOPOPT - INFO - Ite.: 154  Vol.: 0.500  Ch.: 0.2000  Obj.: 42.3
2019-09-02 16:20:53,677 - TOPOPT - INFO - Ite.: 155  Vol.: 0.500  Ch.: 0.2000  Obj.: 42.3
2019-09-02 16:20:54,262 - TOPOPT - INFO - Ite.: 156  Vol.: 0.500  Ch.: 0.1356  Obj.: 42.3
2019-09-02 16:20:54,835 - TOPOPT - INFO - Ite.: 157  Vol.: 0.500  Ch.: 0.0374  Obj.: 42.3
2019-09-02 16:20:55,359 - TOPOPT - INFO - Ite.: 158  Vol.: 0.500  Ch.: 0.0355  Obj.: 42.3
2019-09-02 16:20:55,941 - TOPOPT - INFO - Ite.: 159  Vol.: 0.500  Ch.: 0.0445  Obj.: 42.3
2019-09-02 16:20:56,483 - TOPOPT - INFO - Ite.: 160  Vol.: 0.500  Ch.: 0.0798  Obj.: 42.3
2019-09-02 16:20:57,055 - TOPOPT - INFO - Ite.: 161  Vol.: 0.500  Ch.: 0.1304  Obj.: 42.3
2019-09-02 16:20:57,555 - TOPOPT - INFO - Ite.: 162  Vol.: 0.500  Ch.: 0.1288  Obj.: 42.3
2019-09-02 16:20:58,102 - TOPOPT - INFO - Ite.: 163  Vol.: 0.500  Ch.: 0.1160  Obj.: 42.3
2019-09-02 16:20:58,611 - TOPOPT - INFO - Ite.: 164  Vol.: 0.500  Ch.: 0.1095  Obj.: 42.3
2019-09-02 16:20:59,230 - TOPOPT - INFO - Ite.: 165  Vol.: 0.500  Ch.: 0.1027  Obj.: 42.3
2019-09-02 16:20:59,790 - TOPOPT - INFO - Ite.: 166  Vol.: 0.500  Ch.: 0.0953  Obj.: 42.3
2019-09-02 16:21:00,369 - TOPOPT - INFO - Ite.: 167  Vol.: 0.500  Ch.: 0.0803  Obj.: 42.3
2019-09-02 16:21:01,000 - TOPOPT - INFO - Ite.: 168  Vol.: 0.500  Ch.: 0.0926  Obj.: 42.3
2019-09-02 16:21:01,535 - TOPOPT - INFO - Ite.: 169  Vol.: 0.500  Ch.: 0.1190  Obj.: 42.3
2019-09-02 16:21:02,144 - TOPOPT - INFO - Ite.: 170  Vol.: 0.500  Ch.: 0.1577  Obj.: 42.3
2019-09-02 16:21:02,661 - TOPOPT - INFO - Ite.: 171  Vol.: 0.500  Ch.: 0.1852  Obj.: 42.3
2019-09-02 16:21:03,259 - TOPOPT - INFO - Ite.: 172  Vol.: 0.500  Ch.: 0.0441  Obj.: 42.3
2019-09-02 16:21:03,793 - TOPOPT - INFO - Ite.: 173  Vol.: 0.500  Ch.: 0.0525  Obj.: 42.3
2019-09-02 16:21:04,368 - TOPOPT - INFO - Ite.: 174  Vol.: 0.500  Ch.: 0.0596  Obj.: 42.3
2019-09-02 16:21:04,980 - TOPOPT - INFO - Ite.: 175  Vol.: 0.500  Ch.: 0.0743  Obj.: 42.3
2019-09-02 16:21:05,526 - TOPOPT - INFO - Ite.: 176  Vol.: 0.500  Ch.: 0.0924  Obj.: 42.3
2019-09-02 16:21:06,131 - TOPOPT - INFO - Ite.: 177  Vol.: 0.500  Ch.: 0.0901  Obj.: 42.3
2019-09-02 16:21:06,720 - TOPOPT - INFO - Ite.: 178  Vol.: 0.500  Ch.: 0.1302  Obj.: 42.3
2019-09-02 16:21:07,345 - TOPOPT - INFO - Ite.: 179  Vol.: 0.500  Ch.: 0.1778  Obj.: 42.3
2019-09-02 16:21:07,865 - TOPOPT - INFO - Ite.: 180  Vol.: 0.500  Ch.: 0.1982  Obj.: 42.3
2019-09-02 16:21:08,471 - TOPOPT - INFO - Ite.: 181  Vol.: 0.500  Ch.: 0.2000  Obj.: 42.3
2019-09-02 16:21:09,071 - TOPOPT - INFO - Ite.: 182  Vol.: 0.500  Ch.: 0.1342  Obj.: 42.3
2019-09-02 16:21:09,648 - TOPOPT - INFO - Ite.: 183  Vol.: 0.500  Ch.: 0.2000  Obj.: 42.3
2019-09-02 16:21:10,230 - TOPOPT - INFO - Ite.: 184  Vol.: 0.500  Ch.: 0.2000  Obj.: 42.3
2019-09-02 16:21:10,734 - TOPOPT - INFO - Ite.: 185  Vol.: 0.500  Ch.: 0.2000  Obj.: 42.3
2019-09-02 16:21:11,372 - TOPOPT - INFO - Ite.: 186  Vol.: 0.500  Ch.: 0.1559  Obj.: 42.3
2019-09-02 16:21:11,953 - TOPOPT - INFO - Ite.: 187  Vol.: 0.500  Ch.: 0.1082  Obj.: 42.3
2019-09-02 16:21:12,470 - TOPOPT - INFO - Ite.: 188  Vol.: 0.500  Ch.: 0.0741  Obj.: 42.3
2019-09-02 16:21:13,095 - TOPOPT - INFO - Ite.: 189  Vol.: 0.500  Ch.: 0.0695  Obj.: 42.3
2019-09-02 16:21:13,608 - TOPOPT - INFO - Ite.: 190  Vol.: 0.500  Ch.: 0.0885  Obj.: 42.3
2019-09-02 16:21:14,164 - TOPOPT - INFO - Ite.: 191  Vol.: 0.500  Ch.: 0.0873  Obj.: 42.3
2019-09-02 16:21:14,770 - TOPOPT - INFO - Ite.: 192  Vol.: 0.500  Ch.: 0.0816  Obj.: 42.3
2019-09-02 16:21:15,322 - TOPOPT - INFO - Ite.: 193  Vol.: 0.500  Ch.: 0.1283  Obj.: 42.3
2019-09-02 16:21:15,869 - TOPOPT - INFO - Ite.: 194  Vol.: 0.500  Ch.: 0.2000  Obj.: 42.3
2019-09-02 16:21:16,436 - TOPOPT - INFO - Ite.: 195  Vol.: 0.500  Ch.: 0.1430  Obj.: 42.3
2019-09-02 16:21:16,990 - TOPOPT - INFO - Ite.: 196  Vol.: 0.500  Ch.: 0.1029  Obj.: 42.3
2019-09-02 16:21:17,522 - TOPOPT - INFO - Ite.: 197  Vol.: 0.500  Ch.: 0.1322  Obj.: 42.3
2019-09-02 16:21:18,105 - TOPOPT - INFO - Ite.: 198  Vol.: 0.500  Ch.: 0.1983  Obj.: 42.3
2019-09-02 16:21:18,716 - TOPOPT - INFO - Ite.: 199  Vol.: 0.500  Ch.: 0.2000  Obj.: 42.3
2019-09-02 16:21:19,234 - TOPOPT - INFO - Ite.: 200  Vol.: 0.500  Ch.: 0.1137  Obj.: 42.3
2019-09-02 16:21:19,838 - TOPOPT - INFO - Ite.: 201  Vol.: 0.500  Ch.: 0.0450  Obj.: 42.3
2019-09-02 16:21:20,394 - TOPOPT - INFO - Ite.: 202  Vol.: 0.500  Ch.: 0.0468  Obj.: 42.3
2019-09-02 16:21:20,913 - TOPOPT - INFO - Ite.: 203  Vol.: 0.500  Ch.: 0.0467  Obj.: 42.3
2019-09-02 16:21:21,520 - TOPOPT - INFO - Ite.: 204  Vol.: 0.500  Ch.: 0.0498  Obj.: 42.3
2019-09-02 16:21:22,069 - TOPOPT - INFO - Ite.: 205  Vol.: 0.500  Ch.: 0.0832  Obj.: 42.3
2019-09-02 16:21:22,661 - TOPOPT - INFO - Ite.: 206  Vol.: 0.500  Ch.: 0.0835  Obj.: 42.3
2019-09-02 16:21:23,190 - TOPOPT - INFO - Ite.: 207  Vol.: 0.500  Ch.: 0.0797  Obj.: 42.3
2019-09-02 16:21:23,773 - TOPOPT - INFO - Ite.: 208  Vol.: 0.500  Ch.: 0.1113  Obj.: 42.3
2019-09-02 16:21:24,388 - TOPOPT - INFO - Ite.: 209  Vol.: 0.500  Ch.: 0.1416  Obj.: 42.3
2019-09-02 16:21:24,936 - TOPOPT - INFO - Ite.: 210  Vol.: 0.500  Ch.: 0.2000  Obj.: 42.3
2019-09-02 16:21:25,489 - TOPOPT - INFO - Ite.: 211  Vol.: 0.500  Ch.: 0.2000  Obj.: 42.3
2019-09-02 16:21:26,073 - TOPOPT - INFO - Ite.: 212  Vol.: 0.500  Ch.: 0.2000  Obj.: 42.3
2019-09-02 16:21:26,654 - TOPOPT - INFO - Ite.: 213  Vol.: 0.500  Ch.: 0.2000  Obj.: 42.3
2019-09-02 16:21:27,230 - TOPOPT - INFO - Ite.: 214  Vol.: 0.500  Ch.: 0.1558  Obj.: 42.3
2019-09-02 16:21:27,772 - TOPOPT - INFO - Ite.: 215  Vol.: 0.500  Ch.: 0.2000  Obj.: 42.3
2019-09-02 16:21:28,348 - TOPOPT - INFO - Ite.: 216  Vol.: 0.500  Ch.: 0.2000  Obj.: 42.3
2019-09-02 16:21:28,936 - TOPOPT - INFO - Ite.: 217  Vol.: 0.500  Ch.: 0.2000  Obj.: 42.3
2019-09-02 16:21:29,461 - TOPOPT - INFO - Ite.: 218  Vol.: 0.500  Ch.: 0.2000  Obj.: 42.3
2019-09-02 16:21:30,161 - TOPOPT - INFO - Ite.: 219  Vol.: 0.500  Ch.: 0.2000  Obj.: 42.3
2019-09-02 16:21:30,891 - TOPOPT - INFO - Ite.: 220  Vol.: 0.500  Ch.: 0.0811  Obj.: 42.3
2019-09-02 16:21:31,573 - TOPOPT - INFO - Ite.: 221  Vol.: 0.500  Ch.: 0.0904  Obj.: 42.3
2019-09-02 16:21:32,183 - TOPOPT - INFO - Ite.: 222  Vol.: 0.500  Ch.: 0.0949  Obj.: 42.3
2019-09-02 16:21:32,874 - TOPOPT - INFO - Ite.: 223  Vol.: 0.500  Ch.: 0.0848  Obj.: 42.3
2019-09-02 16:21:33,536 - TOPOPT - INFO - Ite.: 224  Vol.: 0.500  Ch.: 0.0919  Obj.: 42.3
2019-09-02 16:21:34,161 - TOPOPT - INFO - Ite.: 225  Vol.: 0.500  Ch.: 0.1362  Obj.: 42.3
2019-09-02 16:21:34,887 - TOPOPT - INFO - Ite.: 226  Vol.: 0.500  Ch.: 0.2000  Obj.: 42.3
2019-09-02 16:21:35,546 - TOPOPT - INFO - Ite.: 227  Vol.: 0.500  Ch.: 0.1510  Obj.: 42.3
2019-09-02 16:21:36,161 - TOPOPT - INFO - Ite.: 228  Vol.: 0.500  Ch.: 0.1870  Obj.: 42.3
2019-09-02 16:21:36,842 - TOPOPT - INFO - Ite.: 229  Vol.: 0.500  Ch.: 0.0813  Obj.: 42.3
2019-09-02 16:21:37,520 - TOPOPT - INFO - Ite.: 230  Vol.: 0.500  Ch.: 0.1155  Obj.: 42.3
2019-09-02 16:21:38,180 - TOPOPT - INFO - Ite.: 231  Vol.: 0.500  Ch.: 0.1597  Obj.: 42.3
2019-09-02 16:21:38,905 - TOPOPT - INFO - Ite.: 232  Vol.: 0.500  Ch.: 0.1434  Obj.: 42.3
2019-09-02 16:21:39,565 - TOPOPT - INFO - Ite.: 233  Vol.: 0.500  Ch.: 0.0760  Obj.: 42.3
2019-09-02 16:21:40,210 - TOPOPT - INFO - Ite.: 234  Vol.: 0.500  Ch.: 0.0851  Obj.: 42.3
2019-09-02 16:21:40,825 - TOPOPT - INFO - Ite.: 235  Vol.: 0.500  Ch.: 0.0677  Obj.: 42.3
2019-09-02 16:21:41,532 - TOPOPT - INFO - Ite.: 236  Vol.: 0.500  Ch.: 0.0374  Obj.: 42.3
2019-09-02 16:21:42,131 - TOPOPT - INFO - Ite.: 237  Vol.: 0.500  Ch.: 0.0268  Obj.: 42.3
2019-09-02 16:21:42,815 - TOPOPT - INFO - Ite.: 238  Vol.: 0.500  Ch.: 0.0302  Obj.: 42.3
2019-09-02 16:21:43,523 - TOPOPT - INFO - Ite.: 239  Vol.: 0.500  Ch.: 0.0321  Obj.: 42.3
2019-09-02 16:21:44,154 - TOPOPT - INFO - Ite.: 240  Vol.: 0.500  Ch.: 0.0313  Obj.: 42.3
2019-09-02 16:21:44,838 - TOPOPT - INFO - Ite.: 241  Vol.: 0.500  Ch.: 0.0271  Obj.: 42.3
2019-09-02 16:21:45,397 - TOPOPT - INFO - Ite.: 242  Vol.: 0.500  Ch.: 0.0206  Obj.: 42.3
2019-09-02 16:21:46,016 - TOPOPT - INFO - Ite.: 243  Vol.: 0.500  Ch.: 0.0146  Obj.: 42.3
2019-09-02 16:21:46,625 - TOPOPT - INFO - Ite.: 244  Vol.: 0.500  Ch.: 0.0115  Obj.: 42.3
2019-09-02 16:21:47,167 - TOPOPT - INFO - Ite.: 245  Vol.: 0.500  Ch.: 0.0198  Obj.: 42.3
2019-09-02 16:21:47,752 - TOPOPT - INFO - Ite.: 246  Vol.: 0.500  Ch.: 0.0323  Obj.: 42.3
2019-09-02 16:21:48,361 - TOPOPT - INFO - Ite.: 247  Vol.: 0.500  Ch.: 0.0299  Obj.: 42.3
2019-09-02 16:21:48,940 - TOPOPT - INFO - Ite.: 248  Vol.: 0.500  Ch.: 0.0208  Obj.: 42.3
2019-09-02 16:21:49,500 - TOPOPT - INFO - Ite.: 249  Vol.: 0.500  Ch.: 0.0677  Obj.: 42.3
2019-09-02 16:21:50,053 - TOPOPT - INFO - Ite.: 250  Vol.: 0.500  Ch.: 0.1102  Obj.: 42.3
2019-09-02 16:21:50,648 - TOPOPT - INFO - Ite.: 251  Vol.: 0.500  Ch.: 0.1161  Obj.: 42.3
2019-09-02 16:21:51,236 - TOPOPT - INFO - Ite.: 252  Vol.: 0.500  Ch.: 0.1347  Obj.: 42.3
2019-09-02 16:21:51,795 - TOPOPT - INFO - Ite.: 253  Vol.: 0.500  Ch.: 0.2000  Obj.: 42.3
2019-09-02 16:21:52,430 - TOPOPT - INFO - Ite.: 254  Vol.: 0.500  Ch.: 0.2000  Obj.: 42.3
2019-09-02 16:21:53,026 - TOPOPT - INFO - Ite.: 255  Vol.: 0.500  Ch.: 0.1559  Obj.: 42.3
2019-09-02 16:21:53,671 - TOPOPT - INFO - Ite.: 256  Vol.: 0.500  Ch.: 0.0428  Obj.: 42.3
2019-09-02 16:21:54,351 - TOPOPT - INFO - Ite.: 257  Vol.: 0.500  Ch.: 0.0340  Obj.: 42.3
2019-09-02 16:21:55,003 - TOPOPT - INFO - Ite.: 258  Vol.: 0.500  Ch.: 0.0441  Obj.: 42.3
2019-09-02 16:21:55,674 - TOPOPT - INFO - Ite.: 259  Vol.: 0.500  Ch.: 0.0589  Obj.: 42.3
2019-09-02 16:21:56,198 - TOPOPT - INFO - Ite.: 260  Vol.: 0.500  Ch.: 0.0804  Obj.: 42.3
2019-09-02 16:21:56,746 - TOPOPT - INFO - Ite.: 261  Vol.: 0.500  Ch.: 0.1079  Obj.: 42.3
2019-09-02 16:21:57,346 - TOPOPT - INFO - Ite.: 262  Vol.: 0.500  Ch.: 0.1319  Obj.: 42.3
2019-09-02 16:21:57,930 - TOPOPT - INFO - Ite.: 263  Vol.: 0.500  Ch.: 0.1271  Obj.: 42.3
2019-09-02 16:21:58,539 - TOPOPT - INFO - Ite.: 264  Vol.: 0.500  Ch.: 0.1126  Obj.: 42.3
2019-09-02 16:21:59,069 - TOPOPT - INFO - Ite.: 265  Vol.: 0.500  Ch.: 0.1068  Obj.: 42.3
2019-09-02 16:21:59,586 - TOPOPT - INFO - Ite.: 266  Vol.: 0.500  Ch.: 0.1007  Obj.: 42.3
2019-09-02 16:22:00,180 - TOPOPT - INFO - Ite.: 267  Vol.: 0.500  Ch.: 0.0853  Obj.: 42.3
2019-09-02 16:22:00,730 - TOPOPT - INFO - Ite.: 268  Vol.: 0.500  Ch.: 0.0767  Obj.: 42.3
2019-09-02 16:22:01,332 - TOPOPT - INFO - Ite.: 269  Vol.: 0.500  Ch.: 0.0735  Obj.: 42.3
2019-09-02 16:22:01,891 - TOPOPT - INFO - Ite.: 270  Vol.: 0.500  Ch.: 0.0685  Obj.: 42.3
2019-09-02 16:22:02,523 - TOPOPT - INFO - Ite.: 271  Vol.: 0.500  Ch.: 0.0639  Obj.: 42.3
2019-09-02 16:22:03,091 - TOPOPT - INFO - Ite.: 272  Vol.: 0.500  Ch.: 0.0635  Obj.: 42.3
2019-09-02 16:22:03,680 - TOPOPT - INFO - Ite.: 273  Vol.: 0.500  Ch.: 0.0630  Obj.: 42.3
2019-09-02 16:22:04,260 - TOPOPT - INFO - Ite.: 274  Vol.: 0.500  Ch.: 0.0621  Obj.: 42.3
2019-09-02 16:22:04,796 - TOPOPT - INFO - Ite.: 275  Vol.: 0.500  Ch.: 0.0579  Obj.: 42.3
2019-09-02 16:22:05,346 - TOPOPT - INFO - Ite.: 276  Vol.: 0.500  Ch.: 0.0544  Obj.: 42.3
2019-09-02 16:22:05,940 - TOPOPT - INFO - Ite.: 277  Vol.: 0.500  Ch.: 0.0671  Obj.: 42.3
2019-09-02 16:22:06,494 - TOPOPT - INFO - Ite.: 278  Vol.: 0.500  Ch.: 0.1007  Obj.: 42.3
2019-09-02 16:22:07,115 - TOPOPT - INFO - Ite.: 279  Vol.: 0.500  Ch.: 0.1680  Obj.: 42.3
2019-09-02 16:22:07,670 - TOPOPT - INFO - Ite.: 280  Vol.: 0.500  Ch.: 0.2000  Obj.: 42.3
2019-09-02 16:22:08,316 - TOPOPT - INFO - Ite.: 281  Vol.: 0.500  Ch.: 0.1132  Obj.: 42.3
2019-09-02 16:22:08,849 - TOPOPT - INFO - Ite.: 282  Vol.: 0.500  Ch.: 0.1243  Obj.: 42.3
2019-09-02 16:22:09,440 - TOPOPT - INFO - Ite.: 283  Vol.: 0.500  Ch.: 0.1231  Obj.: 42.3
2019-09-02 16:22:10,036 - TOPOPT - INFO - Ite.: 284  Vol.: 0.500  Ch.: 0.0957  Obj.: 42.3
2019-09-02 16:22:10,558 - TOPOPT - INFO - Ite.: 285  Vol.: 0.500  Ch.: 0.1250  Obj.: 42.3
2019-09-02 16:22:11,214 - TOPOPT - INFO - Ite.: 286  Vol.: 0.500  Ch.: 0.1557  Obj.: 42.3
2019-09-02 16:22:11,805 - TOPOPT - INFO - Ite.: 287  Vol.: 0.500  Ch.: 0.1618  Obj.: 42.3
2019-09-02 16:22:12,444 - TOPOPT - INFO - Ite.: 288  Vol.: 0.500  Ch.: 0.1040  Obj.: 42.3
2019-09-02 16:22:12,970 - TOPOPT - INFO - Ite.: 289  Vol.: 0.500  Ch.: 0.0574  Obj.: 42.3
2019-09-02 16:22:13,592 - TOPOPT - INFO - Ite.: 290  Vol.: 0.500  Ch.: 0.0520  Obj.: 42.3
2019-09-02 16:22:14,155 - TOPOPT - INFO - Ite.: 291  Vol.: 0.500  Ch.: 0.0524  Obj.: 42.3
2019-09-02 16:22:14,661 - TOPOPT - INFO - Ite.: 292  Vol.: 0.500  Ch.: 0.0529  Obj.: 42.3
2019-09-02 16:22:15,269 - TOPOPT - INFO - Ite.: 293  Vol.: 0.500  Ch.: 0.0544  Obj.: 42.3
2019-09-02 16:22:15,861 - TOPOPT - INFO - Ite.: 294  Vol.: 0.500  Ch.: 0.0557  Obj.: 42.3
2019-09-02 16:22:16,408 - TOPOPT - INFO - Ite.: 295  Vol.: 0.500  Ch.: 0.0553  Obj.: 42.3
2019-09-02 16:22:17,051 - TOPOPT - INFO - Ite.: 296  Vol.: 0.500  Ch.: 0.0576  Obj.: 42.3
2019-09-02 16:22:17,592 - TOPOPT - INFO - Ite.: 297  Vol.: 0.500  Ch.: 0.0592  Obj.: 42.3
2019-09-02 16:22:18,198 - TOPOPT - INFO - Ite.: 298  Vol.: 0.500  Ch.: 0.0615  Obj.: 42.3
2019-09-02 16:22:18,776 - TOPOPT - INFO - Ite.: 299  Vol.: 0.500  Ch.: 0.0648  Obj.: 42.3
2019-09-02 16:22:19,367 - TOPOPT - INFO - Ite.: 300  Vol.: 0.500  Ch.: 0.0689  Obj.: 42.3
2019-09-02 16:22:19,993 - TOPOPT - INFO - Ite.: 301  Vol.: 0.500  Ch.: 0.0779  Obj.: 42.3
2019-09-02 16:22:20,551 - TOPOPT - INFO - Ite.: 302  Vol.: 0.500  Ch.: 0.0859  Obj.: 42.3
2019-09-02 16:22:21,190 - TOPOPT - INFO - Ite.: 303  Vol.: 0.500  Ch.: 0.0883  Obj.: 42.3
2019-09-02 16:22:21,801 - TOPOPT - INFO - Ite.: 304  Vol.: 0.500  Ch.: 0.1002  Obj.: 42.3
2019-09-02 16:22:22,405 - TOPOPT - INFO - Ite.: 305  Vol.: 0.500  Ch.: 0.1091  Obj.: 42.3
2019-09-02 16:22:23,094 - TOPOPT - INFO - Ite.: 306  Vol.: 0.500  Ch.: 0.1185  Obj.: 42.3
2019-09-02 16:22:23,637 - TOPOPT - INFO - Ite.: 307  Vol.: 0.500  Ch.: 0.1267  Obj.: 42.3
2019-09-02 16:22:24,226 - TOPOPT - INFO - Ite.: 308  Vol.: 0.500  Ch.: 0.1341  Obj.: 42.3
2019-09-02 16:22:24,868 - TOPOPT - INFO - Ite.: 309  Vol.: 0.500  Ch.: 0.1160  Obj.: 42.3
2019-09-02 16:22:25,486 - TOPOPT - INFO - Ite.: 310  Vol.: 0.500  Ch.: 0.1098  Obj.: 42.3
2019-09-02 16:22:26,079 - TOPOPT - INFO - Ite.: 311  Vol.: 0.500  Ch.: 0.1063  Obj.: 42.3
2019-09-02 16:22:26,628 - TOPOPT - INFO - Ite.: 312  Vol.: 0.500  Ch.: 0.0888  Obj.: 42.3
2019-09-02 16:22:27,177 - TOPOPT - INFO - Ite.: 313  Vol.: 0.500  Ch.: 0.0669  Obj.: 42.3
2019-09-02 16:22:27,755 - TOPOPT - INFO - Ite.: 314  Vol.: 0.500  Ch.: 0.0543  Obj.: 42.3
2019-09-02 16:22:28,361 - TOPOPT - INFO - Ite.: 315  Vol.: 0.500  Ch.: 0.0641  Obj.: 42.3
2019-09-02 16:22:29,028 - TOPOPT - INFO - Ite.: 316  Vol.: 0.500  Ch.: 0.0749  Obj.: 42.3
2019-09-02 16:22:29,539 - TOPOPT - INFO - Ite.: 317  Vol.: 0.500  Ch.: 0.0724  Obj.: 42.3
2019-09-02 16:22:30,102 - TOPOPT - INFO - Ite.: 318  Vol.: 0.500  Ch.: 0.0784  Obj.: 42.3
2019-09-02 16:22:30,655 - TOPOPT - INFO - Ite.: 319  Vol.: 0.500  Ch.: 0.0846  Obj.: 42.3
2019-09-02 16:22:31,269 - TOPOPT - INFO - Ite.: 320  Vol.: 0.500  Ch.: 0.0770  Obj.: 42.3
2019-09-02 16:22:31,924 - TOPOPT - INFO - Ite.: 321  Vol.: 0.500  Ch.: 0.0560  Obj.: 42.3
2019-09-02 16:22:32,578 - TOPOPT - INFO - Ite.: 322  Vol.: 0.500  Ch.: 0.0335  Obj.: 42.3
2019-09-02 16:22:33,233 - TOPOPT - INFO - Ite.: 323  Vol.: 0.500  Ch.: 0.0170  Obj.: 42.3
2019-09-02 16:22:33,888 - TOPOPT - INFO - Ite.: 324  Vol.: 0.500  Ch.: 0.0141  Obj.: 42.3
2019-09-02 16:22:34,461 - TOPOPT - INFO - Ite.: 325  Vol.: 0.500  Ch.: 0.0124  Obj.: 42.3
2019-09-02 16:22:35,069 - TOPOPT - INFO - Ite.: 326  Vol.: 0.500  Ch.: 0.0110  Obj.: 42.3
2019-09-02 16:22:35,635 - TOPOPT - INFO - Ite.: 327  Vol.: 0.500  Ch.: 0.0094  Obj.: 42.3
2019-09-02 16:22:36,247 - TOPOPT - INFO - Ite.: 328  Vol.: 0.500  Ch.: 0.0079  Obj.: 42.3
2019-09-02 16:22:36,790 - TOPOPT - INFO - Ite.: 329  Vol.: 0.500  Ch.: 0.0069  Obj.: 42.3
2019-09-02 16:22:37,358 - TOPOPT - INFO - Ite.: 330  Vol.: 0.500  Ch.: 0.0076  Obj.: 42.3
2019-09-02 16:22:37,987 - TOPOPT - INFO - Ite.: 331  Vol.: 0.500  Ch.: 0.0085  Obj.: 42.3
2019-09-02 16:22:38,823 - TOPOPT - INFO - Ite.: 332  Vol.: 0.500  Ch.: 0.0095  Obj.: 42.3
2019-09-02 16:22:39,608 - TOPOPT - INFO - Ite.: 333  Vol.: 0.500  Ch.: 0.0109  Obj.: 42.3
2019-09-02 16:22:40,296 - TOPOPT - INFO - Ite.: 334  Vol.: 0.500  Ch.: 0.0126  Obj.: 42.3
2019-09-02 16:22:40,904 - TOPOPT - INFO - Ite.: 335  Vol.: 0.500  Ch.: 0.0149  Obj.: 42.3
2019-09-02 16:22:41,538 - TOPOPT - INFO - Ite.: 336  Vol.: 0.500  Ch.: 0.0180  Obj.: 42.3
2019-09-02 16:22:42,142 - TOPOPT - INFO - Ite.: 337  Vol.: 0.500  Ch.: 0.0220  Obj.: 42.3
2019-09-02 16:22:42,730 - TOPOPT - INFO - Ite.: 338  Vol.: 0.500  Ch.: 0.0276  Obj.: 42.3
2019-09-02 16:22:43,316 - TOPOPT - INFO - Ite.: 339  Vol.: 0.500  Ch.: 0.0351  Obj.: 42.3
2019-09-02 16:22:43,960 - TOPOPT - INFO - Ite.: 340  Vol.: 0.500  Ch.: 0.0452  Obj.: 42.3
2019-09-02 16:22:44,471 - TOPOPT - INFO - Ite.: 341  Vol.: 0.500  Ch.: 0.0584  Obj.: 42.3
2019-09-02 16:22:45,023 - TOPOPT - INFO - Ite.: 342  Vol.: 0.500  Ch.: 0.0745  Obj.: 42.3
2019-09-02 16:22:45,641 - TOPOPT - INFO - Ite.: 343  Vol.: 0.500  Ch.: 0.0903  Obj.: 42.3
2019-09-02 16:22:46,203 - TOPOPT - INFO - Ite.: 344  Vol.: 0.500  Ch.: 0.0983  Obj.: 42.3
2019-09-02 16:22:46,819 - TOPOPT - INFO - Ite.: 345  Vol.: 0.500  Ch.: 0.0821  Obj.: 42.3
2019-09-02 16:22:47,342 - TOPOPT - INFO - Ite.: 346  Vol.: 0.500  Ch.: 0.0378  Obj.: 42.3
2019-09-02 16:22:47,963 - TOPOPT - INFO - Ite.: 347  Vol.: 0.500  Ch.: 0.0302  Obj.: 42.3
2019-09-02 16:22:48,543 - TOPOPT - INFO - Ite.: 348  Vol.: 0.500  Ch.: 0.0258  Obj.: 42.3
2019-09-02 16:22:49,109 - TOPOPT - INFO - Ite.: 349  Vol.: 0.500  Ch.: 0.0231  Obj.: 42.3
2019-09-02 16:22:49,723 - TOPOPT - INFO - Ite.: 350  Vol.: 0.500  Ch.: 0.0215  Obj.: 42.3
2019-09-02 16:22:50,253 - TOPOPT - INFO - Ite.: 351  Vol.: 0.500  Ch.: 0.0205  Obj.: 42.3
2019-09-02 16:22:50,828 - TOPOPT - INFO - Ite.: 352  Vol.: 0.500  Ch.: 0.0227  Obj.: 42.3
2019-09-02 16:22:51,457 - TOPOPT - INFO - Ite.: 353  Vol.: 0.500  Ch.: 0.0255  Obj.: 42.3
2019-09-02 16:22:52,036 - TOPOPT - INFO - Ite.: 354  Vol.: 0.500  Ch.: 0.0279  Obj.: 42.3
2019-09-02 16:22:52,658 - TOPOPT - INFO - Ite.: 355  Vol.: 0.500  Ch.: 0.0294  Obj.: 42.3
2019-09-02 16:22:53,226 - TOPOPT - INFO - Ite.: 356  Vol.: 0.500  Ch.: 0.0293  Obj.: 42.3
2019-09-02 16:22:53,877 - TOPOPT - INFO - Ite.: 357  Vol.: 0.500  Ch.: 0.0272  Obj.: 42.3
2019-09-02 16:22:54,490 - TOPOPT - INFO - Ite.: 358  Vol.: 0.500  Ch.: 0.0280  Obj.: 42.3
2019-09-02 16:22:55,151 - TOPOPT - INFO - Ite.: 359  Vol.: 0.500  Ch.: 0.0308  Obj.: 42.3
2019-09-02 16:22:55,782 - TOPOPT - INFO - Ite.: 360  Vol.: 0.500  Ch.: 0.0336  Obj.: 42.3
2019-09-02 16:22:56,526 - TOPOPT - INFO - Ite.: 361  Vol.: 0.500  Ch.: 0.0362  Obj.: 42.3
2019-09-02 16:22:57,167 - TOPOPT - INFO - Ite.: 362  Vol.: 0.500  Ch.: 0.0382  Obj.: 42.3
2019-09-02 16:22:57,773 - TOPOPT - INFO - Ite.: 363  Vol.: 0.500  Ch.: 0.0389  Obj.: 42.3
2019-09-02 16:22:58,361 - TOPOPT - INFO - Ite.: 364  Vol.: 0.500  Ch.: 0.0374  Obj.: 42.3
2019-09-02 16:22:59,105 - TOPOPT - INFO - Ite.: 365  Vol.: 0.500  Ch.: 0.0338  Obj.: 42.3
2019-09-02 16:22:59,878 - TOPOPT - INFO - Ite.: 366  Vol.: 0.500  Ch.: 0.0285  Obj.: 42.3
2019-09-02 16:23:00,457 - TOPOPT - INFO - Ite.: 367  Vol.: 0.500  Ch.: 0.0225  Obj.: 42.3
2019-09-02 16:23:01,095 - TOPOPT - INFO - Ite.: 368  Vol.: 0.500  Ch.: 0.0226  Obj.: 42.3
2019-09-02 16:23:01,732 - TOPOPT - INFO - Ite.: 369  Vol.: 0.500  Ch.: 0.0257  Obj.: 42.3
2019-09-02 16:23:02,295 - TOPOPT - INFO - Ite.: 370  Vol.: 0.500  Ch.: 0.0298  Obj.: 42.3
2019-09-02 16:23:02,904 - TOPOPT - INFO - Ite.: 371  Vol.: 0.500  Ch.: 0.0354  Obj.: 42.3
2019-09-02 16:23:03,546 - TOPOPT - INFO - Ite.: 372  Vol.: 0.500  Ch.: 0.0430  Obj.: 42.3
2019-09-02 16:23:04,127 - TOPOPT - INFO - Ite.: 373  Vol.: 0.500  Ch.: 0.0520  Obj.: 42.3
2019-09-02 16:23:04,717 - TOPOPT - INFO - Ite.: 374  Vol.: 0.500  Ch.: 0.0644  Obj.: 42.3
2019-09-02 16:23:05,247 - TOPOPT - INFO - Ite.: 375  Vol.: 0.500  Ch.: 0.0817  Obj.: 42.3
2019-09-02 16:23:05,890 - TOPOPT - INFO - Ite.: 376  Vol.: 0.500  Ch.: 0.0997  Obj.: 42.3
2019-09-02 16:23:06,628 - TOPOPT - INFO - Ite.: 377  Vol.: 0.500  Ch.: 0.1019  Obj.: 42.3
2019-09-02 16:23:07,292 - TOPOPT - INFO - Ite.: 378  Vol.: 0.500  Ch.: 0.0719  Obj.: 42.3
2019-09-02 16:23:07,825 - TOPOPT - INFO - Ite.: 379  Vol.: 0.500  Ch.: 0.0421  Obj.: 42.3
2019-09-02 16:23:08,503 - TOPOPT - INFO - Ite.: 380  Vol.: 0.500  Ch.: 0.0357  Obj.: 42.3
2019-09-02 16:23:09,115 - TOPOPT - INFO - Ite.: 381  Vol.: 0.500  Ch.: 0.0293  Obj.: 42.3
2019-09-02 16:23:09,671 - TOPOPT - INFO - Ite.: 382  Vol.: 0.500  Ch.: 0.0272  Obj.: 42.3
2019-09-02 16:23:10,301 - TOPOPT - INFO - Ite.: 383  Vol.: 0.500  Ch.: 0.0267  Obj.: 42.3
2019-09-02 16:23:10,835 - TOPOPT - INFO - Ite.: 384  Vol.: 0.500  Ch.: 0.0266  Obj.: 42.3
2019-09-02 16:23:11,506 - TOPOPT - INFO - Ite.: 385  Vol.: 0.500  Ch.: 0.0263  Obj.: 42.3
2019-09-02 16:23:12,055 - TOPOPT - INFO - Ite.: 386  Vol.: 0.500  Ch.: 0.0252  Obj.: 42.3
2019-09-02 16:23:12,619 - TOPOPT - INFO - Ite.: 387  Vol.: 0.500  Ch.: 0.0232  Obj.: 42.3
2019-09-02 16:23:13,256 - TOPOPT - INFO - Ite.: 388  Vol.: 0.500  Ch.: 0.0201  Obj.: 42.3
2019-09-02 16:23:13,973 - TOPOPT - INFO - Ite.: 389  Vol.: 0.500  Ch.: 0.0164  Obj.: 42.3
2019-09-02 16:23:14,746 - TOPOPT - INFO - Ite.: 390  Vol.: 0.500  Ch.: 0.0125  Obj.: 42.3
2019-09-02 16:23:15,289 - TOPOPT - INFO - Ite.: 391  Vol.: 0.500  Ch.: 0.0100  Obj.: 42.3
2019-09-02 16:23:15,908 - TOPOPT - INFO - Ite.: 392  Vol.: 0.500  Ch.: 0.0108  Obj.: 42.3
2019-09-02 16:23:16,411 - TOPOPT - INFO - Ite.: 393  Vol.: 0.500  Ch.: 0.0116  Obj.: 42.3
2019-09-02 16:23:16,996 - TOPOPT - INFO - Ite.: 394  Vol.: 0.500  Ch.: 0.0125  Obj.: 42.3
2019-09-02 16:23:17,553 - TOPOPT - INFO - Ite.: 395  Vol.: 0.500  Ch.: 0.0134  Obj.: 42.3
2019-09-02 16:23:18,141 - TOPOPT - INFO - Ite.: 396  Vol.: 0.500  Ch.: 0.0143  Obj.: 42.3
2019-09-02 16:23:18,690 - TOPOPT - INFO - Ite.: 397  Vol.: 0.500  Ch.: 0.0152  Obj.: 42.3
2019-09-02 16:23:19,246 - TOPOPT - INFO - Ite.: 398  Vol.: 0.500  Ch.: 0.0158  Obj.: 42.3
2019-09-02 16:23:19,855 - TOPOPT - INFO - Ite.: 399  Vol.: 0.500  Ch.: 0.0163  Obj.: 42.3
2019-09-02 16:23:20,486 - TOPOPT - INFO - Ite.: 400  Vol.: 0.500  Ch.: 0.0163  Obj.: 42.3
2019-09-02 16:23:21,098 - TOPOPT - INFO - Ite.: 401  Vol.: 0.500  Ch.: 0.0160  Obj.: 42.3
2019-09-02 16:23:21,869 - TOPOPT - INFO - Ite.: 402  Vol.: 0.500  Ch.: 0.0158  Obj.: 42.3
2019-09-02 16:23:22,421 - TOPOPT - INFO - Ite.: 403  Vol.: 0.500  Ch.: 0.0151  Obj.: 42.3
2019-09-02 16:23:23,061 - TOPOPT - INFO - Ite.: 404  Vol.: 0.500  Ch.: 0.0137  Obj.: 42.3
2019-09-02 16:23:23,641 - TOPOPT - INFO - Ite.: 405  Vol.: 0.500  Ch.: 0.0121  Obj.: 42.3
2019-09-02 16:23:24,306 - TOPOPT - INFO - Ite.: 406  Vol.: 0.500  Ch.: 0.0103  Obj.: 42.3
2019-09-02 16:23:24,940 - TOPOPT - INFO - Ite.: 407  Vol.: 0.500  Ch.: 0.0086  Obj.: 42.3
2019-09-02 16:23:25,469 - TOPOPT - INFO - Ite.: 408  Vol.: 0.500  Ch.: 0.0069  Obj.: 42.3
2019-09-02 16:23:26,049 - TOPOPT - INFO - Ite.: 409  Vol.: 0.500  Ch.: 0.0055  Obj.: 42.3
2019-09-02 16:23:26,780 - TOPOPT - INFO - Ite.: 410  Vol.: 0.500  Ch.: 0.0043  Obj.: 42.3
2019-09-02 16:23:27,437 - TOPOPT - INFO - Ite.: 411  Vol.: 0.500  Ch.: 0.0034  Obj.: 42.3
2019-09-02 16:23:28,036 - TOPOPT - INFO - Ite.: 412  Vol.: 0.500  Ch.: 0.0026  Obj.: 42.3
2019-09-02 16:23:28,592 - TOPOPT - INFO - Ite.: 413  Vol.: 0.500  Ch.: 0.0020  Obj.: 42.3
2019-09-02 16:23:29,298 - TOPOPT - INFO - Ite.: 414  Vol.: 0.500  Ch.: 0.0016  Obj.: 42.3
2019-09-02 16:23:29,934 - TOPOPT - INFO - Ite.: 415  Vol.: 0.500  Ch.: 0.0013  Obj.: 42.3
2019-09-02 16:23:30,496 - TOPOPT - INFO - Ite.: 416  Vol.: 0.500  Ch.: 0.0012  Obj.: 42.3
2019-09-02 16:23:31,082 - TOPOPT - INFO - Ite.: 417  Vol.: 0.500  Ch.: 0.0012  Obj.: 42.3
2019-09-02 16:23:31,713 - TOPOPT - INFO - Ite.: 418  Vol.: 0.500  Ch.: 0.0011  Obj.: 42.3
2019-09-02 16:23:32,404 - TOPOPT - INFO - Ite.: 419  Vol.: 0.500  Ch.: 0.0009  Obj.: 42.3
2019-09-02 16:23:32,733 - TOPOPT - INFO - Ite.: 420  Convergence criterion reached

2019-09-02 16:23:32,733 - TOPOPT - INFO - FINAL OBJECTIVE FUNCTION VALUE     :   47.1691681679

2019-09-02 16:23:32,734 - TOPOPT - INFO - Black and white filtering data for different threshold values
2019-09-02 16:23:33,355 - TOPOPT - INFO - Threshold value            :   0.1
2019-09-02 16:23:33,357 - TOPOPT - INFO - Volume fraction            :   0.516965936708
2019-09-02 16:23:33,368 - TOPOPT - INFO - Objective function value   :   47.0265465972

2019-09-02 16:23:34,157 - TOPOPT - INFO - Threshold value            :   0.2
2019-09-02 16:23:34,158 - TOPOPT - INFO - Volume fraction            :   0.510367908196
2019-09-02 16:23:34,158 - TOPOPT - INFO - Objective function value   :   47.0738092495

2019-09-02 16:23:34,857 - TOPOPT - INFO - Threshold value            :   0.3
2019-09-02 16:23:34,859 - TOPOPT - INFO - Volume fraction            :   0.503655978458
2019-09-02 16:23:34,861 - TOPOPT - INFO - Objective function value   :   47.1131820977

2019-09-02 16:23:35,526 - TOPOPT - INFO - Threshold value            :   0.4
2019-09-02 16:23:35,526 - TOPOPT - INFO - Volume fraction            :   0.499933527058
2019-09-02 16:23:35,526 - TOPOPT - INFO - Objective function value   :   47.1263176657

2019-09-02 16:23:36,111 - TOPOPT - INFO - Threshold value            :   0.5
2019-09-02 16:23:36,117 - TOPOPT - INFO - Volume fraction            :   0.497954528743
2019-09-02 16:23:36,121 - TOPOPT - INFO - Objective function value   :   47.1372874853

2019-09-02 16:23:36,881 - TOPOPT - INFO - Threshold value            :   0.6
2019-09-02 16:23:36,881 - TOPOPT - INFO - Volume fraction            :   0.496016348089
2019-09-02 16:23:36,882 - TOPOPT - INFO - Objective function value   :   47.1585333835

2019-09-02 16:23:37,545 - TOPOPT - INFO - Threshold value            :   0.7
2019-09-02 16:23:37,545 - TOPOPT - INFO - Volume fraction            :   0.493911325787
2019-09-02 16:23:37,555 - TOPOPT - INFO - Objective function value   :   47.1950216074

2019-09-02 16:23:38,315 - TOPOPT - INFO - Threshold value            :   0.8
2019-09-02 16:23:38,319 - TOPOPT - INFO - Volume fraction            :   0.491754102641
2019-09-02 16:23:38,319 - TOPOPT - INFO - Objective function value   :   47.2810423452

2019-09-02 16:23:39,109 - TOPOPT - INFO - Threshold value            :   0.9
2019-09-02 16:23:39,111 - TOPOPT - INFO - Volume fraction            :   0.487821634398
2019-09-02 16:23:39,111 - TOPOPT - INFO - Objective function value   :   47.6191563832

2019-09-02 16:23:39,112 - TOPOPT - INFO - OPTIMIZATION FINISHED IN 248 SEC. /// 4 MIN.

2019-09-02 16:23:39,112 - TOPOPT - INFO - END OF THE MAIN PROGRAM
