2020-06-30 12:28:39,993 - TOPOPT - INFO - START OF THE MAIN PROGRAM

2020-06-30 12:28:40,009 - TOPOPT - INFO - Total number of finite elements            :   1512
2020-06-30 12:28:40,009 - TOPOPT - INFO - Number of finite elements for filament     :   1512
2020-06-30 12:28:40,009 - TOPOPT - INFO - Number of finite elements for connection   :   0
2020-06-30 12:28:40,010 - TOPOPT - INFO - Total number of design variables           :   1512
2020-06-30 12:28:40,010 - TOPOPT - INFO - Total number of nodes                      :   625
2020-06-30 12:28:40,010 - TOPOPT - INFO - Total degrees of freedom                   :   3750
2020-06-30 12:28:40,010 - TOPOPT - INFO - Number of free degrees of freedom          :   3651
2020-06-30 12:28:40,010 - TOPOPT - INFO - Volume fraction                            :   0.3
2020-06-30 12:28:40,011 - TOPOPT - INFO - Penalty factor                             :   3.0
2020-06-30 12:28:40,011 - TOPOPT - INFO - Continuation step                          :   True
2020-06-30 12:28:40,011 - TOPOPT - INFO - Filter length                              :   20.0
2020-06-30 12:28:40,011 - TOPOPT - INFO - Filter approach                            :   SENS
2020-06-30 12:28:40,011 - TOPOPT - INFO - Maximum number of iterations               :   1000.0
2020-06-30 12:28:40,011 - TOPOPT - INFO - Tolerance (max. density change)            :   0.001
2020-06-30 12:28:40,012 - TOPOPT - INFO - Maximum Young's modulus for fil (if x_i=1) :   1.0
2020-06-30 12:28:40,012 - TOPOPT - INFO - Minimum Young's modulus for fil (if x_i=0) :   1e-09
2020-06-30 12:28:40,012 - TOPOPT - INFO - Maximum Young's modulus for con (if x_i=1) :   1.0
2020-06-30 12:28:40,012 - TOPOPT - INFO - Minimum Young's modulus for con (if x_i=0) :   1e-09

2020-06-30 12:28:40,108 - TOPOPT - INFO - Scaling factor for objective function f0   :   0.000
2020-06-30 12:28:40,108 - TOPOPT - INFO - Scaling factor for constraint function f1  :   1512.000

2020-06-30 12:28:40,176 - TOPOPT - INFO - Ite.: 000  Vol.: 0.300  Ch.: 0.0000  Obj.: 833.3
2020-06-30 12:28:40,253 - TOPOPT - INFO - Ite.: 001  Vol.: 0.300  Ch.: 0.2000  Obj.: 58.0
2020-06-30 12:28:40,324 - TOPOPT - INFO - Ite.: 002  Vol.: 0.300  Ch.: 0.2000  Obj.: 52.3
2020-06-30 12:28:40,382 - TOPOPT - INFO - Ite.: 003  Vol.: 0.300  Ch.: 0.1512  Obj.: 49.9
2020-06-30 12:28:40,442 - TOPOPT - INFO - Ite.: 004  Vol.: 0.300  Ch.: 0.1115  Obj.: 48.7
2020-06-30 12:28:40,496 - TOPOPT - INFO - Ite.: 005  Vol.: 0.300  Ch.: 0.0750  Obj.: 48.1
2020-06-30 12:28:40,553 - TOPOPT - INFO - Ite.: 006  Vol.: 0.300  Ch.: 0.0699  Obj.: 47.7
2020-06-30 12:28:40,609 - TOPOPT - INFO - Ite.: 007  Vol.: 0.300  Ch.: 0.0568  Obj.: 47.5
2020-06-30 12:28:40,664 - TOPOPT - INFO - Ite.: 008  Vol.: 0.300  Ch.: 0.0409  Obj.: 47.3
2020-06-30 12:28:40,718 - TOPOPT - INFO - Ite.: 009  Vol.: 0.300  Ch.: 0.0409  Obj.: 47.2
2020-06-30 12:28:40,770 - TOPOPT - INFO - Ite.: 010  Vol.: 0.300  Ch.: 0.0381  Obj.: 47.1
2020-06-30 12:28:40,839 - TOPOPT - INFO - Ite.: 011  Vol.: 0.300  Ch.: 0.0374  Obj.: 47.1
2020-06-30 12:28:40,894 - TOPOPT - INFO - Ite.: 012  Vol.: 0.300  Ch.: 0.0308  Obj.: 47.0
2020-06-30 12:28:40,969 - TOPOPT - INFO - Ite.: 013  Vol.: 0.300  Ch.: 0.0247  Obj.: 47.0
2020-06-30 12:28:41,028 - TOPOPT - INFO - Ite.: 014  Vol.: 0.300  Ch.: 0.0202  Obj.: 46.9
2020-06-30 12:28:41,092 - TOPOPT - INFO - Ite.: 015  Vol.: 0.300  Ch.: 0.0174  Obj.: 46.9
2020-06-30 12:28:41,150 - TOPOPT - INFO - Ite.: 016  Vol.: 0.300  Ch.: 0.0164  Obj.: 46.9
2020-06-30 12:28:41,206 - TOPOPT - INFO - Ite.: 017  Vol.: 0.300  Ch.: 0.0169  Obj.: 46.9
2020-06-30 12:28:41,262 - TOPOPT - INFO - Ite.: 018  Vol.: 0.300  Ch.: 0.0172  Obj.: 46.8
2020-06-30 12:28:41,316 - TOPOPT - INFO - Ite.: 019  Vol.: 0.300  Ch.: 0.0175  Obj.: 46.8
2020-06-30 12:28:41,371 - TOPOPT - INFO - Ite.: 020  Vol.: 0.300  Ch.: 0.0177  Obj.: 46.8
2020-06-30 12:28:41,425 - TOPOPT - INFO - Ite.: 021  Vol.: 0.300  Ch.: 0.0179  Obj.: 47.3
2020-06-30 12:28:41,479 - TOPOPT - INFO - Ite.: 022  Vol.: 0.300  Ch.: 0.0202  Obj.: 47.8
2020-06-30 12:28:41,536 - TOPOPT - INFO - Ite.: 023  Vol.: 0.300  Ch.: 0.0239  Obj.: 48.3
2020-06-30 12:28:41,590 - TOPOPT - INFO - Ite.: 024  Vol.: 0.300  Ch.: 0.0287  Obj.: 48.8
2020-06-30 12:28:41,649 - TOPOPT - INFO - Ite.: 025  Vol.: 0.300  Ch.: 0.0350  Obj.: 49.2
2020-06-30 12:28:41,711 - TOPOPT - INFO - Ite.: 026  Vol.: 0.300  Ch.: 0.0431  Obj.: 49.7
2020-06-30 12:28:41,764 - TOPOPT - INFO - Ite.: 027  Vol.: 0.300  Ch.: 0.0533  Obj.: 50.1
2020-06-30 12:28:41,822 - TOPOPT - INFO - Ite.: 028  Vol.: 0.300  Ch.: 0.0589  Obj.: 50.5
2020-06-30 12:28:41,889 - TOPOPT - INFO - Ite.: 029  Vol.: 0.300  Ch.: 0.0544  Obj.: 50.9
2020-06-30 12:28:41,944 - TOPOPT - INFO - Ite.: 030  Vol.: 0.300  Ch.: 0.0436  Obj.: 51.3
2020-06-30 12:28:41,999 - TOPOPT - INFO - Ite.: 031  Vol.: 0.300  Ch.: 0.0445  Obj.: 51.6
2020-06-30 12:28:42,060 - TOPOPT - INFO - Ite.: 032  Vol.: 0.300  Ch.: 0.0544  Obj.: 51.9
2020-06-30 12:28:42,116 - TOPOPT - INFO - Ite.: 033  Vol.: 0.300  Ch.: 0.0648  Obj.: 52.0
2020-06-30 12:28:42,168 - TOPOPT - INFO - Ite.: 034  Vol.: 0.300  Ch.: 0.0764  Obj.: 52.1
2020-06-30 12:28:42,221 - TOPOPT - INFO - Ite.: 035  Vol.: 0.300  Ch.: 0.0782  Obj.: 52.0
2020-06-30 12:28:42,273 - TOPOPT - INFO - Ite.: 036  Vol.: 0.300  Ch.: 0.0809  Obj.: 51.9
2020-06-30 12:28:42,323 - TOPOPT - INFO - Ite.: 037  Vol.: 0.300  Ch.: 0.0791  Obj.: 51.7
2020-06-30 12:28:42,379 - TOPOPT - INFO - Ite.: 038  Vol.: 0.300  Ch.: 0.0857  Obj.: 51.5
2020-06-30 12:28:42,449 - TOPOPT - INFO - Ite.: 039  Vol.: 0.300  Ch.: 0.0995  Obj.: 51.4
2020-06-30 12:28:42,501 - TOPOPT - INFO - Ite.: 040  Vol.: 0.300  Ch.: 0.0865  Obj.: 51.3
2020-06-30 12:28:42,554 - TOPOPT - INFO - Ite.: 041  Vol.: 0.300  Ch.: 0.0759  Obj.: 51.2
2020-06-30 12:28:42,609 - TOPOPT - INFO - Ite.: 042  Vol.: 0.300  Ch.: 0.0670  Obj.: 51.2
2020-06-30 12:28:42,669 - TOPOPT - INFO - Ite.: 043  Vol.: 0.300  Ch.: 0.0571  Obj.: 51.2
2020-06-30 12:28:42,742 - TOPOPT - INFO - Ite.: 044  Vol.: 0.300  Ch.: 0.0457  Obj.: 51.1
2020-06-30 12:28:42,822 - TOPOPT - INFO - Ite.: 045  Vol.: 0.300  Ch.: 0.0455  Obj.: 51.2
2020-06-30 12:28:42,901 - TOPOPT - INFO - Ite.: 046  Vol.: 0.300  Ch.: 0.0493  Obj.: 51.2
2020-06-30 12:28:42,976 - TOPOPT - INFO - Ite.: 047  Vol.: 0.300  Ch.: 0.0518  Obj.: 51.2
2020-06-30 12:28:43,039 - TOPOPT - INFO - Ite.: 048  Vol.: 0.300  Ch.: 0.0543  Obj.: 51.2
2020-06-30 12:28:43,123 - TOPOPT - INFO - Ite.: 049  Vol.: 0.300  Ch.: 0.0565  Obj.: 51.2
2020-06-30 12:28:43,196 - TOPOPT - INFO - Ite.: 050  Vol.: 0.300  Ch.: 0.0582  Obj.: 51.2
2020-06-30 12:28:43,255 - TOPOPT - INFO - Ite.: 051  Vol.: 0.300  Ch.: 0.0596  Obj.: 51.2
2020-06-30 12:28:43,307 - TOPOPT - INFO - Ite.: 052  Vol.: 0.300  Ch.: 0.0595  Obj.: 51.2
2020-06-30 12:28:43,376 - TOPOPT - INFO - Ite.: 053  Vol.: 0.300  Ch.: 0.0544  Obj.: 51.2
2020-06-30 12:28:43,453 - TOPOPT - INFO - Ite.: 054  Vol.: 0.300  Ch.: 0.0411  Obj.: 51.2
2020-06-30 12:28:43,522 - TOPOPT - INFO - Ite.: 055  Vol.: 0.300  Ch.: 0.0223  Obj.: 51.3
2020-06-30 12:28:43,573 - TOPOPT - INFO - Ite.: 056  Vol.: 0.300  Ch.: 0.0135  Obj.: 51.3
2020-06-30 12:28:43,629 - TOPOPT - INFO - Ite.: 057  Vol.: 0.300  Ch.: 0.0168  Obj.: 51.4
2020-06-30 12:28:43,680 - TOPOPT - INFO - Ite.: 058  Vol.: 0.300  Ch.: 0.0211  Obj.: 51.4
2020-06-30 12:28:43,733 - TOPOPT - INFO - Ite.: 059  Vol.: 0.300  Ch.: 0.0220  Obj.: 51.5
2020-06-30 12:28:43,786 - TOPOPT - INFO - Ite.: 060  Vol.: 0.300  Ch.: 0.0234  Obj.: 51.5
2020-06-30 12:28:43,845 - TOPOPT - INFO - Ite.: 061  Vol.: 0.300  Ch.: 0.0227  Obj.: 51.6
2020-06-30 12:28:43,898 - TOPOPT - INFO - Ite.: 062  Vol.: 0.300  Ch.: 0.0231  Obj.: 51.6
2020-06-30 12:28:43,964 - TOPOPT - INFO - Ite.: 063  Vol.: 0.300  Ch.: 0.0209  Obj.: 51.6
2020-06-30 12:28:44,028 - TOPOPT - INFO - Ite.: 064  Vol.: 0.300  Ch.: 0.0182  Obj.: 51.7
2020-06-30 12:28:44,085 - TOPOPT - INFO - Ite.: 065  Vol.: 0.300  Ch.: 0.0143  Obj.: 51.7
2020-06-30 12:28:44,144 - TOPOPT - INFO - Ite.: 066  Vol.: 0.300  Ch.: 0.0125  Obj.: 51.8
2020-06-30 12:28:44,198 - TOPOPT - INFO - Ite.: 067  Vol.: 0.300  Ch.: 0.0111  Obj.: 51.8
2020-06-30 12:28:44,256 - TOPOPT - INFO - Ite.: 068  Vol.: 0.300  Ch.: 0.0108  Obj.: 51.9
2020-06-30 12:28:44,312 - TOPOPT - INFO - Ite.: 069  Vol.: 0.300  Ch.: 0.0093  Obj.: 51.9
2020-06-30 12:28:44,369 - TOPOPT - INFO - Ite.: 070  Vol.: 0.300  Ch.: 0.0090  Obj.: 52.0
2020-06-30 12:28:44,422 - TOPOPT - INFO - Ite.: 071  Vol.: 0.300  Ch.: 0.0090  Obj.: 52.0
2020-06-30 12:28:44,472 - TOPOPT - INFO - Ite.: 072  Vol.: 0.300  Ch.: 0.0089  Obj.: 52.1
2020-06-30 12:28:44,527 - TOPOPT - INFO - Ite.: 073  Vol.: 0.300  Ch.: 0.0092  Obj.: 52.2
2020-06-30 12:28:44,584 - TOPOPT - INFO - Ite.: 074  Vol.: 0.300  Ch.: 0.0092  Obj.: 52.2
2020-06-30 12:28:44,641 - TOPOPT - INFO - Ite.: 075  Vol.: 0.300  Ch.: 0.0094  Obj.: 52.3
2020-06-30 12:28:44,702 - TOPOPT - INFO - Ite.: 076  Vol.: 0.300  Ch.: 0.0098  Obj.: 52.3
2020-06-30 12:28:44,758 - TOPOPT - INFO - Ite.: 077  Vol.: 0.300  Ch.: 0.0089  Obj.: 52.3
2020-06-30 12:28:44,814 - TOPOPT - INFO - Ite.: 078  Vol.: 0.300  Ch.: 0.0073  Obj.: 52.4
2020-06-30 12:28:44,878 - TOPOPT - INFO - Ite.: 079  Vol.: 0.300  Ch.: 0.0061  Obj.: 52.4
2020-06-30 12:28:44,944 - TOPOPT - INFO - Ite.: 080  Vol.: 0.300  Ch.: 0.0054  Obj.: 52.4
2020-06-30 12:28:45,006 - TOPOPT - INFO - Ite.: 081  Vol.: 0.300  Ch.: 0.0047  Obj.: 52.4
2020-06-30 12:28:45,063 - TOPOPT - INFO - Ite.: 082  Vol.: 0.300  Ch.: 0.0043  Obj.: 52.4
2020-06-30 12:28:45,114 - TOPOPT - INFO - Ite.: 083  Vol.: 0.300  Ch.: 0.0040  Obj.: 52.4
2020-06-30 12:28:45,168 - TOPOPT - INFO - Ite.: 084  Vol.: 0.300  Ch.: 0.0039  Obj.: 52.4
2020-06-30 12:28:45,223 - TOPOPT - INFO - Ite.: 085  Vol.: 0.300  Ch.: 0.0036  Obj.: 52.4
2020-06-30 12:28:45,278 - TOPOPT - INFO - Ite.: 086  Vol.: 0.300  Ch.: 0.0033  Obj.: 52.4
2020-06-30 12:28:45,333 - TOPOPT - INFO - Ite.: 087  Vol.: 0.300  Ch.: 0.0031  Obj.: 52.4
2020-06-30 12:28:45,395 - TOPOPT - INFO - Ite.: 088  Vol.: 0.300  Ch.: 0.0031  Obj.: 52.4
2020-06-30 12:28:45,447 - TOPOPT - INFO - Ite.: 089  Vol.: 0.300  Ch.: 0.0027  Obj.: 52.4
2020-06-30 12:28:45,508 - TOPOPT - INFO - Ite.: 090  Vol.: 0.300  Ch.: 0.0026  Obj.: 52.4
2020-06-30 12:28:45,562 - TOPOPT - INFO - Ite.: 091  Vol.: 0.300  Ch.: 0.0024  Obj.: 52.4
2020-06-30 12:28:45,629 - TOPOPT - INFO - Ite.: 092  Vol.: 0.300  Ch.: 0.0023  Obj.: 52.4
2020-06-30 12:28:45,678 - TOPOPT - INFO - Ite.: 093  Vol.: 0.300  Ch.: 0.0021  Obj.: 52.4
2020-06-30 12:28:45,732 - TOPOPT - INFO - Ite.: 094  Vol.: 0.300  Ch.: 0.0019  Obj.: 52.4
2020-06-30 12:28:45,782 - TOPOPT - INFO - Ite.: 095  Vol.: 0.300  Ch.: 0.0018  Obj.: 52.4
2020-06-30 12:28:45,833 - TOPOPT - INFO - Ite.: 096  Vol.: 0.300  Ch.: 0.0017  Obj.: 52.4
2020-06-30 12:28:45,893 - TOPOPT - INFO - Ite.: 097  Vol.: 0.300  Ch.: 0.0016  Obj.: 52.4
2020-06-30 12:28:45,944 - TOPOPT - INFO - Ite.: 098  Vol.: 0.300  Ch.: 0.0016  Obj.: 52.4
2020-06-30 12:28:45,995 - TOPOPT - INFO - Ite.: 099  Vol.: 0.300  Ch.: 0.0015  Obj.: 52.4
2020-06-30 12:28:46,049 - TOPOPT - INFO - Ite.: 100  Vol.: 0.300  Ch.: 0.0013  Obj.: 52.4
2020-06-30 12:28:46,101 - TOPOPT - INFO - Ite.: 101  Vol.: 0.300  Ch.: 0.0013  Obj.: 52.4
2020-06-30 12:28:46,155 - TOPOPT - INFO - Ite.: 102  Vol.: 0.300  Ch.: 0.0013  Obj.: 52.4
2020-06-30 12:28:46,204 - TOPOPT - INFO - Ite.: 103  Vol.: 0.300  Ch.: 0.0012  Obj.: 52.4
2020-06-30 12:28:46,255 - TOPOPT - INFO - Ite.: 104  Vol.: 0.300  Ch.: 0.0012  Obj.: 52.4
2020-06-30 12:28:46,306 - TOPOPT - INFO - Ite.: 105  Vol.: 0.300  Ch.: 0.0011  Obj.: 52.4
2020-06-30 12:28:46,358 - TOPOPT - INFO - Ite.: 106  Vol.: 0.300  Ch.: 0.0010  Obj.: 52.5
2020-06-30 12:28:46,364 - TOPOPT - INFO - Ite.: 107  Convergence criterion reached

2020-06-30 12:28:46,364 - TOPOPT - INFO - FINAL OBJECTIVE FUNCTION VALUE     :   206486872.33502373

2020-06-30 12:28:46,365 - TOPOPT - INFO - Black and white filtering data for different threshold values
2020-06-30 12:28:46,420 - TOPOPT - INFO - Threshold value            :   0.1
2020-06-30 12:28:46,420 - TOPOPT - INFO - Volume fraction            :   0.3372142825195504
2020-06-30 12:28:46,421 - TOPOPT - INFO - Objective function value   :   192968697.65512344

2020-06-30 12:28:46,493 - TOPOPT - INFO - Threshold value            :   0.2
2020-06-30 12:28:46,494 - TOPOPT - INFO - Volume fraction            :   0.323896630589
2020-06-30 12:28:46,495 - TOPOPT - INFO - Objective function value   :   198189094.44752938

2020-06-30 12:28:46,561 - TOPOPT - INFO - Threshold value            :   0.3
2020-06-30 12:28:46,562 - TOPOPT - INFO - Volume fraction            :   0.31514887432515754
2020-06-30 12:28:46,563 - TOPOPT - INFO - Objective function value   :   200664952.38231844

2020-06-30 12:28:46,643 - TOPOPT - INFO - Threshold value            :   0.4
2020-06-30 12:28:46,644 - TOPOPT - INFO - Volume fraction            :   0.3105789786584496
2020-06-30 12:28:46,645 - TOPOPT - INFO - Objective function value   :   200664953.12707123

2020-06-30 12:28:46,727 - TOPOPT - INFO - Threshold value            :   0.5
2020-06-30 12:28:46,727 - TOPOPT - INFO - Volume fraction            :   0.3050626266098514
2020-06-30 12:28:46,728 - TOPOPT - INFO - Objective function value   :   209749863.7918946

2020-06-30 12:28:46,816 - TOPOPT - INFO - Threshold value            :   0.6
2020-06-30 12:28:46,817 - TOPOPT - INFO - Volume fraction            :   0.29079851829741077
2020-06-30 12:28:46,818 - TOPOPT - INFO - Objective function value   :   222955018.3347131

2020-06-30 12:28:46,901 - TOPOPT - INFO - Threshold value            :   0.7
2020-06-30 12:28:46,901 - TOPOPT - INFO - Volume fraction            :   0.2788193578183241
2020-06-30 12:28:46,903 - TOPOPT - INFO - Objective function value   :   256947267.03050306

2020-06-30 12:28:46,974 - TOPOPT - INFO - Threshold value            :   0.8
2020-06-30 12:28:46,974 - TOPOPT - INFO - Volume fraction            :   0.26778665372112775
2020-06-30 12:28:46,975 - TOPOPT - INFO - Objective function value   :   296578863.8570846

2020-06-30 12:28:47,059 - TOPOPT - INFO - Threshold value            :   0.9
2020-06-30 12:28:47,059 - TOPOPT - INFO - Volume fraction            :   0.2645552495058835
2020-06-30 12:28:47,060 - TOPOPT - INFO - Objective function value   :   333600185.35041654

2020-06-30 12:28:47,060 - TOPOPT - INFO - OPTIMIZATION FINISHED IN 11 SEC. /// 0 MIN.

2020-06-30 12:28:47,061 - TOPOPT - INFO - END OF THE MAIN PROGRAM

2020-06-30 12:28:47,061 - TOPOPT - INFO - YOU CAN CLOSE THIS WINDOW AND CONTINUE IN GRASSHOPPER
