2019-01-24 15:50:59,832 - TOPOPT_UNMASKED - INFO - START OF THE MAIN PROGRAM

2019-01-24 15:51:01,138 - TOPOPT_UNMASKED - INFO - Number of finite elements                  :   135350
2019-01-24 15:51:01,138 - TOPOPT_UNMASKED - INFO - Number of nodes                            :   30351
2019-01-24 15:51:01,140 - TOPOPT_UNMASKED - INFO - Total degrees of freedom                   :   91053
2019-01-24 15:51:01,140 - TOPOPT_UNMASKED - INFO - Number of free degrees of freedom          :   60699
2019-01-24 15:51:01,140 - TOPOPT_UNMASKED - INFO - Algoritmn for finding design variables x   :   OC
2019-01-24 15:51:01,141 - TOPOPT_UNMASKED - INFO - Volume fraction                            :   0.2601788053
2019-01-24 15:51:01,141 - TOPOPT_UNMASKED - INFO - Penalty factor                             :   3.0
2019-01-24 15:51:01,141 - TOPOPT_UNMASKED - INFO - Continuation step                          :   False
2019-01-24 15:51:01,141 - TOPOPT_UNMASKED - INFO - Filter length                              :   16.0
2019-01-24 15:51:01,141 - TOPOPT_UNMASKED - INFO - Filter approach                            :   SENS
2019-01-24 15:51:01,141 - TOPOPT_UNMASKED - INFO - Maximum number of iterations               :   1000.0
2019-01-24 15:51:01,141 - TOPOPT_UNMASKED - INFO - Tolerance (max. density change)            :   0.001
2019-01-24 15:51:01,141 - TOPOPT_UNMASKED - INFO - Maximum Young's modulus (if x_i=1)         :   1.0
2019-01-24 15:51:01,141 - TOPOPT_UNMASKED - INFO - Minimum Young's modulus (if x_i=0)         :   1e-09

2019-01-24 15:51:02,878 - TOPOPT_UNMASKED - INFO - Scaling factor for objective function f0   :   0.844
2019-01-24 15:51:02,880 - TOPOPT_UNMASKED - INFO - Scaling factor for constraint function f1  :   135350.000

2019-01-24 15:52:37,197 - TOPOPT_UNMASKED - INFO - Ite.: 000  Vol.: 0.260  Ch.: 0.0000  Obj.: 1107.9
2019-01-24 15:52:38,918 - TOPOPT_UNMASKED - INFO - Ite.: 001  Vol.: 0.260  Ch.: 0.2000  Obj.: 283.3
2019-01-24 15:52:40,410 - TOPOPT_UNMASKED - INFO - Ite.: 002  Vol.: 0.260  Ch.: 0.2000  Obj.: 108.5
2019-01-24 15:52:41,888 - TOPOPT_UNMASKED - INFO - Ite.: 003  Vol.: 0.260  Ch.: 0.2000  Obj.: 54.5
2019-01-24 15:52:43,467 - TOPOPT_UNMASKED - INFO - Ite.: 004  Vol.: 0.260  Ch.: 0.2000  Obj.: 36.0
2019-01-24 15:52:44,963 - TOPOPT_UNMASKED - INFO - Ite.: 005  Vol.: 0.260  Ch.: 0.2000  Obj.: 32.0
2019-01-24 15:52:46,592 - TOPOPT_UNMASKED - INFO - Ite.: 006  Vol.: 0.260  Ch.: 0.2000  Obj.: 30.1
2019-01-24 15:52:48,173 - TOPOPT_UNMASKED - INFO - Ite.: 007  Vol.: 0.260  Ch.: 0.2000  Obj.: 29.0
2019-01-24 15:52:49,759 - TOPOPT_UNMASKED - INFO - Ite.: 008  Vol.: 0.260  Ch.: 0.2000  Obj.: 28.4
2019-01-24 15:52:51,224 - TOPOPT_UNMASKED - INFO - Ite.: 009  Vol.: 0.260  Ch.: 0.2000  Obj.: 28.2
2019-01-24 15:52:52,849 - TOPOPT_UNMASKED - INFO - Ite.: 010  Vol.: 0.260  Ch.: 0.2000  Obj.: 28.1
2019-01-24 15:52:54,309 - TOPOPT_UNMASKED - INFO - Ite.: 011  Vol.: 0.260  Ch.: 0.2000  Obj.: 28.0
2019-01-24 15:52:55,812 - TOPOPT_UNMASKED - INFO - Ite.: 012  Vol.: 0.260  Ch.: 0.2000  Obj.: 27.9
2019-01-24 15:52:57,289 - TOPOPT_UNMASKED - INFO - Ite.: 013  Vol.: 0.260  Ch.: 0.2000  Obj.: 27.9
2019-01-24 15:52:58,789 - TOPOPT_UNMASKED - INFO - Ite.: 014  Vol.: 0.260  Ch.: 0.2000  Obj.: 27.9
2019-01-24 15:53:00,315 - TOPOPT_UNMASKED - INFO - Ite.: 015  Vol.: 0.260  Ch.: 0.2000  Obj.: 27.8
2019-01-24 15:53:01,835 - TOPOPT_UNMASKED - INFO - Ite.: 016  Vol.: 0.260  Ch.: 0.2000  Obj.: 27.8
2019-01-24 15:53:03,401 - TOPOPT_UNMASKED - INFO - Ite.: 017  Vol.: 0.260  Ch.: 0.2000  Obj.: 27.8
2019-01-24 15:53:05,016 - TOPOPT_UNMASKED - INFO - Ite.: 018  Vol.: 0.260  Ch.: 0.2000  Obj.: 27.8
2019-01-24 15:53:06,496 - TOPOPT_UNMASKED - INFO - Ite.: 019  Vol.: 0.260  Ch.: 0.2000  Obj.: 27.8
2019-01-24 15:53:08,010 - TOPOPT_UNMASKED - INFO - Ite.: 020  Vol.: 0.260  Ch.: 0.2000  Obj.: 27.7
2019-01-24 15:53:09,499 - TOPOPT_UNMASKED - INFO - Ite.: 021  Vol.: 0.260  Ch.: 0.2000  Obj.: 27.7
2019-01-24 15:53:10,970 - TOPOPT_UNMASKED - INFO - Ite.: 022  Vol.: 0.260  Ch.: 0.2000  Obj.: 27.7
2019-01-24 15:53:12,398 - TOPOPT_UNMASKED - INFO - Ite.: 023  Vol.: 0.260  Ch.: 0.2000  Obj.: 27.7
2019-01-24 15:53:13,954 - TOPOPT_UNMASKED - INFO - Ite.: 024  Vol.: 0.260  Ch.: 0.1462  Obj.: 27.7
2019-01-24 15:53:15,509 - TOPOPT_UNMASKED - INFO - Ite.: 025  Vol.: 0.260  Ch.: 0.0957  Obj.: 27.7
2019-01-24 15:53:16,996 - TOPOPT_UNMASKED - INFO - Ite.: 026  Vol.: 0.260  Ch.: 0.1046  Obj.: 27.7
2019-01-24 15:53:18,546 - TOPOPT_UNMASKED - INFO - Ite.: 027  Vol.: 0.260  Ch.: 0.1109  Obj.: 27.7
2019-01-24 15:53:20,046 - TOPOPT_UNMASKED - INFO - Ite.: 028  Vol.: 0.260  Ch.: 0.1106  Obj.: 27.7
2019-01-24 15:53:21,538 - TOPOPT_UNMASKED - INFO - Ite.: 029  Vol.: 0.260  Ch.: 0.1053  Obj.: 27.7
2019-01-24 15:53:23,076 - TOPOPT_UNMASKED - INFO - Ite.: 030  Vol.: 0.260  Ch.: 0.0981  Obj.: 27.7
2019-01-24 15:53:24,540 - TOPOPT_UNMASKED - INFO - Ite.: 031  Vol.: 0.260  Ch.: 0.0967  Obj.: 27.7
2019-01-24 15:53:26,101 - TOPOPT_UNMASKED - INFO - Ite.: 032  Vol.: 0.260  Ch.: 0.0965  Obj.: 27.7
2019-01-24 15:53:27,693 - TOPOPT_UNMASKED - INFO - Ite.: 033  Vol.: 0.260  Ch.: 0.1038  Obj.: 27.7
2019-01-24 15:53:29,236 - TOPOPT_UNMASKED - INFO - Ite.: 034  Vol.: 0.260  Ch.: 0.1073  Obj.: 27.7
2019-01-24 15:53:30,736 - TOPOPT_UNMASKED - INFO - Ite.: 035  Vol.: 0.260  Ch.: 0.1128  Obj.: 27.7
2019-01-24 15:53:32,209 - TOPOPT_UNMASKED - INFO - Ite.: 036  Vol.: 0.260  Ch.: 0.1161  Obj.: 27.7
2019-01-24 15:53:33,703 - TOPOPT_UNMASKED - INFO - Ite.: 037  Vol.: 0.260  Ch.: 0.1144  Obj.: 27.7
2019-01-24 15:53:35,426 - TOPOPT_UNMASKED - INFO - Ite.: 038  Vol.: 0.260  Ch.: 0.1122  Obj.: 27.7
2019-01-24 15:53:36,927 - TOPOPT_UNMASKED - INFO - Ite.: 039  Vol.: 0.260  Ch.: 0.1304  Obj.: 27.7
2019-01-24 15:53:38,410 - TOPOPT_UNMASKED - INFO - Ite.: 040  Vol.: 0.260  Ch.: 0.1173  Obj.: 27.7
2019-01-24 15:53:39,900 - TOPOPT_UNMASKED - INFO - Ite.: 041  Vol.: 0.260  Ch.: 0.1353  Obj.: 27.7
2019-01-24 15:53:41,382 - TOPOPT_UNMASKED - INFO - Ite.: 042  Vol.: 0.260  Ch.: 0.1294  Obj.: 27.7
2019-01-24 15:53:42,946 - TOPOPT_UNMASKED - INFO - Ite.: 043  Vol.: 0.260  Ch.: 0.1220  Obj.: 27.7
2019-01-24 15:53:44,529 - TOPOPT_UNMASKED - INFO - Ite.: 044  Vol.: 0.260  Ch.: 0.1439  Obj.: 27.7
2019-01-24 15:53:46,065 - TOPOPT_UNMASKED - INFO - Ite.: 045  Vol.: 0.260  Ch.: 0.1552  Obj.: 27.7
2019-01-24 15:53:47,516 - TOPOPT_UNMASKED - INFO - Ite.: 046  Vol.: 0.260  Ch.: 0.1487  Obj.: 27.7
2019-01-24 15:53:49,029 - TOPOPT_UNMASKED - INFO - Ite.: 047  Vol.: 0.260  Ch.: 0.1966  Obj.: 27.7
2019-01-24 15:53:50,513 - TOPOPT_UNMASKED - INFO - Ite.: 048  Vol.: 0.260  Ch.: 0.2000  Obj.: 27.7
2019-01-24 15:53:52,039 - TOPOPT_UNMASKED - INFO - Ite.: 049  Vol.: 0.260  Ch.: 0.2000  Obj.: 27.6
2019-01-24 15:53:53,467 - TOPOPT_UNMASKED - INFO - Ite.: 050  Vol.: 0.260  Ch.: 0.2000  Obj.: 27.6
2019-01-24 15:53:54,903 - TOPOPT_UNMASKED - INFO - Ite.: 051  Vol.: 0.260  Ch.: 0.2000  Obj.: 27.6
2019-01-24 15:53:56,471 - TOPOPT_UNMASKED - INFO - Ite.: 052  Vol.: 0.260  Ch.: 0.2000  Obj.: 27.6
2019-01-24 15:53:58,045 - TOPOPT_UNMASKED - INFO - Ite.: 053  Vol.: 0.260  Ch.: 0.2000  Obj.: 27.6
2019-01-24 15:53:59,549 - TOPOPT_UNMASKED - INFO - Ite.: 054  Vol.: 0.260  Ch.: 0.2000  Obj.: 27.6
2019-01-24 15:54:01,092 - TOPOPT_UNMASKED - INFO - Ite.: 055  Vol.: 0.260  Ch.: 0.2000  Obj.: 27.6
2019-01-24 15:54:02,555 - TOPOPT_UNMASKED - INFO - Ite.: 056  Vol.: 0.260  Ch.: 0.2000  Obj.: 27.6
2019-01-24 15:54:04,072 - TOPOPT_UNMASKED - INFO - Ite.: 057  Vol.: 0.260  Ch.: 0.1427  Obj.: 27.6
2019-01-24 15:54:05,566 - TOPOPT_UNMASKED - INFO - Ite.: 058  Vol.: 0.260  Ch.: 0.0841  Obj.: 27.6
2019-01-24 15:54:07,107 - TOPOPT_UNMASKED - INFO - Ite.: 059  Vol.: 0.260  Ch.: 0.0793  Obj.: 27.6
2019-01-24 15:54:08,630 - TOPOPT_UNMASKED - INFO - Ite.: 060  Vol.: 0.260  Ch.: 0.1189  Obj.: 27.6
2019-01-24 15:54:10,105 - TOPOPT_UNMASKED - INFO - Ite.: 061  Vol.: 0.260  Ch.: 0.2000  Obj.: 27.6
2019-01-24 15:54:11,559 - TOPOPT_UNMASKED - INFO - Ite.: 062  Vol.: 0.260  Ch.: 0.2000  Obj.: 27.6
2019-01-24 15:54:13,003 - TOPOPT_UNMASKED - INFO - Ite.: 063  Vol.: 0.260  Ch.: 0.2000  Obj.: 27.6
2019-01-24 15:54:14,493 - TOPOPT_UNMASKED - INFO - Ite.: 064  Vol.: 0.260  Ch.: 0.2000  Obj.: 27.6
2019-01-24 15:54:16,019 - TOPOPT_UNMASKED - INFO - Ite.: 065  Vol.: 0.260  Ch.: 0.1758  Obj.: 27.6
2019-01-24 15:54:17,532 - TOPOPT_UNMASKED - INFO - Ite.: 066  Vol.: 0.260  Ch.: 0.2000  Obj.: 27.6
2019-01-24 15:54:18,983 - TOPOPT_UNMASKED - INFO - Ite.: 067  Vol.: 0.260  Ch.: 0.2000  Obj.: 27.6
2019-01-24 15:54:20,384 - TOPOPT_UNMASKED - INFO - Ite.: 068  Vol.: 0.260  Ch.: 0.1916  Obj.: 27.6
2019-01-24 15:54:21,890 - TOPOPT_UNMASKED - INFO - Ite.: 069  Vol.: 0.260  Ch.: 0.1167  Obj.: 27.6
2019-01-24 15:54:23,380 - TOPOPT_UNMASKED - INFO - Ite.: 070  Vol.: 0.260  Ch.: 0.0641  Obj.: 27.6
2019-01-24 15:54:24,914 - TOPOPT_UNMASKED - INFO - Ite.: 071  Vol.: 0.260  Ch.: 0.1416  Obj.: 27.6
2019-01-24 15:54:26,486 - TOPOPT_UNMASKED - INFO - Ite.: 072  Vol.: 0.260  Ch.: 0.2000  Obj.: 27.6
2019-01-24 15:54:27,969 - TOPOPT_UNMASKED - INFO - Ite.: 073  Vol.: 0.260  Ch.: 0.1895  Obj.: 27.6
2019-01-24 15:54:29,529 - TOPOPT_UNMASKED - INFO - Ite.: 074  Vol.: 0.260  Ch.: 0.1276  Obj.: 27.6
2019-01-24 15:54:31,019 - TOPOPT_UNMASKED - INFO - Ite.: 075  Vol.: 0.260  Ch.: 0.0820  Obj.: 27.6
2019-01-24 15:54:32,529 - TOPOPT_UNMASKED - INFO - Ite.: 076  Vol.: 0.260  Ch.: 0.0633  Obj.: 27.6
2019-01-24 15:54:34,026 - TOPOPT_UNMASKED - INFO - Ite.: 077  Vol.: 0.260  Ch.: 0.0475  Obj.: 27.6
2019-01-24 15:54:35,548 - TOPOPT_UNMASKED - INFO - Ite.: 078  Vol.: 0.260  Ch.: 0.0354  Obj.: 27.6
2019-01-24 15:54:37,036 - TOPOPT_UNMASKED - INFO - Ite.: 079  Vol.: 0.260  Ch.: 0.0259  Obj.: 27.6
2019-01-24 15:54:38,461 - TOPOPT_UNMASKED - INFO - Ite.: 080  Vol.: 0.260  Ch.: 0.0336  Obj.: 27.6
2019-01-24 15:54:39,907 - TOPOPT_UNMASKED - INFO - Ite.: 081  Vol.: 0.260  Ch.: 0.0553  Obj.: 27.6
2019-01-24 15:54:41,418 - TOPOPT_UNMASKED - INFO - Ite.: 082  Vol.: 0.260  Ch.: 0.0515  Obj.: 27.6
2019-01-24 15:54:42,851 - TOPOPT_UNMASKED - INFO - Ite.: 083  Vol.: 0.260  Ch.: 0.1168  Obj.: 27.6
2019-01-24 15:54:44,345 - TOPOPT_UNMASKED - INFO - Ite.: 084  Vol.: 0.260  Ch.: 0.1305  Obj.: 27.6
2019-01-24 15:54:45,790 - TOPOPT_UNMASKED - INFO - Ite.: 085  Vol.: 0.260  Ch.: 0.0992  Obj.: 27.6
2019-01-24 15:54:47,220 - TOPOPT_UNMASKED - INFO - Ite.: 086  Vol.: 0.260  Ch.: 0.0619  Obj.: 27.6
2019-01-24 15:54:48,684 - TOPOPT_UNMASKED - INFO - Ite.: 087  Vol.: 0.260  Ch.: 0.0455  Obj.: 27.6
2019-01-24 15:54:50,125 - TOPOPT_UNMASKED - INFO - Ite.: 088  Vol.: 0.260  Ch.: 0.1322  Obj.: 27.6
2019-01-24 15:54:51,549 - TOPOPT_UNMASKED - INFO - Ite.: 089  Vol.: 0.260  Ch.: 0.1671  Obj.: 27.6
2019-01-24 15:54:53,017 - TOPOPT_UNMASKED - INFO - Ite.: 090  Vol.: 0.260  Ch.: 0.1346  Obj.: 27.6
2019-01-24 15:54:54,473 - TOPOPT_UNMASKED - INFO - Ite.: 091  Vol.: 0.260  Ch.: 0.0857  Obj.: 27.6
2019-01-24 15:54:55,917 - TOPOPT_UNMASKED - INFO - Ite.: 092  Vol.: 0.260  Ch.: 0.0486  Obj.: 27.6
2019-01-24 15:54:57,388 - TOPOPT_UNMASKED - INFO - Ite.: 093  Vol.: 0.260  Ch.: 0.0411  Obj.: 27.6
2019-01-24 15:54:58,848 - TOPOPT_UNMASKED - INFO - Ite.: 094  Vol.: 0.260  Ch.: 0.0320  Obj.: 27.6
2019-01-24 15:55:00,388 - TOPOPT_UNMASKED - INFO - Ite.: 095  Vol.: 0.260  Ch.: 0.0225  Obj.: 27.6
2019-01-24 15:55:01,890 - TOPOPT_UNMASKED - INFO - Ite.: 096  Vol.: 0.260  Ch.: 0.0160  Obj.: 27.6
2019-01-24 15:55:03,431 - TOPOPT_UNMASKED - INFO - Ite.: 097  Vol.: 0.260  Ch.: 0.0122  Obj.: 27.6
2019-01-24 15:55:04,875 - TOPOPT_UNMASKED - INFO - Ite.: 098  Vol.: 0.260  Ch.: 0.0125  Obj.: 27.6
2019-01-24 15:55:06,338 - TOPOPT_UNMASKED - INFO - Ite.: 099  Vol.: 0.260  Ch.: 0.0130  Obj.: 27.6
2019-01-24 15:55:07,888 - TOPOPT_UNMASKED - INFO - Ite.: 100  Vol.: 0.260  Ch.: 0.0134  Obj.: 27.6
2019-01-24 15:55:09,404 - TOPOPT_UNMASKED - INFO - Ite.: 101  Vol.: 0.260  Ch.: 0.0137  Obj.: 27.6
2019-01-24 15:55:10,895 - TOPOPT_UNMASKED - INFO - Ite.: 102  Vol.: 0.260  Ch.: 0.0143  Obj.: 27.6
2019-01-24 15:55:12,390 - TOPOPT_UNMASKED - INFO - Ite.: 103  Vol.: 0.260  Ch.: 0.0307  Obj.: 27.6
2019-01-24 15:55:13,808 - TOPOPT_UNMASKED - INFO - Ite.: 104  Vol.: 0.260  Ch.: 0.0843  Obj.: 27.6
2019-01-24 15:55:15,250 - TOPOPT_UNMASKED - INFO - Ite.: 105  Vol.: 0.260  Ch.: 0.1162  Obj.: 27.6
2019-01-24 15:55:16,673 - TOPOPT_UNMASKED - INFO - Ite.: 106  Vol.: 0.260  Ch.: 0.0999  Obj.: 27.6
2019-01-24 15:55:18,165 - TOPOPT_UNMASKED - INFO - Ite.: 107  Vol.: 0.260  Ch.: 0.0685  Obj.: 27.6
2019-01-24 15:55:19,624 - TOPOPT_UNMASKED - INFO - Ite.: 108  Vol.: 0.260  Ch.: 0.0469  Obj.: 27.6
2019-01-24 15:55:21,046 - TOPOPT_UNMASKED - INFO - Ite.: 109  Vol.: 0.260  Ch.: 0.0362  Obj.: 27.6
2019-01-24 15:55:22,453 - TOPOPT_UNMASKED - INFO - Ite.: 110  Vol.: 0.260  Ch.: 0.0297  Obj.: 27.6
2019-01-24 15:55:23,851 - TOPOPT_UNMASKED - INFO - Ite.: 111  Vol.: 0.260  Ch.: 0.0337  Obj.: 27.6
2019-01-24 15:55:25,279 - TOPOPT_UNMASKED - INFO - Ite.: 112  Vol.: 0.260  Ch.: 0.0425  Obj.: 27.6
2019-01-24 15:55:26,697 - TOPOPT_UNMASKED - INFO - Ite.: 113  Vol.: 0.260  Ch.: 0.0426  Obj.: 27.6
2019-01-24 15:55:28,128 - TOPOPT_UNMASKED - INFO - Ite.: 114  Vol.: 0.260  Ch.: 0.0594  Obj.: 27.6
2019-01-24 15:55:29,542 - TOPOPT_UNMASKED - INFO - Ite.: 115  Vol.: 0.260  Ch.: 0.1183  Obj.: 27.6
2019-01-24 15:55:31,023 - TOPOPT_UNMASKED - INFO - Ite.: 116  Vol.: 0.260  Ch.: 0.1215  Obj.: 27.6
2019-01-24 15:55:32,440 - TOPOPT_UNMASKED - INFO - Ite.: 117  Vol.: 0.260  Ch.: 0.0878  Obj.: 27.6
2019-01-24 15:55:33,887 - TOPOPT_UNMASKED - INFO - Ite.: 118  Vol.: 0.260  Ch.: 0.0529  Obj.: 27.6
2019-01-24 15:55:35,394 - TOPOPT_UNMASKED - INFO - Ite.: 119  Vol.: 0.260  Ch.: 0.0447  Obj.: 27.6
2019-01-24 15:55:36,915 - TOPOPT_UNMASKED - INFO - Ite.: 120  Vol.: 0.260  Ch.: 0.0382  Obj.: 27.6
2019-01-24 15:55:38,405 - TOPOPT_UNMASKED - INFO - Ite.: 121  Vol.: 0.260  Ch.: 0.0805  Obj.: 27.6
2019-01-24 15:55:39,930 - TOPOPT_UNMASKED - INFO - Ite.: 122  Vol.: 0.260  Ch.: 0.1294  Obj.: 27.6
2019-01-24 15:55:41,431 - TOPOPT_UNMASKED - INFO - Ite.: 123  Vol.: 0.260  Ch.: 0.1225  Obj.: 27.6
2019-01-24 15:55:42,874 - TOPOPT_UNMASKED - INFO - Ite.: 124  Vol.: 0.260  Ch.: 0.0908  Obj.: 27.6
2019-01-24 15:55:44,388 - TOPOPT_UNMASKED - INFO - Ite.: 125  Vol.: 0.260  Ch.: 0.0911  Obj.: 27.6
2019-01-24 15:55:45,940 - TOPOPT_UNMASKED - INFO - Ite.: 126  Vol.: 0.260  Ch.: 0.0833  Obj.: 27.6
2019-01-24 15:55:47,634 - TOPOPT_UNMASKED - INFO - Ite.: 127  Vol.: 0.260  Ch.: 0.0726  Obj.: 27.6
2019-01-24 15:55:49,131 - TOPOPT_UNMASKED - INFO - Ite.: 128  Vol.: 0.260  Ch.: 0.1031  Obj.: 27.6
2019-01-24 15:55:50,657 - TOPOPT_UNMASKED - INFO - Ite.: 129  Vol.: 0.260  Ch.: 0.0882  Obj.: 27.6
2019-01-24 15:55:52,155 - TOPOPT_UNMASKED - INFO - Ite.: 130  Vol.: 0.260  Ch.: 0.0578  Obj.: 27.6
2019-01-24 15:55:53,612 - TOPOPT_UNMASKED - INFO - Ite.: 131  Vol.: 0.260  Ch.: 0.0330  Obj.: 27.6
2019-01-24 15:55:55,076 - TOPOPT_UNMASKED - INFO - Ite.: 132  Vol.: 0.260  Ch.: 0.0175  Obj.: 27.6
2019-01-24 15:55:56,517 - TOPOPT_UNMASKED - INFO - Ite.: 133  Vol.: 0.260  Ch.: 0.0142  Obj.: 27.6
2019-01-24 15:55:57,960 - TOPOPT_UNMASKED - INFO - Ite.: 134  Vol.: 0.260  Ch.: 0.0141  Obj.: 27.6
2019-01-24 15:55:59,420 - TOPOPT_UNMASKED - INFO - Ite.: 135  Vol.: 0.260  Ch.: 0.0146  Obj.: 27.6
2019-01-24 15:56:00,882 - TOPOPT_UNMASKED - INFO - Ite.: 136  Vol.: 0.260  Ch.: 0.0657  Obj.: 27.6
2019-01-24 15:56:02,325 - TOPOPT_UNMASKED - INFO - Ite.: 137  Vol.: 0.260  Ch.: 0.1196  Obj.: 27.6
2019-01-24 15:56:03,835 - TOPOPT_UNMASKED - INFO - Ite.: 138  Vol.: 0.260  Ch.: 0.1171  Obj.: 27.6
2019-01-24 15:56:05,263 - TOPOPT_UNMASKED - INFO - Ite.: 139  Vol.: 0.260  Ch.: 0.0826  Obj.: 27.6
2019-01-24 15:56:06,707 - TOPOPT_UNMASKED - INFO - Ite.: 140  Vol.: 0.260  Ch.: 0.0634  Obj.: 27.6
2019-01-24 15:56:08,256 - TOPOPT_UNMASKED - INFO - Ite.: 141  Vol.: 0.260  Ch.: 0.0512  Obj.: 27.6
2019-01-24 15:56:09,684 - TOPOPT_UNMASKED - INFO - Ite.: 142  Vol.: 0.260  Ch.: 0.0326  Obj.: 27.6
2019-01-24 15:56:11,105 - TOPOPT_UNMASKED - INFO - Ite.: 143  Vol.: 0.260  Ch.: 0.0184  Obj.: 27.6
2019-01-24 15:56:12,565 - TOPOPT_UNMASKED - INFO - Ite.: 144  Vol.: 0.260  Ch.: 0.0139  Obj.: 27.6
2019-01-24 15:56:14,038 - TOPOPT_UNMASKED - INFO - Ite.: 145  Vol.: 0.260  Ch.: 0.0129  Obj.: 27.6
2019-01-24 15:56:15,503 - TOPOPT_UNMASKED - INFO - Ite.: 146  Vol.: 0.260  Ch.: 0.0117  Obj.: 27.6
2019-01-24 15:56:16,940 - TOPOPT_UNMASKED - INFO - Ite.: 147  Vol.: 0.260  Ch.: 0.0105  Obj.: 27.6
2019-01-24 15:56:18,411 - TOPOPT_UNMASKED - INFO - Ite.: 148  Vol.: 0.260  Ch.: 0.0100  Obj.: 27.6
2019-01-24 15:56:19,868 - TOPOPT_UNMASKED - INFO - Ite.: 149  Vol.: 0.260  Ch.: 0.0095  Obj.: 27.6
2019-01-24 15:56:21,348 - TOPOPT_UNMASKED - INFO - Ite.: 150  Vol.: 0.260  Ch.: 0.0081  Obj.: 27.6
2019-01-24 15:56:22,785 - TOPOPT_UNMASKED - INFO - Ite.: 151  Vol.: 0.260  Ch.: 0.0074  Obj.: 27.6
2019-01-24 15:56:24,213 - TOPOPT_UNMASKED - INFO - Ite.: 152  Vol.: 0.260  Ch.: 0.0070  Obj.: 27.6
2019-01-24 15:56:25,615 - TOPOPT_UNMASKED - INFO - Ite.: 153  Vol.: 0.260  Ch.: 0.0064  Obj.: 27.6
2019-01-24 15:56:27,036 - TOPOPT_UNMASKED - INFO - Ite.: 154  Vol.: 0.260  Ch.: 0.0058  Obj.: 27.6
2019-01-24 15:56:28,434 - TOPOPT_UNMASKED - INFO - Ite.: 155  Vol.: 0.260  Ch.: 0.0057  Obj.: 27.6
2019-01-24 15:56:29,875 - TOPOPT_UNMASKED - INFO - Ite.: 156  Vol.: 0.260  Ch.: 0.0058  Obj.: 27.6
2019-01-24 15:56:31,309 - TOPOPT_UNMASKED - INFO - Ite.: 157  Vol.: 0.260  Ch.: 0.0059  Obj.: 27.6
2019-01-24 15:56:32,792 - TOPOPT_UNMASKED - INFO - Ite.: 158  Vol.: 0.260  Ch.: 0.0228  Obj.: 27.6
2019-01-24 15:56:34,309 - TOPOPT_UNMASKED - INFO - Ite.: 159  Vol.: 0.260  Ch.: 0.0741  Obj.: 27.6
2019-01-24 15:56:35,755 - TOPOPT_UNMASKED - INFO - Ite.: 160  Vol.: 0.260  Ch.: 0.0997  Obj.: 27.6
2019-01-24 15:56:37,216 - TOPOPT_UNMASKED - INFO - Ite.: 161  Vol.: 0.260  Ch.: 0.0833  Obj.: 27.6
2019-01-24 15:56:38,677 - TOPOPT_UNMASKED - INFO - Ite.: 162  Vol.: 0.260  Ch.: 0.0544  Obj.: 27.6
2019-01-24 15:56:40,150 - TOPOPT_UNMASKED - INFO - Ite.: 163  Vol.: 0.260  Ch.: 0.0440  Obj.: 27.6
2019-01-24 15:56:41,595 - TOPOPT_UNMASKED - INFO - Ite.: 164  Vol.: 0.260  Ch.: 0.0806  Obj.: 27.6
2019-01-24 15:56:43,046 - TOPOPT_UNMASKED - INFO - Ite.: 165  Vol.: 0.260  Ch.: 0.0808  Obj.: 27.6
2019-01-24 15:56:44,467 - TOPOPT_UNMASKED - INFO - Ite.: 166  Vol.: 0.260  Ch.: 0.0628  Obj.: 27.6
2019-01-24 15:56:45,944 - TOPOPT_UNMASKED - INFO - Ite.: 167  Vol.: 0.260  Ch.: 0.0448  Obj.: 27.6
2019-01-24 15:56:47,569 - TOPOPT_UNMASKED - INFO - Ite.: 168  Vol.: 0.260  Ch.: 0.0349  Obj.: 27.6
2019-01-24 15:56:49,260 - TOPOPT_UNMASKED - INFO - Ite.: 169  Vol.: 0.260  Ch.: 0.0389  Obj.: 27.6
2019-01-24 15:56:51,081 - TOPOPT_UNMASKED - INFO - Ite.: 170  Vol.: 0.260  Ch.: 0.0293  Obj.: 27.6
2019-01-24 15:56:52,776 - TOPOPT_UNMASKED - INFO - Ite.: 171  Vol.: 0.260  Ch.: 0.0181  Obj.: 27.6
2019-01-24 15:56:54,533 - TOPOPT_UNMASKED - INFO - Ite.: 172  Vol.: 0.260  Ch.: 0.0105  Obj.: 27.6
2019-01-24 15:56:56,296 - TOPOPT_UNMASKED - INFO - Ite.: 173  Vol.: 0.260  Ch.: 0.0092  Obj.: 27.6
2019-01-24 15:56:57,838 - TOPOPT_UNMASKED - INFO - Ite.: 174  Vol.: 0.260  Ch.: 0.0082  Obj.: 27.6
2019-01-24 15:56:59,335 - TOPOPT_UNMASKED - INFO - Ite.: 175  Vol.: 0.260  Ch.: 0.0184  Obj.: 27.6
2019-01-24 15:57:00,875 - TOPOPT_UNMASKED - INFO - Ite.: 176  Vol.: 0.260  Ch.: 0.0320  Obj.: 27.6
2019-01-24 15:57:02,345 - TOPOPT_UNMASKED - INFO - Ite.: 177  Vol.: 0.260  Ch.: 0.0305  Obj.: 27.6
2019-01-24 15:57:03,811 - TOPOPT_UNMASKED - INFO - Ite.: 178  Vol.: 0.260  Ch.: 0.0276  Obj.: 27.6
2019-01-24 15:57:05,243 - TOPOPT_UNMASKED - INFO - Ite.: 179  Vol.: 0.260  Ch.: 0.0671  Obj.: 27.6
2019-01-24 15:57:06,674 - TOPOPT_UNMASKED - INFO - Ite.: 180  Vol.: 0.260  Ch.: 0.0769  Obj.: 27.6
2019-01-24 15:57:08,148 - TOPOPT_UNMASKED - INFO - Ite.: 181  Vol.: 0.260  Ch.: 0.0589  Obj.: 27.6
2019-01-24 15:57:09,588 - TOPOPT_UNMASKED - INFO - Ite.: 182  Vol.: 0.260  Ch.: 0.0366  Obj.: 27.6
2019-01-24 15:57:11,059 - TOPOPT_UNMASKED - INFO - Ite.: 183  Vol.: 0.260  Ch.: 0.0205  Obj.: 27.6
2019-01-24 15:57:12,489 - TOPOPT_UNMASKED - INFO - Ite.: 184  Vol.: 0.260  Ch.: 0.0109  Obj.: 27.6
2019-01-24 15:57:13,967 - TOPOPT_UNMASKED - INFO - Ite.: 185  Vol.: 0.260  Ch.: 0.0070  Obj.: 27.6
2019-01-24 15:57:15,424 - TOPOPT_UNMASKED - INFO - Ite.: 186  Vol.: 0.260  Ch.: 0.0070  Obj.: 27.6
2019-01-24 15:57:16,877 - TOPOPT_UNMASKED - INFO - Ite.: 187  Vol.: 0.260  Ch.: 0.0068  Obj.: 27.6
2019-01-24 15:57:18,381 - TOPOPT_UNMASKED - INFO - Ite.: 188  Vol.: 0.260  Ch.: 0.0067  Obj.: 27.6
2019-01-24 15:57:20,023 - TOPOPT_UNMASKED - INFO - Ite.: 189  Vol.: 0.260  Ch.: 0.0064  Obj.: 27.6
2019-01-24 15:57:21,657 - TOPOPT_UNMASKED - INFO - Ite.: 190  Vol.: 0.260  Ch.: 0.0062  Obj.: 27.6
2019-01-24 15:57:23,289 - TOPOPT_UNMASKED - INFO - Ite.: 191  Vol.: 0.260  Ch.: 0.0059  Obj.: 27.6
2019-01-24 15:57:24,858 - TOPOPT_UNMASKED - INFO - Ite.: 192  Vol.: 0.260  Ch.: 0.0056  Obj.: 27.6
2019-01-24 15:57:26,321 - TOPOPT_UNMASKED - INFO - Ite.: 193  Vol.: 0.260  Ch.: 0.0053  Obj.: 27.6
2019-01-24 15:57:27,779 - TOPOPT_UNMASKED - INFO - Ite.: 194  Vol.: 0.260  Ch.: 0.0050  Obj.: 27.6
2019-01-24 15:57:29,230 - TOPOPT_UNMASKED - INFO - Ite.: 195  Vol.: 0.260  Ch.: 0.0048  Obj.: 27.6
2019-01-24 15:57:30,711 - TOPOPT_UNMASKED - INFO - Ite.: 196  Vol.: 0.260  Ch.: 0.0144  Obj.: 27.6
2019-01-24 15:57:32,250 - TOPOPT_UNMASKED - INFO - Ite.: 197  Vol.: 0.260  Ch.: 0.0272  Obj.: 27.6
2019-01-24 15:57:33,839 - TOPOPT_UNMASKED - INFO - Ite.: 198  Vol.: 0.260  Ch.: 0.0272  Obj.: 27.6
2019-01-24 15:57:35,354 - TOPOPT_UNMASKED - INFO - Ite.: 199  Vol.: 0.260  Ch.: 0.0193  Obj.: 27.6
2019-01-24 15:57:36,869 - TOPOPT_UNMASKED - INFO - Ite.: 200  Vol.: 0.260  Ch.: 0.0116  Obj.: 27.6
2019-01-24 15:57:38,381 - TOPOPT_UNMASKED - INFO - Ite.: 201  Vol.: 0.260  Ch.: 0.0063  Obj.: 27.6
2019-01-24 15:57:39,849 - TOPOPT_UNMASKED - INFO - Ite.: 202  Vol.: 0.260  Ch.: 0.0058  Obj.: 27.6
2019-01-24 15:57:41,345 - TOPOPT_UNMASKED - INFO - Ite.: 203  Vol.: 0.260  Ch.: 0.0058  Obj.: 27.6
2019-01-24 15:57:42,869 - TOPOPT_UNMASKED - INFO - Ite.: 204  Vol.: 0.260  Ch.: 0.0058  Obj.: 27.6
2019-01-24 15:57:44,552 - TOPOPT_UNMASKED - INFO - Ite.: 205  Vol.: 0.260  Ch.: 0.0058  Obj.: 27.6
2019-01-24 15:57:46,144 - TOPOPT_UNMASKED - INFO - Ite.: 206  Vol.: 0.260  Ch.: 0.0058  Obj.: 27.6
2019-01-24 15:57:47,723 - TOPOPT_UNMASKED - INFO - Ite.: 207  Vol.: 0.260  Ch.: 0.0059  Obj.: 27.6
2019-01-24 15:57:49,417 - TOPOPT_UNMASKED - INFO - Ite.: 208  Vol.: 0.260  Ch.: 0.0059  Obj.: 27.6
2019-01-24 15:57:51,063 - TOPOPT_UNMASKED - INFO - Ite.: 209  Vol.: 0.260  Ch.: 0.0097  Obj.: 27.6
2019-01-24 15:57:52,618 - TOPOPT_UNMASKED - INFO - Ite.: 210  Vol.: 0.260  Ch.: 0.0538  Obj.: 27.6
2019-01-24 15:57:54,250 - TOPOPT_UNMASKED - INFO - Ite.: 211  Vol.: 0.260  Ch.: 0.0964  Obj.: 27.6
2019-01-24 15:57:55,851 - TOPOPT_UNMASKED - INFO - Ite.: 212  Vol.: 0.260  Ch.: 0.0934  Obj.: 27.6
2019-01-24 15:57:57,598 - TOPOPT_UNMASKED - INFO - Ite.: 213  Vol.: 0.260  Ch.: 0.0655  Obj.: 27.6
2019-01-24 15:57:59,292 - TOPOPT_UNMASKED - INFO - Ite.: 214  Vol.: 0.260  Ch.: 0.0470  Obj.: 27.6
2019-01-24 15:58:00,947 - TOPOPT_UNMASKED - INFO - Ite.: 215  Vol.: 0.260  Ch.: 0.0300  Obj.: 27.6
2019-01-24 15:58:02,440 - TOPOPT_UNMASKED - INFO - Ite.: 216  Vol.: 0.260  Ch.: 0.0172  Obj.: 27.6
2019-01-24 15:58:03,917 - TOPOPT_UNMASKED - INFO - Ite.: 217  Vol.: 0.260  Ch.: 0.0093  Obj.: 27.6
2019-01-24 15:58:05,424 - TOPOPT_UNMASKED - INFO - Ite.: 218  Vol.: 0.260  Ch.: 0.0081  Obj.: 27.6
2019-01-24 15:58:06,914 - TOPOPT_UNMASKED - INFO - Ite.: 219  Vol.: 0.260  Ch.: 0.0084  Obj.: 27.6
2019-01-24 15:58:08,480 - TOPOPT_UNMASKED - INFO - Ite.: 220  Vol.: 0.260  Ch.: 0.0102  Obj.: 27.6
2019-01-24 15:58:10,056 - TOPOPT_UNMASKED - INFO - Ite.: 221  Vol.: 0.260  Ch.: 0.0201  Obj.: 27.6
2019-01-24 15:58:11,684 - TOPOPT_UNMASKED - INFO - Ite.: 222  Vol.: 0.260  Ch.: 0.0205  Obj.: 27.6
2019-01-24 15:58:13,306 - TOPOPT_UNMASKED - INFO - Ite.: 223  Vol.: 0.260  Ch.: 0.0148  Obj.: 27.6
2019-01-24 15:58:14,917 - TOPOPT_UNMASKED - INFO - Ite.: 224  Vol.: 0.260  Ch.: 0.0120  Obj.: 27.6
2019-01-24 15:58:16,563 - TOPOPT_UNMASKED - INFO - Ite.: 225  Vol.: 0.260  Ch.: 0.0245  Obj.: 27.6
2019-01-24 15:58:18,096 - TOPOPT_UNMASKED - INFO - Ite.: 226  Vol.: 0.260  Ch.: 0.0265  Obj.: 27.6
2019-01-24 15:58:19,644 - TOPOPT_UNMASKED - INFO - Ite.: 227  Vol.: 0.260  Ch.: 0.0219  Obj.: 27.6
2019-01-24 15:58:21,160 - TOPOPT_UNMASKED - INFO - Ite.: 228  Vol.: 0.260  Ch.: 0.0243  Obj.: 27.6
2019-01-24 15:58:22,658 - TOPOPT_UNMASKED - INFO - Ite.: 229  Vol.: 0.260  Ch.: 0.0182  Obj.: 27.6
2019-01-24 15:58:24,131 - TOPOPT_UNMASKED - INFO - Ite.: 230  Vol.: 0.260  Ch.: 0.0119  Obj.: 27.6
2019-01-24 15:58:25,607 - TOPOPT_UNMASKED - INFO - Ite.: 231  Vol.: 0.260  Ch.: 0.0125  Obj.: 27.6
2019-01-24 15:58:27,210 - TOPOPT_UNMASKED - INFO - Ite.: 232  Vol.: 0.260  Ch.: 0.0128  Obj.: 27.6
2019-01-24 15:58:28,848 - TOPOPT_UNMASKED - INFO - Ite.: 233  Vol.: 0.260  Ch.: 0.0131  Obj.: 27.6
2019-01-24 15:58:30,338 - TOPOPT_UNMASKED - INFO - Ite.: 234  Vol.: 0.260  Ch.: 0.0137  Obj.: 27.6
2019-01-24 15:58:31,871 - TOPOPT_UNMASKED - INFO - Ite.: 235  Vol.: 0.260  Ch.: 0.0144  Obj.: 27.6
2019-01-24 15:58:33,374 - TOPOPT_UNMASKED - INFO - Ite.: 236  Vol.: 0.260  Ch.: 0.0153  Obj.: 27.6
2019-01-24 15:58:34,924 - TOPOPT_UNMASKED - INFO - Ite.: 237  Vol.: 0.260  Ch.: 0.0164  Obj.: 27.6
2019-01-24 15:58:36,582 - TOPOPT_UNMASKED - INFO - Ite.: 238  Vol.: 0.260  Ch.: 0.0176  Obj.: 27.6
2019-01-24 15:58:38,118 - TOPOPT_UNMASKED - INFO - Ite.: 239  Vol.: 0.260  Ch.: 0.0190  Obj.: 27.6
2019-01-24 15:58:39,658 - TOPOPT_UNMASKED - INFO - Ite.: 240  Vol.: 0.260  Ch.: 0.0200  Obj.: 27.6
2019-01-24 15:58:41,184 - TOPOPT_UNMASKED - INFO - Ite.: 241  Vol.: 0.260  Ch.: 0.0213  Obj.: 27.6
2019-01-24 15:58:42,713 - TOPOPT_UNMASKED - INFO - Ite.: 242  Vol.: 0.260  Ch.: 0.0230  Obj.: 27.6
2019-01-24 15:58:44,286 - TOPOPT_UNMASKED - INFO - Ite.: 243  Vol.: 0.260  Ch.: 0.0249  Obj.: 27.6
2019-01-24 15:58:45,819 - TOPOPT_UNMASKED - INFO - Ite.: 244  Vol.: 0.260  Ch.: 0.0272  Obj.: 27.6
2019-01-24 15:58:47,329 - TOPOPT_UNMASKED - INFO - Ite.: 245  Vol.: 0.260  Ch.: 0.0288  Obj.: 27.6
2019-01-24 15:58:48,862 - TOPOPT_UNMASKED - INFO - Ite.: 246  Vol.: 0.260  Ch.: 0.0309  Obj.: 27.6
2019-01-24 15:58:50,374 - TOPOPT_UNMASKED - INFO - Ite.: 247  Vol.: 0.260  Ch.: 0.0424  Obj.: 27.6
2019-01-24 15:58:51,871 - TOPOPT_UNMASKED - INFO - Ite.: 248  Vol.: 0.260  Ch.: 0.0367  Obj.: 27.6
2019-01-24 15:58:53,387 - TOPOPT_UNMASKED - INFO - Ite.: 249  Vol.: 0.260  Ch.: 0.0389  Obj.: 27.6
2019-01-24 15:58:54,904 - TOPOPT_UNMASKED - INFO - Ite.: 250  Vol.: 0.260  Ch.: 0.0420  Obj.: 27.6
2019-01-24 15:58:56,420 - TOPOPT_UNMASKED - INFO - Ite.: 251  Vol.: 0.260  Ch.: 0.0436  Obj.: 27.6
2019-01-24 15:58:57,976 - TOPOPT_UNMASKED - INFO - Ite.: 252  Vol.: 0.260  Ch.: 0.0448  Obj.: 27.6
2019-01-24 15:58:59,484 - TOPOPT_UNMASKED - INFO - Ite.: 253  Vol.: 0.260  Ch.: 0.0458  Obj.: 27.6
2019-01-24 15:59:00,934 - TOPOPT_UNMASKED - INFO - Ite.: 254  Vol.: 0.260  Ch.: 0.0451  Obj.: 27.6
2019-01-24 15:59:02,438 - TOPOPT_UNMASKED - INFO - Ite.: 255  Vol.: 0.260  Ch.: 0.0431  Obj.: 27.6
2019-01-24 15:59:03,897 - TOPOPT_UNMASKED - INFO - Ite.: 256  Vol.: 0.260  Ch.: 0.0396  Obj.: 27.6
2019-01-24 15:59:05,493 - TOPOPT_UNMASKED - INFO - Ite.: 257  Vol.: 0.260  Ch.: 0.0351  Obj.: 27.6
2019-01-24 15:59:07,036 - TOPOPT_UNMASKED - INFO - Ite.: 258  Vol.: 0.260  Ch.: 0.0290  Obj.: 27.6
2019-01-24 15:59:08,612 - TOPOPT_UNMASKED - INFO - Ite.: 259  Vol.: 0.260  Ch.: 0.0237  Obj.: 27.6
2019-01-24 15:59:10,130 - TOPOPT_UNMASKED - INFO - Ite.: 260  Vol.: 0.260  Ch.: 0.0183  Obj.: 27.6
2019-01-24 15:59:11,609 - TOPOPT_UNMASKED - INFO - Ite.: 261  Vol.: 0.260  Ch.: 0.0139  Obj.: 27.6
2019-01-24 15:59:13,094 - TOPOPT_UNMASKED - INFO - Ite.: 262  Vol.: 0.260  Ch.: 0.0129  Obj.: 27.6
2019-01-24 15:59:14,542 - TOPOPT_UNMASKED - INFO - Ite.: 263  Vol.: 0.260  Ch.: 0.0734  Obj.: 27.6
2019-01-24 15:59:16,016 - TOPOPT_UNMASKED - INFO - Ite.: 264  Vol.: 0.260  Ch.: 0.1346  Obj.: 27.6
2019-01-24 15:59:17,489 - TOPOPT_UNMASKED - INFO - Ite.: 265  Vol.: 0.260  Ch.: 0.1327  Obj.: 27.6
2019-01-24 15:59:18,953 - TOPOPT_UNMASKED - INFO - Ite.: 266  Vol.: 0.260  Ch.: 0.0942  Obj.: 27.6
2019-01-24 15:59:20,446 - TOPOPT_UNMASKED - INFO - Ite.: 267  Vol.: 0.260  Ch.: 0.0566  Obj.: 27.6
2019-01-24 15:59:21,944 - TOPOPT_UNMASKED - INFO - Ite.: 268  Vol.: 0.260  Ch.: 0.0759  Obj.: 27.6
2019-01-24 15:59:23,424 - TOPOPT_UNMASKED - INFO - Ite.: 269  Vol.: 0.260  Ch.: 0.0746  Obj.: 27.6
2019-01-24 15:59:24,891 - TOPOPT_UNMASKED - INFO - Ite.: 270  Vol.: 0.260  Ch.: 0.0541  Obj.: 27.6
2019-01-24 15:59:26,335 - TOPOPT_UNMASKED - INFO - Ite.: 271  Vol.: 0.260  Ch.: 0.0344  Obj.: 27.6
2019-01-24 15:59:27,786 - TOPOPT_UNMASKED - INFO - Ite.: 272  Vol.: 0.260  Ch.: 0.0209  Obj.: 27.6
2019-01-24 15:59:29,230 - TOPOPT_UNMASKED - INFO - Ite.: 273  Vol.: 0.260  Ch.: 0.0128  Obj.: 27.6
2019-01-24 15:59:30,703 - TOPOPT_UNMASKED - INFO - Ite.: 274  Vol.: 0.260  Ch.: 0.0116  Obj.: 27.6
2019-01-24 15:59:32,174 - TOPOPT_UNMASKED - INFO - Ite.: 275  Vol.: 0.260  Ch.: 0.0111  Obj.: 27.6
2019-01-24 15:59:33,628 - TOPOPT_UNMASKED - INFO - Ite.: 276  Vol.: 0.260  Ch.: 0.0107  Obj.: 27.6
2019-01-24 15:59:35,108 - TOPOPT_UNMASKED - INFO - Ite.: 277  Vol.: 0.260  Ch.: 0.0099  Obj.: 27.6
2019-01-24 15:59:36,539 - TOPOPT_UNMASKED - INFO - Ite.: 278  Vol.: 0.260  Ch.: 0.0092  Obj.: 27.6
2019-01-24 15:59:37,946 - TOPOPT_UNMASKED - INFO - Ite.: 279  Vol.: 0.260  Ch.: 0.0085  Obj.: 27.6
2019-01-24 15:59:39,473 - TOPOPT_UNMASKED - INFO - Ite.: 280  Vol.: 0.260  Ch.: 0.0078  Obj.: 27.6
2019-01-24 15:59:40,938 - TOPOPT_UNMASKED - INFO - Ite.: 281  Vol.: 0.260  Ch.: 0.0072  Obj.: 27.6
2019-01-24 15:59:42,414 - TOPOPT_UNMASKED - INFO - Ite.: 282  Vol.: 0.260  Ch.: 0.0065  Obj.: 27.6
2019-01-24 15:59:43,881 - TOPOPT_UNMASKED - INFO - Ite.: 283  Vol.: 0.260  Ch.: 0.0059  Obj.: 27.6
2019-01-24 15:59:45,401 - TOPOPT_UNMASKED - INFO - Ite.: 284  Vol.: 0.260  Ch.: 0.0053  Obj.: 27.6
2019-01-24 15:59:46,892 - TOPOPT_UNMASKED - INFO - Ite.: 285  Vol.: 0.260  Ch.: 0.0051  Obj.: 27.6
2019-01-24 15:59:48,510 - TOPOPT_UNMASKED - INFO - Ite.: 286  Vol.: 0.260  Ch.: 0.0053  Obj.: 27.6
2019-01-24 15:59:50,094 - TOPOPT_UNMASKED - INFO - Ite.: 287  Vol.: 0.260  Ch.: 0.0055  Obj.: 27.6
2019-01-24 15:59:51,569 - TOPOPT_UNMASKED - INFO - Ite.: 288  Vol.: 0.260  Ch.: 0.0056  Obj.: 27.6
2019-01-24 15:59:53,197 - TOPOPT_UNMASKED - INFO - Ite.: 289  Vol.: 0.260  Ch.: 0.0057  Obj.: 27.6
2019-01-24 15:59:54,732 - TOPOPT_UNMASKED - INFO - Ite.: 290  Vol.: 0.260  Ch.: 0.0060  Obj.: 27.6
2019-01-24 15:59:56,207 - TOPOPT_UNMASKED - INFO - Ite.: 291  Vol.: 0.260  Ch.: 0.0063  Obj.: 27.6
2019-01-24 15:59:57,631 - TOPOPT_UNMASKED - INFO - Ite.: 292  Vol.: 0.260  Ch.: 0.0064  Obj.: 27.6
2019-01-24 15:59:59,094 - TOPOPT_UNMASKED - INFO - Ite.: 293  Vol.: 0.260  Ch.: 0.0068  Obj.: 27.6
2019-01-24 16:00:00,634 - TOPOPT_UNMASKED - INFO - Ite.: 294  Vol.: 0.260  Ch.: 0.0070  Obj.: 27.6
2019-01-24 16:00:02,232 - TOPOPT_UNMASKED - INFO - Ite.: 295  Vol.: 0.260  Ch.: 0.0073  Obj.: 27.6
2019-01-24 16:00:03,671 - TOPOPT_UNMASKED - INFO - Ite.: 296  Vol.: 0.260  Ch.: 0.0131  Obj.: 27.6
2019-01-24 16:00:05,135 - TOPOPT_UNMASKED - INFO - Ite.: 297  Vol.: 0.260  Ch.: 0.0188  Obj.: 27.6
2019-01-24 16:00:06,694 - TOPOPT_UNMASKED - INFO - Ite.: 298  Vol.: 0.260  Ch.: 0.0162  Obj.: 27.6
2019-01-24 16:00:08,246 - TOPOPT_UNMASKED - INFO - Ite.: 299  Vol.: 0.260  Ch.: 0.0106  Obj.: 27.6
2019-01-24 16:00:09,742 - TOPOPT_UNMASKED - INFO - Ite.: 300  Vol.: 0.260  Ch.: 0.0073  Obj.: 27.6
2019-01-24 16:00:11,341 - TOPOPT_UNMASKED - INFO - Ite.: 301  Vol.: 0.260  Ch.: 0.0073  Obj.: 27.6
2019-01-24 16:00:12,842 - TOPOPT_UNMASKED - INFO - Ite.: 302  Vol.: 0.260  Ch.: 0.0071  Obj.: 27.6
2019-01-24 16:00:14,466 - TOPOPT_UNMASKED - INFO - Ite.: 303  Vol.: 0.260  Ch.: 0.0071  Obj.: 27.6
2019-01-24 16:00:15,936 - TOPOPT_UNMASKED - INFO - Ite.: 304  Vol.: 0.260  Ch.: 0.0070  Obj.: 27.6
2019-01-24 16:00:17,404 - TOPOPT_UNMASKED - INFO - Ite.: 305  Vol.: 0.260  Ch.: 0.0069  Obj.: 27.6
2019-01-24 16:00:19,020 - TOPOPT_UNMASKED - INFO - Ite.: 306  Vol.: 0.260  Ch.: 0.0069  Obj.: 27.6
2019-01-24 16:00:20,526 - TOPOPT_UNMASKED - INFO - Ite.: 307  Vol.: 0.260  Ch.: 0.0068  Obj.: 27.6
2019-01-24 16:00:22,092 - TOPOPT_UNMASKED - INFO - Ite.: 308  Vol.: 0.260  Ch.: 0.0066  Obj.: 27.6
2019-01-24 16:00:23,674 - TOPOPT_UNMASKED - INFO - Ite.: 309  Vol.: 0.260  Ch.: 0.0064  Obj.: 27.6
2019-01-24 16:00:25,154 - TOPOPT_UNMASKED - INFO - Ite.: 310  Vol.: 0.260  Ch.: 0.0064  Obj.: 27.6
2019-01-24 16:00:26,776 - TOPOPT_UNMASKED - INFO - Ite.: 311  Vol.: 0.260  Ch.: 0.0062  Obj.: 27.6
2019-01-24 16:00:28,342 - TOPOPT_UNMASKED - INFO - Ite.: 312  Vol.: 0.260  Ch.: 0.0056  Obj.: 27.6
2019-01-24 16:00:29,950 - TOPOPT_UNMASKED - INFO - Ite.: 313  Vol.: 0.260  Ch.: 0.0051  Obj.: 27.6
2019-01-24 16:00:31,470 - TOPOPT_UNMASKED - INFO - Ite.: 314  Vol.: 0.260  Ch.: 0.0048  Obj.: 27.6
2019-01-24 16:00:32,974 - TOPOPT_UNMASKED - INFO - Ite.: 315  Vol.: 0.260  Ch.: 0.0044  Obj.: 27.6
2019-01-24 16:00:34,506 - TOPOPT_UNMASKED - INFO - Ite.: 316  Vol.: 0.260  Ch.: 0.0041  Obj.: 27.6
2019-01-24 16:00:36,230 - TOPOPT_UNMASKED - INFO - Ite.: 317  Vol.: 0.260  Ch.: 0.0037  Obj.: 27.6
2019-01-24 16:00:37,894 - TOPOPT_UNMASKED - INFO - Ite.: 318  Vol.: 0.260  Ch.: 0.0035  Obj.: 27.6
2019-01-24 16:00:39,530 - TOPOPT_UNMASKED - INFO - Ite.: 319  Vol.: 0.260  Ch.: 0.0102  Obj.: 27.6
2019-01-24 16:00:41,165 - TOPOPT_UNMASKED - INFO - Ite.: 320  Vol.: 0.260  Ch.: 0.0595  Obj.: 27.6
2019-01-24 16:00:42,664 - TOPOPT_UNMASKED - INFO - Ite.: 321  Vol.: 0.260  Ch.: 0.1098  Obj.: 27.6
2019-01-24 16:00:44,125 - TOPOPT_UNMASKED - INFO - Ite.: 322  Vol.: 0.260  Ch.: 0.1085  Obj.: 27.6
2019-01-24 16:00:45,700 - TOPOPT_UNMASKED - INFO - Ite.: 323  Vol.: 0.260  Ch.: 0.0775  Obj.: 27.6
2019-01-24 16:00:47,180 - TOPOPT_UNMASKED - INFO - Ite.: 324  Vol.: 0.260  Ch.: 0.0472  Obj.: 27.6
2019-01-24 16:00:48,775 - TOPOPT_UNMASKED - INFO - Ite.: 325  Vol.: 0.260  Ch.: 0.0267  Obj.: 27.6
2019-01-24 16:00:50,283 - TOPOPT_UNMASKED - INFO - Ite.: 326  Vol.: 0.260  Ch.: 0.0146  Obj.: 27.6
2019-01-24 16:00:51,772 - TOPOPT_UNMASKED - INFO - Ite.: 327  Vol.: 0.260  Ch.: 0.0080  Obj.: 27.6
2019-01-24 16:00:53,249 - TOPOPT_UNMASKED - INFO - Ite.: 328  Vol.: 0.260  Ch.: 0.0043  Obj.: 27.6
2019-01-24 16:00:54,688 - TOPOPT_UNMASKED - INFO - Ite.: 329  Vol.: 0.260  Ch.: 0.0025  Obj.: 27.6
2019-01-24 16:00:56,167 - TOPOPT_UNMASKED - INFO - Ite.: 330  Vol.: 0.260  Ch.: 0.0019  Obj.: 27.6
2019-01-24 16:00:57,608 - TOPOPT_UNMASKED - INFO - Ite.: 331  Vol.: 0.260  Ch.: 0.0019  Obj.: 27.6
2019-01-24 16:00:59,160 - TOPOPT_UNMASKED - INFO - Ite.: 332  Vol.: 0.260  Ch.: 0.0019  Obj.: 27.6
2019-01-24 16:01:00,661 - TOPOPT_UNMASKED - INFO - Ite.: 333  Vol.: 0.260  Ch.: 0.0020  Obj.: 27.6
2019-01-24 16:01:02,131 - TOPOPT_UNMASKED - INFO - Ite.: 334  Vol.: 0.260  Ch.: 0.0031  Obj.: 27.6
2019-01-24 16:01:03,566 - TOPOPT_UNMASKED - INFO - Ite.: 335  Vol.: 0.260  Ch.: 0.0027  Obj.: 27.6
2019-01-24 16:01:05,023 - TOPOPT_UNMASKED - INFO - Ite.: 336  Vol.: 0.260  Ch.: 0.0019  Obj.: 27.6
2019-01-24 16:01:06,466 - TOPOPT_UNMASKED - INFO - Ite.: 337  Vol.: 0.260  Ch.: 0.0075  Obj.: 27.6
2019-01-24 16:01:07,908 - TOPOPT_UNMASKED - INFO - Ite.: 338  Vol.: 0.260  Ch.: 0.0148  Obj.: 27.6
2019-01-24 16:01:09,398 - TOPOPT_UNMASKED - INFO - Ite.: 339  Vol.: 0.260  Ch.: 0.0150  Obj.: 27.6
2019-01-24 16:01:10,970 - TOPOPT_UNMASKED - INFO - Ite.: 340  Vol.: 0.260  Ch.: 0.0108  Obj.: 27.6
2019-01-24 16:01:12,464 - TOPOPT_UNMASKED - INFO - Ite.: 341  Vol.: 0.260  Ch.: 0.0065  Obj.: 27.6
2019-01-24 16:01:13,961 - TOPOPT_UNMASKED - INFO - Ite.: 342  Vol.: 0.260  Ch.: 0.0036  Obj.: 27.6
2019-01-24 16:01:15,408 - TOPOPT_UNMASKED - INFO - Ite.: 343  Vol.: 0.260  Ch.: 0.0022  Obj.: 27.6
2019-01-24 16:01:16,871 - TOPOPT_UNMASKED - INFO - Ite.: 344  Vol.: 0.260  Ch.: 0.0021  Obj.: 27.6
2019-01-24 16:01:18,378 - TOPOPT_UNMASKED - INFO - Ite.: 345  Vol.: 0.260  Ch.: 0.0022  Obj.: 27.6
2019-01-24 16:01:19,792 - TOPOPT_UNMASKED - INFO - Ite.: 346  Vol.: 0.260  Ch.: 0.0022  Obj.: 27.6
2019-01-24 16:01:21,256 - TOPOPT_UNMASKED - INFO - Ite.: 347  Vol.: 0.260  Ch.: 0.0022  Obj.: 27.6
2019-01-24 16:01:22,709 - TOPOPT_UNMASKED - INFO - Ite.: 348  Vol.: 0.260  Ch.: 0.0023  Obj.: 27.6
2019-01-24 16:01:24,201 - TOPOPT_UNMASKED - INFO - Ite.: 349  Vol.: 0.260  Ch.: 0.0023  Obj.: 27.6
2019-01-24 16:01:25,605 - TOPOPT_UNMASKED - INFO - Ite.: 350  Vol.: 0.260  Ch.: 0.0023  Obj.: 27.6
2019-01-24 16:01:27,045 - TOPOPT_UNMASKED - INFO - Ite.: 351  Vol.: 0.260  Ch.: 0.0023  Obj.: 27.6
2019-01-24 16:01:28,540 - TOPOPT_UNMASKED - INFO - Ite.: 352  Vol.: 0.260  Ch.: 0.0024  Obj.: 27.6
2019-01-24 16:01:30,049 - TOPOPT_UNMASKED - INFO - Ite.: 353  Vol.: 0.260  Ch.: 0.0025  Obj.: 27.6
2019-01-24 16:01:31,497 - TOPOPT_UNMASKED - INFO - Ite.: 354  Vol.: 0.260  Ch.: 0.0024  Obj.: 27.6
2019-01-24 16:01:32,963 - TOPOPT_UNMASKED - INFO - Ite.: 355  Vol.: 0.260  Ch.: 0.0024  Obj.: 27.6
2019-01-24 16:01:34,424 - TOPOPT_UNMASKED - INFO - Ite.: 356  Vol.: 0.260  Ch.: 0.0024  Obj.: 27.6
2019-01-24 16:01:35,918 - TOPOPT_UNMASKED - INFO - Ite.: 357  Vol.: 0.260  Ch.: 0.0024  Obj.: 27.6
2019-01-24 16:01:37,421 - TOPOPT_UNMASKED - INFO - Ite.: 358  Vol.: 0.260  Ch.: 0.0023  Obj.: 27.6
2019-01-24 16:01:38,861 - TOPOPT_UNMASKED - INFO - Ite.: 359  Vol.: 0.260  Ch.: 0.0022  Obj.: 27.6
2019-01-24 16:01:40,430 - TOPOPT_UNMASKED - INFO - Ite.: 360  Vol.: 0.260  Ch.: 0.0023  Obj.: 27.6
2019-01-24 16:01:41,857 - TOPOPT_UNMASKED - INFO - Ite.: 361  Vol.: 0.260  Ch.: 0.0023  Obj.: 27.6
2019-01-24 16:01:43,292 - TOPOPT_UNMASKED - INFO - Ite.: 362  Vol.: 0.260  Ch.: 0.0022  Obj.: 27.6
2019-01-24 16:01:44,737 - TOPOPT_UNMASKED - INFO - Ite.: 363  Vol.: 0.260  Ch.: 0.0021  Obj.: 27.6
2019-01-24 16:01:46,296 - TOPOPT_UNMASKED - INFO - Ite.: 364  Vol.: 0.260  Ch.: 0.0021  Obj.: 27.6
2019-01-24 16:01:47,789 - TOPOPT_UNMASKED - INFO - Ite.: 365  Vol.: 0.260  Ch.: 0.0021  Obj.: 27.6
2019-01-24 16:01:49,256 - TOPOPT_UNMASKED - INFO - Ite.: 366  Vol.: 0.260  Ch.: 0.0020  Obj.: 27.6
2019-01-24 16:01:50,698 - TOPOPT_UNMASKED - INFO - Ite.: 367  Vol.: 0.260  Ch.: 0.0020  Obj.: 27.6
2019-01-24 16:01:52,319 - TOPOPT_UNMASKED - INFO - Ite.: 368  Vol.: 0.260  Ch.: 0.0020  Obj.: 27.6
2019-01-24 16:01:53,822 - TOPOPT_UNMASKED - INFO - Ite.: 369  Vol.: 0.260  Ch.: 0.0019  Obj.: 27.6
2019-01-24 16:01:55,357 - TOPOPT_UNMASKED - INFO - Ite.: 370  Vol.: 0.260  Ch.: 0.0020  Obj.: 27.6
2019-01-24 16:01:56,880 - TOPOPT_UNMASKED - INFO - Ite.: 371  Vol.: 0.260  Ch.: 0.0019  Obj.: 27.6
2019-01-24 16:01:58,404 - TOPOPT_UNMASKED - INFO - Ite.: 372  Vol.: 0.260  Ch.: 0.0019  Obj.: 27.6
2019-01-24 16:01:59,901 - TOPOPT_UNMASKED - INFO - Ite.: 373  Vol.: 0.260  Ch.: 0.0018  Obj.: 27.6
2019-01-24 16:02:01,502 - TOPOPT_UNMASKED - INFO - Ite.: 374  Vol.: 0.260  Ch.: 0.0019  Obj.: 27.6
2019-01-24 16:02:03,069 - TOPOPT_UNMASKED - INFO - Ite.: 375  Vol.: 0.260  Ch.: 0.0018  Obj.: 27.6
2019-01-24 16:02:04,588 - TOPOPT_UNMASKED - INFO - Ite.: 376  Vol.: 0.260  Ch.: 0.0018  Obj.: 27.6
2019-01-24 16:02:06,163 - TOPOPT_UNMASKED - INFO - Ite.: 377  Vol.: 0.260  Ch.: 0.0017  Obj.: 27.6
2019-01-24 16:02:07,763 - TOPOPT_UNMASKED - INFO - Ite.: 378  Vol.: 0.260  Ch.: 0.0018  Obj.: 27.6
2019-01-24 16:02:09,395 - TOPOPT_UNMASKED - INFO - Ite.: 379  Vol.: 0.260  Ch.: 0.0036  Obj.: 27.6
2019-01-24 16:02:10,970 - TOPOPT_UNMASKED - INFO - Ite.: 380  Vol.: 0.260  Ch.: 0.0339  Obj.: 27.6
2019-01-24 16:02:12,516 - TOPOPT_UNMASKED - INFO - Ite.: 381  Vol.: 0.260  Ch.: 0.0807  Obj.: 27.6
2019-01-24 16:02:14,016 - TOPOPT_UNMASKED - INFO - Ite.: 382  Vol.: 0.260  Ch.: 0.0915  Obj.: 27.6
2019-01-24 16:02:15,622 - TOPOPT_UNMASKED - INFO - Ite.: 383  Vol.: 0.260  Ch.: 0.0695  Obj.: 27.6
2019-01-24 16:02:17,197 - TOPOPT_UNMASKED - INFO - Ite.: 384  Vol.: 0.260  Ch.: 0.0430  Obj.: 27.6
2019-01-24 16:02:18,813 - TOPOPT_UNMASKED - INFO - Ite.: 385  Vol.: 0.260  Ch.: 0.0239  Obj.: 27.6
2019-01-24 16:02:20,309 - TOPOPT_UNMASKED - INFO - Ite.: 386  Vol.: 0.260  Ch.: 0.0126  Obj.: 27.6
2019-01-24 16:02:21,851 - TOPOPT_UNMASKED - INFO - Ite.: 387  Vol.: 0.260  Ch.: 0.0065  Obj.: 27.6
2019-01-24 16:02:23,482 - TOPOPT_UNMASKED - INFO - Ite.: 388  Vol.: 0.260  Ch.: 0.0033  Obj.: 27.6
2019-01-24 16:02:25,183 - TOPOPT_UNMASKED - INFO - Ite.: 389  Vol.: 0.260  Ch.: 0.0016  Obj.: 27.6
2019-01-24 16:02:26,835 - TOPOPT_UNMASKED - INFO - Ite.: 390  Vol.: 0.260  Ch.: 0.0016  Obj.: 27.6
2019-01-24 16:02:28,362 - TOPOPT_UNMASKED - INFO - Ite.: 391  Vol.: 0.260  Ch.: 0.0015  Obj.: 27.6
2019-01-24 16:02:29,844 - TOPOPT_UNMASKED - INFO - Ite.: 392  Vol.: 0.260  Ch.: 0.0015  Obj.: 27.6
2019-01-24 16:02:31,289 - TOPOPT_UNMASKED - INFO - Ite.: 393  Vol.: 0.260  Ch.: 0.0014  Obj.: 27.6
2019-01-24 16:02:32,719 - TOPOPT_UNMASKED - INFO - Ite.: 394  Vol.: 0.260  Ch.: 0.0015  Obj.: 27.6
2019-01-24 16:02:34,188 - TOPOPT_UNMASKED - INFO - Ite.: 395  Vol.: 0.260  Ch.: 0.0014  Obj.: 27.6
2019-01-24 16:02:35,673 - TOPOPT_UNMASKED - INFO - Ite.: 396  Vol.: 0.260  Ch.: 0.0015  Obj.: 27.6
2019-01-24 16:02:37,173 - TOPOPT_UNMASKED - INFO - Ite.: 397  Vol.: 0.260  Ch.: 0.0014  Obj.: 27.6
2019-01-24 16:02:38,663 - TOPOPT_UNMASKED - INFO - Ite.: 398  Vol.: 0.260  Ch.: 0.0014  Obj.: 27.6
2019-01-24 16:02:40,367 - TOPOPT_UNMASKED - INFO - Ite.: 399  Vol.: 0.260  Ch.: 0.0013  Obj.: 27.6
2019-01-24 16:02:41,838 - TOPOPT_UNMASKED - INFO - Ite.: 400  Vol.: 0.260  Ch.: 0.0018  Obj.: 27.6
2019-01-24 16:02:43,378 - TOPOPT_UNMASKED - INFO - Ite.: 401  Vol.: 0.260  Ch.: 0.0073  Obj.: 27.6
2019-01-24 16:02:44,844 - TOPOPT_UNMASKED - INFO - Ite.: 402  Vol.: 0.260  Ch.: 0.0127  Obj.: 27.6
2019-01-24 16:02:46,316 - TOPOPT_UNMASKED - INFO - Ite.: 403  Vol.: 0.260  Ch.: 0.0121  Obj.: 27.6
2019-01-24 16:02:47,767 - TOPOPT_UNMASKED - INFO - Ite.: 404  Vol.: 0.260  Ch.: 0.0084  Obj.: 27.6
2019-01-24 16:02:49,535 - TOPOPT_UNMASKED - INFO - Ite.: 405  Vol.: 0.260  Ch.: 0.0050  Obj.: 27.6
2019-01-24 16:02:51,269 - TOPOPT_UNMASKED - INFO - Ite.: 406  Vol.: 0.260  Ch.: 0.0027  Obj.: 27.6
2019-01-24 16:02:53,000 - TOPOPT_UNMASKED - INFO - Ite.: 407  Vol.: 0.260  Ch.: 0.0014  Obj.: 27.6
2019-01-24 16:02:54,773 - TOPOPT_UNMASKED - INFO - Ite.: 408  Vol.: 0.260  Ch.: 0.0013  Obj.: 27.6
2019-01-24 16:02:56,523 - TOPOPT_UNMASKED - INFO - Ite.: 409  Vol.: 0.260  Ch.: 0.0012  Obj.: 27.6
2019-01-24 16:02:58,371 - TOPOPT_UNMASKED - INFO - Ite.: 410  Vol.: 0.260  Ch.: 0.0012  Obj.: 27.6
2019-01-24 16:02:59,924 - TOPOPT_UNMASKED - INFO - Ite.: 411  Vol.: 0.260  Ch.: 0.0011  Obj.: 27.6
2019-01-24 16:03:01,414 - TOPOPT_UNMASKED - INFO - Ite.: 412  Vol.: 0.260  Ch.: 0.0011  Obj.: 27.6
2019-01-24 16:03:02,917 - TOPOPT_UNMASKED - INFO - Ite.: 413  Vol.: 0.260  Ch.: 0.0012  Obj.: 27.6
2019-01-24 16:03:04,357 - TOPOPT_UNMASKED - INFO - Ite.: 414  Vol.: 0.260  Ch.: 0.0012  Obj.: 27.6
2019-01-24 16:03:05,809 - TOPOPT_UNMASKED - INFO - Ite.: 415  Vol.: 0.260  Ch.: 0.0011  Obj.: 27.6
2019-01-24 16:03:07,227 - TOPOPT_UNMASKED - INFO - Ite.: 416  Vol.: 0.260  Ch.: 0.0012  Obj.: 27.6
2019-01-24 16:03:08,654 - TOPOPT_UNMASKED - INFO - Ite.: 417  Vol.: 0.260  Ch.: 0.0011  Obj.: 27.6
2019-01-24 16:03:10,145 - TOPOPT_UNMASKED - INFO - Ite.: 418  Vol.: 0.260  Ch.: 0.0010  Obj.: 27.6
2019-01-24 16:03:11,601 - TOPOPT_UNMASKED - INFO - Ite.: 419  Vol.: 0.260  Ch.: 0.0011  Obj.: 27.6
2019-01-24 16:03:13,078 - TOPOPT_UNMASKED - INFO - Ite.: 420  Vol.: 0.260  Ch.: 0.0011  Obj.: 27.6
2019-01-24 16:03:14,492 - TOPOPT_UNMASKED - INFO - Ite.: 421  Vol.: 0.260  Ch.: 0.0010  Obj.: 27.6
2019-01-24 16:03:15,974 - TOPOPT_UNMASKED - INFO - Ite.: 422  Vol.: 0.260  Ch.: 0.0010  Obj.: 27.6
2019-01-24 16:03:16,461 - TOPOPT_UNMASKED - INFO - Ite.: 423  Convergence criterion reached

2019-01-24 16:03:16,461 - TOPOPT_UNMASKED - INFO - FINAL OBJECTIVE FUNCTION VALUE     :   32.7438362884

2019-01-24 16:03:16,466 - TOPOPT_UNMASKED - INFO - Black and white filtering data for different threshold values
2019-01-24 16:03:17,926 - TOPOPT_UNMASKED - INFO - Threshold value            :   0.1
2019-01-24 16:03:17,926 - TOPOPT_UNMASKED - INFO - Volume fraction            :   0.288848695408
2019-01-24 16:03:17,927 - TOPOPT_UNMASKED - INFO - Objective function value   :   32.0560012698

2019-01-24 16:03:19,391 - TOPOPT_UNMASKED - INFO - Threshold value            :   0.2
2019-01-24 16:03:19,391 - TOPOPT_UNMASKED - INFO - Volume fraction            :   0.277616629497
2019-01-24 16:03:19,391 - TOPOPT_UNMASKED - INFO - Objective function value   :   32.2844703171

2019-01-24 16:03:20,756 - TOPOPT_UNMASKED - INFO - Threshold value            :   0.3
2019-01-24 16:03:20,756 - TOPOPT_UNMASKED - INFO - Volume fraction            :   0.269278047584
2019-01-24 16:03:20,756 - TOPOPT_UNMASKED - INFO - Objective function value   :   32.4218226256

2019-01-24 16:03:22,242 - TOPOPT_UNMASKED - INFO - Threshold value            :   0.4
2019-01-24 16:03:22,242 - TOPOPT_UNMASKED - INFO - Volume fraction            :   0.262928770333
2019-01-24 16:03:22,243 - TOPOPT_UNMASKED - INFO - Objective function value   :   32.5080430695

2019-01-24 16:03:23,673 - TOPOPT_UNMASKED - INFO - Threshold value            :   0.5
2019-01-24 16:03:23,674 - TOPOPT_UNMASKED - INFO - Volume fraction            :   0.257232676124
2019-01-24 16:03:23,674 - TOPOPT_UNMASKED - INFO - Objective function value   :   32.6863969628

2019-01-24 16:03:25,023 - TOPOPT_UNMASKED - INFO - Threshold value            :   0.6
2019-01-24 16:03:25,025 - TOPOPT_UNMASKED - INFO - Volume fraction            :   0.251781036989
2019-01-24 16:03:25,025 - TOPOPT_UNMASKED - INFO - Objective function value   :   32.8557996715

2019-01-24 16:03:26,496 - TOPOPT_UNMASKED - INFO - Threshold value            :   0.7
2019-01-24 16:03:26,496 - TOPOPT_UNMASKED - INFO - Volume fraction            :   0.24665852127
2019-01-24 16:03:26,496 - TOPOPT_UNMASKED - INFO - Objective function value   :   33.6541145536

2019-01-24 16:03:27,903 - TOPOPT_UNMASKED - INFO - Threshold value            :   0.8
2019-01-24 16:03:27,903 - TOPOPT_UNMASKED - INFO - Volume fraction            :   0.241754345108
2019-01-24 16:03:27,903 - TOPOPT_UNMASKED - INFO - Objective function value   :   34.661776858

2019-01-24 16:03:29,427 - TOPOPT_UNMASKED - INFO - Threshold value            :   0.9
2019-01-24 16:03:29,427 - TOPOPT_UNMASKED - INFO - Volume fraction            :   0.236332877883
2019-01-24 16:03:29,428 - TOPOPT_UNMASKED - INFO - Objective function value   :   36.6309268506

2019-01-24 16:03:29,428 - TOPOPT_UNMASKED - INFO - OPTIMIZATION FINISHED IN 737 SEC. /// 12 MIN.

2019-01-24 16:03:29,430 - TOPOPT_UNMASKED - INFO - END OF THE MAIN PROGRAM
