2020-06-30 12:45:39,071 - TOPOPT - INFO - START OF THE MAIN PROGRAM

2020-06-30 12:45:39,098 - TOPOPT - INFO - Total number of finite elements            :   2732
2020-06-30 12:45:39,099 - TOPOPT - INFO - Number of finite elements for filament     :   2732
2020-06-30 12:45:39,099 - TOPOPT - INFO - Number of finite elements for connection   :   0
2020-06-30 12:45:39,099 - TOPOPT - INFO - Total number of design variables           :   2732
2020-06-30 12:45:39,099 - TOPOPT - INFO - Total number of nodes                      :   1125
2020-06-30 12:45:39,100 - TOPOPT - INFO - Total degrees of freedom                   :   6750
2020-06-30 12:45:39,100 - TOPOPT - INFO - Number of free degrees of freedom          :   6743
2020-06-30 12:45:39,100 - TOPOPT - INFO - Volume fraction                            :   0.3
2020-06-30 12:45:39,101 - TOPOPT - INFO - Penalty factor                             :   3.0
2020-06-30 12:45:39,101 - TOPOPT - INFO - Continuation step                          :   True
2020-06-30 12:45:39,101 - TOPOPT - INFO - Filter length                              :   20.0
2020-06-30 12:45:39,101 - TOPOPT - INFO - Filter approach                            :   SENS
2020-06-30 12:45:39,101 - TOPOPT - INFO - Maximum number of iterations               :   1000.0
2020-06-30 12:45:39,102 - TOPOPT - INFO - Tolerance (max. density change)            :   0.001
2020-06-30 12:45:39,102 - TOPOPT - INFO - Maximum Young's modulus for fil (if x_i=1) :   1.0
2020-06-30 12:45:39,102 - TOPOPT - INFO - Minimum Young's modulus for fil (if x_i=0) :   1e-09
2020-06-30 12:45:39,102 - TOPOPT - INFO - Maximum Young's modulus for con (if x_i=1) :   1.0
2020-06-30 12:45:39,102 - TOPOPT - INFO - Minimum Young's modulus for con (if x_i=0) :   1e-09

2020-06-30 12:45:39,282 - TOPOPT - INFO - Scaling factor for objective function f0   :   0.000
2020-06-30 12:45:39,282 - TOPOPT - INFO - Scaling factor for constraint function f1  :   2732.000

2020-06-30 12:45:39,459 - TOPOPT - INFO - Ite.: 000  Vol.: 0.300  Ch.: 0.0000  Obj.: 833.3
2020-06-30 12:45:39,621 - TOPOPT - INFO - Ite.: 001  Vol.: 0.300  Ch.: 0.2000  Obj.: 50.2
2020-06-30 12:45:39,745 - TOPOPT - INFO - Ite.: 002  Vol.: 0.300  Ch.: 0.2000  Obj.: 41.2
2020-06-30 12:45:39,876 - TOPOPT - INFO - Ite.: 003  Vol.: 0.300  Ch.: 0.2000  Obj.: 36.5
2020-06-30 12:45:39,989 - TOPOPT - INFO - Ite.: 004  Vol.: 0.300  Ch.: 0.1116  Obj.: 34.4
2020-06-30 12:45:40,098 - TOPOPT - INFO - Ite.: 005  Vol.: 0.300  Ch.: 0.1176  Obj.: 33.9
2020-06-30 12:45:40,224 - TOPOPT - INFO - Ite.: 006  Vol.: 0.300  Ch.: 0.1011  Obj.: 33.6
2020-06-30 12:45:40,324 - TOPOPT - INFO - Ite.: 007  Vol.: 0.300  Ch.: 0.0862  Obj.: 33.4
2020-06-30 12:45:40,415 - TOPOPT - INFO - Ite.: 008  Vol.: 0.300  Ch.: 0.0548  Obj.: 33.3
2020-06-30 12:45:40,522 - TOPOPT - INFO - Ite.: 009  Vol.: 0.300  Ch.: 0.0488  Obj.: 33.2
2020-06-30 12:45:40,646 - TOPOPT - INFO - Ite.: 010  Vol.: 0.300  Ch.: 0.0433  Obj.: 33.1
2020-06-30 12:45:40,787 - TOPOPT - INFO - Ite.: 011  Vol.: 0.300  Ch.: 0.0335  Obj.: 33.1
2020-06-30 12:45:40,908 - TOPOPT - INFO - Ite.: 012  Vol.: 0.300  Ch.: 0.0305  Obj.: 33.0
2020-06-30 12:45:41,036 - TOPOPT - INFO - Ite.: 013  Vol.: 0.300  Ch.: 0.0271  Obj.: 33.0
2020-06-30 12:45:41,168 - TOPOPT - INFO - Ite.: 014  Vol.: 0.300  Ch.: 0.0241  Obj.: 33.0
2020-06-30 12:45:41,289 - TOPOPT - INFO - Ite.: 015  Vol.: 0.300  Ch.: 0.0222  Obj.: 32.9
2020-06-30 12:45:41,399 - TOPOPT - INFO - Ite.: 016  Vol.: 0.300  Ch.: 0.0202  Obj.: 32.9
2020-06-30 12:45:41,519 - TOPOPT - INFO - Ite.: 017  Vol.: 0.300  Ch.: 0.0186  Obj.: 32.9
2020-06-30 12:45:41,645 - TOPOPT - INFO - Ite.: 018  Vol.: 0.300  Ch.: 0.0172  Obj.: 32.9
2020-06-30 12:45:41,767 - TOPOPT - INFO - Ite.: 019  Vol.: 0.300  Ch.: 0.0160  Obj.: 32.9
2020-06-30 12:45:41,905 - TOPOPT - INFO - Ite.: 020  Vol.: 0.300  Ch.: 0.0149  Obj.: 32.9
2020-06-30 12:45:42,077 - TOPOPT - INFO - Ite.: 021  Vol.: 0.300  Ch.: 0.0140  Obj.: 33.0
2020-06-30 12:45:42,256 - TOPOPT - INFO - Ite.: 022  Vol.: 0.300  Ch.: 0.0160  Obj.: 33.1
2020-06-30 12:45:42,412 - TOPOPT - INFO - Ite.: 023  Vol.: 0.300  Ch.: 0.0187  Obj.: 33.2
2020-06-30 12:45:42,566 - TOPOPT - INFO - Ite.: 024  Vol.: 0.300  Ch.: 0.0224  Obj.: 33.3
2020-06-30 12:45:42,742 - TOPOPT - INFO - Ite.: 025  Vol.: 0.300  Ch.: 0.0200  Obj.: 33.3
2020-06-30 12:45:42,872 - TOPOPT - INFO - Ite.: 026  Vol.: 0.300  Ch.: 0.0213  Obj.: 33.4
2020-06-30 12:45:43,001 - TOPOPT - INFO - Ite.: 027  Vol.: 0.300  Ch.: 0.0252  Obj.: 33.5
2020-06-30 12:45:43,182 - TOPOPT - INFO - Ite.: 028  Vol.: 0.300  Ch.: 0.0298  Obj.: 33.6
2020-06-30 12:45:43,362 - TOPOPT - INFO - Ite.: 029  Vol.: 0.300  Ch.: 0.0358  Obj.: 33.6
2020-06-30 12:45:43,539 - TOPOPT - INFO - Ite.: 030  Vol.: 0.300  Ch.: 0.0423  Obj.: 33.7
2020-06-30 12:45:43,738 - TOPOPT - INFO - Ite.: 031  Vol.: 0.300  Ch.: 0.0499  Obj.: 33.7
2020-06-30 12:45:43,928 - TOPOPT - INFO - Ite.: 032  Vol.: 0.300  Ch.: 0.0479  Obj.: 33.8
2020-06-30 12:45:44,108 - TOPOPT - INFO - Ite.: 033  Vol.: 0.300  Ch.: 0.0471  Obj.: 33.8
2020-06-30 12:45:44,307 - TOPOPT - INFO - Ite.: 034  Vol.: 0.300  Ch.: 0.0397  Obj.: 33.8
2020-06-30 12:45:44,484 - TOPOPT - INFO - Ite.: 035  Vol.: 0.300  Ch.: 0.0379  Obj.: 33.9
2020-06-30 12:45:44,629 - TOPOPT - INFO - Ite.: 036  Vol.: 0.300  Ch.: 0.0360  Obj.: 33.9
2020-06-30 12:45:44,765 - TOPOPT - INFO - Ite.: 037  Vol.: 0.300  Ch.: 0.0339  Obj.: 33.9
2020-06-30 12:45:44,907 - TOPOPT - INFO - Ite.: 038  Vol.: 0.300  Ch.: 0.0325  Obj.: 33.9
2020-06-30 12:45:45,076 - TOPOPT - INFO - Ite.: 039  Vol.: 0.300  Ch.: 0.0313  Obj.: 34.0
2020-06-30 12:45:45,259 - TOPOPT - INFO - Ite.: 040  Vol.: 0.300  Ch.: 0.0298  Obj.: 34.0
2020-06-30 12:45:45,434 - TOPOPT - INFO - Ite.: 041  Vol.: 0.300  Ch.: 0.0292  Obj.: 34.0
2020-06-30 12:45:45,560 - TOPOPT - INFO - Ite.: 042  Vol.: 0.300  Ch.: 0.0292  Obj.: 34.1
2020-06-30 12:45:45,715 - TOPOPT - INFO - Ite.: 043  Vol.: 0.300  Ch.: 0.0286  Obj.: 34.1
2020-06-30 12:45:45,867 - TOPOPT - INFO - Ite.: 044  Vol.: 0.300  Ch.: 0.0273  Obj.: 34.1
2020-06-30 12:45:46,025 - TOPOPT - INFO - Ite.: 045  Vol.: 0.300  Ch.: 0.0247  Obj.: 34.2
2020-06-30 12:45:46,208 - TOPOPT - INFO - Ite.: 046  Vol.: 0.300  Ch.: 0.0206  Obj.: 34.2
2020-06-30 12:45:46,401 - TOPOPT - INFO - Ite.: 047  Vol.: 0.300  Ch.: 0.0188  Obj.: 34.2
2020-06-30 12:45:46,631 - TOPOPT - INFO - Ite.: 048  Vol.: 0.300  Ch.: 0.0172  Obj.: 34.2
2020-06-30 12:45:47,057 - TOPOPT - INFO - Ite.: 049  Vol.: 0.300  Ch.: 0.0159  Obj.: 34.3
2020-06-30 12:45:47,667 - TOPOPT - INFO - Ite.: 050  Vol.: 0.300  Ch.: 0.0164  Obj.: 34.3
2020-06-30 12:45:48,301 - TOPOPT - INFO - Ite.: 051  Vol.: 0.300  Ch.: 0.0173  Obj.: 34.3
2020-06-30 12:45:48,827 - TOPOPT - INFO - Ite.: 052  Vol.: 0.300  Ch.: 0.0187  Obj.: 34.4
2020-06-30 12:45:49,400 - TOPOPT - INFO - Ite.: 053  Vol.: 0.300  Ch.: 0.0215  Obj.: 34.4
2020-06-30 12:45:49,824 - TOPOPT - INFO - Ite.: 054  Vol.: 0.300  Ch.: 0.0244  Obj.: 34.4
2020-06-30 12:45:50,138 - TOPOPT - INFO - Ite.: 055  Vol.: 0.300  Ch.: 0.0272  Obj.: 34.5
2020-06-30 12:45:50,489 - TOPOPT - INFO - Ite.: 056  Vol.: 0.300  Ch.: 0.0292  Obj.: 34.5
2020-06-30 12:45:50,826 - TOPOPT - INFO - Ite.: 057  Vol.: 0.300  Ch.: 0.0312  Obj.: 34.5
2020-06-30 12:45:51,155 - TOPOPT - INFO - Ite.: 058  Vol.: 0.300  Ch.: 0.0329  Obj.: 34.6
2020-06-30 12:45:51,516 - TOPOPT - INFO - Ite.: 059  Vol.: 0.300  Ch.: 0.0336  Obj.: 34.6
2020-06-30 12:45:51,900 - TOPOPT - INFO - Ite.: 060  Vol.: 0.300  Ch.: 0.0335  Obj.: 34.6
2020-06-30 12:45:52,316 - TOPOPT - INFO - Ite.: 061  Vol.: 0.300  Ch.: 0.0215  Obj.: 34.6
2020-06-30 12:45:52,619 - TOPOPT - INFO - Ite.: 062  Vol.: 0.300  Ch.: 0.0174  Obj.: 34.7
2020-06-30 12:45:52,881 - TOPOPT - INFO - Ite.: 063  Vol.: 0.300  Ch.: 0.0140  Obj.: 34.7
2020-06-30 12:45:53,190 - TOPOPT - INFO - Ite.: 064  Vol.: 0.300  Ch.: 0.0123  Obj.: 34.7
2020-06-30 12:45:53,464 - TOPOPT - INFO - Ite.: 065  Vol.: 0.300  Ch.: 0.0109  Obj.: 34.8
2020-06-30 12:45:53,729 - TOPOPT - INFO - Ite.: 066  Vol.: 0.300  Ch.: 0.0103  Obj.: 34.8
2020-06-30 12:45:54,011 - TOPOPT - INFO - Ite.: 067  Vol.: 0.300  Ch.: 0.0108  Obj.: 34.9
2020-06-30 12:45:54,296 - TOPOPT - INFO - Ite.: 068  Vol.: 0.300  Ch.: 0.0117  Obj.: 34.9
2020-06-30 12:45:54,621 - TOPOPT - INFO - Ite.: 069  Vol.: 0.300  Ch.: 0.0127  Obj.: 34.9
2020-06-30 12:45:55,059 - TOPOPT - INFO - Ite.: 070  Vol.: 0.300  Ch.: 0.0136  Obj.: 35.0
2020-06-30 12:45:55,406 - TOPOPT - INFO - Ite.: 071  Vol.: 0.300  Ch.: 0.0147  Obj.: 35.0
2020-06-30 12:45:55,808 - TOPOPT - INFO - Ite.: 072  Vol.: 0.300  Ch.: 0.0157  Obj.: 35.1
2020-06-30 12:45:56,200 - TOPOPT - INFO - Ite.: 073  Vol.: 0.300  Ch.: 0.0168  Obj.: 35.1
2020-06-30 12:45:56,674 - TOPOPT - INFO - Ite.: 074  Vol.: 0.300  Ch.: 0.0178  Obj.: 35.1
2020-06-30 12:45:57,305 - TOPOPT - INFO - Ite.: 075  Vol.: 0.300  Ch.: 0.0188  Obj.: 35.2
2020-06-30 12:45:57,802 - TOPOPT - INFO - Ite.: 076  Vol.: 0.300  Ch.: 0.0198  Obj.: 35.2
2020-06-30 12:45:58,351 - TOPOPT - INFO - Ite.: 077  Vol.: 0.300  Ch.: 0.0184  Obj.: 35.2
2020-06-30 12:45:58,890 - TOPOPT - INFO - Ite.: 078  Vol.: 0.300  Ch.: 0.0155  Obj.: 35.2
2020-06-30 12:45:59,437 - TOPOPT - INFO - Ite.: 079  Vol.: 0.300  Ch.: 0.0135  Obj.: 35.2
2020-06-30 12:45:59,968 - TOPOPT - INFO - Ite.: 080  Vol.: 0.300  Ch.: 0.0118  Obj.: 35.2
2020-06-30 12:46:00,480 - TOPOPT - INFO - Ite.: 081  Vol.: 0.300  Ch.: 0.0103  Obj.: 35.2
2020-06-30 12:46:00,925 - TOPOPT - INFO - Ite.: 082  Vol.: 0.300  Ch.: 0.0091  Obj.: 35.2
2020-06-30 12:46:01,463 - TOPOPT - INFO - Ite.: 083  Vol.: 0.300  Ch.: 0.0084  Obj.: 35.2
2020-06-30 12:46:02,093 - TOPOPT - INFO - Ite.: 084  Vol.: 0.300  Ch.: 0.0076  Obj.: 35.2
2020-06-30 12:46:02,570 - TOPOPT - INFO - Ite.: 085  Vol.: 0.300  Ch.: 0.0069  Obj.: 35.2
2020-06-30 12:46:02,918 - TOPOPT - INFO - Ite.: 086  Vol.: 0.300  Ch.: 0.0064  Obj.: 35.2
2020-06-30 12:46:03,302 - TOPOPT - INFO - Ite.: 087  Vol.: 0.300  Ch.: 0.0056  Obj.: 35.2
2020-06-30 12:46:03,757 - TOPOPT - INFO - Ite.: 088  Vol.: 0.300  Ch.: 0.0050  Obj.: 35.2
2020-06-30 12:46:04,341 - TOPOPT - INFO - Ite.: 089  Vol.: 0.300  Ch.: 0.0044  Obj.: 35.2
2020-06-30 12:46:04,972 - TOPOPT - INFO - Ite.: 090  Vol.: 0.300  Ch.: 0.0039  Obj.: 35.2
2020-06-30 12:46:05,896 - TOPOPT - INFO - Ite.: 091  Vol.: 0.300  Ch.: 0.0033  Obj.: 35.2
2020-06-30 12:46:06,595 - TOPOPT - INFO - Ite.: 092  Vol.: 0.300  Ch.: 0.0030  Obj.: 35.2
2020-06-30 12:46:07,269 - TOPOPT - INFO - Ite.: 093  Vol.: 0.300  Ch.: 0.0025  Obj.: 35.2
2020-06-30 12:46:07,888 - TOPOPT - INFO - Ite.: 094  Vol.: 0.300  Ch.: 0.0022  Obj.: 35.2
2020-06-30 12:46:08,403 - TOPOPT - INFO - Ite.: 095  Vol.: 0.300  Ch.: 0.0019  Obj.: 35.2
2020-06-30 12:46:08,835 - TOPOPT - INFO - Ite.: 096  Vol.: 0.300  Ch.: 0.0017  Obj.: 35.2
2020-06-30 12:46:09,315 - TOPOPT - INFO - Ite.: 097  Vol.: 0.300  Ch.: 0.0015  Obj.: 35.2
2020-06-30 12:46:09,675 - TOPOPT - INFO - Ite.: 098  Vol.: 0.300  Ch.: 0.0013  Obj.: 35.2
2020-06-30 12:46:10,001 - TOPOPT - INFO - Ite.: 099  Vol.: 0.300  Ch.: 0.0011  Obj.: 35.2
2020-06-30 12:46:10,291 - TOPOPT - INFO - Ite.: 100  Vol.: 0.300  Ch.: 0.0009  Obj.: 35.2
2020-06-30 12:46:10,317 - TOPOPT - INFO - Ite.: 101  Convergence criterion reached

2020-06-30 12:46:10,318 - TOPOPT - INFO - FINAL OBJECTIVE FUNCTION VALUE     :   23125074375.522697

2020-06-30 12:46:10,321 - TOPOPT - INFO - Black and white filtering data for different threshold values
2020-06-30 12:46:10,610 - TOPOPT - INFO - Threshold value            :   0.1
2020-06-30 12:46:10,611 - TOPOPT - INFO - Volume fraction            :   0.3453291403037007
2020-06-30 12:46:10,613 - TOPOPT - INFO - Objective function value   :   852398530301.7631

2020-06-30 12:46:10,884 - TOPOPT - INFO - Threshold value            :   0.2
2020-06-30 12:46:10,884 - TOPOPT - INFO - Volume fraction            :   0.3275705417826978
2020-06-30 12:46:10,888 - TOPOPT - INFO - Objective function value   :   5351216917404.556

2020-06-30 12:46:11,209 - TOPOPT - INFO - Threshold value            :   0.3
2020-06-30 12:46:11,210 - TOPOPT - INFO - Volume fraction            :   0.31842986035651816
2020-06-30 12:46:11,213 - TOPOPT - INFO - Objective function value   :   7154886444433.027

2020-06-30 12:46:11,550 - TOPOPT - INFO - Threshold value            :   0.4
2020-06-30 12:46:11,551 - TOPOPT - INFO - Volume fraction            :   0.3062422851216121
2020-06-30 12:46:11,555 - TOPOPT - INFO - Objective function value   :   7161353413726.845

2020-06-30 12:46:11,926 - TOPOPT - INFO - Threshold value            :   0.5
2020-06-30 12:46:11,927 - TOPOPT - INFO - Volume fraction            :   0.29825540039613135
2020-06-30 12:46:11,931 - TOPOPT - INFO - Objective function value   :   7162770884924.319

2020-06-30 12:46:12,478 - TOPOPT - INFO - Threshold value            :   0.6
2020-06-30 12:46:12,479 - TOPOPT - INFO - Volume fraction            :   0.29205334474069194
2020-06-30 12:46:12,482 - TOPOPT - INFO - Objective function value   :   42836197430704.61

2020-06-30 12:46:12,915 - TOPOPT - INFO - Threshold value            :   0.7
2020-06-30 12:46:12,916 - TOPOPT - INFO - Volume fraction            :   0.27901820106047065
2020-06-30 12:46:12,917 - TOPOPT - INFO - Objective function value   :   128487247322722.08

2020-06-30 12:46:13,231 - TOPOPT - INFO - Threshold value            :   0.8
2020-06-30 12:46:13,231 - TOPOPT - INFO - Volume fraction            :   0.26515406479350945
2020-06-30 12:46:13,236 - TOPOPT - INFO - Objective function value   :   295105105099826.44

2020-06-30 12:46:13,525 - TOPOPT - INFO - Threshold value            :   0.9
2020-06-30 12:46:13,527 - TOPOPT - INFO - Volume fraction            :   0.2564278796606998
2020-06-30 12:46:13,533 - TOPOPT - INFO - Objective function value   :   419395651256685.4

2020-06-30 12:46:13,534 - TOPOPT - INFO - OPTIMIZATION FINISHED IN 116 SEC. /// 2 MIN.

2020-06-30 12:46:13,536 - TOPOPT - INFO - END OF THE MAIN PROGRAM

2020-06-30 12:46:13,536 - TOPOPT - INFO - YOU CAN CLOSE THIS WINDOW AND CONTINUE IN GRASSHOPPER
