2020-06-30 12:24:21,411 - TOPOPT - INFO - START OF THE MAIN PROGRAM

2020-06-30 12:24:21,433 - TOPOPT - INFO - Total number of finite elements            :   2088
2020-06-30 12:24:21,433 - TOPOPT - INFO - Number of finite elements for filament     :   2088
2020-06-30 12:24:21,433 - TOPOPT - INFO - Number of finite elements for connection   :   0
2020-06-30 12:24:21,433 - TOPOPT - INFO - Total number of design variables           :   2088
2020-06-30 12:24:21,433 - TOPOPT - INFO - Total number of nodes                      :   625
2020-06-30 12:24:21,434 - TOPOPT - INFO - Total degrees of freedom                   :   3750
2020-06-30 12:24:21,434 - TOPOPT - INFO - Number of free degrees of freedom          :   3743
2020-06-30 12:24:21,434 - TOPOPT - INFO - Volume fraction                            :   0.172837
2020-06-30 12:24:21,434 - TOPOPT - INFO - Penalty factor                             :   3.0
2020-06-30 12:24:21,435 - TOPOPT - INFO - Continuation step                          :   True
2020-06-30 12:24:21,435 - TOPOPT - INFO - Filter length                              :   80.0
2020-06-30 12:24:21,435 - TOPOPT - INFO - Filter approach                            :   SENS
2020-06-30 12:24:21,435 - TOPOPT - INFO - Maximum number of iterations               :   1000.0
2020-06-30 12:24:21,436 - TOPOPT - INFO - Tolerance (max. density change)            :   0.001
2020-06-30 12:24:21,436 - TOPOPT - INFO - Maximum Young's modulus for fil (if x_i=1) :   1.0
2020-06-30 12:24:21,436 - TOPOPT - INFO - Minimum Young's modulus for fil (if x_i=0) :   1e-09
2020-06-30 12:24:21,436 - TOPOPT - INFO - Maximum Young's modulus for con (if x_i=1) :   1.0
2020-06-30 12:24:21,436 - TOPOPT - INFO - Minimum Young's modulus for con (if x_i=0) :   1e-09

2020-06-30 12:24:21,547 - TOPOPT - INFO - Scaling factor for objective function f0   :   0.000
2020-06-30 12:24:21,548 - TOPOPT - INFO - Scaling factor for constraint function f1  :   2088.000

2020-06-30 12:24:21,617 - TOPOPT - INFO - Ite.: 000  Vol.: 0.173  Ch.: 0.0000  Obj.: 2510.7
2020-06-30 12:24:21,682 - TOPOPT - INFO - Ite.: 001  Vol.: 0.173  Ch.: 0.1642  Obj.: 62.4
2020-06-30 12:24:21,759 - TOPOPT - INFO - Ite.: 002  Vol.: 0.173  Ch.: 0.1773  Obj.: 57.1
2020-06-30 12:24:21,839 - TOPOPT - INFO - Ite.: 003  Vol.: 0.173  Ch.: 0.1896  Obj.: 54.0
2020-06-30 12:24:21,920 - TOPOPT - INFO - Ite.: 004  Vol.: 0.173  Ch.: 0.1986  Obj.: 52.0
2020-06-30 12:24:21,990 - TOPOPT - INFO - Ite.: 005  Vol.: 0.173  Ch.: 0.1805  Obj.: 50.8
2020-06-30 12:24:22,061 - TOPOPT - INFO - Ite.: 006  Vol.: 0.173  Ch.: 0.1371  Obj.: 50.2
2020-06-30 12:24:22,133 - TOPOPT - INFO - Ite.: 007  Vol.: 0.173  Ch.: 0.0964  Obj.: 49.7
2020-06-30 12:24:22,189 - TOPOPT - INFO - Ite.: 008  Vol.: 0.173  Ch.: 0.0860  Obj.: 49.3
2020-06-30 12:24:22,243 - TOPOPT - INFO - Ite.: 009  Vol.: 0.173  Ch.: 0.0788  Obj.: 49.2
2020-06-30 12:24:22,296 - TOPOPT - INFO - Ite.: 010  Vol.: 0.173  Ch.: 0.0761  Obj.: 49.1
2020-06-30 12:24:22,357 - TOPOPT - INFO - Ite.: 011  Vol.: 0.173  Ch.: 0.0713  Obj.: 49.1
2020-06-30 12:24:22,412 - TOPOPT - INFO - Ite.: 012  Vol.: 0.173  Ch.: 0.0659  Obj.: 49.0
2020-06-30 12:24:22,472 - TOPOPT - INFO - Ite.: 013  Vol.: 0.173  Ch.: 0.0570  Obj.: 49.0
2020-06-30 12:24:22,530 - TOPOPT - INFO - Ite.: 014  Vol.: 0.173  Ch.: 0.0390  Obj.: 49.0
2020-06-30 12:24:22,593 - TOPOPT - INFO - Ite.: 015  Vol.: 0.173  Ch.: 0.0236  Obj.: 48.9
2020-06-30 12:24:22,651 - TOPOPT - INFO - Ite.: 016  Vol.: 0.173  Ch.: 0.0192  Obj.: 48.9
2020-06-30 12:24:22,707 - TOPOPT - INFO - Ite.: 017  Vol.: 0.173  Ch.: 0.0192  Obj.: 48.8
2020-06-30 12:24:22,763 - TOPOPT - INFO - Ite.: 018  Vol.: 0.173  Ch.: 0.0192  Obj.: 48.8
2020-06-30 12:24:22,826 - TOPOPT - INFO - Ite.: 019  Vol.: 0.173  Ch.: 0.0193  Obj.: 48.7
2020-06-30 12:24:22,899 - TOPOPT - INFO - Ite.: 020  Vol.: 0.173  Ch.: 0.0193  Obj.: 48.7
2020-06-30 12:24:22,967 - TOPOPT - INFO - Ite.: 021  Vol.: 0.173  Ch.: 0.0193  Obj.: 49.4
2020-06-30 12:24:23,024 - TOPOPT - INFO - Ite.: 022  Vol.: 0.173  Ch.: 0.0246  Obj.: 50.2
2020-06-30 12:24:23,083 - TOPOPT - INFO - Ite.: 023  Vol.: 0.173  Ch.: 0.0303  Obj.: 50.9
2020-06-30 12:24:23,137 - TOPOPT - INFO - Ite.: 024  Vol.: 0.173  Ch.: 0.0370  Obj.: 51.5
2020-06-30 12:24:23,192 - TOPOPT - INFO - Ite.: 025  Vol.: 0.173  Ch.: 0.0445  Obj.: 52.1
2020-06-30 12:24:23,247 - TOPOPT - INFO - Ite.: 026  Vol.: 0.173  Ch.: 0.0530  Obj.: 52.6
2020-06-30 12:24:23,303 - TOPOPT - INFO - Ite.: 027  Vol.: 0.173  Ch.: 0.0631  Obj.: 52.9
2020-06-30 12:24:23,354 - TOPOPT - INFO - Ite.: 028  Vol.: 0.173  Ch.: 0.0746  Obj.: 53.1
2020-06-30 12:24:23,410 - TOPOPT - INFO - Ite.: 029  Vol.: 0.173  Ch.: 0.0841  Obj.: 53.1
2020-06-30 12:24:23,467 - TOPOPT - INFO - Ite.: 030  Vol.: 0.173  Ch.: 0.0887  Obj.: 52.9
2020-06-30 12:24:23,523 - TOPOPT - INFO - Ite.: 031  Vol.: 0.173  Ch.: 0.0973  Obj.: 52.7
2020-06-30 12:24:23,580 - TOPOPT - INFO - Ite.: 032  Vol.: 0.173  Ch.: 0.1147  Obj.: 52.7
2020-06-30 12:24:23,633 - TOPOPT - INFO - Ite.: 033  Vol.: 0.173  Ch.: 0.1020  Obj.: 52.8
2020-06-30 12:24:23,694 - TOPOPT - INFO - Ite.: 034  Vol.: 0.173  Ch.: 0.0938  Obj.: 52.8
2020-06-30 12:24:23,745 - TOPOPT - INFO - Ite.: 035  Vol.: 0.173  Ch.: 0.1188  Obj.: 52.6
2020-06-30 12:24:23,795 - TOPOPT - INFO - Ite.: 036  Vol.: 0.173  Ch.: 0.1368  Obj.: 52.3
2020-06-30 12:24:23,846 - TOPOPT - INFO - Ite.: 037  Vol.: 0.173  Ch.: 0.1399  Obj.: 52.2
2020-06-30 12:24:23,904 - TOPOPT - INFO - Ite.: 038  Vol.: 0.173  Ch.: 0.1097  Obj.: 52.2
2020-06-30 12:24:23,957 - TOPOPT - INFO - Ite.: 039  Vol.: 0.173  Ch.: 0.0455  Obj.: 52.1
2020-06-30 12:24:24,010 - TOPOPT - INFO - Ite.: 040  Vol.: 0.173  Ch.: 0.0384  Obj.: 52.0
2020-06-30 12:24:24,063 - TOPOPT - INFO - Ite.: 041  Vol.: 0.173  Ch.: 0.0311  Obj.: 52.0
2020-06-30 12:24:24,118 - TOPOPT - INFO - Ite.: 042  Vol.: 0.173  Ch.: 0.0244  Obj.: 51.9
2020-06-30 12:24:24,166 - TOPOPT - INFO - Ite.: 043  Vol.: 0.173  Ch.: 0.0206  Obj.: 52.0
2020-06-30 12:24:24,219 - TOPOPT - INFO - Ite.: 044  Vol.: 0.173  Ch.: 0.0166  Obj.: 52.0
2020-06-30 12:24:24,269 - TOPOPT - INFO - Ite.: 045  Vol.: 0.173  Ch.: 0.0131  Obj.: 52.1
2020-06-30 12:24:24,322 - TOPOPT - INFO - Ite.: 046  Vol.: 0.173  Ch.: 0.0102  Obj.: 52.2
2020-06-30 12:24:24,386 - TOPOPT - INFO - Ite.: 047  Vol.: 0.173  Ch.: 0.0080  Obj.: 52.3
2020-06-30 12:24:24,460 - TOPOPT - INFO - Ite.: 048  Vol.: 0.173  Ch.: 0.0063  Obj.: 52.4
2020-06-30 12:24:24,545 - TOPOPT - INFO - Ite.: 049  Vol.: 0.173  Ch.: 0.0051  Obj.: 52.5
2020-06-30 12:24:24,629 - TOPOPT - INFO - Ite.: 050  Vol.: 0.173  Ch.: 0.0049  Obj.: 52.6
2020-06-30 12:24:24,718 - TOPOPT - INFO - Ite.: 051  Vol.: 0.173  Ch.: 0.0057  Obj.: 52.7
2020-06-30 12:24:24,781 - TOPOPT - INFO - Ite.: 052  Vol.: 0.173  Ch.: 0.0064  Obj.: 52.8
2020-06-30 12:24:24,853 - TOPOPT - INFO - Ite.: 053  Vol.: 0.173  Ch.: 0.0067  Obj.: 52.9
2020-06-30 12:24:24,945 - TOPOPT - INFO - Ite.: 054  Vol.: 0.173  Ch.: 0.0065  Obj.: 53.0
2020-06-30 12:24:25,011 - TOPOPT - INFO - Ite.: 055  Vol.: 0.173  Ch.: 0.0063  Obj.: 53.1
2020-06-30 12:24:25,068 - TOPOPT - INFO - Ite.: 056  Vol.: 0.173  Ch.: 0.0065  Obj.: 53.3
2020-06-30 12:24:25,137 - TOPOPT - INFO - Ite.: 057  Vol.: 0.173  Ch.: 0.0072  Obj.: 53.4
2020-06-30 12:24:25,202 - TOPOPT - INFO - Ite.: 058  Vol.: 0.173  Ch.: 0.0083  Obj.: 53.6
2020-06-30 12:24:25,257 - TOPOPT - INFO - Ite.: 059  Vol.: 0.173  Ch.: 0.0095  Obj.: 53.8
2020-06-30 12:24:25,316 - TOPOPT - INFO - Ite.: 060  Vol.: 0.173  Ch.: 0.0100  Obj.: 53.9
2020-06-30 12:24:25,371 - TOPOPT - INFO - Ite.: 061  Vol.: 0.173  Ch.: 0.0092  Obj.: 54.0
2020-06-30 12:24:25,425 - TOPOPT - INFO - Ite.: 062  Vol.: 0.173  Ch.: 0.0076  Obj.: 54.2
2020-06-30 12:24:25,481 - TOPOPT - INFO - Ite.: 063  Vol.: 0.173  Ch.: 0.0092  Obj.: 54.4
2020-06-30 12:24:25,537 - TOPOPT - INFO - Ite.: 064  Vol.: 0.173  Ch.: 0.0113  Obj.: 54.7
2020-06-30 12:24:25,592 - TOPOPT - INFO - Ite.: 065  Vol.: 0.173  Ch.: 0.0144  Obj.: 55.0
2020-06-30 12:24:25,653 - TOPOPT - INFO - Ite.: 066  Vol.: 0.173  Ch.: 0.0179  Obj.: 55.4
2020-06-30 12:24:25,712 - TOPOPT - INFO - Ite.: 067  Vol.: 0.173  Ch.: 0.0216  Obj.: 55.7
2020-06-30 12:24:25,766 - TOPOPT - INFO - Ite.: 068  Vol.: 0.173  Ch.: 0.0257  Obj.: 56.2
2020-06-30 12:24:25,818 - TOPOPT - INFO - Ite.: 069  Vol.: 0.173  Ch.: 0.0291  Obj.: 56.6
2020-06-30 12:24:25,873 - TOPOPT - INFO - Ite.: 070  Vol.: 0.173  Ch.: 0.0318  Obj.: 57.1
2020-06-30 12:24:25,930 - TOPOPT - INFO - Ite.: 071  Vol.: 0.173  Ch.: 0.0378  Obj.: 57.6
2020-06-30 12:24:25,985 - TOPOPT - INFO - Ite.: 072  Vol.: 0.173  Ch.: 0.0430  Obj.: 58.1
2020-06-30 12:24:26,041 - TOPOPT - INFO - Ite.: 073  Vol.: 0.173  Ch.: 0.0279  Obj.: 58.5
2020-06-30 12:24:26,101 - TOPOPT - INFO - Ite.: 074  Vol.: 0.173  Ch.: 0.0324  Obj.: 59.0
2020-06-30 12:24:26,153 - TOPOPT - INFO - Ite.: 075  Vol.: 0.173  Ch.: 0.0378  Obj.: 59.4
2020-06-30 12:24:26,206 - TOPOPT - INFO - Ite.: 076  Vol.: 0.173  Ch.: 0.0422  Obj.: 59.6
2020-06-30 12:24:26,265 - TOPOPT - INFO - Ite.: 077  Vol.: 0.173  Ch.: 0.0497  Obj.: 59.6
2020-06-30 12:24:26,318 - TOPOPT - INFO - Ite.: 078  Vol.: 0.173  Ch.: 0.0412  Obj.: 59.6
2020-06-30 12:24:26,376 - TOPOPT - INFO - Ite.: 079  Vol.: 0.173  Ch.: 0.0141  Obj.: 59.6
2020-06-30 12:24:26,429 - TOPOPT - INFO - Ite.: 080  Vol.: 0.173  Ch.: 0.0006  Obj.: 59.6
2020-06-30 12:24:26,436 - TOPOPT - INFO - Ite.: 081  Convergence criterion reached

2020-06-30 12:24:26,436 - TOPOPT - INFO - FINAL OBJECTIVE FUNCTION VALUE     :   2953345712.913965

2020-06-30 12:24:26,436 - TOPOPT - INFO - Black and white filtering data for different threshold values
2020-06-30 12:24:26,495 - TOPOPT - INFO - Threshold value            :   0.1
2020-06-30 12:24:26,495 - TOPOPT - INFO - Volume fraction            :   0.21855651126384185
2020-06-30 12:24:26,496 - TOPOPT - INFO - Objective function value   :   1344514791114.3694

2020-06-30 12:24:26,552 - TOPOPT - INFO - Threshold value            :   0.2
2020-06-30 12:24:26,552 - TOPOPT - INFO - Volume fraction            :   0.17387600300774683
2020-06-30 12:24:26,555 - TOPOPT - INFO - Objective function value   :   22448225108635.73

2020-06-30 12:24:26,611 - TOPOPT - INFO - Threshold value            :   0.3
2020-06-30 12:24:26,611 - TOPOPT - INFO - Volume fraction            :   0.17387600300774683
2020-06-30 12:24:26,612 - TOPOPT - INFO - Objective function value   :   22448225108635.73

2020-06-30 12:24:26,670 - TOPOPT - INFO - Threshold value            :   0.4
2020-06-30 12:24:26,671 - TOPOPT - INFO - Volume fraction            :   0.17387600300774683
2020-06-30 12:24:26,672 - TOPOPT - INFO - Objective function value   :   22448225108635.73

2020-06-30 12:24:26,733 - TOPOPT - INFO - Threshold value            :   0.5
2020-06-30 12:24:26,733 - TOPOPT - INFO - Volume fraction            :   0.17387600300774683
2020-06-30 12:24:26,734 - TOPOPT - INFO - Objective function value   :   22448225108635.73

2020-06-30 12:24:26,793 - TOPOPT - INFO - Threshold value            :   0.6
2020-06-30 12:24:26,793 - TOPOPT - INFO - Volume fraction            :   0.16597753041406024
2020-06-30 12:24:26,795 - TOPOPT - INFO - Objective function value   :   22448597719611.76

2020-06-30 12:24:26,849 - TOPOPT - INFO - Threshold value            :   0.7
2020-06-30 12:24:26,849 - TOPOPT - INFO - Volume fraction            :   0.15544623362247814
2020-06-30 12:24:26,852 - TOPOPT - INFO - Objective function value   :   61567805994462.67

2020-06-30 12:24:26,909 - TOPOPT - INFO - Threshold value            :   0.8
2020-06-30 12:24:26,909 - TOPOPT - INFO - Volume fraction            :   0.1422821126330005
2020-06-30 12:24:26,912 - TOPOPT - INFO - Objective function value   :   66178183124641.52

2020-06-30 12:24:26,970 - TOPOPT - INFO - Threshold value            :   0.9
2020-06-30 12:24:26,971 - TOPOPT - INFO - Volume fraction            :   0.1422821126330005
2020-06-30 12:24:26,971 - TOPOPT - INFO - Objective function value   :   66178183124641.52

2020-06-30 12:24:26,972 - TOPOPT - INFO - OPTIMIZATION FINISHED IN 11 SEC. /// 0 MIN.

2020-06-30 12:24:26,972 - TOPOPT - INFO - END OF THE MAIN PROGRAM

2020-06-30 12:24:26,973 - TOPOPT - INFO - YOU CAN CLOSE THIS WINDOW AND CONTINUE IN GRASSHOPPER
