2020-06-30 12:30:31,233 - TOPOPT - INFO - START OF THE MAIN PROGRAM

2020-06-30 12:30:31,248 - TOPOPT - INFO - Total number of finite elements            :   1512
2020-06-30 12:30:31,248 - TOPOPT - INFO - Number of finite elements for filament     :   1512
2020-06-30 12:30:31,248 - TOPOPT - INFO - Number of finite elements for connection   :   0
2020-06-30 12:30:31,248 - TOPOPT - INFO - Total number of design variables           :   1512
2020-06-30 12:30:31,249 - TOPOPT - INFO - Total number of nodes                      :   625
2020-06-30 12:30:31,249 - TOPOPT - INFO - Total degrees of freedom                   :   3750
2020-06-30 12:30:31,249 - TOPOPT - INFO - Number of free degrees of freedom          :   3651
2020-06-30 12:30:31,249 - TOPOPT - INFO - Volume fraction                            :   0.3
2020-06-30 12:30:31,250 - TOPOPT - INFO - Penalty factor                             :   3.0
2020-06-30 12:30:31,250 - TOPOPT - INFO - Continuation step                          :   True
2020-06-30 12:30:31,250 - TOPOPT - INFO - Filter length                              :   80.0
2020-06-30 12:30:31,250 - TOPOPT - INFO - Filter approach                            :   SENS
2020-06-30 12:30:31,250 - TOPOPT - INFO - Maximum number of iterations               :   1000.0
2020-06-30 12:30:31,254 - TOPOPT - INFO - Tolerance (max. density change)            :   0.001
2020-06-30 12:30:31,255 - TOPOPT - INFO - Maximum Young's modulus for fil (if x_i=1) :   1.0
2020-06-30 12:30:31,255 - TOPOPT - INFO - Minimum Young's modulus for fil (if x_i=0) :   1e-09
2020-06-30 12:30:31,255 - TOPOPT - INFO - Maximum Young's modulus for con (if x_i=1) :   1.0
2020-06-30 12:30:31,255 - TOPOPT - INFO - Minimum Young's modulus for con (if x_i=0) :   1e-09

2020-06-30 12:30:31,356 - TOPOPT - INFO - Scaling factor for objective function f0   :   0.000
2020-06-30 12:30:31,356 - TOPOPT - INFO - Scaling factor for constraint function f1  :   1512.000

2020-06-30 12:30:31,452 - TOPOPT - INFO - Ite.: 000  Vol.: 0.300  Ch.: 0.0000  Obj.: 833.3
2020-06-30 12:30:31,548 - TOPOPT - INFO - Ite.: 001  Vol.: 0.300  Ch.: 0.2000  Obj.: 64.2
2020-06-30 12:30:31,617 - TOPOPT - INFO - Ite.: 002  Vol.: 0.300  Ch.: 0.1855  Obj.: 59.3
2020-06-30 12:30:31,684 - TOPOPT - INFO - Ite.: 003  Vol.: 0.300  Ch.: 0.1510  Obj.: 56.8
2020-06-30 12:30:31,737 - TOPOPT - INFO - Ite.: 004  Vol.: 0.300  Ch.: 0.1174  Obj.: 55.3
2020-06-30 12:30:31,789 - TOPOPT - INFO - Ite.: 005  Vol.: 0.300  Ch.: 0.1026  Obj.: 54.4
2020-06-30 12:30:31,844 - TOPOPT - INFO - Ite.: 006  Vol.: 0.300  Ch.: 0.0866  Obj.: 53.9
2020-06-30 12:30:31,897 - TOPOPT - INFO - Ite.: 007  Vol.: 0.300  Ch.: 0.0682  Obj.: 53.5
2020-06-30 12:30:31,956 - TOPOPT - INFO - Ite.: 008  Vol.: 0.300  Ch.: 0.0671  Obj.: 53.3
2020-06-30 12:30:32,012 - TOPOPT - INFO - Ite.: 009  Vol.: 0.300  Ch.: 0.0642  Obj.: 53.1
2020-06-30 12:30:32,064 - TOPOPT - INFO - Ite.: 010  Vol.: 0.300  Ch.: 0.0440  Obj.: 52.9
2020-06-30 12:30:32,116 - TOPOPT - INFO - Ite.: 011  Vol.: 0.300  Ch.: 0.0438  Obj.: 52.8
2020-06-30 12:30:32,171 - TOPOPT - INFO - Ite.: 012  Vol.: 0.300  Ch.: 0.0443  Obj.: 52.7
2020-06-30 12:30:32,225 - TOPOPT - INFO - Ite.: 013  Vol.: 0.300  Ch.: 0.0452  Obj.: 52.6
2020-06-30 12:30:32,279 - TOPOPT - INFO - Ite.: 014  Vol.: 0.300  Ch.: 0.0459  Obj.: 52.6
2020-06-30 12:30:32,332 - TOPOPT - INFO - Ite.: 015  Vol.: 0.300  Ch.: 0.0468  Obj.: 52.5
2020-06-30 12:30:32,386 - TOPOPT - INFO - Ite.: 016  Vol.: 0.300  Ch.: 0.0472  Obj.: 52.4
2020-06-30 12:30:32,436 - TOPOPT - INFO - Ite.: 017  Vol.: 0.300  Ch.: 0.0447  Obj.: 52.5
2020-06-30 12:30:32,491 - TOPOPT - INFO - Ite.: 018  Vol.: 0.300  Ch.: 0.0325  Obj.: 52.5
2020-06-30 12:30:32,543 - TOPOPT - INFO - Ite.: 019  Vol.: 0.300  Ch.: 0.0197  Obj.: 52.5
2020-06-30 12:30:32,598 - TOPOPT - INFO - Ite.: 020  Vol.: 0.300  Ch.: 0.0170  Obj.: 52.5
2020-06-30 12:30:32,660 - TOPOPT - INFO - Ite.: 021  Vol.: 0.300  Ch.: 0.0171  Obj.: 53.0
2020-06-30 12:30:32,721 - TOPOPT - INFO - Ite.: 022  Vol.: 0.300  Ch.: 0.0205  Obj.: 53.5
2020-06-30 12:30:32,782 - TOPOPT - INFO - Ite.: 023  Vol.: 0.300  Ch.: 0.0244  Obj.: 54.1
2020-06-30 12:30:32,841 - TOPOPT - INFO - Ite.: 024  Vol.: 0.300  Ch.: 0.0290  Obj.: 54.5
2020-06-30 12:30:32,897 - TOPOPT - INFO - Ite.: 025  Vol.: 0.300  Ch.: 0.0343  Obj.: 55.0
2020-06-30 12:30:32,955 - TOPOPT - INFO - Ite.: 026  Vol.: 0.300  Ch.: 0.0405  Obj.: 55.4
2020-06-30 12:30:33,012 - TOPOPT - INFO - Ite.: 027  Vol.: 0.300  Ch.: 0.0477  Obj.: 55.7
2020-06-30 12:30:33,072 - TOPOPT - INFO - Ite.: 028  Vol.: 0.300  Ch.: 0.0567  Obj.: 55.9
2020-06-30 12:30:33,125 - TOPOPT - INFO - Ite.: 029  Vol.: 0.300  Ch.: 0.0705  Obj.: 56.3
2020-06-30 12:30:33,181 - TOPOPT - INFO - Ite.: 030  Vol.: 0.300  Ch.: 0.0911  Obj.: 57.0
2020-06-30 12:30:33,236 - TOPOPT - INFO - Ite.: 031  Vol.: 0.300  Ch.: 0.0897  Obj.: 57.7
2020-06-30 12:30:33,298 - TOPOPT - INFO - Ite.: 032  Vol.: 0.300  Ch.: 0.0765  Obj.: 58.3
2020-06-30 12:30:33,352 - TOPOPT - INFO - Ite.: 033  Vol.: 0.300  Ch.: 0.0611  Obj.: 58.6
2020-06-30 12:30:33,409 - TOPOPT - INFO - Ite.: 034  Vol.: 0.300  Ch.: 0.0272  Obj.: 58.9
2020-06-30 12:30:33,465 - TOPOPT - INFO - Ite.: 035  Vol.: 0.300  Ch.: 0.0228  Obj.: 59.1
2020-06-30 12:30:33,524 - TOPOPT - INFO - Ite.: 036  Vol.: 0.300  Ch.: 0.0208  Obj.: 59.4
2020-06-30 12:30:33,577 - TOPOPT - INFO - Ite.: 037  Vol.: 0.300  Ch.: 0.0205  Obj.: 59.5
2020-06-30 12:30:33,644 - TOPOPT - INFO - Ite.: 038  Vol.: 0.300  Ch.: 0.0234  Obj.: 59.7
2020-06-30 12:30:33,706 - TOPOPT - INFO - Ite.: 039  Vol.: 0.300  Ch.: 0.0270  Obj.: 59.8
2020-06-30 12:30:33,769 - TOPOPT - INFO - Ite.: 040  Vol.: 0.300  Ch.: 0.0315  Obj.: 59.9
2020-06-30 12:30:33,834 - TOPOPT - INFO - Ite.: 041  Vol.: 0.300  Ch.: 0.0371  Obj.: 59.9
2020-06-30 12:30:33,894 - TOPOPT - INFO - Ite.: 042  Vol.: 0.300  Ch.: 0.0438  Obj.: 59.8
2020-06-30 12:30:33,954 - TOPOPT - INFO - Ite.: 043  Vol.: 0.300  Ch.: 0.0517  Obj.: 59.6
2020-06-30 12:30:34,013 - TOPOPT - INFO - Ite.: 044  Vol.: 0.300  Ch.: 0.0619  Obj.: 59.4
2020-06-30 12:30:34,073 - TOPOPT - INFO - Ite.: 045  Vol.: 0.300  Ch.: 0.0732  Obj.: 58.9
2020-06-30 12:30:34,135 - TOPOPT - INFO - Ite.: 046  Vol.: 0.300  Ch.: 0.0826  Obj.: 58.3
2020-06-30 12:30:34,183 - TOPOPT - INFO - Ite.: 047  Vol.: 0.300  Ch.: 0.0841  Obj.: 57.6
2020-06-30 12:30:34,236 - TOPOPT - INFO - Ite.: 048  Vol.: 0.300  Ch.: 0.0681  Obj.: 57.2
2020-06-30 12:30:34,295 - TOPOPT - INFO - Ite.: 049  Vol.: 0.300  Ch.: 0.0389  Obj.: 57.1
2020-06-30 12:30:34,345 - TOPOPT - INFO - Ite.: 050  Vol.: 0.300  Ch.: 0.0416  Obj.: 57.1
2020-06-30 12:30:34,390 - TOPOPT - INFO - Ite.: 051  Vol.: 0.300  Ch.: 0.0283  Obj.: 57.1
2020-06-30 12:30:34,435 - TOPOPT - INFO - Ite.: 052  Vol.: 0.300  Ch.: 0.0189  Obj.: 57.1
2020-06-30 12:30:34,481 - TOPOPT - INFO - Ite.: 053  Vol.: 0.300  Ch.: 0.0128  Obj.: 57.2
2020-06-30 12:30:34,529 - TOPOPT - INFO - Ite.: 054  Vol.: 0.300  Ch.: 0.0086  Obj.: 57.3
2020-06-30 12:30:34,580 - TOPOPT - INFO - Ite.: 055  Vol.: 0.300  Ch.: 0.0056  Obj.: 57.4
2020-06-30 12:30:34,638 - TOPOPT - INFO - Ite.: 056  Vol.: 0.300  Ch.: 0.0035  Obj.: 57.6
2020-06-30 12:30:34,696 - TOPOPT - INFO - Ite.: 057  Vol.: 0.300  Ch.: 0.0043  Obj.: 57.8
2020-06-30 12:30:34,746 - TOPOPT - INFO - Ite.: 058  Vol.: 0.300  Ch.: 0.0055  Obj.: 58.0
2020-06-30 12:30:34,793 - TOPOPT - INFO - Ite.: 059  Vol.: 0.300  Ch.: 0.0068  Obj.: 58.3
2020-06-30 12:30:34,834 - TOPOPT - INFO - Ite.: 060  Vol.: 0.300  Ch.: 0.0078  Obj.: 58.5
2020-06-30 12:30:34,883 - TOPOPT - INFO - Ite.: 061  Vol.: 0.300  Ch.: 0.0088  Obj.: 58.8
2020-06-30 12:30:34,929 - TOPOPT - INFO - Ite.: 062  Vol.: 0.300  Ch.: 0.0099  Obj.: 59.1
2020-06-30 12:30:34,976 - TOPOPT - INFO - Ite.: 063  Vol.: 0.300  Ch.: 0.0110  Obj.: 59.5
2020-06-30 12:30:35,030 - TOPOPT - INFO - Ite.: 064  Vol.: 0.300  Ch.: 0.0119  Obj.: 59.8
2020-06-30 12:30:35,073 - TOPOPT - INFO - Ite.: 065  Vol.: 0.300  Ch.: 0.0129  Obj.: 60.2
2020-06-30 12:30:35,118 - TOPOPT - INFO - Ite.: 066  Vol.: 0.300  Ch.: 0.0136  Obj.: 60.6
2020-06-30 12:30:35,160 - TOPOPT - INFO - Ite.: 067  Vol.: 0.300  Ch.: 0.0144  Obj.: 61.0
2020-06-30 12:30:35,208 - TOPOPT - INFO - Ite.: 068  Vol.: 0.300  Ch.: 0.0167  Obj.: 61.5
2020-06-30 12:30:35,252 - TOPOPT - INFO - Ite.: 069  Vol.: 0.300  Ch.: 0.0186  Obj.: 61.9
2020-06-30 12:30:35,326 - TOPOPT - INFO - Ite.: 070  Vol.: 0.300  Ch.: 0.0202  Obj.: 62.3
2020-06-30 12:30:35,375 - TOPOPT - INFO - Ite.: 071  Vol.: 0.300  Ch.: 0.0219  Obj.: 62.7
2020-06-30 12:30:35,431 - TOPOPT - INFO - Ite.: 072  Vol.: 0.300  Ch.: 0.0243  Obj.: 63.1
2020-06-30 12:30:35,476 - TOPOPT - INFO - Ite.: 073  Vol.: 0.300  Ch.: 0.0277  Obj.: 63.4
2020-06-30 12:30:35,523 - TOPOPT - INFO - Ite.: 074  Vol.: 0.300  Ch.: 0.0319  Obj.: 63.6
2020-06-30 12:30:35,570 - TOPOPT - INFO - Ite.: 075  Vol.: 0.300  Ch.: 0.0363  Obj.: 63.8
2020-06-30 12:30:35,621 - TOPOPT - INFO - Ite.: 076  Vol.: 0.300  Ch.: 0.0398  Obj.: 63.8
2020-06-30 12:30:35,680 - TOPOPT - INFO - Ite.: 077  Vol.: 0.300  Ch.: 0.0473  Obj.: 63.6
2020-06-30 12:30:35,727 - TOPOPT - INFO - Ite.: 078  Vol.: 0.300  Ch.: 0.0371  Obj.: 63.5
2020-06-30 12:30:35,770 - TOPOPT - INFO - Ite.: 079  Vol.: 0.300  Ch.: 0.0274  Obj.: 63.4
2020-06-30 12:30:35,816 - TOPOPT - INFO - Ite.: 080  Vol.: 0.300  Ch.: 0.0188  Obj.: 63.3
2020-06-30 12:30:35,860 - TOPOPT - INFO - Ite.: 081  Vol.: 0.300  Ch.: 0.0128  Obj.: 63.2
2020-06-30 12:30:35,909 - TOPOPT - INFO - Ite.: 082  Vol.: 0.300  Ch.: 0.0086  Obj.: 63.2
2020-06-30 12:30:35,953 - TOPOPT - INFO - Ite.: 083  Vol.: 0.300  Ch.: 0.0055  Obj.: 63.2
2020-06-30 12:30:36,000 - TOPOPT - INFO - Ite.: 084  Vol.: 0.300  Ch.: 0.0034  Obj.: 63.1
2020-06-30 12:30:36,047 - TOPOPT - INFO - Ite.: 085  Vol.: 0.300  Ch.: 0.0020  Obj.: 63.1
2020-06-30 12:30:36,096 - TOPOPT - INFO - Ite.: 086  Vol.: 0.300  Ch.: 0.0012  Obj.: 63.1
2020-06-30 12:30:36,150 - TOPOPT - INFO - Ite.: 087  Vol.: 0.300  Ch.: 0.0006  Obj.: 63.1
2020-06-30 12:30:36,155 - TOPOPT - INFO - Ite.: 088  Convergence criterion reached

2020-06-30 12:30:36,155 - TOPOPT - INFO - FINAL OBJECTIVE FUNCTION VALUE     :   248513522.95957574

2020-06-30 12:30:36,157 - TOPOPT - INFO - Black and white filtering data for different threshold values
2020-06-30 12:30:36,210 - TOPOPT - INFO - Threshold value            :   0.1
2020-06-30 12:30:36,210 - TOPOPT - INFO - Volume fraction            :   0.41421356237309487
2020-06-30 12:30:36,211 - TOPOPT - INFO - Objective function value   :   174930244.33188882

2020-06-30 12:30:36,267 - TOPOPT - INFO - Threshold value            :   0.2
2020-06-30 12:30:36,268 - TOPOPT - INFO - Volume fraction            :   0.3011144148395472
2020-06-30 12:30:36,269 - TOPOPT - INFO - Objective function value   :   8230267150093.2295

2020-06-30 12:30:36,351 - TOPOPT - INFO - Threshold value            :   0.3
2020-06-30 12:30:36,351 - TOPOPT - INFO - Volume fraction            :   0.2946516064090588
2020-06-30 12:30:36,352 - TOPOPT - INFO - Objective function value   :   8230269833445.031

2020-06-30 12:30:36,431 - TOPOPT - INFO - Threshold value            :   0.4
2020-06-30 12:30:36,431 - TOPOPT - INFO - Volume fraction            :   0.2914202021938146
2020-06-30 12:30:36,432 - TOPOPT - INFO - Objective function value   :   8230270987606.775

2020-06-30 12:30:36,495 - TOPOPT - INFO - Threshold value            :   0.5
2020-06-30 12:30:36,495 - TOPOPT - INFO - Volume fraction            :   0.2849573937633262
2020-06-30 12:30:36,495 - TOPOPT - INFO - Objective function value   :   8544104933187.539

2020-06-30 12:30:36,550 - TOPOPT - INFO - Threshold value            :   0.6
2020-06-30 12:30:36,550 - TOPOPT - INFO - Volume fraction            :   0.2784945853328377
2020-06-30 12:30:36,551 - TOPOPT - INFO - Objective function value   :   8544109830249.745

2020-06-30 12:30:36,601 - TOPOPT - INFO - Threshold value            :   0.7
2020-06-30 12:30:36,601 - TOPOPT - INFO - Volume fraction            :   0.2752631811175935
2020-06-30 12:30:36,602 - TOPOPT - INFO - Objective function value   :   8544120510509.612

2020-06-30 12:30:36,662 - TOPOPT - INFO - Threshold value            :   0.8
2020-06-30 12:30:36,662 - TOPOPT - INFO - Volume fraction            :   0.268800372687105
2020-06-30 12:30:36,663 - TOPOPT - INFO - Objective function value   :   8544131458358.492

2020-06-30 12:30:36,719 - TOPOPT - INFO - Threshold value            :   0.9
2020-06-30 12:30:36,720 - TOPOPT - INFO - Volume fraction            :   0.2655689684718608
2020-06-30 12:30:36,721 - TOPOPT - INFO - Objective function value   :   8544131458356.124

2020-06-30 12:30:36,721 - TOPOPT - INFO - OPTIMIZATION FINISHED IN 6 SEC. /// 0 MIN.

2020-06-30 12:30:36,721 - TOPOPT - INFO - END OF THE MAIN PROGRAM

2020-06-30 12:30:36,722 - TOPOPT - INFO - YOU CAN CLOSE THIS WINDOW AND CONTINUE IN GRASSHOPPER
