2020-06-30 13:09:55,303 - TOPOPT - INFO - START OF THE MAIN PROGRAM

2020-06-30 13:09:55,343 - TOPOPT - INFO - Total number of finite elements            :   3788
2020-06-30 13:09:55,343 - TOPOPT - INFO - Number of finite elements for filament     :   3788
2020-06-30 13:09:55,344 - TOPOPT - INFO - Number of finite elements for connection   :   0
2020-06-30 13:09:55,345 - TOPOPT - INFO - Total number of design variables           :   3788
2020-06-30 13:09:55,345 - TOPOPT - INFO - Total number of nodes                      :   1125
2020-06-30 13:09:55,345 - TOPOPT - INFO - Total degrees of freedom                   :   6750
2020-06-30 13:09:55,345 - TOPOPT - INFO - Number of free degrees of freedom          :   6611
2020-06-30 13:09:55,346 - TOPOPT - INFO - Volume fraction                            :   0.171917
2020-06-30 13:09:55,346 - TOPOPT - INFO - Penalty factor                             :   3.0
2020-06-30 13:09:55,346 - TOPOPT - INFO - Continuation step                          :   True
2020-06-30 13:09:55,346 - TOPOPT - INFO - Filter length                              :   0.0
2020-06-30 13:09:55,346 - TOPOPT - INFO - Filter approach                            :   SENS
2020-06-30 13:09:55,346 - TOPOPT - INFO - Maximum number of iterations               :   1000.0
2020-06-30 13:09:55,346 - TOPOPT - INFO - Tolerance (max. density change)            :   0.001
2020-06-30 13:09:55,347 - TOPOPT - INFO - Maximum Young's modulus for fil (if x_i=1) :   1.0
2020-06-30 13:09:55,347 - TOPOPT - INFO - Minimum Young's modulus for fil (if x_i=0) :   1e-09
2020-06-30 13:09:55,347 - TOPOPT - INFO - Maximum Young's modulus for con (if x_i=1) :   1.0
2020-06-30 13:09:55,347 - TOPOPT - INFO - Minimum Young's modulus for con (if x_i=0) :   1e-09

2020-06-30 13:09:55,629 - TOPOPT - INFO - Scaling factor for objective function f0   :   0.000
2020-06-30 13:09:55,629 - TOPOPT - INFO - Scaling factor for constraint function f1  :   3788.000

2020-06-30 13:09:55,750 - TOPOPT - INFO - Ite.: 000  Vol.: 0.172  Ch.: 0.0000  Obj.: 2537.6
2020-06-30 13:09:55,908 - TOPOPT - INFO - Ite.: 001  Vol.: 0.172  Ch.: 0.2000  Obj.: 52.3
2020-06-30 13:09:56,033 - TOPOPT - INFO - Ite.: 002  Vol.: 0.172  Ch.: 0.1898  Obj.: 45.6
2020-06-30 13:09:56,207 - TOPOPT - INFO - Ite.: 003  Vol.: 0.172  Ch.: 0.1745  Obj.: 42.1
2020-06-30 13:09:56,373 - TOPOPT - INFO - Ite.: 004  Vol.: 0.172  Ch.: 0.1616  Obj.: 40.1
2020-06-30 13:09:56,543 - TOPOPT - INFO - Ite.: 005  Vol.: 0.172  Ch.: 0.1358  Obj.: 38.6
2020-06-30 13:09:56,706 - TOPOPT - INFO - Ite.: 006  Vol.: 0.172  Ch.: 0.1104  Obj.: 37.7
2020-06-30 13:09:56,854 - TOPOPT - INFO - Ite.: 007  Vol.: 0.172  Ch.: 0.0993  Obj.: 37.1
2020-06-30 13:09:57,006 - TOPOPT - INFO - Ite.: 008  Vol.: 0.172  Ch.: 0.0900  Obj.: 36.7
2020-06-30 13:09:57,168 - TOPOPT - INFO - Ite.: 009  Vol.: 0.172  Ch.: 0.0854  Obj.: 36.4
2020-06-30 13:09:57,338 - TOPOPT - INFO - Ite.: 010  Vol.: 0.172  Ch.: 0.0777  Obj.: 36.2
2020-06-30 13:09:57,486 - TOPOPT - INFO - Ite.: 011  Vol.: 0.172  Ch.: 0.0559  Obj.: 36.0
2020-06-30 13:09:57,648 - TOPOPT - INFO - Ite.: 012  Vol.: 0.172  Ch.: 0.0577  Obj.: 35.9
2020-06-30 13:09:57,816 - TOPOPT - INFO - Ite.: 013  Vol.: 0.172  Ch.: 0.0572  Obj.: 35.7
2020-06-30 13:09:57,969 - TOPOPT - INFO - Ite.: 014  Vol.: 0.172  Ch.: 0.0557  Obj.: 35.7
2020-06-30 13:09:58,132 - TOPOPT - INFO - Ite.: 015  Vol.: 0.172  Ch.: 0.0486  Obj.: 35.6
2020-06-30 13:09:58,297 - TOPOPT - INFO - Ite.: 016  Vol.: 0.172  Ch.: 0.0366  Obj.: 35.5
2020-06-30 13:09:58,467 - TOPOPT - INFO - Ite.: 017  Vol.: 0.172  Ch.: 0.0282  Obj.: 35.5
2020-06-30 13:09:58,621 - TOPOPT - INFO - Ite.: 018  Vol.: 0.172  Ch.: 0.0264  Obj.: 35.4
2020-06-30 13:09:58,787 - TOPOPT - INFO - Ite.: 019  Vol.: 0.172  Ch.: 0.0249  Obj.: 35.4
2020-06-30 13:09:58,958 - TOPOPT - INFO - Ite.: 020  Vol.: 0.172  Ch.: 0.0237  Obj.: 35.3
2020-06-30 13:09:59,133 - TOPOPT - INFO - Ite.: 021  Vol.: 0.172  Ch.: 0.0226  Obj.: 35.6
2020-06-30 13:09:59,268 - TOPOPT - INFO - Ite.: 022  Vol.: 0.172  Ch.: 0.0262  Obj.: 35.9
2020-06-30 13:09:59,382 - TOPOPT - INFO - Ite.: 023  Vol.: 0.172  Ch.: 0.0309  Obj.: 36.2
2020-06-30 13:09:59,530 - TOPOPT - INFO - Ite.: 024  Vol.: 0.172  Ch.: 0.0365  Obj.: 36.4
2020-06-30 13:09:59,696 - TOPOPT - INFO - Ite.: 025  Vol.: 0.172  Ch.: 0.0377  Obj.: 36.7
2020-06-30 13:09:59,814 - TOPOPT - INFO - Ite.: 026  Vol.: 0.172  Ch.: 0.0401  Obj.: 36.9
2020-06-30 13:09:59,922 - TOPOPT - INFO - Ite.: 027  Vol.: 0.172  Ch.: 0.0474  Obj.: 37.2
2020-06-30 13:10:00,046 - TOPOPT - INFO - Ite.: 028  Vol.: 0.172  Ch.: 0.0505  Obj.: 37.4
2020-06-30 13:10:00,208 - TOPOPT - INFO - Ite.: 029  Vol.: 0.172  Ch.: 0.0556  Obj.: 37.6
2020-06-30 13:10:00,342 - TOPOPT - INFO - Ite.: 030  Vol.: 0.172  Ch.: 0.0565  Obj.: 37.8
2020-06-30 13:10:00,510 - TOPOPT - INFO - Ite.: 031  Vol.: 0.172  Ch.: 0.0498  Obj.: 38.0
2020-06-30 13:10:00,681 - TOPOPT - INFO - Ite.: 032  Vol.: 0.172  Ch.: 0.0485  Obj.: 38.1
2020-06-30 13:10:00,843 - TOPOPT - INFO - Ite.: 033  Vol.: 0.172  Ch.: 0.0618  Obj.: 38.3
2020-06-30 13:10:00,995 - TOPOPT - INFO - Ite.: 034  Vol.: 0.172  Ch.: 0.0763  Obj.: 38.4
2020-06-30 13:10:01,196 - TOPOPT - INFO - Ite.: 035  Vol.: 0.172  Ch.: 0.0926  Obj.: 38.5
2020-06-30 13:10:01,375 - TOPOPT - INFO - Ite.: 036  Vol.: 0.172  Ch.: 0.1130  Obj.: 38.5
2020-06-30 13:10:01,545 - TOPOPT - INFO - Ite.: 037  Vol.: 0.172  Ch.: 0.1237  Obj.: 38.6
2020-06-30 13:10:01,710 - TOPOPT - INFO - Ite.: 038  Vol.: 0.172  Ch.: 0.0802  Obj.: 38.6
2020-06-30 13:10:01,888 - TOPOPT - INFO - Ite.: 039  Vol.: 0.172  Ch.: 0.0674  Obj.: 38.7
2020-06-30 13:10:02,042 - TOPOPT - INFO - Ite.: 040  Vol.: 0.172  Ch.: 0.0877  Obj.: 38.7
2020-06-30 13:10:02,210 - TOPOPT - INFO - Ite.: 041  Vol.: 0.172  Ch.: 0.1098  Obj.: 38.7
2020-06-30 13:10:02,403 - TOPOPT - INFO - Ite.: 042  Vol.: 0.172  Ch.: 0.1307  Obj.: 38.7
2020-06-30 13:10:02,527 - TOPOPT - INFO - Ite.: 043  Vol.: 0.172  Ch.: 0.1437  Obj.: 38.7
2020-06-30 13:10:02,645 - TOPOPT - INFO - Ite.: 044  Vol.: 0.172  Ch.: 0.1347  Obj.: 38.8
2020-06-30 13:10:02,761 - TOPOPT - INFO - Ite.: 045  Vol.: 0.172  Ch.: 0.0475  Obj.: 38.8
2020-06-30 13:10:02,878 - TOPOPT - INFO - Ite.: 046  Vol.: 0.172  Ch.: 0.0413  Obj.: 38.9
2020-06-30 13:10:03,035 - TOPOPT - INFO - Ite.: 047  Vol.: 0.172  Ch.: 0.0454  Obj.: 39.0
2020-06-30 13:10:03,193 - TOPOPT - INFO - Ite.: 048  Vol.: 0.172  Ch.: 0.0469  Obj.: 39.1
2020-06-30 13:10:03,344 - TOPOPT - INFO - Ite.: 049  Vol.: 0.172  Ch.: 0.0421  Obj.: 39.1
2020-06-30 13:10:03,538 - TOPOPT - INFO - Ite.: 050  Vol.: 0.172  Ch.: 0.0388  Obj.: 39.2
2020-06-30 13:10:03,711 - TOPOPT - INFO - Ite.: 051  Vol.: 0.172  Ch.: 0.0406  Obj.: 39.3
2020-06-30 13:10:03,862 - TOPOPT - INFO - Ite.: 052  Vol.: 0.172  Ch.: 0.0383  Obj.: 39.3
2020-06-30 13:10:04,007 - TOPOPT - INFO - Ite.: 053  Vol.: 0.172  Ch.: 0.0368  Obj.: 39.4
2020-06-30 13:10:04,209 - TOPOPT - INFO - Ite.: 054  Vol.: 0.172  Ch.: 0.0363  Obj.: 39.5
2020-06-30 13:10:04,406 - TOPOPT - INFO - Ite.: 055  Vol.: 0.172  Ch.: 0.0349  Obj.: 39.6
2020-06-30 13:10:04,607 - TOPOPT - INFO - Ite.: 056  Vol.: 0.172  Ch.: 0.0393  Obj.: 39.6
2020-06-30 13:10:04,800 - TOPOPT - INFO - Ite.: 057  Vol.: 0.172  Ch.: 0.0406  Obj.: 39.7
2020-06-30 13:10:04,993 - TOPOPT - INFO - Ite.: 058  Vol.: 0.172  Ch.: 0.0396  Obj.: 39.8
2020-06-30 13:10:05,185 - TOPOPT - INFO - Ite.: 059  Vol.: 0.172  Ch.: 0.0484  Obj.: 39.8
2020-06-30 13:10:05,383 - TOPOPT - INFO - Ite.: 060  Vol.: 0.172  Ch.: 0.0574  Obj.: 39.9
2020-06-30 13:10:05,583 - TOPOPT - INFO - Ite.: 061  Vol.: 0.172  Ch.: 0.0627  Obj.: 39.9
2020-06-30 13:10:05,765 - TOPOPT - INFO - Ite.: 062  Vol.: 0.172  Ch.: 0.0636  Obj.: 39.8
2020-06-30 13:10:05,941 - TOPOPT - INFO - Ite.: 063  Vol.: 0.172  Ch.: 0.0621  Obj.: 39.8
2020-06-30 13:10:06,126 - TOPOPT - INFO - Ite.: 064  Vol.: 0.172  Ch.: 0.0539  Obj.: 39.8
2020-06-30 13:10:06,324 - TOPOPT - INFO - Ite.: 065  Vol.: 0.172  Ch.: 0.0381  Obj.: 39.8
2020-06-30 13:10:06,501 - TOPOPT - INFO - Ite.: 066  Vol.: 0.172  Ch.: 0.0264  Obj.: 39.8
2020-06-30 13:10:06,685 - TOPOPT - INFO - Ite.: 067  Vol.: 0.172  Ch.: 0.0310  Obj.: 39.9
2020-06-30 13:10:06,860 - TOPOPT - INFO - Ite.: 068  Vol.: 0.172  Ch.: 0.0345  Obj.: 40.0
2020-06-30 13:10:07,004 - TOPOPT - INFO - Ite.: 069  Vol.: 0.172  Ch.: 0.0303  Obj.: 40.0
2020-06-30 13:10:07,188 - TOPOPT - INFO - Ite.: 070  Vol.: 0.172  Ch.: 0.0199  Obj.: 40.1
2020-06-30 13:10:07,447 - TOPOPT - INFO - Ite.: 071  Vol.: 0.172  Ch.: 0.0235  Obj.: 40.2
2020-06-30 13:10:07,732 - TOPOPT - INFO - Ite.: 072  Vol.: 0.172  Ch.: 0.0189  Obj.: 40.3
2020-06-30 13:10:08,052 - TOPOPT - INFO - Ite.: 073  Vol.: 0.172  Ch.: 0.0132  Obj.: 40.4
2020-06-30 13:10:08,438 - TOPOPT - INFO - Ite.: 074  Vol.: 0.172  Ch.: 0.0178  Obj.: 40.5
2020-06-30 13:10:08,761 - TOPOPT - INFO - Ite.: 075  Vol.: 0.172  Ch.: 0.0235  Obj.: 40.6
2020-06-30 13:10:09,178 - TOPOPT - INFO - Ite.: 076  Vol.: 0.172  Ch.: 0.0308  Obj.: 40.6
2020-06-30 13:10:09,505 - TOPOPT - INFO - Ite.: 077  Vol.: 0.172  Ch.: 0.0378  Obj.: 40.6
2020-06-30 13:10:09,900 - TOPOPT - INFO - Ite.: 078  Vol.: 0.172  Ch.: 0.0446  Obj.: 40.6
2020-06-30 13:10:10,195 - TOPOPT - INFO - Ite.: 079  Vol.: 0.172  Ch.: 0.0567  Obj.: 40.6
2020-06-30 13:10:10,539 - TOPOPT - INFO - Ite.: 080  Vol.: 0.172  Ch.: 0.0749  Obj.: 40.5
2020-06-30 13:10:10,877 - TOPOPT - INFO - Ite.: 081  Vol.: 0.172  Ch.: 0.0933  Obj.: 40.5
2020-06-30 13:10:11,281 - TOPOPT - INFO - Ite.: 082  Vol.: 0.172  Ch.: 0.0468  Obj.: 40.5
2020-06-30 13:10:11,632 - TOPOPT - INFO - Ite.: 083  Vol.: 0.172  Ch.: 0.0381  Obj.: 40.5
2020-06-30 13:10:11,935 - TOPOPT - INFO - Ite.: 084  Vol.: 0.172  Ch.: 0.0385  Obj.: 40.5
2020-06-30 13:10:12,262 - TOPOPT - INFO - Ite.: 085  Vol.: 0.172  Ch.: 0.0363  Obj.: 40.5
2020-06-30 13:10:12,594 - TOPOPT - INFO - Ite.: 086  Vol.: 0.172  Ch.: 0.0367  Obj.: 40.5
2020-06-30 13:10:12,968 - TOPOPT - INFO - Ite.: 087  Vol.: 0.172  Ch.: 0.0352  Obj.: 40.5
2020-06-30 13:10:13,350 - TOPOPT - INFO - Ite.: 088  Vol.: 0.172  Ch.: 0.0358  Obj.: 40.5
2020-06-30 13:10:13,658 - TOPOPT - INFO - Ite.: 089  Vol.: 0.172  Ch.: 0.0343  Obj.: 40.5
2020-06-30 13:10:13,992 - TOPOPT - INFO - Ite.: 090  Vol.: 0.172  Ch.: 0.0352  Obj.: 40.5
2020-06-30 13:10:14,334 - TOPOPT - INFO - Ite.: 091  Vol.: 0.172  Ch.: 0.0332  Obj.: 40.5
2020-06-30 13:10:14,639 - TOPOPT - INFO - Ite.: 092  Vol.: 0.172  Ch.: 0.0347  Obj.: 40.5
2020-06-30 13:10:14,960 - TOPOPT - INFO - Ite.: 093  Vol.: 0.172  Ch.: 0.0313  Obj.: 40.5
2020-06-30 13:10:15,356 - TOPOPT - INFO - Ite.: 094  Vol.: 0.172  Ch.: 0.0343  Obj.: 40.5
2020-06-30 13:10:15,718 - TOPOPT - INFO - Ite.: 095  Vol.: 0.172  Ch.: 0.0279  Obj.: 40.5
2020-06-30 13:10:16,030 - TOPOPT - INFO - Ite.: 096  Vol.: 0.172  Ch.: 0.0330  Obj.: 40.5
2020-06-30 13:10:16,345 - TOPOPT - INFO - Ite.: 097  Vol.: 0.172  Ch.: 0.0249  Obj.: 40.5
2020-06-30 13:10:16,671 - TOPOPT - INFO - Ite.: 098  Vol.: 0.172  Ch.: 0.0278  Obj.: 40.5
2020-06-30 13:10:16,973 - TOPOPT - INFO - Ite.: 099  Vol.: 0.172  Ch.: 0.0254  Obj.: 40.5
2020-06-30 13:10:17,290 - TOPOPT - INFO - Ite.: 100  Vol.: 0.172  Ch.: 0.0256  Obj.: 40.5
2020-06-30 13:10:17,649 - TOPOPT - INFO - Ite.: 101  Vol.: 0.172  Ch.: 0.0253  Obj.: 40.5
2020-06-30 13:10:17,953 - TOPOPT - INFO - Ite.: 102  Vol.: 0.172  Ch.: 0.0252  Obj.: 40.5
2020-06-30 13:10:18,273 - TOPOPT - INFO - Ite.: 103  Vol.: 0.172  Ch.: 0.0251  Obj.: 40.5
2020-06-30 13:10:18,647 - TOPOPT - INFO - Ite.: 104  Vol.: 0.172  Ch.: 0.0250  Obj.: 40.5
2020-06-30 13:10:19,077 - TOPOPT - INFO - Ite.: 105  Vol.: 0.172  Ch.: 0.0249  Obj.: 40.5
2020-06-30 13:10:19,401 - TOPOPT - INFO - Ite.: 106  Vol.: 0.172  Ch.: 0.0248  Obj.: 40.5
2020-06-30 13:10:19,719 - TOPOPT - INFO - Ite.: 107  Vol.: 0.172  Ch.: 0.0247  Obj.: 40.5
2020-06-30 13:10:20,039 - TOPOPT - INFO - Ite.: 108  Vol.: 0.172  Ch.: 0.0246  Obj.: 40.5
2020-06-30 13:10:20,374 - TOPOPT - INFO - Ite.: 109  Vol.: 0.172  Ch.: 0.0245  Obj.: 40.5
2020-06-30 13:10:20,692 - TOPOPT - INFO - Ite.: 110  Vol.: 0.172  Ch.: 0.0245  Obj.: 40.5
2020-06-30 13:10:21,010 - TOPOPT - INFO - Ite.: 111  Vol.: 0.172  Ch.: 0.0244  Obj.: 40.5
2020-06-30 13:10:21,331 - TOPOPT - INFO - Ite.: 112  Vol.: 0.172  Ch.: 0.0243  Obj.: 40.5
2020-06-30 13:10:21,653 - TOPOPT - INFO - Ite.: 113  Vol.: 0.172  Ch.: 0.0243  Obj.: 40.5
2020-06-30 13:10:21,968 - TOPOPT - INFO - Ite.: 114  Vol.: 0.172  Ch.: 0.0242  Obj.: 40.5
2020-06-30 13:10:22,340 - TOPOPT - INFO - Ite.: 115  Vol.: 0.172  Ch.: 0.0241  Obj.: 40.5
2020-06-30 13:10:22,736 - TOPOPT - INFO - Ite.: 116  Vol.: 0.172  Ch.: 0.0241  Obj.: 40.5
2020-06-30 13:10:23,089 - TOPOPT - INFO - Ite.: 117  Vol.: 0.172  Ch.: 0.0240  Obj.: 40.5
2020-06-30 13:10:23,523 - TOPOPT - INFO - Ite.: 118  Vol.: 0.172  Ch.: 0.0240  Obj.: 40.5
2020-06-30 13:10:23,836 - TOPOPT - INFO - Ite.: 119  Vol.: 0.172  Ch.: 0.0239  Obj.: 40.5
2020-06-30 13:10:24,150 - TOPOPT - INFO - Ite.: 120  Vol.: 0.172  Ch.: 0.0238  Obj.: 40.5
2020-06-30 13:10:24,455 - TOPOPT - INFO - Ite.: 121  Vol.: 0.172  Ch.: 0.0238  Obj.: 40.5
2020-06-30 13:10:24,823 - TOPOPT - INFO - Ite.: 122  Vol.: 0.172  Ch.: 0.0237  Obj.: 40.5
2020-06-30 13:10:25,165 - TOPOPT - INFO - Ite.: 123  Vol.: 0.172  Ch.: 0.0237  Obj.: 40.5
2020-06-30 13:10:25,491 - TOPOPT - INFO - Ite.: 124  Vol.: 0.172  Ch.: 0.0236  Obj.: 40.5
2020-06-30 13:10:25,813 - TOPOPT - INFO - Ite.: 125  Vol.: 0.172  Ch.: 0.0235  Obj.: 40.5
2020-06-30 13:10:26,156 - TOPOPT - INFO - Ite.: 126  Vol.: 0.172  Ch.: 0.0235  Obj.: 40.5
2020-06-30 13:10:26,464 - TOPOPT - INFO - Ite.: 127  Vol.: 0.172  Ch.: 0.0234  Obj.: 40.5
2020-06-30 13:10:26,782 - TOPOPT - INFO - Ite.: 128  Vol.: 0.172  Ch.: 0.0234  Obj.: 40.5
2020-06-30 13:10:27,092 - TOPOPT - INFO - Ite.: 129  Vol.: 0.172  Ch.: 0.0233  Obj.: 40.5
2020-06-30 13:10:27,415 - TOPOPT - INFO - Ite.: 130  Vol.: 0.172  Ch.: 0.0233  Obj.: 40.5
2020-06-30 13:10:27,734 - TOPOPT - INFO - Ite.: 131  Vol.: 0.172  Ch.: 0.0232  Obj.: 40.5
2020-06-30 13:10:28,048 - TOPOPT - INFO - Ite.: 132  Vol.: 0.172  Ch.: 0.0231  Obj.: 40.5
2020-06-30 13:10:28,356 - TOPOPT - INFO - Ite.: 133  Vol.: 0.172  Ch.: 0.0231  Obj.: 40.5
2020-06-30 13:10:28,648 - TOPOPT - INFO - Ite.: 134  Vol.: 0.172  Ch.: 0.0230  Obj.: 40.5
2020-06-30 13:10:28,894 - TOPOPT - INFO - Ite.: 135  Vol.: 0.172  Ch.: 0.0230  Obj.: 40.5
2020-06-30 13:10:29,126 - TOPOPT - INFO - Ite.: 136  Vol.: 0.172  Ch.: 0.0229  Obj.: 40.5
2020-06-30 13:10:29,362 - TOPOPT - INFO - Ite.: 137  Vol.: 0.172  Ch.: 0.0229  Obj.: 40.5
2020-06-30 13:10:29,595 - TOPOPT - INFO - Ite.: 138  Vol.: 0.172  Ch.: 0.0228  Obj.: 40.5
2020-06-30 13:10:29,874 - TOPOPT - INFO - Ite.: 139  Vol.: 0.172  Ch.: 0.0228  Obj.: 40.5
2020-06-30 13:10:30,185 - TOPOPT - INFO - Ite.: 140  Vol.: 0.172  Ch.: 0.0227  Obj.: 40.5
2020-06-30 13:10:30,500 - TOPOPT - INFO - Ite.: 141  Vol.: 0.172  Ch.: 0.0227  Obj.: 40.5
2020-06-30 13:10:30,836 - TOPOPT - INFO - Ite.: 142  Vol.: 0.172  Ch.: 0.0226  Obj.: 40.5
2020-06-30 13:10:31,153 - TOPOPT - INFO - Ite.: 143  Vol.: 0.172  Ch.: 0.0226  Obj.: 40.5
2020-06-30 13:10:31,464 - TOPOPT - INFO - Ite.: 144  Vol.: 0.172  Ch.: 0.0225  Obj.: 40.5
2020-06-30 13:10:31,782 - TOPOPT - INFO - Ite.: 145  Vol.: 0.172  Ch.: 0.0224  Obj.: 40.5
2020-06-30 13:10:32,092 - TOPOPT - INFO - Ite.: 146  Vol.: 0.172  Ch.: 0.0224  Obj.: 40.5
2020-06-30 13:10:32,407 - TOPOPT - INFO - Ite.: 147  Vol.: 0.172  Ch.: 0.0223  Obj.: 40.5
2020-06-30 13:10:32,710 - TOPOPT - INFO - Ite.: 148  Vol.: 0.172  Ch.: 0.0223  Obj.: 40.5
2020-06-30 13:10:32,948 - TOPOPT - INFO - Ite.: 149  Vol.: 0.172  Ch.: 0.0222  Obj.: 40.5
2020-06-30 13:10:33,168 - TOPOPT - INFO - Ite.: 150  Vol.: 0.172  Ch.: 0.0222  Obj.: 40.5
2020-06-30 13:10:33,375 - TOPOPT - INFO - Ite.: 151  Vol.: 0.172  Ch.: 0.0221  Obj.: 40.5
2020-06-30 13:10:33,589 - TOPOPT - INFO - Ite.: 152  Vol.: 0.172  Ch.: 0.0221  Obj.: 40.5
2020-06-30 13:10:33,860 - TOPOPT - INFO - Ite.: 153  Vol.: 0.172  Ch.: 0.0220  Obj.: 40.5
2020-06-30 13:10:34,177 - TOPOPT - INFO - Ite.: 154  Vol.: 0.172  Ch.: 0.0220  Obj.: 40.5
2020-06-30 13:10:34,501 - TOPOPT - INFO - Ite.: 155  Vol.: 0.172  Ch.: 0.0219  Obj.: 40.5
2020-06-30 13:10:34,839 - TOPOPT - INFO - Ite.: 156  Vol.: 0.172  Ch.: 0.0219  Obj.: 40.5
2020-06-30 13:10:35,159 - TOPOPT - INFO - Ite.: 157  Vol.: 0.172  Ch.: 0.0218  Obj.: 40.5
2020-06-30 13:10:35,478 - TOPOPT - INFO - Ite.: 158  Vol.: 0.172  Ch.: 0.0218  Obj.: 40.5
2020-06-30 13:10:35,791 - TOPOPT - INFO - Ite.: 159  Vol.: 0.172  Ch.: 0.0217  Obj.: 40.5
2020-06-30 13:10:36,046 - TOPOPT - INFO - Ite.: 160  Vol.: 0.172  Ch.: 0.0217  Obj.: 40.5
2020-06-30 13:10:36,275 - TOPOPT - INFO - Ite.: 161  Vol.: 0.172  Ch.: 0.0216  Obj.: 40.5
2020-06-30 13:10:36,504 - TOPOPT - INFO - Ite.: 162  Vol.: 0.172  Ch.: 0.0216  Obj.: 40.5
2020-06-30 13:10:36,741 - TOPOPT - INFO - Ite.: 163  Vol.: 0.172  Ch.: 0.0215  Obj.: 40.5
2020-06-30 13:10:37,011 - TOPOPT - INFO - Ite.: 164  Vol.: 0.172  Ch.: 0.0215  Obj.: 40.5
2020-06-30 13:10:37,312 - TOPOPT - INFO - Ite.: 165  Vol.: 0.172  Ch.: 0.0214  Obj.: 40.5
2020-06-30 13:10:37,636 - TOPOPT - INFO - Ite.: 166  Vol.: 0.172  Ch.: 0.0214  Obj.: 40.5
2020-06-30 13:10:37,893 - TOPOPT - INFO - Ite.: 167  Vol.: 0.172  Ch.: 0.0213  Obj.: 40.5
2020-06-30 13:10:38,129 - TOPOPT - INFO - Ite.: 168  Vol.: 0.172  Ch.: 0.0213  Obj.: 40.5
2020-06-30 13:10:38,346 - TOPOPT - INFO - Ite.: 169  Vol.: 0.172  Ch.: 0.0212  Obj.: 40.5
2020-06-30 13:10:38,557 - TOPOPT - INFO - Ite.: 170  Vol.: 0.172  Ch.: 0.0212  Obj.: 40.5
2020-06-30 13:10:38,768 - TOPOPT - INFO - Ite.: 171  Vol.: 0.172  Ch.: 0.0211  Obj.: 40.5
2020-06-30 13:10:38,990 - TOPOPT - INFO - Ite.: 172  Vol.: 0.172  Ch.: 0.0211  Obj.: 40.5
2020-06-30 13:10:39,210 - TOPOPT - INFO - Ite.: 173  Vol.: 0.172  Ch.: 0.0210  Obj.: 40.5
2020-06-30 13:10:39,431 - TOPOPT - INFO - Ite.: 174  Vol.: 0.172  Ch.: 0.0210  Obj.: 40.5
2020-06-30 13:10:39,653 - TOPOPT - INFO - Ite.: 175  Vol.: 0.172  Ch.: 0.0209  Obj.: 40.5
2020-06-30 13:10:39,862 - TOPOPT - INFO - Ite.: 176  Vol.: 0.172  Ch.: 0.0209  Obj.: 40.5
2020-06-30 13:10:40,079 - TOPOPT - INFO - Ite.: 177  Vol.: 0.172  Ch.: 0.0208  Obj.: 40.5
2020-06-30 13:10:40,294 - TOPOPT - INFO - Ite.: 178  Vol.: 0.172  Ch.: 0.0208  Obj.: 40.5
2020-06-30 13:10:40,494 - TOPOPT - INFO - Ite.: 179  Vol.: 0.172  Ch.: 0.0207  Obj.: 40.5
2020-06-30 13:10:40,676 - TOPOPT - INFO - Ite.: 180  Vol.: 0.172  Ch.: 0.0207  Obj.: 40.5
2020-06-30 13:10:40,887 - TOPOPT - INFO - Ite.: 181  Vol.: 0.172  Ch.: 0.0207  Obj.: 40.5
2020-06-30 13:10:41,096 - TOPOPT - INFO - Ite.: 182  Vol.: 0.172  Ch.: 0.0206  Obj.: 40.5
2020-06-30 13:10:41,302 - TOPOPT - INFO - Ite.: 183  Vol.: 0.172  Ch.: 0.0205  Obj.: 40.5
2020-06-30 13:10:41,516 - TOPOPT - INFO - Ite.: 184  Vol.: 0.172  Ch.: 0.0205  Obj.: 40.5
2020-06-30 13:10:41,736 - TOPOPT - INFO - Ite.: 185  Vol.: 0.172  Ch.: 0.0205  Obj.: 40.5
2020-06-30 13:10:41,925 - TOPOPT - INFO - Ite.: 186  Vol.: 0.172  Ch.: 0.0204  Obj.: 40.5
2020-06-30 13:10:42,110 - TOPOPT - INFO - Ite.: 187  Vol.: 0.172  Ch.: 0.0204  Obj.: 40.5
2020-06-30 13:10:42,300 - TOPOPT - INFO - Ite.: 188  Vol.: 0.172  Ch.: 0.0203  Obj.: 40.5
2020-06-30 13:10:42,461 - TOPOPT - INFO - Ite.: 189  Vol.: 0.172  Ch.: 0.0203  Obj.: 40.5
2020-06-30 13:10:42,642 - TOPOPT - INFO - Ite.: 190  Vol.: 0.172  Ch.: 0.0202  Obj.: 40.5
2020-06-30 13:10:42,827 - TOPOPT - INFO - Ite.: 191  Vol.: 0.172  Ch.: 0.0202  Obj.: 40.5
2020-06-30 13:10:43,006 - TOPOPT - INFO - Ite.: 192  Vol.: 0.172  Ch.: 0.0201  Obj.: 40.5
2020-06-30 13:10:43,208 - TOPOPT - INFO - Ite.: 193  Vol.: 0.172  Ch.: 0.0201  Obj.: 40.5
2020-06-30 13:10:43,390 - TOPOPT - INFO - Ite.: 194  Vol.: 0.172  Ch.: 0.0200  Obj.: 40.5
2020-06-30 13:10:43,567 - TOPOPT - INFO - Ite.: 195  Vol.: 0.172  Ch.: 0.0200  Obj.: 40.5
2020-06-30 13:10:43,749 - TOPOPT - INFO - Ite.: 196  Vol.: 0.172  Ch.: 0.0199  Obj.: 40.5
2020-06-30 13:10:43,928 - TOPOPT - INFO - Ite.: 197  Vol.: 0.172  Ch.: 0.0199  Obj.: 40.5
2020-06-30 13:10:44,095 - TOPOPT - INFO - Ite.: 198  Vol.: 0.172  Ch.: 0.0198  Obj.: 40.5
2020-06-30 13:10:44,263 - TOPOPT - INFO - Ite.: 199  Vol.: 0.172  Ch.: 0.0198  Obj.: 40.5
2020-06-30 13:10:44,431 - TOPOPT - INFO - Ite.: 200  Vol.: 0.172  Ch.: 0.0198  Obj.: 40.5
2020-06-30 13:10:44,610 - TOPOPT - INFO - Ite.: 201  Vol.: 0.172  Ch.: 0.0197  Obj.: 40.5
2020-06-30 13:10:44,773 - TOPOPT - INFO - Ite.: 202  Vol.: 0.172  Ch.: 0.0197  Obj.: 40.5
2020-06-30 13:10:44,946 - TOPOPT - INFO - Ite.: 203  Vol.: 0.172  Ch.: 0.0196  Obj.: 40.5
2020-06-30 13:10:45,111 - TOPOPT - INFO - Ite.: 204  Vol.: 0.172  Ch.: 0.0196  Obj.: 40.5
2020-06-30 13:10:45,290 - TOPOPT - INFO - Ite.: 205  Vol.: 0.172  Ch.: 0.0195  Obj.: 40.5
2020-06-30 13:10:45,450 - TOPOPT - INFO - Ite.: 206  Vol.: 0.172  Ch.: 0.0195  Obj.: 40.5
2020-06-30 13:10:45,620 - TOPOPT - INFO - Ite.: 207  Vol.: 0.172  Ch.: 0.0194  Obj.: 40.5
2020-06-30 13:10:45,786 - TOPOPT - INFO - Ite.: 208  Vol.: 0.172  Ch.: 0.0194  Obj.: 40.5
2020-06-30 13:10:45,951 - TOPOPT - INFO - Ite.: 209  Vol.: 0.172  Ch.: 0.0193  Obj.: 40.5
2020-06-30 13:10:46,122 - TOPOPT - INFO - Ite.: 210  Vol.: 0.172  Ch.: 0.0193  Obj.: 40.5
2020-06-30 13:10:46,296 - TOPOPT - INFO - Ite.: 211  Vol.: 0.172  Ch.: 0.0193  Obj.: 40.5
2020-06-30 13:10:46,476 - TOPOPT - INFO - Ite.: 212  Vol.: 0.172  Ch.: 0.0192  Obj.: 40.5
2020-06-30 13:10:46,659 - TOPOPT - INFO - Ite.: 213  Vol.: 0.172  Ch.: 0.0192  Obj.: 40.5
2020-06-30 13:10:46,832 - TOPOPT - INFO - Ite.: 214  Vol.: 0.172  Ch.: 0.0191  Obj.: 40.5
2020-06-30 13:10:47,006 - TOPOPT - INFO - Ite.: 215  Vol.: 0.172  Ch.: 0.0191  Obj.: 40.5
2020-06-30 13:10:47,185 - TOPOPT - INFO - Ite.: 216  Vol.: 0.172  Ch.: 0.0190  Obj.: 40.5
2020-06-30 13:10:47,351 - TOPOPT - INFO - Ite.: 217  Vol.: 0.172  Ch.: 0.0190  Obj.: 40.5
2020-06-30 13:10:47,519 - TOPOPT - INFO - Ite.: 218  Vol.: 0.172  Ch.: 0.0189  Obj.: 40.5
2020-06-30 13:10:47,692 - TOPOPT - INFO - Ite.: 219  Vol.: 0.172  Ch.: 0.0189  Obj.: 40.5
2020-06-30 13:10:47,861 - TOPOPT - INFO - Ite.: 220  Vol.: 0.172  Ch.: 0.0189  Obj.: 40.5
2020-06-30 13:10:48,046 - TOPOPT - INFO - Ite.: 221  Vol.: 0.172  Ch.: 0.0188  Obj.: 40.5
2020-06-30 13:10:48,226 - TOPOPT - INFO - Ite.: 222  Vol.: 0.172  Ch.: 0.0188  Obj.: 40.5
2020-06-30 13:10:48,397 - TOPOPT - INFO - Ite.: 223  Vol.: 0.172  Ch.: 0.0187  Obj.: 40.5
2020-06-30 13:10:48,555 - TOPOPT - INFO - Ite.: 224  Vol.: 0.172  Ch.: 0.0187  Obj.: 40.5
2020-06-30 13:10:48,721 - TOPOPT - INFO - Ite.: 225  Vol.: 0.172  Ch.: 0.0186  Obj.: 40.5
2020-06-30 13:10:48,890 - TOPOPT - INFO - Ite.: 226  Vol.: 0.172  Ch.: 0.0186  Obj.: 40.5
2020-06-30 13:10:49,071 - TOPOPT - INFO - Ite.: 227  Vol.: 0.172  Ch.: 0.0186  Obj.: 40.5
2020-06-30 13:10:49,262 - TOPOPT - INFO - Ite.: 228  Vol.: 0.172  Ch.: 0.0185  Obj.: 40.5
2020-06-30 13:10:49,446 - TOPOPT - INFO - Ite.: 229  Vol.: 0.172  Ch.: 0.0185  Obj.: 40.5
2020-06-30 13:10:49,618 - TOPOPT - INFO - Ite.: 230  Vol.: 0.172  Ch.: 0.0184  Obj.: 40.5
2020-06-30 13:10:49,790 - TOPOPT - INFO - Ite.: 231  Vol.: 0.172  Ch.: 0.0184  Obj.: 40.5
2020-06-30 13:10:49,972 - TOPOPT - INFO - Ite.: 232  Vol.: 0.172  Ch.: 0.0183  Obj.: 40.5
2020-06-30 13:10:50,141 - TOPOPT - INFO - Ite.: 233  Vol.: 0.172  Ch.: 0.0183  Obj.: 40.5
2020-06-30 13:10:50,323 - TOPOPT - INFO - Ite.: 234  Vol.: 0.172  Ch.: 0.0183  Obj.: 40.5
2020-06-30 13:10:50,484 - TOPOPT - INFO - Ite.: 235  Vol.: 0.172  Ch.: 0.0182  Obj.: 40.5
2020-06-30 13:10:50,651 - TOPOPT - INFO - Ite.: 236  Vol.: 0.172  Ch.: 0.0182  Obj.: 40.5
2020-06-30 13:10:50,825 - TOPOPT - INFO - Ite.: 237  Vol.: 0.172  Ch.: 0.0181  Obj.: 40.5
2020-06-30 13:10:50,992 - TOPOPT - INFO - Ite.: 238  Vol.: 0.172  Ch.: 0.0181  Obj.: 40.5
2020-06-30 13:10:51,165 - TOPOPT - INFO - Ite.: 239  Vol.: 0.172  Ch.: 0.0181  Obj.: 40.5
2020-06-30 13:10:51,336 - TOPOPT - INFO - Ite.: 240  Vol.: 0.172  Ch.: 0.0180  Obj.: 40.5
2020-06-30 13:10:51,502 - TOPOPT - INFO - Ite.: 241  Vol.: 0.172  Ch.: 0.0180  Obj.: 40.5
2020-06-30 13:10:51,673 - TOPOPT - INFO - Ite.: 242  Vol.: 0.172  Ch.: 0.0179  Obj.: 40.5
2020-06-30 13:10:51,847 - TOPOPT - INFO - Ite.: 243  Vol.: 0.172  Ch.: 0.0179  Obj.: 40.5
2020-06-30 13:10:52,025 - TOPOPT - INFO - Ite.: 244  Vol.: 0.172  Ch.: 0.0178  Obj.: 40.5
2020-06-30 13:10:52,200 - TOPOPT - INFO - Ite.: 245  Vol.: 0.172  Ch.: 0.0178  Obj.: 40.5
2020-06-30 13:10:52,365 - TOPOPT - INFO - Ite.: 246  Vol.: 0.172  Ch.: 0.0178  Obj.: 40.5
2020-06-30 13:10:52,531 - TOPOPT - INFO - Ite.: 247  Vol.: 0.172  Ch.: 0.0177  Obj.: 40.5
2020-06-30 13:10:52,715 - TOPOPT - INFO - Ite.: 248  Vol.: 0.172  Ch.: 0.0177  Obj.: 40.5
2020-06-30 13:10:52,883 - TOPOPT - INFO - Ite.: 249  Vol.: 0.172  Ch.: 0.0176  Obj.: 40.5
2020-06-30 13:10:53,051 - TOPOPT - INFO - Ite.: 250  Vol.: 0.172  Ch.: 0.0176  Obj.: 40.5
2020-06-30 13:10:53,231 - TOPOPT - INFO - Ite.: 251  Vol.: 0.172  Ch.: 0.0176  Obj.: 40.5
2020-06-30 13:10:53,414 - TOPOPT - INFO - Ite.: 252  Vol.: 0.172  Ch.: 0.0175  Obj.: 40.5
2020-06-30 13:10:53,597 - TOPOPT - INFO - Ite.: 253  Vol.: 0.172  Ch.: 0.0175  Obj.: 40.5
2020-06-30 13:10:53,790 - TOPOPT - INFO - Ite.: 254  Vol.: 0.172  Ch.: 0.0174  Obj.: 40.5
2020-06-30 13:10:53,972 - TOPOPT - INFO - Ite.: 255  Vol.: 0.172  Ch.: 0.0174  Obj.: 40.5
2020-06-30 13:10:54,159 - TOPOPT - INFO - Ite.: 256  Vol.: 0.172  Ch.: 0.0174  Obj.: 40.5
2020-06-30 13:10:54,325 - TOPOPT - INFO - Ite.: 257  Vol.: 0.172  Ch.: 0.0173  Obj.: 40.5
2020-06-30 13:10:54,506 - TOPOPT - INFO - Ite.: 258  Vol.: 0.172  Ch.: 0.0173  Obj.: 40.5
2020-06-30 13:10:54,676 - TOPOPT - INFO - Ite.: 259  Vol.: 0.172  Ch.: 0.0172  Obj.: 40.5
2020-06-30 13:10:54,844 - TOPOPT - INFO - Ite.: 260  Vol.: 0.172  Ch.: 0.0172  Obj.: 40.5
2020-06-30 13:10:55,030 - TOPOPT - INFO - Ite.: 261  Vol.: 0.172  Ch.: 0.0172  Obj.: 40.5
2020-06-30 13:10:55,213 - TOPOPT - INFO - Ite.: 262  Vol.: 0.172  Ch.: 0.0171  Obj.: 40.5
2020-06-30 13:10:55,386 - TOPOPT - INFO - Ite.: 263  Vol.: 0.172  Ch.: 0.0171  Obj.: 40.5
2020-06-30 13:10:55,560 - TOPOPT - INFO - Ite.: 264  Vol.: 0.172  Ch.: 0.0170  Obj.: 40.5
2020-06-30 13:10:55,734 - TOPOPT - INFO - Ite.: 265  Vol.: 0.172  Ch.: 0.0170  Obj.: 40.5
2020-06-30 13:10:55,927 - TOPOPT - INFO - Ite.: 266  Vol.: 0.172  Ch.: 0.0170  Obj.: 40.5
2020-06-30 13:10:56,130 - TOPOPT - INFO - Ite.: 267  Vol.: 0.172  Ch.: 0.0169  Obj.: 40.5
2020-06-30 13:10:56,345 - TOPOPT - INFO - Ite.: 268  Vol.: 0.172  Ch.: 0.0169  Obj.: 40.5
2020-06-30 13:10:56,540 - TOPOPT - INFO - Ite.: 269  Vol.: 0.172  Ch.: 0.0169  Obj.: 40.5
2020-06-30 13:10:56,732 - TOPOPT - INFO - Ite.: 270  Vol.: 0.172  Ch.: 0.0168  Obj.: 40.5
2020-06-30 13:10:56,925 - TOPOPT - INFO - Ite.: 271  Vol.: 0.172  Ch.: 0.0168  Obj.: 40.5
2020-06-30 13:10:57,119 - TOPOPT - INFO - Ite.: 272  Vol.: 0.172  Ch.: 0.0167  Obj.: 40.5
2020-06-30 13:10:57,306 - TOPOPT - INFO - Ite.: 273  Vol.: 0.172  Ch.: 0.0167  Obj.: 40.5
2020-06-30 13:10:57,470 - TOPOPT - INFO - Ite.: 274  Vol.: 0.172  Ch.: 0.0167  Obj.: 40.5
2020-06-30 13:10:57,655 - TOPOPT - INFO - Ite.: 275  Vol.: 0.172  Ch.: 0.0166  Obj.: 40.5
2020-06-30 13:10:57,851 - TOPOPT - INFO - Ite.: 276  Vol.: 0.172  Ch.: 0.0166  Obj.: 40.5
2020-06-30 13:10:58,039 - TOPOPT - INFO - Ite.: 277  Vol.: 0.172  Ch.: 0.0165  Obj.: 40.5
2020-06-30 13:10:58,220 - TOPOPT - INFO - Ite.: 278  Vol.: 0.172  Ch.: 0.0165  Obj.: 40.5
2020-06-30 13:10:58,401 - TOPOPT - INFO - Ite.: 279  Vol.: 0.172  Ch.: 0.0165  Obj.: 40.5
2020-06-30 13:10:58,573 - TOPOPT - INFO - Ite.: 280  Vol.: 0.172  Ch.: 0.0164  Obj.: 40.5
2020-06-30 13:10:58,768 - TOPOPT - INFO - Ite.: 281  Vol.: 0.172  Ch.: 0.0164  Obj.: 40.5
2020-06-30 13:10:58,954 - TOPOPT - INFO - Ite.: 282  Vol.: 0.172  Ch.: 0.0164  Obj.: 40.5
2020-06-30 13:10:59,129 - TOPOPT - INFO - Ite.: 283  Vol.: 0.172  Ch.: 0.0163  Obj.: 40.5
2020-06-30 13:10:59,301 - TOPOPT - INFO - Ite.: 284  Vol.: 0.172  Ch.: 0.0163  Obj.: 40.5
2020-06-30 13:10:59,477 - TOPOPT - INFO - Ite.: 285  Vol.: 0.172  Ch.: 0.0162  Obj.: 40.5
2020-06-30 13:10:59,653 - TOPOPT - INFO - Ite.: 286  Vol.: 0.172  Ch.: 0.0162  Obj.: 40.5
2020-06-30 13:10:59,824 - TOPOPT - INFO - Ite.: 287  Vol.: 0.172  Ch.: 0.0162  Obj.: 40.5
2020-06-30 13:11:00,005 - TOPOPT - INFO - Ite.: 288  Vol.: 0.172  Ch.: 0.0161  Obj.: 40.5
2020-06-30 13:11:00,181 - TOPOPT - INFO - Ite.: 289  Vol.: 0.172  Ch.: 0.0161  Obj.: 40.5
2020-06-30 13:11:00,369 - TOPOPT - INFO - Ite.: 290  Vol.: 0.172  Ch.: 0.0161  Obj.: 40.5
2020-06-30 13:11:00,568 - TOPOPT - INFO - Ite.: 291  Vol.: 0.172  Ch.: 0.0160  Obj.: 40.5
2020-06-30 13:11:00,766 - TOPOPT - INFO - Ite.: 292  Vol.: 0.172  Ch.: 0.0160  Obj.: 40.5
2020-06-30 13:11:00,962 - TOPOPT - INFO - Ite.: 293  Vol.: 0.172  Ch.: 0.0160  Obj.: 40.5
2020-06-30 13:11:01,194 - TOPOPT - INFO - Ite.: 294  Vol.: 0.172  Ch.: 0.0159  Obj.: 40.5
2020-06-30 13:11:01,434 - TOPOPT - INFO - Ite.: 295  Vol.: 0.172  Ch.: 0.0159  Obj.: 40.5
2020-06-30 13:11:01,678 - TOPOPT - INFO - Ite.: 296  Vol.: 0.172  Ch.: 0.0158  Obj.: 40.5
2020-06-30 13:11:01,927 - TOPOPT - INFO - Ite.: 297  Vol.: 0.172  Ch.: 0.0158  Obj.: 40.5
2020-06-30 13:11:02,160 - TOPOPT - INFO - Ite.: 298  Vol.: 0.172  Ch.: 0.0158  Obj.: 40.5
2020-06-30 13:11:02,375 - TOPOPT - INFO - Ite.: 299  Vol.: 0.172  Ch.: 0.0157  Obj.: 40.5
2020-06-30 13:11:02,575 - TOPOPT - INFO - Ite.: 300  Vol.: 0.172  Ch.: 0.0157  Obj.: 40.5
2020-06-30 13:11:02,773 - TOPOPT - INFO - Ite.: 301  Vol.: 0.172  Ch.: 0.0157  Obj.: 40.5
2020-06-30 13:11:02,985 - TOPOPT - INFO - Ite.: 302  Vol.: 0.172  Ch.: 0.0156  Obj.: 40.5
2020-06-30 13:11:03,237 - TOPOPT - INFO - Ite.: 303  Vol.: 0.172  Ch.: 0.0156  Obj.: 40.5
2020-06-30 13:11:03,487 - TOPOPT - INFO - Ite.: 304  Vol.: 0.172  Ch.: 0.0156  Obj.: 40.5
2020-06-30 13:11:03,734 - TOPOPT - INFO - Ite.: 305  Vol.: 0.172  Ch.: 0.0155  Obj.: 40.5
2020-06-30 13:11:03,979 - TOPOPT - INFO - Ite.: 306  Vol.: 0.172  Ch.: 0.0155  Obj.: 40.5
2020-06-30 13:11:04,274 - TOPOPT - INFO - Ite.: 307  Vol.: 0.172  Ch.: 0.0154  Obj.: 40.5
2020-06-30 13:11:04,644 - TOPOPT - INFO - Ite.: 308  Vol.: 0.172  Ch.: 0.0154  Obj.: 40.5
2020-06-30 13:11:04,988 - TOPOPT - INFO - Ite.: 309  Vol.: 0.172  Ch.: 0.0154  Obj.: 40.5
2020-06-30 13:11:05,297 - TOPOPT - INFO - Ite.: 310  Vol.: 0.172  Ch.: 0.0153  Obj.: 40.5
2020-06-30 13:11:05,618 - TOPOPT - INFO - Ite.: 311  Vol.: 0.172  Ch.: 0.0153  Obj.: 40.5
2020-06-30 13:11:05,963 - TOPOPT - INFO - Ite.: 312  Vol.: 0.172  Ch.: 0.0153  Obj.: 40.5
2020-06-30 13:11:06,284 - TOPOPT - INFO - Ite.: 313  Vol.: 0.172  Ch.: 0.0152  Obj.: 40.5
2020-06-30 13:11:06,653 - TOPOPT - INFO - Ite.: 314  Vol.: 0.172  Ch.: 0.0152  Obj.: 40.5
2020-06-30 13:11:06,974 - TOPOPT - INFO - Ite.: 315  Vol.: 0.172  Ch.: 0.0152  Obj.: 40.5
2020-06-30 13:11:07,302 - TOPOPT - INFO - Ite.: 316  Vol.: 0.172  Ch.: 0.0151  Obj.: 40.5
2020-06-30 13:11:07,681 - TOPOPT - INFO - Ite.: 317  Vol.: 0.172  Ch.: 0.0151  Obj.: 40.5
2020-06-30 13:11:08,009 - TOPOPT - INFO - Ite.: 318  Vol.: 0.172  Ch.: 0.0151  Obj.: 40.5
2020-06-30 13:11:08,335 - TOPOPT - INFO - Ite.: 319  Vol.: 0.172  Ch.: 0.0150  Obj.: 40.5
2020-06-30 13:11:08,667 - TOPOPT - INFO - Ite.: 320  Vol.: 0.172  Ch.: 0.0150  Obj.: 40.5
2020-06-30 13:11:08,996 - TOPOPT - INFO - Ite.: 321  Vol.: 0.172  Ch.: 0.0150  Obj.: 40.5
2020-06-30 13:11:09,341 - TOPOPT - INFO - Ite.: 322  Vol.: 0.172  Ch.: 0.0149  Obj.: 40.5
2020-06-30 13:11:09,645 - TOPOPT - INFO - Ite.: 323  Vol.: 0.172  Ch.: 0.0149  Obj.: 40.5
2020-06-30 13:11:09,984 - TOPOPT - INFO - Ite.: 324  Vol.: 0.172  Ch.: 0.0149  Obj.: 40.5
2020-06-30 13:11:10,286 - TOPOPT - INFO - Ite.: 325  Vol.: 0.172  Ch.: 0.0148  Obj.: 40.5
2020-06-30 13:11:10,599 - TOPOPT - INFO - Ite.: 326  Vol.: 0.172  Ch.: 0.0148  Obj.: 40.5
2020-06-30 13:11:10,944 - TOPOPT - INFO - Ite.: 327  Vol.: 0.172  Ch.: 0.0148  Obj.: 40.5
2020-06-30 13:11:11,291 - TOPOPT - INFO - Ite.: 328  Vol.: 0.172  Ch.: 0.0147  Obj.: 40.5
2020-06-30 13:11:11,643 - TOPOPT - INFO - Ite.: 329  Vol.: 0.172  Ch.: 0.0147  Obj.: 40.5
2020-06-30 13:11:11,952 - TOPOPT - INFO - Ite.: 330  Vol.: 0.172  Ch.: 0.0147  Obj.: 40.5
2020-06-30 13:11:12,285 - TOPOPT - INFO - Ite.: 331  Vol.: 0.172  Ch.: 0.0146  Obj.: 40.5
2020-06-30 13:11:12,616 - TOPOPT - INFO - Ite.: 332  Vol.: 0.172  Ch.: 0.0146  Obj.: 40.5
2020-06-30 13:11:12,957 - TOPOPT - INFO - Ite.: 333  Vol.: 0.172  Ch.: 0.0145  Obj.: 40.5
2020-06-30 13:11:13,310 - TOPOPT - INFO - Ite.: 334  Vol.: 0.172  Ch.: 0.0145  Obj.: 40.5
2020-06-30 13:11:13,672 - TOPOPT - INFO - Ite.: 335  Vol.: 0.172  Ch.: 0.0145  Obj.: 40.5
2020-06-30 13:11:14,004 - TOPOPT - INFO - Ite.: 336  Vol.: 0.172  Ch.: 0.0145  Obj.: 40.5
2020-06-30 13:11:14,328 - TOPOPT - INFO - Ite.: 337  Vol.: 0.172  Ch.: 0.0144  Obj.: 40.5
2020-06-30 13:11:14,813 - TOPOPT - INFO - Ite.: 338  Vol.: 0.172  Ch.: 0.0144  Obj.: 40.5
2020-06-30 13:11:15,302 - TOPOPT - INFO - Ite.: 339  Vol.: 0.172  Ch.: 0.0144  Obj.: 40.5
2020-06-30 13:11:15,788 - TOPOPT - INFO - Ite.: 340  Vol.: 0.172  Ch.: 0.0143  Obj.: 40.5
2020-06-30 13:11:16,208 - TOPOPT - INFO - Ite.: 341  Vol.: 0.172  Ch.: 0.0143  Obj.: 40.5
2020-06-30 13:11:16,533 - TOPOPT - INFO - Ite.: 342  Vol.: 0.172  Ch.: 0.0143  Obj.: 40.5
2020-06-30 13:11:16,843 - TOPOPT - INFO - Ite.: 343  Vol.: 0.172  Ch.: 0.0142  Obj.: 40.5
2020-06-30 13:11:17,157 - TOPOPT - INFO - Ite.: 344  Vol.: 0.172  Ch.: 0.0142  Obj.: 40.5
2020-06-30 13:11:17,461 - TOPOPT - INFO - Ite.: 345  Vol.: 0.172  Ch.: 0.0142  Obj.: 40.5
2020-06-30 13:11:17,774 - TOPOPT - INFO - Ite.: 346  Vol.: 0.172  Ch.: 0.0141  Obj.: 40.5
2020-06-30 13:11:18,081 - TOPOPT - INFO - Ite.: 347  Vol.: 0.172  Ch.: 0.0141  Obj.: 40.5
2020-06-30 13:11:18,384 - TOPOPT - INFO - Ite.: 348  Vol.: 0.172  Ch.: 0.0141  Obj.: 40.5
2020-06-30 13:11:18,711 - TOPOPT - INFO - Ite.: 349  Vol.: 0.172  Ch.: 0.0140  Obj.: 40.5
2020-06-30 13:11:19,047 - TOPOPT - INFO - Ite.: 350  Vol.: 0.172  Ch.: 0.0140  Obj.: 40.5
2020-06-30 13:11:19,380 - TOPOPT - INFO - Ite.: 351  Vol.: 0.172  Ch.: 0.0140  Obj.: 40.5
2020-06-30 13:11:19,696 - TOPOPT - INFO - Ite.: 352  Vol.: 0.172  Ch.: 0.0139  Obj.: 40.5
2020-06-30 13:11:20,038 - TOPOPT - INFO - Ite.: 353  Vol.: 0.172  Ch.: 0.0139  Obj.: 40.5
2020-06-30 13:11:20,395 - TOPOPT - INFO - Ite.: 354  Vol.: 0.172  Ch.: 0.0139  Obj.: 40.5
2020-06-30 13:11:20,744 - TOPOPT - INFO - Ite.: 355  Vol.: 0.172  Ch.: 0.0138  Obj.: 40.5
2020-06-30 13:11:21,068 - TOPOPT - INFO - Ite.: 356  Vol.: 0.172  Ch.: 0.0138  Obj.: 40.5
2020-06-30 13:11:21,414 - TOPOPT - INFO - Ite.: 357  Vol.: 0.172  Ch.: 0.0138  Obj.: 40.5
2020-06-30 13:11:21,751 - TOPOPT - INFO - Ite.: 358  Vol.: 0.172  Ch.: 0.0138  Obj.: 40.5
2020-06-30 13:11:22,120 - TOPOPT - INFO - Ite.: 359  Vol.: 0.172  Ch.: 0.0137  Obj.: 40.5
2020-06-30 13:11:22,517 - TOPOPT - INFO - Ite.: 360  Vol.: 0.172  Ch.: 0.0137  Obj.: 40.5
2020-06-30 13:11:22,843 - TOPOPT - INFO - Ite.: 361  Vol.: 0.172  Ch.: 0.0137  Obj.: 40.5
2020-06-30 13:11:23,163 - TOPOPT - INFO - Ite.: 362  Vol.: 0.172  Ch.: 0.0136  Obj.: 40.5
2020-06-30 13:11:23,517 - TOPOPT - INFO - Ite.: 363  Vol.: 0.172  Ch.: 0.0136  Obj.: 40.5
2020-06-30 13:11:23,871 - TOPOPT - INFO - Ite.: 364  Vol.: 0.172  Ch.: 0.0136  Obj.: 40.5
2020-06-30 13:11:24,227 - TOPOPT - INFO - Ite.: 365  Vol.: 0.172  Ch.: 0.0135  Obj.: 40.5
2020-06-30 13:11:24,532 - TOPOPT - INFO - Ite.: 366  Vol.: 0.172  Ch.: 0.0135  Obj.: 40.5
2020-06-30 13:11:24,863 - TOPOPT - INFO - Ite.: 367  Vol.: 0.172  Ch.: 0.0135  Obj.: 40.5
2020-06-30 13:11:25,216 - TOPOPT - INFO - Ite.: 368  Vol.: 0.172  Ch.: 0.0134  Obj.: 40.5
2020-06-30 13:11:25,553 - TOPOPT - INFO - Ite.: 369  Vol.: 0.172  Ch.: 0.0134  Obj.: 40.5
2020-06-30 13:11:25,875 - TOPOPT - INFO - Ite.: 370  Vol.: 0.172  Ch.: 0.0134  Obj.: 40.5
2020-06-30 13:11:26,195 - TOPOPT - INFO - Ite.: 371  Vol.: 0.172  Ch.: 0.0134  Obj.: 40.5
2020-06-30 13:11:26,508 - TOPOPT - INFO - Ite.: 372  Vol.: 0.172  Ch.: 0.0133  Obj.: 40.5
2020-06-30 13:11:26,817 - TOPOPT - INFO - Ite.: 373  Vol.: 0.172  Ch.: 0.0133  Obj.: 40.5
2020-06-30 13:11:27,122 - TOPOPT - INFO - Ite.: 374  Vol.: 0.172  Ch.: 0.0133  Obj.: 40.5
2020-06-30 13:11:27,400 - TOPOPT - INFO - Ite.: 375  Vol.: 0.172  Ch.: 0.0132  Obj.: 40.5
2020-06-30 13:11:27,637 - TOPOPT - INFO - Ite.: 376  Vol.: 0.172  Ch.: 0.0132  Obj.: 40.5
2020-06-30 13:11:27,859 - TOPOPT - INFO - Ite.: 377  Vol.: 0.172  Ch.: 0.0132  Obj.: 40.5
2020-06-30 13:11:28,085 - TOPOPT - INFO - Ite.: 378  Vol.: 0.172  Ch.: 0.0131  Obj.: 40.5
2020-06-30 13:11:28,340 - TOPOPT - INFO - Ite.: 379  Vol.: 0.172  Ch.: 0.0131  Obj.: 40.5
2020-06-30 13:11:28,634 - TOPOPT - INFO - Ite.: 380  Vol.: 0.172  Ch.: 0.0131  Obj.: 40.5
2020-06-30 13:11:28,947 - TOPOPT - INFO - Ite.: 381  Vol.: 0.172  Ch.: 0.0130  Obj.: 40.5
2020-06-30 13:11:29,271 - TOPOPT - INFO - Ite.: 382  Vol.: 0.172  Ch.: 0.0130  Obj.: 40.5
2020-06-30 13:11:29,582 - TOPOPT - INFO - Ite.: 383  Vol.: 0.172  Ch.: 0.0130  Obj.: 40.5
2020-06-30 13:11:29,905 - TOPOPT - INFO - Ite.: 384  Vol.: 0.172  Ch.: 0.0130  Obj.: 40.5
2020-06-30 13:11:30,217 - TOPOPT - INFO - Ite.: 385  Vol.: 0.172  Ch.: 0.0129  Obj.: 40.5
2020-06-30 13:11:30,549 - TOPOPT - INFO - Ite.: 386  Vol.: 0.172  Ch.: 0.0129  Obj.: 40.5
2020-06-30 13:11:30,885 - TOPOPT - INFO - Ite.: 387  Vol.: 0.172  Ch.: 0.0129  Obj.: 40.5
2020-06-30 13:11:31,214 - TOPOPT - INFO - Ite.: 388  Vol.: 0.172  Ch.: 0.0128  Obj.: 40.5
2020-06-30 13:11:31,505 - TOPOPT - INFO - Ite.: 389  Vol.: 0.172  Ch.: 0.0128  Obj.: 40.5
2020-06-30 13:11:31,740 - TOPOPT - INFO - Ite.: 390  Vol.: 0.172  Ch.: 0.0128  Obj.: 40.5
2020-06-30 13:11:31,958 - TOPOPT - INFO - Ite.: 391  Vol.: 0.172  Ch.: 0.0128  Obj.: 40.5
2020-06-30 13:11:32,180 - TOPOPT - INFO - Ite.: 392  Vol.: 0.172  Ch.: 0.0127  Obj.: 40.5
2020-06-30 13:11:32,401 - TOPOPT - INFO - Ite.: 393  Vol.: 0.172  Ch.: 0.0127  Obj.: 40.5
2020-06-30 13:11:32,604 - TOPOPT - INFO - Ite.: 394  Vol.: 0.172  Ch.: 0.0127  Obj.: 40.5
2020-06-30 13:11:32,804 - TOPOPT - INFO - Ite.: 395  Vol.: 0.172  Ch.: 0.0126  Obj.: 40.5
2020-06-30 13:11:32,998 - TOPOPT - INFO - Ite.: 396  Vol.: 0.172  Ch.: 0.0126  Obj.: 40.5
2020-06-30 13:11:33,193 - TOPOPT - INFO - Ite.: 397  Vol.: 0.172  Ch.: 0.0126  Obj.: 40.5
2020-06-30 13:11:33,384 - TOPOPT - INFO - Ite.: 398  Vol.: 0.172  Ch.: 0.0126  Obj.: 40.5
2020-06-30 13:11:33,586 - TOPOPT - INFO - Ite.: 399  Vol.: 0.172  Ch.: 0.0125  Obj.: 40.5
2020-06-30 13:11:33,777 - TOPOPT - INFO - Ite.: 400  Vol.: 0.172  Ch.: 0.0125  Obj.: 40.5
2020-06-30 13:11:33,942 - TOPOPT - INFO - Ite.: 401  Vol.: 0.172  Ch.: 0.0125  Obj.: 40.5
2020-06-30 13:11:34,130 - TOPOPT - INFO - Ite.: 402  Vol.: 0.172  Ch.: 0.0124  Obj.: 40.5
2020-06-30 13:11:34,302 - TOPOPT - INFO - Ite.: 403  Vol.: 0.172  Ch.: 0.0124  Obj.: 40.5
2020-06-30 13:11:34,480 - TOPOPT - INFO - Ite.: 404  Vol.: 0.172  Ch.: 0.0124  Obj.: 40.5
2020-06-30 13:11:34,669 - TOPOPT - INFO - Ite.: 405  Vol.: 0.172  Ch.: 0.0124  Obj.: 40.5
2020-06-30 13:11:34,840 - TOPOPT - INFO - Ite.: 406  Vol.: 0.172  Ch.: 0.0123  Obj.: 40.5
2020-06-30 13:11:35,039 - TOPOPT - INFO - Ite.: 407  Vol.: 0.172  Ch.: 0.0123  Obj.: 40.5
2020-06-30 13:11:35,227 - TOPOPT - INFO - Ite.: 408  Vol.: 0.172  Ch.: 0.0123  Obj.: 40.5
2020-06-30 13:11:35,397 - TOPOPT - INFO - Ite.: 409  Vol.: 0.172  Ch.: 0.0123  Obj.: 40.5
2020-06-30 13:11:35,572 - TOPOPT - INFO - Ite.: 410  Vol.: 0.172  Ch.: 0.0122  Obj.: 40.5
2020-06-30 13:11:35,745 - TOPOPT - INFO - Ite.: 411  Vol.: 0.172  Ch.: 0.0122  Obj.: 40.5
2020-06-30 13:11:35,917 - TOPOPT - INFO - Ite.: 412  Vol.: 0.172  Ch.: 0.0122  Obj.: 40.5
2020-06-30 13:11:36,097 - TOPOPT - INFO - Ite.: 413  Vol.: 0.172  Ch.: 0.0121  Obj.: 40.5
2020-06-30 13:11:36,277 - TOPOPT - INFO - Ite.: 414  Vol.: 0.172  Ch.: 0.0121  Obj.: 40.5
2020-06-30 13:11:36,451 - TOPOPT - INFO - Ite.: 415  Vol.: 0.172  Ch.: 0.0121  Obj.: 40.5
2020-06-30 13:11:36,631 - TOPOPT - INFO - Ite.: 416  Vol.: 0.172  Ch.: 0.0121  Obj.: 40.5
2020-06-30 13:11:36,816 - TOPOPT - INFO - Ite.: 417  Vol.: 0.172  Ch.: 0.0120  Obj.: 40.5
2020-06-30 13:11:36,994 - TOPOPT - INFO - Ite.: 418  Vol.: 0.172  Ch.: 0.0120  Obj.: 40.5
2020-06-30 13:11:37,169 - TOPOPT - INFO - Ite.: 419  Vol.: 0.172  Ch.: 0.0120  Obj.: 40.5
2020-06-30 13:11:37,340 - TOPOPT - INFO - Ite.: 420  Vol.: 0.172  Ch.: 0.0119  Obj.: 40.5
2020-06-30 13:11:37,507 - TOPOPT - INFO - Ite.: 421  Vol.: 0.172  Ch.: 0.0119  Obj.: 40.5
2020-06-30 13:11:37,680 - TOPOPT - INFO - Ite.: 422  Vol.: 0.172  Ch.: 0.0119  Obj.: 40.5
2020-06-30 13:11:37,838 - TOPOPT - INFO - Ite.: 423  Vol.: 0.172  Ch.: 0.0119  Obj.: 40.5
2020-06-30 13:11:38,010 - TOPOPT - INFO - Ite.: 424  Vol.: 0.172  Ch.: 0.0118  Obj.: 40.5
2020-06-30 13:11:38,185 - TOPOPT - INFO - Ite.: 425  Vol.: 0.172  Ch.: 0.0118  Obj.: 40.5
2020-06-30 13:11:38,369 - TOPOPT - INFO - Ite.: 426  Vol.: 0.172  Ch.: 0.0118  Obj.: 40.5
2020-06-30 13:11:38,557 - TOPOPT - INFO - Ite.: 427  Vol.: 0.172  Ch.: 0.0118  Obj.: 40.5
2020-06-30 13:11:38,743 - TOPOPT - INFO - Ite.: 428  Vol.: 0.172  Ch.: 0.0117  Obj.: 40.5
2020-06-30 13:11:38,923 - TOPOPT - INFO - Ite.: 429  Vol.: 0.172  Ch.: 0.0117  Obj.: 40.5
2020-06-30 13:11:39,108 - TOPOPT - INFO - Ite.: 430  Vol.: 0.172  Ch.: 0.0117  Obj.: 40.5
2020-06-30 13:11:39,288 - TOPOPT - INFO - Ite.: 431  Vol.: 0.172  Ch.: 0.0117  Obj.: 40.5
2020-06-30 13:11:39,451 - TOPOPT - INFO - Ite.: 432  Vol.: 0.172  Ch.: 0.0116  Obj.: 40.5
2020-06-30 13:11:39,614 - TOPOPT - INFO - Ite.: 433  Vol.: 0.172  Ch.: 0.0116  Obj.: 40.5
2020-06-30 13:11:39,780 - TOPOPT - INFO - Ite.: 434  Vol.: 0.172  Ch.: 0.0116  Obj.: 40.5
2020-06-30 13:11:39,956 - TOPOPT - INFO - Ite.: 435  Vol.: 0.172  Ch.: 0.0116  Obj.: 40.5
2020-06-30 13:11:40,124 - TOPOPT - INFO - Ite.: 436  Vol.: 0.172  Ch.: 0.0115  Obj.: 40.5
2020-06-30 13:11:40,291 - TOPOPT - INFO - Ite.: 437  Vol.: 0.172  Ch.: 0.0115  Obj.: 40.5
2020-06-30 13:11:40,451 - TOPOPT - INFO - Ite.: 438  Vol.: 0.172  Ch.: 0.0115  Obj.: 40.5
2020-06-30 13:11:40,617 - TOPOPT - INFO - Ite.: 439  Vol.: 0.172  Ch.: 0.0115  Obj.: 40.5
2020-06-30 13:11:40,778 - TOPOPT - INFO - Ite.: 440  Vol.: 0.172  Ch.: 0.0114  Obj.: 40.5
2020-06-30 13:11:40,954 - TOPOPT - INFO - Ite.: 441  Vol.: 0.172  Ch.: 0.0114  Obj.: 40.5
2020-06-30 13:11:41,122 - TOPOPT - INFO - Ite.: 442  Vol.: 0.172  Ch.: 0.0114  Obj.: 40.5
2020-06-30 13:11:41,294 - TOPOPT - INFO - Ite.: 443  Vol.: 0.172  Ch.: 0.0113  Obj.: 40.5
2020-06-30 13:11:41,481 - TOPOPT - INFO - Ite.: 444  Vol.: 0.172  Ch.: 0.0113  Obj.: 40.5
2020-06-30 13:11:41,666 - TOPOPT - INFO - Ite.: 445  Vol.: 0.172  Ch.: 0.0113  Obj.: 40.5
2020-06-30 13:11:41,841 - TOPOPT - INFO - Ite.: 446  Vol.: 0.172  Ch.: 0.0113  Obj.: 40.5
2020-06-30 13:11:42,019 - TOPOPT - INFO - Ite.: 447  Vol.: 0.172  Ch.: 0.0112  Obj.: 40.5
2020-06-30 13:11:42,195 - TOPOPT - INFO - Ite.: 448  Vol.: 0.172  Ch.: 0.0112  Obj.: 40.5
2020-06-30 13:11:42,367 - TOPOPT - INFO - Ite.: 449  Vol.: 0.172  Ch.: 0.0112  Obj.: 40.5
2020-06-30 13:11:42,537 - TOPOPT - INFO - Ite.: 450  Vol.: 0.172  Ch.: 0.0112  Obj.: 40.5
2020-06-30 13:11:42,718 - TOPOPT - INFO - Ite.: 451  Vol.: 0.172  Ch.: 0.0111  Obj.: 40.5
2020-06-30 13:11:42,890 - TOPOPT - INFO - Ite.: 452  Vol.: 0.172  Ch.: 0.0111  Obj.: 40.5
2020-06-30 13:11:43,076 - TOPOPT - INFO - Ite.: 453  Vol.: 0.172  Ch.: 0.0111  Obj.: 40.5
2020-06-30 13:11:43,246 - TOPOPT - INFO - Ite.: 454  Vol.: 0.172  Ch.: 0.0111  Obj.: 40.5
2020-06-30 13:11:43,420 - TOPOPT - INFO - Ite.: 455  Vol.: 0.172  Ch.: 0.0110  Obj.: 40.5
2020-06-30 13:11:43,592 - TOPOPT - INFO - Ite.: 456  Vol.: 0.172  Ch.: 0.0110  Obj.: 40.5
2020-06-30 13:11:43,768 - TOPOPT - INFO - Ite.: 457  Vol.: 0.172  Ch.: 0.0110  Obj.: 40.5
2020-06-30 13:11:43,932 - TOPOPT - INFO - Ite.: 458  Vol.: 0.172  Ch.: 0.0110  Obj.: 40.5
2020-06-30 13:11:44,111 - TOPOPT - INFO - Ite.: 459  Vol.: 0.172  Ch.: 0.0109  Obj.: 40.5
2020-06-30 13:11:44,283 - TOPOPT - INFO - Ite.: 460  Vol.: 0.172  Ch.: 0.0109  Obj.: 40.5
2020-06-30 13:11:44,460 - TOPOPT - INFO - Ite.: 461  Vol.: 0.172  Ch.: 0.0109  Obj.: 40.5
2020-06-30 13:11:44,646 - TOPOPT - INFO - Ite.: 462  Vol.: 0.172  Ch.: 0.0109  Obj.: 40.5
2020-06-30 13:11:44,826 - TOPOPT - INFO - Ite.: 463  Vol.: 0.172  Ch.: 0.0108  Obj.: 40.5
2020-06-30 13:11:45,011 - TOPOPT - INFO - Ite.: 464  Vol.: 0.172  Ch.: 0.0108  Obj.: 40.5
2020-06-30 13:11:45,184 - TOPOPT - INFO - Ite.: 465  Vol.: 0.172  Ch.: 0.0108  Obj.: 40.5
2020-06-30 13:11:45,366 - TOPOPT - INFO - Ite.: 466  Vol.: 0.172  Ch.: 0.0108  Obj.: 40.5
2020-06-30 13:11:45,533 - TOPOPT - INFO - Ite.: 467  Vol.: 0.172  Ch.: 0.0107  Obj.: 40.5
2020-06-30 13:11:45,703 - TOPOPT - INFO - Ite.: 468  Vol.: 0.172  Ch.: 0.0107  Obj.: 40.5
2020-06-30 13:11:45,881 - TOPOPT - INFO - Ite.: 469  Vol.: 0.172  Ch.: 0.0107  Obj.: 40.5
2020-06-30 13:11:46,051 - TOPOPT - INFO - Ite.: 470  Vol.: 0.172  Ch.: 0.0107  Obj.: 40.5
2020-06-30 13:11:46,224 - TOPOPT - INFO - Ite.: 471  Vol.: 0.172  Ch.: 0.0106  Obj.: 40.5
2020-06-30 13:11:46,414 - TOPOPT - INFO - Ite.: 472  Vol.: 0.172  Ch.: 0.0106  Obj.: 40.5
2020-06-30 13:11:46,593 - TOPOPT - INFO - Ite.: 473  Vol.: 0.172  Ch.: 0.0106  Obj.: 40.5
2020-06-30 13:11:46,782 - TOPOPT - INFO - Ite.: 474  Vol.: 0.172  Ch.: 0.0106  Obj.: 40.5
2020-06-30 13:11:46,966 - TOPOPT - INFO - Ite.: 475  Vol.: 0.172  Ch.: 0.0106  Obj.: 40.5
2020-06-30 13:11:47,134 - TOPOPT - INFO - Ite.: 476  Vol.: 0.172  Ch.: 0.0105  Obj.: 40.5
2020-06-30 13:11:47,320 - TOPOPT - INFO - Ite.: 477  Vol.: 0.172  Ch.: 0.0105  Obj.: 40.5
2020-06-30 13:11:47,510 - TOPOPT - INFO - Ite.: 478  Vol.: 0.172  Ch.: 0.0105  Obj.: 40.5
2020-06-30 13:11:47,680 - TOPOPT - INFO - Ite.: 479  Vol.: 0.172  Ch.: 0.0105  Obj.: 40.5
2020-06-30 13:11:47,872 - TOPOPT - INFO - Ite.: 480  Vol.: 0.172  Ch.: 0.0104  Obj.: 40.5
2020-06-30 13:11:48,052 - TOPOPT - INFO - Ite.: 481  Vol.: 0.172  Ch.: 0.0104  Obj.: 40.5
2020-06-30 13:11:48,234 - TOPOPT - INFO - Ite.: 482  Vol.: 0.172  Ch.: 0.0104  Obj.: 40.5
2020-06-30 13:11:48,400 - TOPOPT - INFO - Ite.: 483  Vol.: 0.172  Ch.: 0.0104  Obj.: 40.5
2020-06-30 13:11:48,569 - TOPOPT - INFO - Ite.: 484  Vol.: 0.172  Ch.: 0.0103  Obj.: 40.5
2020-06-30 13:11:48,756 - TOPOPT - INFO - Ite.: 485  Vol.: 0.172  Ch.: 0.0103  Obj.: 40.5
2020-06-30 13:11:48,934 - TOPOPT - INFO - Ite.: 486  Vol.: 0.172  Ch.: 0.0103  Obj.: 40.5
2020-06-30 13:11:49,102 - TOPOPT - INFO - Ite.: 487  Vol.: 0.172  Ch.: 0.0103  Obj.: 40.5
2020-06-30 13:11:49,285 - TOPOPT - INFO - Ite.: 488  Vol.: 0.172  Ch.: 0.0102  Obj.: 40.5
2020-06-30 13:11:49,462 - TOPOPT - INFO - Ite.: 489  Vol.: 0.172  Ch.: 0.0102  Obj.: 40.5
2020-06-30 13:11:49,642 - TOPOPT - INFO - Ite.: 490  Vol.: 0.172  Ch.: 0.0102  Obj.: 40.5
2020-06-30 13:11:49,817 - TOPOPT - INFO - Ite.: 491  Vol.: 0.172  Ch.: 0.0102  Obj.: 40.5
2020-06-30 13:11:49,994 - TOPOPT - INFO - Ite.: 492  Vol.: 0.172  Ch.: 0.0102  Obj.: 40.5
2020-06-30 13:11:50,187 - TOPOPT - INFO - Ite.: 493  Vol.: 0.172  Ch.: 0.0101  Obj.: 40.5
2020-06-30 13:11:50,367 - TOPOPT - INFO - Ite.: 494  Vol.: 0.172  Ch.: 0.0101  Obj.: 40.5
2020-06-30 13:11:50,549 - TOPOPT - INFO - Ite.: 495  Vol.: 0.172  Ch.: 0.0101  Obj.: 40.5
2020-06-30 13:11:50,726 - TOPOPT - INFO - Ite.: 496  Vol.: 0.172  Ch.: 0.0101  Obj.: 40.5
2020-06-30 13:11:50,907 - TOPOPT - INFO - Ite.: 497  Vol.: 0.172  Ch.: 0.0100  Obj.: 40.5
2020-06-30 13:11:51,088 - TOPOPT - INFO - Ite.: 498  Vol.: 0.172  Ch.: 0.0100  Obj.: 40.5
2020-06-30 13:11:51,268 - TOPOPT - INFO - Ite.: 499  Vol.: 0.172  Ch.: 0.0100  Obj.: 40.5
2020-06-30 13:11:51,453 - TOPOPT - INFO - Ite.: 500  Vol.: 0.172  Ch.: 0.0100  Obj.: 40.5
2020-06-30 13:11:51,641 - TOPOPT - INFO - Ite.: 501  Vol.: 0.172  Ch.: 0.0100  Obj.: 40.5
2020-06-30 13:11:51,819 - TOPOPT - INFO - Ite.: 502  Vol.: 0.172  Ch.: 0.0099  Obj.: 40.5
2020-06-30 13:11:51,989 - TOPOPT - INFO - Ite.: 503  Vol.: 0.172  Ch.: 0.0099  Obj.: 40.5
2020-06-30 13:11:52,151 - TOPOPT - INFO - Ite.: 504  Vol.: 0.172  Ch.: 0.0099  Obj.: 40.5
2020-06-30 13:11:52,330 - TOPOPT - INFO - Ite.: 505  Vol.: 0.172  Ch.: 0.0099  Obj.: 40.5
2020-06-30 13:11:52,506 - TOPOPT - INFO - Ite.: 506  Vol.: 0.172  Ch.: 0.0099  Obj.: 40.5
2020-06-30 13:11:52,691 - TOPOPT - INFO - Ite.: 507  Vol.: 0.172  Ch.: 0.0098  Obj.: 40.5
2020-06-30 13:11:52,859 - TOPOPT - INFO - Ite.: 508  Vol.: 0.172  Ch.: 0.0098  Obj.: 40.5
2020-06-30 13:11:53,039 - TOPOPT - INFO - Ite.: 509  Vol.: 0.172  Ch.: 0.0098  Obj.: 40.5
2020-06-30 13:11:53,228 - TOPOPT - INFO - Ite.: 510  Vol.: 0.172  Ch.: 0.0098  Obj.: 40.5
2020-06-30 13:11:53,404 - TOPOPT - INFO - Ite.: 511  Vol.: 0.172  Ch.: 0.0097  Obj.: 40.5
2020-06-30 13:11:53,584 - TOPOPT - INFO - Ite.: 512  Vol.: 0.172  Ch.: 0.0097  Obj.: 40.5
2020-06-30 13:11:53,760 - TOPOPT - INFO - Ite.: 513  Vol.: 0.172  Ch.: 0.0097  Obj.: 40.5
2020-06-30 13:11:53,942 - TOPOPT - INFO - Ite.: 514  Vol.: 0.172  Ch.: 0.0097  Obj.: 40.5
2020-06-30 13:11:54,125 - TOPOPT - INFO - Ite.: 515  Vol.: 0.172  Ch.: 0.0097  Obj.: 40.5
2020-06-30 13:11:54,309 - TOPOPT - INFO - Ite.: 516  Vol.: 0.172  Ch.: 0.0096  Obj.: 40.5
2020-06-30 13:11:54,495 - TOPOPT - INFO - Ite.: 517  Vol.: 0.172  Ch.: 0.0096  Obj.: 40.5
2020-06-30 13:11:54,670 - TOPOPT - INFO - Ite.: 518  Vol.: 0.172  Ch.: 0.0096  Obj.: 40.5
2020-06-30 13:11:54,868 - TOPOPT - INFO - Ite.: 519  Vol.: 0.172  Ch.: 0.0096  Obj.: 40.5
2020-06-30 13:11:55,056 - TOPOPT - INFO - Ite.: 520  Vol.: 0.172  Ch.: 0.0095  Obj.: 40.5
2020-06-30 13:11:55,242 - TOPOPT - INFO - Ite.: 521  Vol.: 0.172  Ch.: 0.0095  Obj.: 40.5
2020-06-30 13:11:55,427 - TOPOPT - INFO - Ite.: 522  Vol.: 0.172  Ch.: 0.0095  Obj.: 40.5
2020-06-30 13:11:55,617 - TOPOPT - INFO - Ite.: 523  Vol.: 0.172  Ch.: 0.0095  Obj.: 40.5
2020-06-30 13:11:55,798 - TOPOPT - INFO - Ite.: 524  Vol.: 0.172  Ch.: 0.0095  Obj.: 40.5
2020-06-30 13:11:55,978 - TOPOPT - INFO - Ite.: 525  Vol.: 0.172  Ch.: 0.0094  Obj.: 40.5
2020-06-30 13:11:56,155 - TOPOPT - INFO - Ite.: 526  Vol.: 0.172  Ch.: 0.0094  Obj.: 40.5
2020-06-30 13:11:56,338 - TOPOPT - INFO - Ite.: 527  Vol.: 0.172  Ch.: 0.0094  Obj.: 40.5
2020-06-30 13:11:56,515 - TOPOPT - INFO - Ite.: 528  Vol.: 0.172  Ch.: 0.0094  Obj.: 40.5
2020-06-30 13:11:56,693 - TOPOPT - INFO - Ite.: 529  Vol.: 0.172  Ch.: 0.0093  Obj.: 40.5
2020-06-30 13:11:56,878 - TOPOPT - INFO - Ite.: 530  Vol.: 0.172  Ch.: 0.0093  Obj.: 40.5
2020-06-30 13:11:57,059 - TOPOPT - INFO - Ite.: 531  Vol.: 0.172  Ch.: 0.0093  Obj.: 40.5
2020-06-30 13:11:57,252 - TOPOPT - INFO - Ite.: 532  Vol.: 0.172  Ch.: 0.0093  Obj.: 40.5
2020-06-30 13:11:57,434 - TOPOPT - INFO - Ite.: 533  Vol.: 0.172  Ch.: 0.0093  Obj.: 40.5
2020-06-30 13:11:57,619 - TOPOPT - INFO - Ite.: 534  Vol.: 0.172  Ch.: 0.0092  Obj.: 40.5
2020-06-30 13:11:57,807 - TOPOPT - INFO - Ite.: 535  Vol.: 0.172  Ch.: 0.0092  Obj.: 40.5
2020-06-30 13:11:58,003 - TOPOPT - INFO - Ite.: 536  Vol.: 0.172  Ch.: 0.0092  Obj.: 40.5
2020-06-30 13:11:58,185 - TOPOPT - INFO - Ite.: 537  Vol.: 0.172  Ch.: 0.0092  Obj.: 40.5
2020-06-30 13:11:58,375 - TOPOPT - INFO - Ite.: 538  Vol.: 0.172  Ch.: 0.0092  Obj.: 40.5
2020-06-30 13:11:58,562 - TOPOPT - INFO - Ite.: 539  Vol.: 0.172  Ch.: 0.0092  Obj.: 40.5
2020-06-30 13:11:58,735 - TOPOPT - INFO - Ite.: 540  Vol.: 0.172  Ch.: 0.0091  Obj.: 40.5
2020-06-30 13:11:58,919 - TOPOPT - INFO - Ite.: 541  Vol.: 0.172  Ch.: 0.0091  Obj.: 40.5
2020-06-30 13:11:59,090 - TOPOPT - INFO - Ite.: 542  Vol.: 0.172  Ch.: 0.0091  Obj.: 40.5
2020-06-30 13:11:59,275 - TOPOPT - INFO - Ite.: 543  Vol.: 0.172  Ch.: 0.0091  Obj.: 40.5
2020-06-30 13:11:59,455 - TOPOPT - INFO - Ite.: 544  Vol.: 0.172  Ch.: 0.0091  Obj.: 40.5
2020-06-30 13:11:59,628 - TOPOPT - INFO - Ite.: 545  Vol.: 0.172  Ch.: 0.0090  Obj.: 40.5
2020-06-30 13:11:59,804 - TOPOPT - INFO - Ite.: 546  Vol.: 0.172  Ch.: 0.0090  Obj.: 40.5
2020-06-30 13:11:59,987 - TOPOPT - INFO - Ite.: 547  Vol.: 0.172  Ch.: 0.0090  Obj.: 40.5
2020-06-30 13:12:00,188 - TOPOPT - INFO - Ite.: 548  Vol.: 0.172  Ch.: 0.0090  Obj.: 40.5
2020-06-30 13:12:00,463 - TOPOPT - INFO - Ite.: 549  Vol.: 0.172  Ch.: 0.0090  Obj.: 40.5
2020-06-30 13:12:00,826 - TOPOPT - INFO - Ite.: 550  Vol.: 0.172  Ch.: 0.0089  Obj.: 40.5
2020-06-30 13:12:01,166 - TOPOPT - INFO - Ite.: 551  Vol.: 0.172  Ch.: 0.0089  Obj.: 40.5
2020-06-30 13:12:01,571 - TOPOPT - INFO - Ite.: 552  Vol.: 0.172  Ch.: 0.0089  Obj.: 40.5
2020-06-30 13:12:01,926 - TOPOPT - INFO - Ite.: 553  Vol.: 0.172  Ch.: 0.0089  Obj.: 40.5
2020-06-30 13:12:02,256 - TOPOPT - INFO - Ite.: 554  Vol.: 0.172  Ch.: 0.0089  Obj.: 40.5
2020-06-30 13:12:02,607 - TOPOPT - INFO - Ite.: 555  Vol.: 0.172  Ch.: 0.0088  Obj.: 40.5
2020-06-30 13:12:02,935 - TOPOPT - INFO - Ite.: 556  Vol.: 0.172  Ch.: 0.0088  Obj.: 40.5
2020-06-30 13:12:03,304 - TOPOPT - INFO - Ite.: 557  Vol.: 0.172  Ch.: 0.0088  Obj.: 40.5
2020-06-30 13:12:03,661 - TOPOPT - INFO - Ite.: 558  Vol.: 0.172  Ch.: 0.0088  Obj.: 40.5
2020-06-30 13:12:04,002 - TOPOPT - INFO - Ite.: 559  Vol.: 0.172  Ch.: 0.0087  Obj.: 40.5
2020-06-30 13:12:04,334 - TOPOPT - INFO - Ite.: 560  Vol.: 0.172  Ch.: 0.0087  Obj.: 40.5
2020-06-30 13:12:04,679 - TOPOPT - INFO - Ite.: 561  Vol.: 0.172  Ch.: 0.0087  Obj.: 40.5
2020-06-30 13:12:05,087 - TOPOPT - INFO - Ite.: 562  Vol.: 0.172  Ch.: 0.0087  Obj.: 40.5
2020-06-30 13:12:05,435 - TOPOPT - INFO - Ite.: 563  Vol.: 0.172  Ch.: 0.0087  Obj.: 40.5
2020-06-30 13:12:05,763 - TOPOPT - INFO - Ite.: 564  Vol.: 0.172  Ch.: 0.0087  Obj.: 40.5
2020-06-30 13:12:06,145 - TOPOPT - INFO - Ite.: 565  Vol.: 0.172  Ch.: 0.0086  Obj.: 40.5
2020-06-30 13:12:06,454 - TOPOPT - INFO - Ite.: 566  Vol.: 0.172  Ch.: 0.0086  Obj.: 40.5
2020-06-30 13:12:06,863 - TOPOPT - INFO - Ite.: 567  Vol.: 0.172  Ch.: 0.0086  Obj.: 40.5
2020-06-30 13:12:07,167 - TOPOPT - INFO - Ite.: 568  Vol.: 0.172  Ch.: 0.0086  Obj.: 40.5
2020-06-30 13:12:07,498 - TOPOPT - INFO - Ite.: 569  Vol.: 0.172  Ch.: 0.0086  Obj.: 40.5
2020-06-30 13:12:07,780 - TOPOPT - INFO - Ite.: 570  Vol.: 0.172  Ch.: 0.0085  Obj.: 40.5
2020-06-30 13:12:08,111 - TOPOPT - INFO - Ite.: 571  Vol.: 0.172  Ch.: 0.0085  Obj.: 40.5
2020-06-30 13:12:08,408 - TOPOPT - INFO - Ite.: 572  Vol.: 0.172  Ch.: 0.0085  Obj.: 40.5
2020-06-30 13:12:08,718 - TOPOPT - INFO - Ite.: 573  Vol.: 0.172  Ch.: 0.0085  Obj.: 40.5
2020-06-30 13:12:09,007 - TOPOPT - INFO - Ite.: 574  Vol.: 0.172  Ch.: 0.0085  Obj.: 40.5
2020-06-30 13:12:09,347 - TOPOPT - INFO - Ite.: 575  Vol.: 0.172  Ch.: 0.0084  Obj.: 40.5
2020-06-30 13:12:09,625 - TOPOPT - INFO - Ite.: 576  Vol.: 0.172  Ch.: 0.0084  Obj.: 40.5
2020-06-30 13:12:09,924 - TOPOPT - INFO - Ite.: 577  Vol.: 0.172  Ch.: 0.0084  Obj.: 40.5
2020-06-30 13:12:10,278 - TOPOPT - INFO - Ite.: 578  Vol.: 0.172  Ch.: 0.0084  Obj.: 40.5
2020-06-30 13:12:10,554 - TOPOPT - INFO - Ite.: 579  Vol.: 0.172  Ch.: 0.0084  Obj.: 40.5
2020-06-30 13:12:10,892 - TOPOPT - INFO - Ite.: 580  Vol.: 0.172  Ch.: 0.0084  Obj.: 40.5
2020-06-30 13:12:11,185 - TOPOPT - INFO - Ite.: 581  Vol.: 0.172  Ch.: 0.0083  Obj.: 40.5
2020-06-30 13:12:11,522 - TOPOPT - INFO - Ite.: 582  Vol.: 0.172  Ch.: 0.0083  Obj.: 40.5
2020-06-30 13:12:11,829 - TOPOPT - INFO - Ite.: 583  Vol.: 0.172  Ch.: 0.0083  Obj.: 40.5
2020-06-30 13:12:12,174 - TOPOPT - INFO - Ite.: 584  Vol.: 0.172  Ch.: 0.0083  Obj.: 40.5
2020-06-30 13:12:12,461 - TOPOPT - INFO - Ite.: 585  Vol.: 0.172  Ch.: 0.0083  Obj.: 40.5
2020-06-30 13:12:12,772 - TOPOPT - INFO - Ite.: 586  Vol.: 0.172  Ch.: 0.0083  Obj.: 40.5
2020-06-30 13:12:13,114 - TOPOPT - INFO - Ite.: 587  Vol.: 0.172  Ch.: 0.0082  Obj.: 40.5
2020-06-30 13:12:13,430 - TOPOPT - INFO - Ite.: 588  Vol.: 0.172  Ch.: 0.0082  Obj.: 40.5
2020-06-30 13:12:13,743 - TOPOPT - INFO - Ite.: 589  Vol.: 0.172  Ch.: 0.0082  Obj.: 40.5
2020-06-30 13:12:14,081 - TOPOPT - INFO - Ite.: 590  Vol.: 0.172  Ch.: 0.0082  Obj.: 40.5
2020-06-30 13:12:14,417 - TOPOPT - INFO - Ite.: 591  Vol.: 0.172  Ch.: 0.0082  Obj.: 40.5
2020-06-30 13:12:14,763 - TOPOPT - INFO - Ite.: 592  Vol.: 0.172  Ch.: 0.0081  Obj.: 40.5
2020-06-30 13:12:15,111 - TOPOPT - INFO - Ite.: 593  Vol.: 0.172  Ch.: 0.0081  Obj.: 40.5
2020-06-30 13:12:15,448 - TOPOPT - INFO - Ite.: 594  Vol.: 0.172  Ch.: 0.0081  Obj.: 40.5
2020-06-30 13:12:15,794 - TOPOPT - INFO - Ite.: 595  Vol.: 0.172  Ch.: 0.0081  Obj.: 40.5
2020-06-30 13:12:16,132 - TOPOPT - INFO - Ite.: 596  Vol.: 0.172  Ch.: 0.0081  Obj.: 40.5
2020-06-30 13:12:16,454 - TOPOPT - INFO - Ite.: 597  Vol.: 0.172  Ch.: 0.0080  Obj.: 40.5
2020-06-30 13:12:16,784 - TOPOPT - INFO - Ite.: 598  Vol.: 0.172  Ch.: 0.0080  Obj.: 40.5
2020-06-30 13:12:17,109 - TOPOPT - INFO - Ite.: 599  Vol.: 0.172  Ch.: 0.0080  Obj.: 40.5
2020-06-30 13:12:17,474 - TOPOPT - INFO - Ite.: 600  Vol.: 0.172  Ch.: 0.0080  Obj.: 40.5
2020-06-30 13:12:17,862 - TOPOPT - INFO - Ite.: 601  Vol.: 0.172  Ch.: 0.0080  Obj.: 40.5
2020-06-30 13:12:18,304 - TOPOPT - INFO - Ite.: 602  Vol.: 0.172  Ch.: 0.0080  Obj.: 40.5
2020-06-30 13:12:18,681 - TOPOPT - INFO - Ite.: 603  Vol.: 0.172  Ch.: 0.0080  Obj.: 40.5
2020-06-30 13:12:19,056 - TOPOPT - INFO - Ite.: 604  Vol.: 0.172  Ch.: 0.0079  Obj.: 40.5
2020-06-30 13:12:19,426 - TOPOPT - INFO - Ite.: 605  Vol.: 0.172  Ch.: 0.0079  Obj.: 40.5
2020-06-30 13:12:19,789 - TOPOPT - INFO - Ite.: 606  Vol.: 0.172  Ch.: 0.0079  Obj.: 40.5
2020-06-30 13:12:20,202 - TOPOPT - INFO - Ite.: 607  Vol.: 0.172  Ch.: 0.0080  Obj.: 40.5
2020-06-30 13:12:20,565 - TOPOPT - INFO - Ite.: 608  Vol.: 0.172  Ch.: 0.0079  Obj.: 40.5
2020-06-30 13:12:20,909 - TOPOPT - INFO - Ite.: 609  Vol.: 0.172  Ch.: 0.0079  Obj.: 40.5
2020-06-30 13:12:21,240 - TOPOPT - INFO - Ite.: 610  Vol.: 0.172  Ch.: 0.0079  Obj.: 40.5
2020-06-30 13:12:21,570 - TOPOPT - INFO - Ite.: 611  Vol.: 0.172  Ch.: 0.0080  Obj.: 40.5
2020-06-30 13:12:21,880 - TOPOPT - INFO - Ite.: 612  Vol.: 0.172  Ch.: 0.0079  Obj.: 40.5
2020-06-30 13:12:22,220 - TOPOPT - INFO - Ite.: 613  Vol.: 0.172  Ch.: 0.0079  Obj.: 40.5
2020-06-30 13:12:22,551 - TOPOPT - INFO - Ite.: 614  Vol.: 0.172  Ch.: 0.0079  Obj.: 40.5
2020-06-30 13:12:22,855 - TOPOPT - INFO - Ite.: 615  Vol.: 0.172  Ch.: 0.0080  Obj.: 40.5
2020-06-30 13:12:23,170 - TOPOPT - INFO - Ite.: 616  Vol.: 0.172  Ch.: 0.0079  Obj.: 40.5
2020-06-30 13:12:23,475 - TOPOPT - INFO - Ite.: 617  Vol.: 0.172  Ch.: 0.0079  Obj.: 40.5
2020-06-30 13:12:23,780 - TOPOPT - INFO - Ite.: 618  Vol.: 0.172  Ch.: 0.0079  Obj.: 40.5
2020-06-30 13:12:24,079 - TOPOPT - INFO - Ite.: 619  Vol.: 0.172  Ch.: 0.0080  Obj.: 40.5
2020-06-30 13:12:24,380 - TOPOPT - INFO - Ite.: 620  Vol.: 0.172  Ch.: 0.0079  Obj.: 40.5
2020-06-30 13:12:24,696 - TOPOPT - INFO - Ite.: 621  Vol.: 0.172  Ch.: 0.0079  Obj.: 40.5
2020-06-30 13:12:25,025 - TOPOPT - INFO - Ite.: 622  Vol.: 0.172  Ch.: 0.0079  Obj.: 40.5
2020-06-30 13:12:25,353 - TOPOPT - INFO - Ite.: 623  Vol.: 0.172  Ch.: 0.0080  Obj.: 40.5
2020-06-30 13:12:25,673 - TOPOPT - INFO - Ite.: 624  Vol.: 0.172  Ch.: 0.0079  Obj.: 40.5
2020-06-30 13:12:25,988 - TOPOPT - INFO - Ite.: 625  Vol.: 0.172  Ch.: 0.0079  Obj.: 40.5
2020-06-30 13:12:26,317 - TOPOPT - INFO - Ite.: 626  Vol.: 0.172  Ch.: 0.0079  Obj.: 40.5
2020-06-30 13:12:26,650 - TOPOPT - INFO - Ite.: 627  Vol.: 0.172  Ch.: 0.0080  Obj.: 40.5
2020-06-30 13:12:26,981 - TOPOPT - INFO - Ite.: 628  Vol.: 0.172  Ch.: 0.0080  Obj.: 40.5
2020-06-30 13:12:27,321 - TOPOPT - INFO - Ite.: 629  Vol.: 0.172  Ch.: 0.0080  Obj.: 40.5
2020-06-30 13:12:27,638 - TOPOPT - INFO - Ite.: 630  Vol.: 0.172  Ch.: 0.0080  Obj.: 40.5
2020-06-30 13:12:27,955 - TOPOPT - INFO - Ite.: 631  Vol.: 0.172  Ch.: 0.0079  Obj.: 40.5
2020-06-30 13:12:28,286 - TOPOPT - INFO - Ite.: 632  Vol.: 0.172  Ch.: 0.0080  Obj.: 40.5
2020-06-30 13:12:28,614 - TOPOPT - INFO - Ite.: 633  Vol.: 0.172  Ch.: 0.0080  Obj.: 40.5
2020-06-30 13:12:28,939 - TOPOPT - INFO - Ite.: 634  Vol.: 0.172  Ch.: 0.0079  Obj.: 40.5
2020-06-30 13:12:29,256 - TOPOPT - INFO - Ite.: 635  Vol.: 0.172  Ch.: 0.0079  Obj.: 40.5
2020-06-30 13:12:29,593 - TOPOPT - INFO - Ite.: 636  Vol.: 0.172  Ch.: 0.0080  Obj.: 40.5
2020-06-30 13:12:29,938 - TOPOPT - INFO - Ite.: 637  Vol.: 0.172  Ch.: 0.0080  Obj.: 40.5
2020-06-30 13:12:30,305 - TOPOPT - INFO - Ite.: 638  Vol.: 0.172  Ch.: 0.0079  Obj.: 40.5
2020-06-30 13:12:30,644 - TOPOPT - INFO - Ite.: 639  Vol.: 0.172  Ch.: 0.0079  Obj.: 40.5
2020-06-30 13:12:30,991 - TOPOPT - INFO - Ite.: 640  Vol.: 0.172  Ch.: 0.0080  Obj.: 40.5
2020-06-30 13:12:31,317 - TOPOPT - INFO - Ite.: 641  Vol.: 0.172  Ch.: 0.0080  Obj.: 40.5
2020-06-30 13:12:31,635 - TOPOPT - INFO - Ite.: 642  Vol.: 0.172  Ch.: 0.0079  Obj.: 40.5
2020-06-30 13:12:31,881 - TOPOPT - INFO - Ite.: 643  Vol.: 0.172  Ch.: 0.0079  Obj.: 40.5
2020-06-30 13:12:32,076 - TOPOPT - INFO - Ite.: 644  Vol.: 0.172  Ch.: 0.0080  Obj.: 40.5
2020-06-30 13:12:32,259 - TOPOPT - INFO - Ite.: 645  Vol.: 0.172  Ch.: 0.0080  Obj.: 40.5
2020-06-30 13:12:32,442 - TOPOPT - INFO - Ite.: 646  Vol.: 0.172  Ch.: 0.0079  Obj.: 40.5
2020-06-30 13:12:32,635 - TOPOPT - INFO - Ite.: 647  Vol.: 0.172  Ch.: 0.0079  Obj.: 40.5
2020-06-30 13:12:32,816 - TOPOPT - INFO - Ite.: 648  Vol.: 0.172  Ch.: 0.0080  Obj.: 40.5
2020-06-30 13:12:32,995 - TOPOPT - INFO - Ite.: 649  Vol.: 0.172  Ch.: 0.0080  Obj.: 40.5
2020-06-30 13:12:33,191 - TOPOPT - INFO - Ite.: 650  Vol.: 0.172  Ch.: 0.0079  Obj.: 40.5
2020-06-30 13:12:33,389 - TOPOPT - INFO - Ite.: 651  Vol.: 0.172  Ch.: 0.0079  Obj.: 40.5
2020-06-30 13:12:33,564 - TOPOPT - INFO - Ite.: 652  Vol.: 0.172  Ch.: 0.0080  Obj.: 40.5
2020-06-30 13:12:33,748 - TOPOPT - INFO - Ite.: 653  Vol.: 0.172  Ch.: 0.0080  Obj.: 40.5
2020-06-30 13:12:33,942 - TOPOPT - INFO - Ite.: 654  Vol.: 0.172  Ch.: 0.0079  Obj.: 40.5
2020-06-30 13:12:34,128 - TOPOPT - INFO - Ite.: 655  Vol.: 0.172  Ch.: 0.0079  Obj.: 40.5
2020-06-30 13:12:34,316 - TOPOPT - INFO - Ite.: 656  Vol.: 0.172  Ch.: 0.0080  Obj.: 40.5
2020-06-30 13:12:34,522 - TOPOPT - INFO - Ite.: 657  Vol.: 0.172  Ch.: 0.0080  Obj.: 40.5
2020-06-30 13:12:34,705 - TOPOPT - INFO - Ite.: 658  Vol.: 0.172  Ch.: 0.0079  Obj.: 40.5
2020-06-30 13:12:34,879 - TOPOPT - INFO - Ite.: 659  Vol.: 0.172  Ch.: 0.0079  Obj.: 40.5
2020-06-30 13:12:35,054 - TOPOPT - INFO - Ite.: 660  Vol.: 0.172  Ch.: 0.0080  Obj.: 40.5
2020-06-30 13:12:35,225 - TOPOPT - INFO - Ite.: 661  Vol.: 0.172  Ch.: 0.0080  Obj.: 40.5
2020-06-30 13:12:35,405 - TOPOPT - INFO - Ite.: 662  Vol.: 0.172  Ch.: 0.0079  Obj.: 40.5
2020-06-30 13:12:35,587 - TOPOPT - INFO - Ite.: 663  Vol.: 0.172  Ch.: 0.0079  Obj.: 40.5
2020-06-30 13:12:35,767 - TOPOPT - INFO - Ite.: 664  Vol.: 0.172  Ch.: 0.0080  Obj.: 40.5
2020-06-30 13:12:35,953 - TOPOPT - INFO - Ite.: 665  Vol.: 0.172  Ch.: 0.0080  Obj.: 40.5
2020-06-30 13:12:36,177 - TOPOPT - INFO - Ite.: 666  Vol.: 0.172  Ch.: 0.0079  Obj.: 40.5
2020-06-30 13:12:36,382 - TOPOPT - INFO - Ite.: 667  Vol.: 0.172  Ch.: 0.0079  Obj.: 40.5
2020-06-30 13:12:36,588 - TOPOPT - INFO - Ite.: 668  Vol.: 0.172  Ch.: 0.0080  Obj.: 40.5
2020-06-30 13:12:36,789 - TOPOPT - INFO - Ite.: 669  Vol.: 0.172  Ch.: 0.0080  Obj.: 40.5
2020-06-30 13:12:37,044 - TOPOPT - INFO - Ite.: 670  Vol.: 0.172  Ch.: 0.0079  Obj.: 40.5
2020-06-30 13:12:37,333 - TOPOPT - INFO - Ite.: 671  Vol.: 0.172  Ch.: 0.0079  Obj.: 40.5
2020-06-30 13:12:37,625 - TOPOPT - INFO - Ite.: 672  Vol.: 0.172  Ch.: 0.0080  Obj.: 40.5
2020-06-30 13:12:37,901 - TOPOPT - INFO - Ite.: 673  Vol.: 0.172  Ch.: 0.0080  Obj.: 40.5
2020-06-30 13:12:38,159 - TOPOPT - INFO - Ite.: 674  Vol.: 0.172  Ch.: 0.0079  Obj.: 40.5
2020-06-30 13:12:38,414 - TOPOPT - INFO - Ite.: 675  Vol.: 0.172  Ch.: 0.0079  Obj.: 40.5
2020-06-30 13:12:38,649 - TOPOPT - INFO - Ite.: 676  Vol.: 0.172  Ch.: 0.0080  Obj.: 40.5
2020-06-30 13:12:38,874 - TOPOPT - INFO - Ite.: 677  Vol.: 0.172  Ch.: 0.0080  Obj.: 40.5
2020-06-30 13:12:39,088 - TOPOPT - INFO - Ite.: 678  Vol.: 0.172  Ch.: 0.0079  Obj.: 40.5
2020-06-30 13:12:39,316 - TOPOPT - INFO - Ite.: 679  Vol.: 0.172  Ch.: 0.0079  Obj.: 40.5
2020-06-30 13:12:39,536 - TOPOPT - INFO - Ite.: 680  Vol.: 0.172  Ch.: 0.0080  Obj.: 40.5
2020-06-30 13:12:39,763 - TOPOPT - INFO - Ite.: 681  Vol.: 0.172  Ch.: 0.0080  Obj.: 40.5
2020-06-30 13:12:39,978 - TOPOPT - INFO - Ite.: 682  Vol.: 0.172  Ch.: 0.0081  Obj.: 40.5
2020-06-30 13:12:40,200 - TOPOPT - INFO - Ite.: 683  Vol.: 0.172  Ch.: 0.0081  Obj.: 40.5
2020-06-30 13:12:40,411 - TOPOPT - INFO - Ite.: 684  Vol.: 0.172  Ch.: 0.0080  Obj.: 40.5
2020-06-30 13:12:40,624 - TOPOPT - INFO - Ite.: 685  Vol.: 0.172  Ch.: 0.0079  Obj.: 40.5
2020-06-30 13:12:40,834 - TOPOPT - INFO - Ite.: 686  Vol.: 0.172  Ch.: 0.0080  Obj.: 40.5
2020-06-30 13:12:41,025 - TOPOPT - INFO - Ite.: 687  Vol.: 0.172  Ch.: 0.0081  Obj.: 40.5
2020-06-30 13:12:41,219 - TOPOPT - INFO - Ite.: 688  Vol.: 0.172  Ch.: 0.0080  Obj.: 40.5
2020-06-30 13:12:41,421 - TOPOPT - INFO - Ite.: 689  Vol.: 0.172  Ch.: 0.0079  Obj.: 40.5
2020-06-30 13:12:41,613 - TOPOPT - INFO - Ite.: 690  Vol.: 0.172  Ch.: 0.0080  Obj.: 40.5
2020-06-30 13:12:41,803 - TOPOPT - INFO - Ite.: 691  Vol.: 0.172  Ch.: 0.0081  Obj.: 40.5
2020-06-30 13:12:42,013 - TOPOPT - INFO - Ite.: 692  Vol.: 0.172  Ch.: 0.0080  Obj.: 40.5
2020-06-30 13:12:42,219 - TOPOPT - INFO - Ite.: 693  Vol.: 0.172  Ch.: 0.0079  Obj.: 40.5
2020-06-30 13:12:42,444 - TOPOPT - INFO - Ite.: 694  Vol.: 0.172  Ch.: 0.0080  Obj.: 40.5
2020-06-30 13:12:42,667 - TOPOPT - INFO - Ite.: 695  Vol.: 0.172  Ch.: 0.0081  Obj.: 40.5
2020-06-30 13:12:42,897 - TOPOPT - INFO - Ite.: 696  Vol.: 0.172  Ch.: 0.0080  Obj.: 40.5
2020-06-30 13:12:43,170 - TOPOPT - INFO - Ite.: 697  Vol.: 0.172  Ch.: 0.0079  Obj.: 40.5
2020-06-30 13:12:43,469 - TOPOPT - INFO - Ite.: 698  Vol.: 0.172  Ch.: 0.0080  Obj.: 40.5
2020-06-30 13:12:43,784 - TOPOPT - INFO - Ite.: 699  Vol.: 0.172  Ch.: 0.0081  Obj.: 40.5
2020-06-30 13:12:44,050 - TOPOPT - INFO - Ite.: 700  Vol.: 0.172  Ch.: 0.0080  Obj.: 40.5
2020-06-30 13:12:44,321 - TOPOPT - INFO - Ite.: 701  Vol.: 0.172  Ch.: 0.0079  Obj.: 40.5
2020-06-30 13:12:44,573 - TOPOPT - INFO - Ite.: 702  Vol.: 0.172  Ch.: 0.0080  Obj.: 40.5
2020-06-30 13:12:44,780 - TOPOPT - INFO - Ite.: 703  Vol.: 0.172  Ch.: 0.0081  Obj.: 40.5
2020-06-30 13:12:44,998 - TOPOPT - INFO - Ite.: 704  Vol.: 0.172  Ch.: 0.0080  Obj.: 40.5
2020-06-30 13:12:45,219 - TOPOPT - INFO - Ite.: 705  Vol.: 0.172  Ch.: 0.0079  Obj.: 40.5
2020-06-30 13:12:45,440 - TOPOPT - INFO - Ite.: 706  Vol.: 0.172  Ch.: 0.0080  Obj.: 40.5
2020-06-30 13:12:45,666 - TOPOPT - INFO - Ite.: 707  Vol.: 0.172  Ch.: 0.0081  Obj.: 40.5
2020-06-30 13:12:45,910 - TOPOPT - INFO - Ite.: 708  Vol.: 0.172  Ch.: 0.0080  Obj.: 40.5
2020-06-30 13:12:46,134 - TOPOPT - INFO - Ite.: 709  Vol.: 0.172  Ch.: 0.0079  Obj.: 40.5
2020-06-30 13:12:46,378 - TOPOPT - INFO - Ite.: 710  Vol.: 0.172  Ch.: 0.0080  Obj.: 40.5
2020-06-30 13:12:46,627 - TOPOPT - INFO - Ite.: 711  Vol.: 0.172  Ch.: 0.0081  Obj.: 40.5
2020-06-30 13:12:46,889 - TOPOPT - INFO - Ite.: 712  Vol.: 0.172  Ch.: 0.0080  Obj.: 40.5
2020-06-30 13:12:47,153 - TOPOPT - INFO - Ite.: 713  Vol.: 0.172  Ch.: 0.0079  Obj.: 40.5
2020-06-30 13:12:47,426 - TOPOPT - INFO - Ite.: 714  Vol.: 0.172  Ch.: 0.0080  Obj.: 40.5
2020-06-30 13:12:47,682 - TOPOPT - INFO - Ite.: 715  Vol.: 0.172  Ch.: 0.0081  Obj.: 40.5
2020-06-30 13:12:47,934 - TOPOPT - INFO - Ite.: 716  Vol.: 0.172  Ch.: 0.0080  Obj.: 40.5
2020-06-30 13:12:48,223 - TOPOPT - INFO - Ite.: 717  Vol.: 0.172  Ch.: 0.0079  Obj.: 40.5
2020-06-30 13:12:48,534 - TOPOPT - INFO - Ite.: 718  Vol.: 0.172  Ch.: 0.0080  Obj.: 40.5
2020-06-30 13:12:48,849 - TOPOPT - INFO - Ite.: 719  Vol.: 0.172  Ch.: 0.0081  Obj.: 40.5
2020-06-30 13:12:49,148 - TOPOPT - INFO - Ite.: 720  Vol.: 0.172  Ch.: 0.0080  Obj.: 40.5
2020-06-30 13:12:49,425 - TOPOPT - INFO - Ite.: 721  Vol.: 0.172  Ch.: 0.0079  Obj.: 40.5
2020-06-30 13:12:49,674 - TOPOPT - INFO - Ite.: 722  Vol.: 0.172  Ch.: 0.0080  Obj.: 40.5
2020-06-30 13:12:49,908 - TOPOPT - INFO - Ite.: 723  Vol.: 0.172  Ch.: 0.0081  Obj.: 40.5
2020-06-30 13:12:50,143 - TOPOPT - INFO - Ite.: 724  Vol.: 0.172  Ch.: 0.0080  Obj.: 40.5
2020-06-30 13:12:50,372 - TOPOPT - INFO - Ite.: 725  Vol.: 0.172  Ch.: 0.0079  Obj.: 40.5
2020-06-30 13:12:50,592 - TOPOPT - INFO - Ite.: 726  Vol.: 0.172  Ch.: 0.0080  Obj.: 40.5
2020-06-30 13:12:50,804 - TOPOPT - INFO - Ite.: 727  Vol.: 0.172  Ch.: 0.0081  Obj.: 40.5
2020-06-30 13:12:51,046 - TOPOPT - INFO - Ite.: 728  Vol.: 0.172  Ch.: 0.0080  Obj.: 40.5
2020-06-30 13:12:51,317 - TOPOPT - INFO - Ite.: 729  Vol.: 0.172  Ch.: 0.0079  Obj.: 40.5
2020-06-30 13:12:51,608 - TOPOPT - INFO - Ite.: 730  Vol.: 0.172  Ch.: 0.0080  Obj.: 40.5
2020-06-30 13:12:51,896 - TOPOPT - INFO - Ite.: 731  Vol.: 0.172  Ch.: 0.0081  Obj.: 40.5
2020-06-30 13:12:52,147 - TOPOPT - INFO - Ite.: 732  Vol.: 0.172  Ch.: 0.0080  Obj.: 40.5
2020-06-30 13:12:52,420 - TOPOPT - INFO - Ite.: 733  Vol.: 0.172  Ch.: 0.0079  Obj.: 40.5
2020-06-30 13:12:52,669 - TOPOPT - INFO - Ite.: 734  Vol.: 0.172  Ch.: 0.0080  Obj.: 40.5
2020-06-30 13:12:52,905 - TOPOPT - INFO - Ite.: 735  Vol.: 0.172  Ch.: 0.0081  Obj.: 40.5
2020-06-30 13:12:53,119 - TOPOPT - INFO - Ite.: 736  Vol.: 0.172  Ch.: 0.0080  Obj.: 40.5
2020-06-30 13:12:53,351 - TOPOPT - INFO - Ite.: 737  Vol.: 0.172  Ch.: 0.0079  Obj.: 40.5
2020-06-30 13:12:53,583 - TOPOPT - INFO - Ite.: 738  Vol.: 0.172  Ch.: 0.0080  Obj.: 40.5
2020-06-30 13:12:53,787 - TOPOPT - INFO - Ite.: 739  Vol.: 0.172  Ch.: 0.0081  Obj.: 40.5
2020-06-30 13:12:53,983 - TOPOPT - INFO - Ite.: 740  Vol.: 0.172  Ch.: 0.0080  Obj.: 40.5
2020-06-30 13:12:54,180 - TOPOPT - INFO - Ite.: 741  Vol.: 0.172  Ch.: 0.0079  Obj.: 40.5
2020-06-30 13:12:54,386 - TOPOPT - INFO - Ite.: 742  Vol.: 0.172  Ch.: 0.0080  Obj.: 40.5
2020-06-30 13:12:54,585 - TOPOPT - INFO - Ite.: 743  Vol.: 0.172  Ch.: 0.0081  Obj.: 40.5
2020-06-30 13:12:54,796 - TOPOPT - INFO - Ite.: 744  Vol.: 0.172  Ch.: 0.0081  Obj.: 40.5
2020-06-30 13:12:54,999 - TOPOPT - INFO - Ite.: 745  Vol.: 0.172  Ch.: 0.0081  Obj.: 40.5
2020-06-30 13:12:55,213 - TOPOPT - INFO - Ite.: 746  Vol.: 0.172  Ch.: 0.0080  Obj.: 40.5
2020-06-30 13:12:55,441 - TOPOPT - INFO - Ite.: 747  Vol.: 0.172  Ch.: 0.0080  Obj.: 40.5
2020-06-30 13:12:55,660 - TOPOPT - INFO - Ite.: 748  Vol.: 0.172  Ch.: 0.0081  Obj.: 40.5
2020-06-30 13:12:55,855 - TOPOPT - INFO - Ite.: 749  Vol.: 0.172  Ch.: 0.0081  Obj.: 40.5
2020-06-30 13:12:56,051 - TOPOPT - INFO - Ite.: 750  Vol.: 0.172  Ch.: 0.0080  Obj.: 40.5
2020-06-30 13:12:56,251 - TOPOPT - INFO - Ite.: 751  Vol.: 0.172  Ch.: 0.0080  Obj.: 40.5
2020-06-30 13:12:56,450 - TOPOPT - INFO - Ite.: 752  Vol.: 0.172  Ch.: 0.0081  Obj.: 40.5
2020-06-30 13:12:56,642 - TOPOPT - INFO - Ite.: 753  Vol.: 0.172  Ch.: 0.0081  Obj.: 40.5
2020-06-30 13:12:56,823 - TOPOPT - INFO - Ite.: 754  Vol.: 0.172  Ch.: 0.0080  Obj.: 40.5
2020-06-30 13:12:57,001 - TOPOPT - INFO - Ite.: 755  Vol.: 0.172  Ch.: 0.0080  Obj.: 40.5
2020-06-30 13:12:57,181 - TOPOPT - INFO - Ite.: 756  Vol.: 0.172  Ch.: 0.0081  Obj.: 40.5
2020-06-30 13:12:57,374 - TOPOPT - INFO - Ite.: 757  Vol.: 0.172  Ch.: 0.0081  Obj.: 40.5
2020-06-30 13:12:57,566 - TOPOPT - INFO - Ite.: 758  Vol.: 0.172  Ch.: 0.0080  Obj.: 40.5
2020-06-30 13:12:57,754 - TOPOPT - INFO - Ite.: 759  Vol.: 0.172  Ch.: 0.0080  Obj.: 40.5
2020-06-30 13:12:57,926 - TOPOPT - INFO - Ite.: 760  Vol.: 0.172  Ch.: 0.0081  Obj.: 40.5
2020-06-30 13:12:58,097 - TOPOPT - INFO - Ite.: 761  Vol.: 0.172  Ch.: 0.0081  Obj.: 40.5
2020-06-30 13:12:58,269 - TOPOPT - INFO - Ite.: 762  Vol.: 0.172  Ch.: 0.0080  Obj.: 40.5
2020-06-30 13:12:58,443 - TOPOPT - INFO - Ite.: 763  Vol.: 0.172  Ch.: 0.0080  Obj.: 40.5
2020-06-30 13:12:58,620 - TOPOPT - INFO - Ite.: 764  Vol.: 0.172  Ch.: 0.0081  Obj.: 40.5
2020-06-30 13:12:58,801 - TOPOPT - INFO - Ite.: 765  Vol.: 0.172  Ch.: 0.0081  Obj.: 40.5
2020-06-30 13:12:59,002 - TOPOPT - INFO - Ite.: 766  Vol.: 0.172  Ch.: 0.0080  Obj.: 40.5
2020-06-30 13:12:59,195 - TOPOPT - INFO - Ite.: 767  Vol.: 0.172  Ch.: 0.0080  Obj.: 40.5
2020-06-30 13:12:59,373 - TOPOPT - INFO - Ite.: 768  Vol.: 0.172  Ch.: 0.0081  Obj.: 40.5
2020-06-30 13:12:59,538 - TOPOPT - INFO - Ite.: 769  Vol.: 0.172  Ch.: 0.0081  Obj.: 40.5
2020-06-30 13:12:59,725 - TOPOPT - INFO - Ite.: 770  Vol.: 0.172  Ch.: 0.0080  Obj.: 40.5
2020-06-30 13:12:59,903 - TOPOPT - INFO - Ite.: 771  Vol.: 0.172  Ch.: 0.0080  Obj.: 40.5
2020-06-30 13:13:00,084 - TOPOPT - INFO - Ite.: 772  Vol.: 0.172  Ch.: 0.0081  Obj.: 40.5
2020-06-30 13:13:00,308 - TOPOPT - INFO - Ite.: 773  Vol.: 0.172  Ch.: 0.0081  Obj.: 40.5
2020-06-30 13:13:00,500 - TOPOPT - INFO - Ite.: 774  Vol.: 0.172  Ch.: 0.0080  Obj.: 40.5
2020-06-30 13:13:00,670 - TOPOPT - INFO - Ite.: 775  Vol.: 0.172  Ch.: 0.0080  Obj.: 40.5
2020-06-30 13:13:00,855 - TOPOPT - INFO - Ite.: 776  Vol.: 0.172  Ch.: 0.0081  Obj.: 40.5
2020-06-30 13:13:01,048 - TOPOPT - INFO - Ite.: 777  Vol.: 0.172  Ch.: 0.0081  Obj.: 40.5
2020-06-30 13:13:01,258 - TOPOPT - INFO - Ite.: 778  Vol.: 0.172  Ch.: 0.0080  Obj.: 40.5
2020-06-30 13:13:01,464 - TOPOPT - INFO - Ite.: 779  Vol.: 0.172  Ch.: 0.0080  Obj.: 40.5
2020-06-30 13:13:01,669 - TOPOPT - INFO - Ite.: 780  Vol.: 0.172  Ch.: 0.0081  Obj.: 40.5
2020-06-30 13:13:01,878 - TOPOPT - INFO - Ite.: 781  Vol.: 0.172  Ch.: 0.0081  Obj.: 40.5
2020-06-30 13:13:02,077 - TOPOPT - INFO - Ite.: 782  Vol.: 0.172  Ch.: 0.0080  Obj.: 40.5
2020-06-30 13:13:02,277 - TOPOPT - INFO - Ite.: 783  Vol.: 0.172  Ch.: 0.0080  Obj.: 40.5
2020-06-30 13:13:02,474 - TOPOPT - INFO - Ite.: 784  Vol.: 0.172  Ch.: 0.0081  Obj.: 40.5
2020-06-30 13:13:02,652 - TOPOPT - INFO - Ite.: 785  Vol.: 0.172  Ch.: 0.0081  Obj.: 40.5
2020-06-30 13:13:02,856 - TOPOPT - INFO - Ite.: 786  Vol.: 0.172  Ch.: 0.0080  Obj.: 40.5
2020-06-30 13:13:03,054 - TOPOPT - INFO - Ite.: 787  Vol.: 0.172  Ch.: 0.0080  Obj.: 40.5
2020-06-30 13:13:03,255 - TOPOPT - INFO - Ite.: 788  Vol.: 0.172  Ch.: 0.0081  Obj.: 40.5
2020-06-30 13:13:03,458 - TOPOPT - INFO - Ite.: 789  Vol.: 0.172  Ch.: 0.0081  Obj.: 40.5
2020-06-30 13:13:03,667 - TOPOPT - INFO - Ite.: 790  Vol.: 0.172  Ch.: 0.0080  Obj.: 40.5
2020-06-30 13:13:03,874 - TOPOPT - INFO - Ite.: 791  Vol.: 0.172  Ch.: 0.0080  Obj.: 40.5
2020-06-30 13:13:04,097 - TOPOPT - INFO - Ite.: 792  Vol.: 0.172  Ch.: 0.0081  Obj.: 40.5
2020-06-30 13:13:04,325 - TOPOPT - INFO - Ite.: 793  Vol.: 0.172  Ch.: 0.0081  Obj.: 40.5
2020-06-30 13:13:04,543 - TOPOPT - INFO - Ite.: 794  Vol.: 0.172  Ch.: 0.0080  Obj.: 40.5
2020-06-30 13:13:04,755 - TOPOPT - INFO - Ite.: 795  Vol.: 0.172  Ch.: 0.0080  Obj.: 40.5
2020-06-30 13:13:04,956 - TOPOPT - INFO - Ite.: 796  Vol.: 0.172  Ch.: 0.0081  Obj.: 40.5
2020-06-30 13:13:05,155 - TOPOPT - INFO - Ite.: 797  Vol.: 0.172  Ch.: 0.0081  Obj.: 40.5
2020-06-30 13:13:05,346 - TOPOPT - INFO - Ite.: 798  Vol.: 0.172  Ch.: 0.0080  Obj.: 40.5
2020-06-30 13:13:05,537 - TOPOPT - INFO - Ite.: 799  Vol.: 0.172  Ch.: 0.0080  Obj.: 40.5
2020-06-30 13:13:05,724 - TOPOPT - INFO - Ite.: 800  Vol.: 0.172  Ch.: 0.0081  Obj.: 40.5
2020-06-30 13:13:05,898 - TOPOPT - INFO - Ite.: 801  Vol.: 0.172  Ch.: 0.0081  Obj.: 40.5
2020-06-30 13:13:06,073 - TOPOPT - INFO - Ite.: 802  Vol.: 0.172  Ch.: 0.0080  Obj.: 40.5
2020-06-30 13:13:06,255 - TOPOPT - INFO - Ite.: 803  Vol.: 0.172  Ch.: 0.0080  Obj.: 40.5
2020-06-30 13:13:06,440 - TOPOPT - INFO - Ite.: 804  Vol.: 0.172  Ch.: 0.0081  Obj.: 40.5
2020-06-30 13:13:06,606 - TOPOPT - INFO - Ite.: 805  Vol.: 0.172  Ch.: 0.0081  Obj.: 40.5
2020-06-30 13:13:06,798 - TOPOPT - INFO - Ite.: 806  Vol.: 0.172  Ch.: 0.0080  Obj.: 40.5
2020-06-30 13:13:06,970 - TOPOPT - INFO - Ite.: 807  Vol.: 0.172  Ch.: 0.0080  Obj.: 40.5
2020-06-30 13:13:07,176 - TOPOPT - INFO - Ite.: 808  Vol.: 0.172  Ch.: 0.0081  Obj.: 40.5
2020-06-30 13:13:07,407 - TOPOPT - INFO - Ite.: 809  Vol.: 0.172  Ch.: 0.0081  Obj.: 40.5
2020-06-30 13:13:07,663 - TOPOPT - INFO - Ite.: 810  Vol.: 0.172  Ch.: 0.0080  Obj.: 40.5
2020-06-30 13:13:07,907 - TOPOPT - INFO - Ite.: 811  Vol.: 0.172  Ch.: 0.0080  Obj.: 40.5
2020-06-30 13:13:08,132 - TOPOPT - INFO - Ite.: 812  Vol.: 0.172  Ch.: 0.0081  Obj.: 40.5
2020-06-30 13:13:08,333 - TOPOPT - INFO - Ite.: 813  Vol.: 0.172  Ch.: 0.0081  Obj.: 40.5
2020-06-30 13:13:08,534 - TOPOPT - INFO - Ite.: 814  Vol.: 0.172  Ch.: 0.0081  Obj.: 40.5
2020-06-30 13:13:08,750 - TOPOPT - INFO - Ite.: 815  Vol.: 0.172  Ch.: 0.0082  Obj.: 40.5
2020-06-30 13:13:08,950 - TOPOPT - INFO - Ite.: 816  Vol.: 0.172  Ch.: 0.0081  Obj.: 40.5
2020-06-30 13:13:09,131 - TOPOPT - INFO - Ite.: 817  Vol.: 0.172  Ch.: 0.0080  Obj.: 40.5
2020-06-30 13:13:09,335 - TOPOPT - INFO - Ite.: 818  Vol.: 0.172  Ch.: 0.0081  Obj.: 40.5
2020-06-30 13:13:09,517 - TOPOPT - INFO - Ite.: 819  Vol.: 0.172  Ch.: 0.0081  Obj.: 40.5
2020-06-30 13:13:09,696 - TOPOPT - INFO - Ite.: 820  Vol.: 0.172  Ch.: 0.0081  Obj.: 40.5
2020-06-30 13:13:09,876 - TOPOPT - INFO - Ite.: 821  Vol.: 0.172  Ch.: 0.0080  Obj.: 40.5
2020-06-30 13:13:10,059 - TOPOPT - INFO - Ite.: 822  Vol.: 0.172  Ch.: 0.0081  Obj.: 40.5
2020-06-30 13:13:10,245 - TOPOPT - INFO - Ite.: 823  Vol.: 0.172  Ch.: 0.0081  Obj.: 40.5
2020-06-30 13:13:10,437 - TOPOPT - INFO - Ite.: 824  Vol.: 0.172  Ch.: 0.0081  Obj.: 40.5
2020-06-30 13:13:10,618 - TOPOPT - INFO - Ite.: 825  Vol.: 0.172  Ch.: 0.0080  Obj.: 40.5
2020-06-30 13:13:10,802 - TOPOPT - INFO - Ite.: 826  Vol.: 0.172  Ch.: 0.0081  Obj.: 40.5
2020-06-30 13:13:10,974 - TOPOPT - INFO - Ite.: 827  Vol.: 0.172  Ch.: 0.0081  Obj.: 40.5
2020-06-30 13:13:11,154 - TOPOPT - INFO - Ite.: 828  Vol.: 0.172  Ch.: 0.0081  Obj.: 40.5
2020-06-30 13:13:11,354 - TOPOPT - INFO - Ite.: 829  Vol.: 0.172  Ch.: 0.0080  Obj.: 40.5
2020-06-30 13:13:11,555 - TOPOPT - INFO - Ite.: 830  Vol.: 0.172  Ch.: 0.0081  Obj.: 40.5
2020-06-30 13:13:11,756 - TOPOPT - INFO - Ite.: 831  Vol.: 0.172  Ch.: 0.0081  Obj.: 40.5
2020-06-30 13:13:11,951 - TOPOPT - INFO - Ite.: 832  Vol.: 0.172  Ch.: 0.0081  Obj.: 40.5
2020-06-30 13:13:12,140 - TOPOPT - INFO - Ite.: 833  Vol.: 0.172  Ch.: 0.0080  Obj.: 40.5
2020-06-30 13:13:12,327 - TOPOPT - INFO - Ite.: 834  Vol.: 0.172  Ch.: 0.0081  Obj.: 40.5
2020-06-30 13:13:12,507 - TOPOPT - INFO - Ite.: 835  Vol.: 0.172  Ch.: 0.0081  Obj.: 40.5
2020-06-30 13:13:12,698 - TOPOPT - INFO - Ite.: 836  Vol.: 0.172  Ch.: 0.0081  Obj.: 40.5
2020-06-30 13:13:12,863 - TOPOPT - INFO - Ite.: 837  Vol.: 0.172  Ch.: 0.0080  Obj.: 40.5
2020-06-30 13:13:13,046 - TOPOPT - INFO - Ite.: 838  Vol.: 0.172  Ch.: 0.0081  Obj.: 40.5
2020-06-30 13:13:13,198 - TOPOPT - INFO - Ite.: 839  Vol.: 0.172  Ch.: 0.0081  Obj.: 40.5
2020-06-30 13:13:13,381 - TOPOPT - INFO - Ite.: 840  Vol.: 0.172  Ch.: 0.0081  Obj.: 40.5
2020-06-30 13:13:13,573 - TOPOPT - INFO - Ite.: 841  Vol.: 0.172  Ch.: 0.0080  Obj.: 40.5
2020-06-30 13:13:13,740 - TOPOPT - INFO - Ite.: 842  Vol.: 0.172  Ch.: 0.0081  Obj.: 40.5
2020-06-30 13:13:13,908 - TOPOPT - INFO - Ite.: 843  Vol.: 0.172  Ch.: 0.0081  Obj.: 40.5
2020-06-30 13:13:14,070 - TOPOPT - INFO - Ite.: 844  Vol.: 0.172  Ch.: 0.0081  Obj.: 40.5
2020-06-30 13:13:14,237 - TOPOPT - INFO - Ite.: 845  Vol.: 0.172  Ch.: 0.0080  Obj.: 40.5
2020-06-30 13:13:14,403 - TOPOPT - INFO - Ite.: 846  Vol.: 0.172  Ch.: 0.0081  Obj.: 40.5
2020-06-30 13:13:14,574 - TOPOPT - INFO - Ite.: 847  Vol.: 0.172  Ch.: 0.0081  Obj.: 40.5
2020-06-30 13:13:14,742 - TOPOPT - INFO - Ite.: 848  Vol.: 0.172  Ch.: 0.0081  Obj.: 40.5
2020-06-30 13:13:14,920 - TOPOPT - INFO - Ite.: 849  Vol.: 0.172  Ch.: 0.0080  Obj.: 40.5
2020-06-30 13:13:15,097 - TOPOPT - INFO - Ite.: 850  Vol.: 0.172  Ch.: 0.0081  Obj.: 40.5
2020-06-30 13:13:15,256 - TOPOPT - INFO - Ite.: 851  Vol.: 0.172  Ch.: 0.0081  Obj.: 40.5
2020-06-30 13:13:15,434 - TOPOPT - INFO - Ite.: 852  Vol.: 0.172  Ch.: 0.0081  Obj.: 40.5
2020-06-30 13:13:15,603 - TOPOPT - INFO - Ite.: 853  Vol.: 0.172  Ch.: 0.0080  Obj.: 40.5
2020-06-30 13:13:15,781 - TOPOPT - INFO - Ite.: 854  Vol.: 0.172  Ch.: 0.0081  Obj.: 40.5
2020-06-30 13:13:15,966 - TOPOPT - INFO - Ite.: 855  Vol.: 0.172  Ch.: 0.0081  Obj.: 40.5
2020-06-30 13:13:16,155 - TOPOPT - INFO - Ite.: 856  Vol.: 0.172  Ch.: 0.0081  Obj.: 40.5
2020-06-30 13:13:16,356 - TOPOPT - INFO - Ite.: 857  Vol.: 0.172  Ch.: 0.0080  Obj.: 40.5
2020-06-30 13:13:16,555 - TOPOPT - INFO - Ite.: 858  Vol.: 0.172  Ch.: 0.0081  Obj.: 40.5
2020-06-30 13:13:16,765 - TOPOPT - INFO - Ite.: 859  Vol.: 0.172  Ch.: 0.0081  Obj.: 40.5
2020-06-30 13:13:16,987 - TOPOPT - INFO - Ite.: 860  Vol.: 0.172  Ch.: 0.0081  Obj.: 40.5
2020-06-30 13:13:17,212 - TOPOPT - INFO - Ite.: 861  Vol.: 0.172  Ch.: 0.0080  Obj.: 40.5
2020-06-30 13:13:17,469 - TOPOPT - INFO - Ite.: 862  Vol.: 0.172  Ch.: 0.0081  Obj.: 40.5
2020-06-30 13:13:17,744 - TOPOPT - INFO - Ite.: 863  Vol.: 0.172  Ch.: 0.0081  Obj.: 40.5
2020-06-30 13:13:18,055 - TOPOPT - INFO - Ite.: 864  Vol.: 0.172  Ch.: 0.0081  Obj.: 40.5
2020-06-30 13:13:18,349 - TOPOPT - INFO - Ite.: 865  Vol.: 0.172  Ch.: 0.0080  Obj.: 40.5
2020-06-30 13:13:18,674 - TOPOPT - INFO - Ite.: 866  Vol.: 0.172  Ch.: 0.0081  Obj.: 40.5
2020-06-30 13:13:18,998 - TOPOPT - INFO - Ite.: 867  Vol.: 0.172  Ch.: 0.0081  Obj.: 40.5
2020-06-30 13:13:19,292 - TOPOPT - INFO - Ite.: 868  Vol.: 0.172  Ch.: 0.0081  Obj.: 40.5
2020-06-30 13:13:19,605 - TOPOPT - INFO - Ite.: 869  Vol.: 0.172  Ch.: 0.0080  Obj.: 40.5
2020-06-30 13:13:19,961 - TOPOPT - INFO - Ite.: 870  Vol.: 0.172  Ch.: 0.0081  Obj.: 40.5
2020-06-30 13:13:20,250 - TOPOPT - INFO - Ite.: 871  Vol.: 0.172  Ch.: 0.0081  Obj.: 40.5
2020-06-30 13:13:20,584 - TOPOPT - INFO - Ite.: 872  Vol.: 0.172  Ch.: 0.0081  Obj.: 40.5
2020-06-30 13:13:20,884 - TOPOPT - INFO - Ite.: 873  Vol.: 0.172  Ch.: 0.0080  Obj.: 40.5
2020-06-30 13:13:21,227 - TOPOPT - INFO - Ite.: 874  Vol.: 0.172  Ch.: 0.0081  Obj.: 40.5
2020-06-30 13:13:21,531 - TOPOPT - INFO - Ite.: 875  Vol.: 0.172  Ch.: 0.0081  Obj.: 40.5
2020-06-30 13:13:21,850 - TOPOPT - INFO - Ite.: 876  Vol.: 0.172  Ch.: 0.0081  Obj.: 40.5
2020-06-30 13:13:22,165 - TOPOPT - INFO - Ite.: 877  Vol.: 0.172  Ch.: 0.0080  Obj.: 40.5
2020-06-30 13:13:22,418 - TOPOPT - INFO - Ite.: 878  Vol.: 0.172  Ch.: 0.0081  Obj.: 40.5
2020-06-30 13:13:22,667 - TOPOPT - INFO - Ite.: 879  Vol.: 0.172  Ch.: 0.0081  Obj.: 40.5
2020-06-30 13:13:22,893 - TOPOPT - INFO - Ite.: 880  Vol.: 0.172  Ch.: 0.0081  Obj.: 40.5
2020-06-30 13:13:23,117 - TOPOPT - INFO - Ite.: 881  Vol.: 0.172  Ch.: 0.0080  Obj.: 40.5
2020-06-30 13:13:23,392 - TOPOPT - INFO - Ite.: 882  Vol.: 0.172  Ch.: 0.0081  Obj.: 40.5
2020-06-30 13:13:23,687 - TOPOPT - INFO - Ite.: 883  Vol.: 0.172  Ch.: 0.0081  Obj.: 40.5
2020-06-30 13:13:24,020 - TOPOPT - INFO - Ite.: 884  Vol.: 0.172  Ch.: 0.0081  Obj.: 40.5
2020-06-30 13:13:24,318 - TOPOPT - INFO - Ite.: 885  Vol.: 0.172  Ch.: 0.0080  Obj.: 40.5
2020-06-30 13:13:24,688 - TOPOPT - INFO - Ite.: 886  Vol.: 0.172  Ch.: 0.0081  Obj.: 40.5
2020-06-30 13:13:24,994 - TOPOPT - INFO - Ite.: 887  Vol.: 0.172  Ch.: 0.0081  Obj.: 40.5
2020-06-30 13:13:25,300 - TOPOPT - INFO - Ite.: 888  Vol.: 0.172  Ch.: 0.0081  Obj.: 40.5
2020-06-30 13:13:25,609 - TOPOPT - INFO - Ite.: 889  Vol.: 0.172  Ch.: 0.0080  Obj.: 40.5
2020-06-30 13:13:25,933 - TOPOPT - INFO - Ite.: 890  Vol.: 0.172  Ch.: 0.0081  Obj.: 40.5
2020-06-30 13:13:26,255 - TOPOPT - INFO - Ite.: 891  Vol.: 0.172  Ch.: 0.0081  Obj.: 40.5
2020-06-30 13:13:26,584 - TOPOPT - INFO - Ite.: 892  Vol.: 0.172  Ch.: 0.0081  Obj.: 40.5
2020-06-30 13:13:26,893 - TOPOPT - INFO - Ite.: 893  Vol.: 0.172  Ch.: 0.0080  Obj.: 40.5
2020-06-30 13:13:27,215 - TOPOPT - INFO - Ite.: 894  Vol.: 0.172  Ch.: 0.0081  Obj.: 40.5
2020-06-30 13:13:27,548 - TOPOPT - INFO - Ite.: 895  Vol.: 0.172  Ch.: 0.0081  Obj.: 40.5
2020-06-30 13:13:27,868 - TOPOPT - INFO - Ite.: 896  Vol.: 0.172  Ch.: 0.0081  Obj.: 40.5
2020-06-30 13:13:28,177 - TOPOPT - INFO - Ite.: 897  Vol.: 0.172  Ch.: 0.0080  Obj.: 40.5
2020-06-30 13:13:28,448 - TOPOPT - INFO - Ite.: 898  Vol.: 0.172  Ch.: 0.0081  Obj.: 40.5
2020-06-30 13:13:28,705 - TOPOPT - INFO - Ite.: 899  Vol.: 0.172  Ch.: 0.0081  Obj.: 40.5
2020-06-30 13:13:28,956 - TOPOPT - INFO - Ite.: 900  Vol.: 0.172  Ch.: 0.0081  Obj.: 40.5
2020-06-30 13:13:29,185 - TOPOPT - INFO - Ite.: 901  Vol.: 0.172  Ch.: 0.0080  Obj.: 40.5
2020-06-30 13:13:29,454 - TOPOPT - INFO - Ite.: 902  Vol.: 0.172  Ch.: 0.0081  Obj.: 40.5
2020-06-30 13:13:29,746 - TOPOPT - INFO - Ite.: 903  Vol.: 0.172  Ch.: 0.0081  Obj.: 40.5
2020-06-30 13:13:30,047 - TOPOPT - INFO - Ite.: 904  Vol.: 0.172  Ch.: 0.0082  Obj.: 40.5
2020-06-30 13:13:30,346 - TOPOPT - INFO - Ite.: 905  Vol.: 0.172  Ch.: 0.0082  Obj.: 40.5
2020-06-30 13:13:30,647 - TOPOPT - INFO - Ite.: 906  Vol.: 0.172  Ch.: 0.0081  Obj.: 40.5
2020-06-30 13:13:30,964 - TOPOPT - INFO - Ite.: 907  Vol.: 0.172  Ch.: 0.0081  Obj.: 40.5
2020-06-30 13:13:31,259 - TOPOPT - INFO - Ite.: 908  Vol.: 0.172  Ch.: 0.0081  Obj.: 40.5
2020-06-30 13:13:31,567 - TOPOPT - INFO - Ite.: 909  Vol.: 0.172  Ch.: 0.0082  Obj.: 40.5
2020-06-30 13:13:31,868 - TOPOPT - INFO - Ite.: 910  Vol.: 0.172  Ch.: 0.0081  Obj.: 40.5
2020-06-30 13:13:32,170 - TOPOPT - INFO - Ite.: 911  Vol.: 0.172  Ch.: 0.0081  Obj.: 40.5
2020-06-30 13:13:32,466 - TOPOPT - INFO - Ite.: 912  Vol.: 0.172  Ch.: 0.0081  Obj.: 40.5
2020-06-30 13:13:32,759 - TOPOPT - INFO - Ite.: 913  Vol.: 0.172  Ch.: 0.0082  Obj.: 40.5
2020-06-30 13:13:33,056 - TOPOPT - INFO - Ite.: 914  Vol.: 0.172  Ch.: 0.0081  Obj.: 40.5
2020-06-30 13:13:33,358 - TOPOPT - INFO - Ite.: 915  Vol.: 0.172  Ch.: 0.0081  Obj.: 40.5
2020-06-30 13:13:33,668 - TOPOPT - INFO - Ite.: 916  Vol.: 0.172  Ch.: 0.0081  Obj.: 40.5
2020-06-30 13:13:33,955 - TOPOPT - INFO - Ite.: 917  Vol.: 0.172  Ch.: 0.0082  Obj.: 40.5
2020-06-30 13:13:34,268 - TOPOPT - INFO - Ite.: 918  Vol.: 0.172  Ch.: 0.0081  Obj.: 40.5
2020-06-30 13:13:34,567 - TOPOPT - INFO - Ite.: 919  Vol.: 0.172  Ch.: 0.0081  Obj.: 40.5
2020-06-30 13:13:34,867 - TOPOPT - INFO - Ite.: 920  Vol.: 0.172  Ch.: 0.0081  Obj.: 40.5
2020-06-30 13:13:35,179 - TOPOPT - INFO - Ite.: 921  Vol.: 0.172  Ch.: 0.0082  Obj.: 40.5
2020-06-30 13:13:35,492 - TOPOPT - INFO - Ite.: 922  Vol.: 0.172  Ch.: 0.0081  Obj.: 40.5
2020-06-30 13:13:35,796 - TOPOPT - INFO - Ite.: 923  Vol.: 0.172  Ch.: 0.0081  Obj.: 40.5
2020-06-30 13:13:36,125 - TOPOPT - INFO - Ite.: 924  Vol.: 0.172  Ch.: 0.0081  Obj.: 40.5
2020-06-30 13:13:36,438 - TOPOPT - INFO - Ite.: 925  Vol.: 0.172  Ch.: 0.0082  Obj.: 40.5
2020-06-30 13:13:36,744 - TOPOPT - INFO - Ite.: 926  Vol.: 0.172  Ch.: 0.0081  Obj.: 40.5
2020-06-30 13:13:37,049 - TOPOPT - INFO - Ite.: 927  Vol.: 0.172  Ch.: 0.0081  Obj.: 40.5
2020-06-30 13:13:37,353 - TOPOPT - INFO - Ite.: 928  Vol.: 0.172  Ch.: 0.0081  Obj.: 40.5
2020-06-30 13:13:37,615 - TOPOPT - INFO - Ite.: 929  Vol.: 0.172  Ch.: 0.0082  Obj.: 40.5
2020-06-30 13:13:37,877 - TOPOPT - INFO - Ite.: 930  Vol.: 0.172  Ch.: 0.0081  Obj.: 40.5
2020-06-30 13:13:38,113 - TOPOPT - INFO - Ite.: 931  Vol.: 0.172  Ch.: 0.0081  Obj.: 40.5
2020-06-30 13:13:38,349 - TOPOPT - INFO - Ite.: 932  Vol.: 0.172  Ch.: 0.0081  Obj.: 40.5
2020-06-30 13:13:38,629 - TOPOPT - INFO - Ite.: 933  Vol.: 0.172  Ch.: 0.0082  Obj.: 40.5
2020-06-30 13:13:38,915 - TOPOPT - INFO - Ite.: 934  Vol.: 0.172  Ch.: 0.0081  Obj.: 40.5
2020-06-30 13:13:39,197 - TOPOPT - INFO - Ite.: 935  Vol.: 0.172  Ch.: 0.0081  Obj.: 40.5
2020-06-30 13:13:39,468 - TOPOPT - INFO - Ite.: 936  Vol.: 0.172  Ch.: 0.0081  Obj.: 40.5
2020-06-30 13:13:39,737 - TOPOPT - INFO - Ite.: 937  Vol.: 0.172  Ch.: 0.0082  Obj.: 40.5
2020-06-30 13:13:39,994 - TOPOPT - INFO - Ite.: 938  Vol.: 0.172  Ch.: 0.0081  Obj.: 40.5
2020-06-30 13:13:40,224 - TOPOPT - INFO - Ite.: 939  Vol.: 0.172  Ch.: 0.0081  Obj.: 40.5
2020-06-30 13:13:40,476 - TOPOPT - INFO - Ite.: 940  Vol.: 0.172  Ch.: 0.0081  Obj.: 40.5
2020-06-30 13:13:40,764 - TOPOPT - INFO - Ite.: 941  Vol.: 0.172  Ch.: 0.0082  Obj.: 40.5
2020-06-30 13:13:41,067 - TOPOPT - INFO - Ite.: 942  Vol.: 0.172  Ch.: 0.0081  Obj.: 40.5
2020-06-30 13:13:41,363 - TOPOPT - INFO - Ite.: 943  Vol.: 0.172  Ch.: 0.0081  Obj.: 40.5
2020-06-30 13:13:41,667 - TOPOPT - INFO - Ite.: 944  Vol.: 0.172  Ch.: 0.0081  Obj.: 40.5
2020-06-30 13:13:41,960 - TOPOPT - INFO - Ite.: 945  Vol.: 0.172  Ch.: 0.0082  Obj.: 40.5
2020-06-30 13:13:42,260 - TOPOPT - INFO - Ite.: 946  Vol.: 0.172  Ch.: 0.0081  Obj.: 40.5
2020-06-30 13:13:42,521 - TOPOPT - INFO - Ite.: 947  Vol.: 0.172  Ch.: 0.0081  Obj.: 40.5
2020-06-30 13:13:42,781 - TOPOPT - INFO - Ite.: 948  Vol.: 0.172  Ch.: 0.0081  Obj.: 40.5
2020-06-30 13:13:43,025 - TOPOPT - INFO - Ite.: 949  Vol.: 0.172  Ch.: 0.0082  Obj.: 40.5
2020-06-30 13:13:43,255 - TOPOPT - INFO - Ite.: 950  Vol.: 0.172  Ch.: 0.0081  Obj.: 40.5
2020-06-30 13:13:43,502 - TOPOPT - INFO - Ite.: 951  Vol.: 0.172  Ch.: 0.0081  Obj.: 40.5
2020-06-30 13:13:43,774 - TOPOPT - INFO - Ite.: 952  Vol.: 0.172  Ch.: 0.0081  Obj.: 40.5
2020-06-30 13:13:44,075 - TOPOPT - INFO - Ite.: 953  Vol.: 0.172  Ch.: 0.0082  Obj.: 40.5
2020-06-30 13:13:44,363 - TOPOPT - INFO - Ite.: 954  Vol.: 0.172  Ch.: 0.0081  Obj.: 40.5
2020-06-30 13:13:44,626 - TOPOPT - INFO - Ite.: 955  Vol.: 0.172  Ch.: 0.0081  Obj.: 40.5
2020-06-30 13:13:44,882 - TOPOPT - INFO - Ite.: 956  Vol.: 0.172  Ch.: 0.0081  Obj.: 40.5
2020-06-30 13:13:45,120 - TOPOPT - INFO - Ite.: 957  Vol.: 0.172  Ch.: 0.0082  Obj.: 40.5
2020-06-30 13:13:45,340 - TOPOPT - INFO - Ite.: 958  Vol.: 0.172  Ch.: 0.0081  Obj.: 40.5
2020-06-30 13:13:45,552 - TOPOPT - INFO - Ite.: 959  Vol.: 0.172  Ch.: 0.0081  Obj.: 40.5
2020-06-30 13:13:45,760 - TOPOPT - INFO - Ite.: 960  Vol.: 0.172  Ch.: 0.0081  Obj.: 40.5
2020-06-30 13:13:45,977 - TOPOPT - INFO - Ite.: 961  Vol.: 0.172  Ch.: 0.0082  Obj.: 40.5
2020-06-30 13:13:46,189 - TOPOPT - INFO - Ite.: 962  Vol.: 0.172  Ch.: 0.0081  Obj.: 40.5
2020-06-30 13:13:46,403 - TOPOPT - INFO - Ite.: 963  Vol.: 0.172  Ch.: 0.0081  Obj.: 40.5
2020-06-30 13:13:46,602 - TOPOPT - INFO - Ite.: 964  Vol.: 0.172  Ch.: 0.0081  Obj.: 40.5
2020-06-30 13:13:46,830 - TOPOPT - INFO - Ite.: 965  Vol.: 0.172  Ch.: 0.0082  Obj.: 40.5
2020-06-30 13:13:47,054 - TOPOPT - INFO - Ite.: 966  Vol.: 0.172  Ch.: 0.0081  Obj.: 40.5
2020-06-30 13:13:47,261 - TOPOPT - INFO - Ite.: 967  Vol.: 0.172  Ch.: 0.0081  Obj.: 40.5
2020-06-30 13:13:47,469 - TOPOPT - INFO - Ite.: 968  Vol.: 0.172  Ch.: 0.0081  Obj.: 40.5
2020-06-30 13:13:47,676 - TOPOPT - INFO - Ite.: 969  Vol.: 0.172  Ch.: 0.0082  Obj.: 40.5
2020-06-30 13:13:47,883 - TOPOPT - INFO - Ite.: 970  Vol.: 0.172  Ch.: 0.0081  Obj.: 40.5
2020-06-30 13:13:48,096 - TOPOPT - INFO - Ite.: 971  Vol.: 0.172  Ch.: 0.0081  Obj.: 40.5
2020-06-30 13:13:48,287 - TOPOPT - INFO - Ite.: 972  Vol.: 0.172  Ch.: 0.0081  Obj.: 40.5
2020-06-30 13:13:48,488 - TOPOPT - INFO - Ite.: 973  Vol.: 0.172  Ch.: 0.0082  Obj.: 40.5
2020-06-30 13:13:48,673 - TOPOPT - INFO - Ite.: 974  Vol.: 0.172  Ch.: 0.0081  Obj.: 40.5
2020-06-30 13:13:48,877 - TOPOPT - INFO - Ite.: 975  Vol.: 0.172  Ch.: 0.0081  Obj.: 40.5
2020-06-30 13:13:49,066 - TOPOPT - INFO - Ite.: 976  Vol.: 0.172  Ch.: 0.0081  Obj.: 40.5
2020-06-30 13:13:49,243 - TOPOPT - INFO - Ite.: 977  Vol.: 0.172  Ch.: 0.0082  Obj.: 40.5
2020-06-30 13:13:49,420 - TOPOPT - INFO - Ite.: 978  Vol.: 0.172  Ch.: 0.0081  Obj.: 40.5
2020-06-30 13:13:49,593 - TOPOPT - INFO - Ite.: 979  Vol.: 0.172  Ch.: 0.0081  Obj.: 40.5
2020-06-30 13:13:49,780 - TOPOPT - INFO - Ite.: 980  Vol.: 0.172  Ch.: 0.0081  Obj.: 40.5
2020-06-30 13:13:49,959 - TOPOPT - INFO - Ite.: 981  Vol.: 0.172  Ch.: 0.0082  Obj.: 40.5
2020-06-30 13:13:50,135 - TOPOPT - INFO - Ite.: 982  Vol.: 0.172  Ch.: 0.0081  Obj.: 40.5
2020-06-30 13:13:50,299 - TOPOPT - INFO - Ite.: 983  Vol.: 0.172  Ch.: 0.0081  Obj.: 40.5
2020-06-30 13:13:50,466 - TOPOPT - INFO - Ite.: 984  Vol.: 0.172  Ch.: 0.0081  Obj.: 40.5
2020-06-30 13:13:50,634 - TOPOPT - INFO - Ite.: 985  Vol.: 0.172  Ch.: 0.0082  Obj.: 40.5
2020-06-30 13:13:50,803 - TOPOPT - INFO - Ite.: 986  Vol.: 0.172  Ch.: 0.0081  Obj.: 40.5
2020-06-30 13:13:50,982 - TOPOPT - INFO - Ite.: 987  Vol.: 0.172  Ch.: 0.0081  Obj.: 40.5
2020-06-30 13:13:51,141 - TOPOPT - INFO - Ite.: 988  Vol.: 0.172  Ch.: 0.0081  Obj.: 40.5
2020-06-30 13:13:51,311 - TOPOPT - INFO - Ite.: 989  Vol.: 0.172  Ch.: 0.0082  Obj.: 40.5
2020-06-30 13:13:51,485 - TOPOPT - INFO - Ite.: 990  Vol.: 0.172  Ch.: 0.0081  Obj.: 40.5
2020-06-30 13:13:51,663 - TOPOPT - INFO - Ite.: 991  Vol.: 0.172  Ch.: 0.0081  Obj.: 40.5
2020-06-30 13:13:51,834 - TOPOPT - INFO - Ite.: 992  Vol.: 0.172  Ch.: 0.0081  Obj.: 40.5
2020-06-30 13:13:52,008 - TOPOPT - INFO - Ite.: 993  Vol.: 0.172  Ch.: 0.0082  Obj.: 40.5
2020-06-30 13:13:52,170 - TOPOPT - INFO - Ite.: 994  Vol.: 0.172  Ch.: 0.0081  Obj.: 40.5
2020-06-30 13:13:52,332 - TOPOPT - INFO - Ite.: 995  Vol.: 0.172  Ch.: 0.0081  Obj.: 40.5
2020-06-30 13:13:52,502 - TOPOPT - INFO - Ite.: 996  Vol.: 0.172  Ch.: 0.0081  Obj.: 40.5
2020-06-30 13:13:52,683 - TOPOPT - INFO - Ite.: 997  Vol.: 0.172  Ch.: 0.0082  Obj.: 40.5
2020-06-30 13:13:52,844 - TOPOPT - INFO - Ite.: 998  Vol.: 0.172  Ch.: 0.0081  Obj.: 40.5
2020-06-30 13:13:53,012 - TOPOPT - INFO - Ite.: 999  Vol.: 0.172  Ch.: 0.0081  Obj.: 40.5
2020-06-30 13:13:53,187 - TOPOPT - INFO - Ite.: 1000  Vol.: 0.172  Ch.: 0.0081  Obj.: 40.5
2020-06-30 13:13:53,208 - TOPOPT - INFO - Ite.: 1001  Maximum number of iterations reached

2020-06-30 13:13:53,209 - TOPOPT - INFO - FINAL OBJECTIVE FUNCTION VALUE     :   643351046.7739028

2020-06-30 13:13:53,210 - TOPOPT - INFO - Black and white filtering data for different threshold values
2020-06-30 13:13:53,383 - TOPOPT - INFO - Threshold value            :   0.1
2020-06-30 13:13:53,384 - TOPOPT - INFO - Volume fraction            :   0.19397217620429727
2020-06-30 13:13:53,385 - TOPOPT - INFO - Objective function value   :   595339525.2887677

2020-06-30 13:13:53,507 - TOPOPT - INFO - Threshold value            :   0.2
2020-06-30 13:13:53,508 - TOPOPT - INFO - Volume fraction            :   0.18903361113966588
2020-06-30 13:13:53,510 - TOPOPT - INFO - Objective function value   :   698517810052.5376

2020-06-30 13:13:53,687 - TOPOPT - INFO - Threshold value            :   0.3
2020-06-30 13:13:53,688 - TOPOPT - INFO - Volume fraction            :   0.18758713892156634
2020-06-30 13:13:53,689 - TOPOPT - INFO - Objective function value   :   822086154505.5032

2020-06-30 13:13:53,870 - TOPOPT - INFO - Threshold value            :   0.4
2020-06-30 13:13:53,870 - TOPOPT - INFO - Volume fraction            :   0.1840950460750345
2020-06-30 13:13:53,871 - TOPOPT - INFO - Objective function value   :   8618807563773.793

2020-06-30 13:13:54,050 - TOPOPT - INFO - Threshold value            :   0.5
2020-06-30 13:13:54,051 - TOPOPT - INFO - Volume fraction            :   0.17613944887548696
2020-06-30 13:13:54,052 - TOPOPT - INFO - Objective function value   :   245112705766327.06

2020-06-30 13:13:54,214 - TOPOPT - INFO - Threshold value            :   0.6
2020-06-30 13:13:54,214 - TOPOPT - INFO - Volume fraction            :   0.168979776675974
2020-06-30 13:13:54,215 - TOPOPT - INFO - Objective function value   :   245113450030474.4

2020-06-30 13:13:54,331 - TOPOPT - INFO - Threshold value            :   0.7
2020-06-30 13:13:54,331 - TOPOPT - INFO - Volume fraction            :   0.1620003446038415
2020-06-30 13:13:54,332 - TOPOPT - INFO - Objective function value   :   299533848283239.4

2020-06-30 13:13:54,453 - TOPOPT - INFO - Threshold value            :   0.8
2020-06-30 13:13:54,453 - TOPOPT - INFO - Volume fraction            :   0.15591488152627694
2020-06-30 13:13:54,454 - TOPOPT - INFO - Objective function value   :   1281798492076230.8

2020-06-30 13:13:54,586 - TOPOPT - INFO - Threshold value            :   0.9
2020-06-30 13:13:54,587 - TOPOPT - INFO - Volume fraction            :   0.14273654371948905
2020-06-30 13:13:54,588 - TOPOPT - INFO - Objective function value   :   1500084861961896.0

2020-06-30 13:13:54,590 - TOPOPT - INFO - OPTIMIZATION FINISHED IN 1212 SEC. /// 20 MIN.

2020-06-30 13:13:54,591 - TOPOPT - INFO - END OF THE MAIN PROGRAM

2020-06-30 13:13:54,591 - TOPOPT - INFO - YOU CAN CLOSE THIS WINDOW AND CONTINUE IN GRASSHOPPER
