2019-01-24 16:44:38,780 - TOPOPT_UNMASKED - INFO - START OF THE MAIN PROGRAM

2019-01-24 16:44:40,092 - TOPOPT_UNMASKED - INFO - Number of finite elements                  :   135350
2019-01-24 16:44:40,092 - TOPOPT_UNMASKED - INFO - Number of nodes                            :   30351
2019-01-24 16:44:40,092 - TOPOPT_UNMASKED - INFO - Total degrees of freedom                   :   91053
2019-01-24 16:44:40,094 - TOPOPT_UNMASKED - INFO - Number of free degrees of freedom          :   60699
2019-01-24 16:44:40,094 - TOPOPT_UNMASKED - INFO - Algoritmn for finding design variables x   :   OC
2019-01-24 16:44:40,094 - TOPOPT_UNMASKED - INFO - Volume fraction                            :   0.2601788053
2019-01-24 16:44:40,095 - TOPOPT_UNMASKED - INFO - Penalty factor                             :   3.0
2019-01-24 16:44:40,095 - TOPOPT_UNMASKED - INFO - Continuation step                          :   False
2019-01-24 16:44:40,095 - TOPOPT_UNMASKED - INFO - Filter length                              :   4.0
2019-01-24 16:44:40,095 - TOPOPT_UNMASKED - INFO - Filter approach                            :   SENS
2019-01-24 16:44:40,095 - TOPOPT_UNMASKED - INFO - Maximum number of iterations               :   1000.0
2019-01-24 16:44:40,095 - TOPOPT_UNMASKED - INFO - Tolerance (max. density change)            :   0.001
2019-01-24 16:44:40,095 - TOPOPT_UNMASKED - INFO - Maximum Young's modulus (if x_i=1)         :   1.0
2019-01-24 16:44:40,095 - TOPOPT_UNMASKED - INFO - Minimum Young's modulus (if x_i=0)         :   1e-09

2019-01-24 16:44:41,892 - TOPOPT_UNMASKED - INFO - Scaling factor for objective function f0   :   0.844
2019-01-24 16:44:41,894 - TOPOPT_UNMASKED - INFO - Scaling factor for constraint function f1  :   135350.000

2019-01-24 16:45:06,096 - TOPOPT_UNMASKED - INFO - Ite.: 000  Vol.: 0.260  Ch.: 0.0000  Obj.: 1107.9
2019-01-24 16:45:07,950 - TOPOPT_UNMASKED - INFO - Ite.: 001  Vol.: 0.260  Ch.: 0.2000  Obj.: 276.5
2019-01-24 16:45:09,648 - TOPOPT_UNMASKED - INFO - Ite.: 002  Vol.: 0.260  Ch.: 0.2000  Obj.: 101.2
2019-01-24 16:45:11,213 - TOPOPT_UNMASKED - INFO - Ite.: 003  Vol.: 0.260  Ch.: 0.2000  Obj.: 49.7
2019-01-24 16:45:12,844 - TOPOPT_UNMASKED - INFO - Ite.: 004  Vol.: 0.260  Ch.: 0.2000  Obj.: 32.7
2019-01-24 16:45:14,453 - TOPOPT_UNMASKED - INFO - Ite.: 005  Vol.: 0.260  Ch.: 0.2000  Obj.: 29.9
2019-01-24 16:45:16,167 - TOPOPT_UNMASKED - INFO - Ite.: 006  Vol.: 0.260  Ch.: 0.2000  Obj.: 28.8
2019-01-24 16:45:17,760 - TOPOPT_UNMASKED - INFO - Ite.: 007  Vol.: 0.260  Ch.: 0.2000  Obj.: 28.2
2019-01-24 16:45:19,407 - TOPOPT_UNMASKED - INFO - Ite.: 008  Vol.: 0.260  Ch.: 0.2000  Obj.: 27.8
2019-01-24 16:45:21,138 - TOPOPT_UNMASKED - INFO - Ite.: 009  Vol.: 0.260  Ch.: 0.2000  Obj.: 27.6
2019-01-24 16:45:22,805 - TOPOPT_UNMASKED - INFO - Ite.: 010  Vol.: 0.260  Ch.: 0.2000  Obj.: 27.4
2019-01-24 16:45:24,512 - TOPOPT_UNMASKED - INFO - Ite.: 011  Vol.: 0.260  Ch.: 0.2000  Obj.: 27.2
2019-01-24 16:45:26,092 - TOPOPT_UNMASKED - INFO - Ite.: 012  Vol.: 0.260  Ch.: 0.2000  Obj.: 27.1
2019-01-24 16:45:27,828 - TOPOPT_UNMASKED - INFO - Ite.: 013  Vol.: 0.260  Ch.: 0.2000  Obj.: 27.0
2019-01-24 16:45:29,476 - TOPOPT_UNMASKED - INFO - Ite.: 014  Vol.: 0.260  Ch.: 0.2000  Obj.: 26.9
2019-01-24 16:45:31,145 - TOPOPT_UNMASKED - INFO - Ite.: 015  Vol.: 0.260  Ch.: 0.2000  Obj.: 26.9
2019-01-24 16:45:32,776 - TOPOPT_UNMASKED - INFO - Ite.: 016  Vol.: 0.260  Ch.: 0.2000  Obj.: 26.8
2019-01-24 16:45:34,296 - TOPOPT_UNMASKED - INFO - Ite.: 017  Vol.: 0.260  Ch.: 0.2000  Obj.: 26.8
2019-01-24 16:45:35,802 - TOPOPT_UNMASKED - INFO - Ite.: 018  Vol.: 0.260  Ch.: 0.2000  Obj.: 26.8
2019-01-24 16:45:37,368 - TOPOPT_UNMASKED - INFO - Ite.: 019  Vol.: 0.260  Ch.: 0.2000  Obj.: 26.8
2019-01-24 16:45:38,941 - TOPOPT_UNMASKED - INFO - Ite.: 020  Vol.: 0.260  Ch.: 0.2000  Obj.: 26.8
2019-01-24 16:45:40,551 - TOPOPT_UNMASKED - INFO - Ite.: 021  Vol.: 0.260  Ch.: 0.2000  Obj.: 26.7
2019-01-24 16:45:42,249 - TOPOPT_UNMASKED - INFO - Ite.: 022  Vol.: 0.260  Ch.: 0.2000  Obj.: 26.7
2019-01-24 16:45:43,838 - TOPOPT_UNMASKED - INFO - Ite.: 023  Vol.: 0.260  Ch.: 0.2000  Obj.: 26.7
2019-01-24 16:45:45,427 - TOPOPT_UNMASKED - INFO - Ite.: 024  Vol.: 0.260  Ch.: 0.2000  Obj.: 26.7
2019-01-24 16:45:47,196 - TOPOPT_UNMASKED - INFO - Ite.: 025  Vol.: 0.260  Ch.: 0.2000  Obj.: 26.7
2019-01-24 16:45:48,838 - TOPOPT_UNMASKED - INFO - Ite.: 026  Vol.: 0.260  Ch.: 0.2000  Obj.: 26.7
2019-01-24 16:45:50,460 - TOPOPT_UNMASKED - INFO - Ite.: 027  Vol.: 0.260  Ch.: 0.2000  Obj.: 26.7
2019-01-24 16:45:52,207 - TOPOPT_UNMASKED - INFO - Ite.: 028  Vol.: 0.260  Ch.: 0.2000  Obj.: 26.7
2019-01-24 16:45:53,799 - TOPOPT_UNMASKED - INFO - Ite.: 029  Vol.: 0.260  Ch.: 0.2000  Obj.: 26.7
2019-01-24 16:45:55,558 - TOPOPT_UNMASKED - INFO - Ite.: 030  Vol.: 0.260  Ch.: 0.1890  Obj.: 26.7
2019-01-24 16:45:57,207 - TOPOPT_UNMASKED - INFO - Ite.: 031  Vol.: 0.260  Ch.: 0.2000  Obj.: 26.7
2019-01-24 16:45:58,907 - TOPOPT_UNMASKED - INFO - Ite.: 032  Vol.: 0.260  Ch.: 0.2000  Obj.: 26.7
2019-01-24 16:46:00,566 - TOPOPT_UNMASKED - INFO - Ite.: 033  Vol.: 0.260  Ch.: 0.2000  Obj.: 26.7
2019-01-24 16:46:02,147 - TOPOPT_UNMASKED - INFO - Ite.: 034  Vol.: 0.260  Ch.: 0.2000  Obj.: 26.7
2019-01-24 16:46:03,726 - TOPOPT_UNMASKED - INFO - Ite.: 035  Vol.: 0.260  Ch.: 0.1714  Obj.: 26.7
2019-01-24 16:46:05,279 - TOPOPT_UNMASKED - INFO - Ite.: 036  Vol.: 0.260  Ch.: 0.1652  Obj.: 26.7
2019-01-24 16:46:06,789 - TOPOPT_UNMASKED - INFO - Ite.: 037  Vol.: 0.260  Ch.: 0.1619  Obj.: 26.7
2019-01-24 16:46:08,323 - TOPOPT_UNMASKED - INFO - Ite.: 038  Vol.: 0.260  Ch.: 0.1600  Obj.: 26.7
2019-01-24 16:46:09,894 - TOPOPT_UNMASKED - INFO - Ite.: 039  Vol.: 0.260  Ch.: 0.1528  Obj.: 26.6
2019-01-24 16:46:11,529 - TOPOPT_UNMASKED - INFO - Ite.: 040  Vol.: 0.260  Ch.: 0.1158  Obj.: 26.6
2019-01-24 16:46:13,135 - TOPOPT_UNMASKED - INFO - Ite.: 041  Vol.: 0.260  Ch.: 0.1147  Obj.: 26.6
2019-01-24 16:46:14,776 - TOPOPT_UNMASKED - INFO - Ite.: 042  Vol.: 0.260  Ch.: 0.1820  Obj.: 26.6
2019-01-24 16:46:16,401 - TOPOPT_UNMASKED - INFO - Ite.: 043  Vol.: 0.260  Ch.: 0.2000  Obj.: 26.6
2019-01-24 16:46:18,188 - TOPOPT_UNMASKED - INFO - Ite.: 044  Vol.: 0.260  Ch.: 0.2000  Obj.: 26.6
2019-01-24 16:46:19,815 - TOPOPT_UNMASKED - INFO - Ite.: 045  Vol.: 0.260  Ch.: 0.2000  Obj.: 26.6
2019-01-24 16:46:21,506 - TOPOPT_UNMASKED - INFO - Ite.: 046  Vol.: 0.260  Ch.: 0.2000  Obj.: 26.6
2019-01-24 16:46:23,161 - TOPOPT_UNMASKED - INFO - Ite.: 047  Vol.: 0.260  Ch.: 0.2000  Obj.: 26.6
2019-01-24 16:46:24,782 - TOPOPT_UNMASKED - INFO - Ite.: 048  Vol.: 0.260  Ch.: 0.2000  Obj.: 26.6
2019-01-24 16:46:26,316 - TOPOPT_UNMASKED - INFO - Ite.: 049  Vol.: 0.260  Ch.: 0.2000  Obj.: 26.6
2019-01-24 16:46:27,880 - TOPOPT_UNMASKED - INFO - Ite.: 050  Vol.: 0.260  Ch.: 0.2000  Obj.: 26.6
2019-01-24 16:46:29,581 - TOPOPT_UNMASKED - INFO - Ite.: 051  Vol.: 0.260  Ch.: 0.2000  Obj.: 26.6
2019-01-24 16:46:31,263 - TOPOPT_UNMASKED - INFO - Ite.: 052  Vol.: 0.260  Ch.: 0.2000  Obj.: 26.6
2019-01-24 16:46:32,904 - TOPOPT_UNMASKED - INFO - Ite.: 053  Vol.: 0.260  Ch.: 0.1485  Obj.: 26.6
2019-01-24 16:46:34,530 - TOPOPT_UNMASKED - INFO - Ite.: 054  Vol.: 0.260  Ch.: 0.1114  Obj.: 26.6
2019-01-24 16:46:36,066 - TOPOPT_UNMASKED - INFO - Ite.: 055  Vol.: 0.260  Ch.: 0.2000  Obj.: 26.6
2019-01-24 16:46:37,780 - TOPOPT_UNMASKED - INFO - Ite.: 056  Vol.: 0.260  Ch.: 0.2000  Obj.: 26.6
2019-01-24 16:46:39,384 - TOPOPT_UNMASKED - INFO - Ite.: 057  Vol.: 0.260  Ch.: 0.2000  Obj.: 26.6
2019-01-24 16:46:40,970 - TOPOPT_UNMASKED - INFO - Ite.: 058  Vol.: 0.260  Ch.: 0.1330  Obj.: 26.6
2019-01-24 16:46:42,538 - TOPOPT_UNMASKED - INFO - Ite.: 059  Vol.: 0.260  Ch.: 0.0887  Obj.: 26.6
2019-01-24 16:46:44,203 - TOPOPT_UNMASKED - INFO - Ite.: 060  Vol.: 0.260  Ch.: 0.0721  Obj.: 26.6
2019-01-24 16:46:45,776 - TOPOPT_UNMASKED - INFO - Ite.: 061  Vol.: 0.260  Ch.: 0.0935  Obj.: 26.6
2019-01-24 16:46:47,361 - TOPOPT_UNMASKED - INFO - Ite.: 062  Vol.: 0.260  Ch.: 0.0851  Obj.: 26.6
2019-01-24 16:46:49,053 - TOPOPT_UNMASKED - INFO - Ite.: 063  Vol.: 0.260  Ch.: 0.1009  Obj.: 26.6
2019-01-24 16:46:50,736 - TOPOPT_UNMASKED - INFO - Ite.: 064  Vol.: 0.260  Ch.: 0.1189  Obj.: 26.6
2019-01-24 16:46:52,334 - TOPOPT_UNMASKED - INFO - Ite.: 065  Vol.: 0.260  Ch.: 0.1392  Obj.: 26.6
2019-01-24 16:46:54,164 - TOPOPT_UNMASKED - INFO - Ite.: 066  Vol.: 0.260  Ch.: 0.1490  Obj.: 26.6
2019-01-24 16:46:55,822 - TOPOPT_UNMASKED - INFO - Ite.: 067  Vol.: 0.260  Ch.: 0.1500  Obj.: 26.6
2019-01-24 16:46:57,469 - TOPOPT_UNMASKED - INFO - Ite.: 068  Vol.: 0.260  Ch.: 0.1592  Obj.: 26.6
2019-01-24 16:46:59,084 - TOPOPT_UNMASKED - INFO - Ite.: 069  Vol.: 0.260  Ch.: 0.1791  Obj.: 26.6
2019-01-24 16:47:00,648 - TOPOPT_UNMASKED - INFO - Ite.: 070  Vol.: 0.260  Ch.: 0.1780  Obj.: 26.6
2019-01-24 16:47:02,233 - TOPOPT_UNMASKED - INFO - Ite.: 071  Vol.: 0.260  Ch.: 0.0854  Obj.: 26.6
2019-01-24 16:47:03,786 - TOPOPT_UNMASKED - INFO - Ite.: 072  Vol.: 0.260  Ch.: 0.1013  Obj.: 26.6
2019-01-24 16:47:05,348 - TOPOPT_UNMASKED - INFO - Ite.: 073  Vol.: 0.260  Ch.: 0.0820  Obj.: 26.6
2019-01-24 16:47:06,927 - TOPOPT_UNMASKED - INFO - Ite.: 074  Vol.: 0.260  Ch.: 0.1045  Obj.: 26.6
2019-01-24 16:47:08,459 - TOPOPT_UNMASKED - INFO - Ite.: 075  Vol.: 0.260  Ch.: 0.1772  Obj.: 26.6
2019-01-24 16:47:09,980 - TOPOPT_UNMASKED - INFO - Ite.: 076  Vol.: 0.260  Ch.: 0.2000  Obj.: 26.6
2019-01-24 16:47:11,509 - TOPOPT_UNMASKED - INFO - Ite.: 077  Vol.: 0.260  Ch.: 0.2000  Obj.: 26.6
2019-01-24 16:47:13,059 - TOPOPT_UNMASKED - INFO - Ite.: 078  Vol.: 0.260  Ch.: 0.2000  Obj.: 26.6
2019-01-24 16:47:14,635 - TOPOPT_UNMASKED - INFO - Ite.: 079  Vol.: 0.260  Ch.: 0.1160  Obj.: 26.6
2019-01-24 16:47:16,259 - TOPOPT_UNMASKED - INFO - Ite.: 080  Vol.: 0.260  Ch.: 0.0704  Obj.: 26.6
2019-01-24 16:47:17,851 - TOPOPT_UNMASKED - INFO - Ite.: 081  Vol.: 0.260  Ch.: 0.1332  Obj.: 26.6
2019-01-24 16:47:19,461 - TOPOPT_UNMASKED - INFO - Ite.: 082  Vol.: 0.260  Ch.: 0.2000  Obj.: 26.6
2019-01-24 16:47:21,118 - TOPOPT_UNMASKED - INFO - Ite.: 083  Vol.: 0.260  Ch.: 0.1871  Obj.: 26.6
2019-01-24 16:47:22,710 - TOPOPT_UNMASKED - INFO - Ite.: 084  Vol.: 0.260  Ch.: 0.1895  Obj.: 26.6
2019-01-24 16:47:24,375 - TOPOPT_UNMASKED - INFO - Ite.: 085  Vol.: 0.260  Ch.: 0.1499  Obj.: 26.6
2019-01-24 16:47:25,960 - TOPOPT_UNMASKED - INFO - Ite.: 086  Vol.: 0.260  Ch.: 0.2000  Obj.: 26.6
2019-01-24 16:47:27,611 - TOPOPT_UNMASKED - INFO - Ite.: 087  Vol.: 0.260  Ch.: 0.2000  Obj.: 26.6
2019-01-24 16:47:29,210 - TOPOPT_UNMASKED - INFO - Ite.: 088  Vol.: 0.260  Ch.: 0.2000  Obj.: 26.6
2019-01-24 16:47:30,795 - TOPOPT_UNMASKED - INFO - Ite.: 089  Vol.: 0.260  Ch.: 0.2000  Obj.: 26.6
2019-01-24 16:47:32,493 - TOPOPT_UNMASKED - INFO - Ite.: 090  Vol.: 0.260  Ch.: 0.2000  Obj.: 26.6
2019-01-24 16:47:34,043 - TOPOPT_UNMASKED - INFO - Ite.: 091  Vol.: 0.260  Ch.: 0.1176  Obj.: 26.6
2019-01-24 16:47:35,697 - TOPOPT_UNMASKED - INFO - Ite.: 092  Vol.: 0.260  Ch.: 0.1213  Obj.: 26.6
2019-01-24 16:47:37,306 - TOPOPT_UNMASKED - INFO - Ite.: 093  Vol.: 0.260  Ch.: 0.1513  Obj.: 26.6
2019-01-24 16:47:38,880 - TOPOPT_UNMASKED - INFO - Ite.: 094  Vol.: 0.260  Ch.: 0.1568  Obj.: 26.6
2019-01-24 16:47:40,479 - TOPOPT_UNMASKED - INFO - Ite.: 095  Vol.: 0.260  Ch.: 0.1331  Obj.: 26.6
2019-01-24 16:47:42,059 - TOPOPT_UNMASKED - INFO - Ite.: 096  Vol.: 0.260  Ch.: 0.0736  Obj.: 26.6
2019-01-24 16:47:43,651 - TOPOPT_UNMASKED - INFO - Ite.: 097  Vol.: 0.260  Ch.: 0.0753  Obj.: 26.6
2019-01-24 16:47:45,186 - TOPOPT_UNMASKED - INFO - Ite.: 098  Vol.: 0.260  Ch.: 0.0767  Obj.: 26.6
2019-01-24 16:47:46,796 - TOPOPT_UNMASKED - INFO - Ite.: 099  Vol.: 0.260  Ch.: 0.0915  Obj.: 26.6
2019-01-24 16:47:48,427 - TOPOPT_UNMASKED - INFO - Ite.: 100  Vol.: 0.260  Ch.: 0.1089  Obj.: 26.6
2019-01-24 16:47:50,078 - TOPOPT_UNMASKED - INFO - Ite.: 101  Vol.: 0.260  Ch.: 0.1679  Obj.: 26.6
2019-01-24 16:47:51,752 - TOPOPT_UNMASKED - INFO - Ite.: 102  Vol.: 0.260  Ch.: 0.2000  Obj.: 26.6
2019-01-24 16:47:53,469 - TOPOPT_UNMASKED - INFO - Ite.: 103  Vol.: 0.260  Ch.: 0.1867  Obj.: 26.6
2019-01-24 16:47:55,233 - TOPOPT_UNMASKED - INFO - Ite.: 104  Vol.: 0.260  Ch.: 0.1236  Obj.: 26.6
2019-01-24 16:47:56,947 - TOPOPT_UNMASKED - INFO - Ite.: 105  Vol.: 0.260  Ch.: 0.0782  Obj.: 26.6
2019-01-24 16:47:58,657 - TOPOPT_UNMASKED - INFO - Ite.: 106  Vol.: 0.260  Ch.: 0.0985  Obj.: 26.6
2019-01-24 16:48:00,378 - TOPOPT_UNMASKED - INFO - Ite.: 107  Vol.: 0.260  Ch.: 0.1129  Obj.: 26.6
2019-01-24 16:48:01,997 - TOPOPT_UNMASKED - INFO - Ite.: 108  Vol.: 0.260  Ch.: 0.1038  Obj.: 26.6
2019-01-24 16:48:03,802 - TOPOPT_UNMASKED - INFO - Ite.: 109  Vol.: 0.260  Ch.: 0.1063  Obj.: 26.6
2019-01-24 16:48:05,607 - TOPOPT_UNMASKED - INFO - Ite.: 110  Vol.: 0.260  Ch.: 0.1074  Obj.: 26.6
2019-01-24 16:48:07,358 - TOPOPT_UNMASKED - INFO - Ite.: 111  Vol.: 0.260  Ch.: 0.1111  Obj.: 26.6
2019-01-24 16:48:09,056 - TOPOPT_UNMASKED - INFO - Ite.: 112  Vol.: 0.260  Ch.: 0.1176  Obj.: 26.6
2019-01-24 16:48:10,710 - TOPOPT_UNMASKED - INFO - Ite.: 113  Vol.: 0.260  Ch.: 0.0965  Obj.: 26.6
2019-01-24 16:48:12,290 - TOPOPT_UNMASKED - INFO - Ite.: 114  Vol.: 0.260  Ch.: 0.2000  Obj.: 26.6
2019-01-24 16:48:13,904 - TOPOPT_UNMASKED - INFO - Ite.: 115  Vol.: 0.260  Ch.: 0.2000  Obj.: 26.6
2019-01-24 16:48:15,530 - TOPOPT_UNMASKED - INFO - Ite.: 116  Vol.: 0.260  Ch.: 0.2000  Obj.: 26.6
2019-01-24 16:48:17,217 - TOPOPT_UNMASKED - INFO - Ite.: 117  Vol.: 0.260  Ch.: 0.2000  Obj.: 26.6
2019-01-24 16:48:18,826 - TOPOPT_UNMASKED - INFO - Ite.: 118  Vol.: 0.260  Ch.: 0.1944  Obj.: 26.6
2019-01-24 16:48:20,400 - TOPOPT_UNMASKED - INFO - Ite.: 119  Vol.: 0.260  Ch.: 0.2000  Obj.: 26.6
2019-01-24 16:48:22,079 - TOPOPT_UNMASKED - INFO - Ite.: 120  Vol.: 0.260  Ch.: 0.2000  Obj.: 26.6
2019-01-24 16:48:23,737 - TOPOPT_UNMASKED - INFO - Ite.: 121  Vol.: 0.260  Ch.: 0.2000  Obj.: 26.6
2019-01-24 16:48:25,334 - TOPOPT_UNMASKED - INFO - Ite.: 122  Vol.: 0.260  Ch.: 0.0730  Obj.: 26.6
2019-01-24 16:48:27,026 - TOPOPT_UNMASKED - INFO - Ite.: 123  Vol.: 0.260  Ch.: 0.0661  Obj.: 26.6
2019-01-24 16:48:28,621 - TOPOPT_UNMASKED - INFO - Ite.: 124  Vol.: 0.260  Ch.: 0.1009  Obj.: 26.6
2019-01-24 16:48:30,190 - TOPOPT_UNMASKED - INFO - Ite.: 125  Vol.: 0.260  Ch.: 0.0942  Obj.: 26.6
2019-01-24 16:48:31,763 - TOPOPT_UNMASKED - INFO - Ite.: 126  Vol.: 0.260  Ch.: 0.0717  Obj.: 26.6
2019-01-24 16:48:33,325 - TOPOPT_UNMASKED - INFO - Ite.: 127  Vol.: 0.260  Ch.: 0.0921  Obj.: 26.6
2019-01-24 16:48:34,937 - TOPOPT_UNMASKED - INFO - Ite.: 128  Vol.: 0.260  Ch.: 0.1459  Obj.: 26.6
2019-01-24 16:48:36,631 - TOPOPT_UNMASKED - INFO - Ite.: 129  Vol.: 0.260  Ch.: 0.2000  Obj.: 26.6
2019-01-24 16:48:38,252 - TOPOPT_UNMASKED - INFO - Ite.: 130  Vol.: 0.260  Ch.: 0.2000  Obj.: 26.6
2019-01-24 16:48:39,871 - TOPOPT_UNMASKED - INFO - Ite.: 131  Vol.: 0.260  Ch.: 0.1051  Obj.: 26.6
2019-01-24 16:48:41,657 - TOPOPT_UNMASKED - INFO - Ite.: 132  Vol.: 0.260  Ch.: 0.0895  Obj.: 26.6
2019-01-24 16:48:43,256 - TOPOPT_UNMASKED - INFO - Ite.: 133  Vol.: 0.260  Ch.: 0.1967  Obj.: 26.6
2019-01-24 16:48:44,851 - TOPOPT_UNMASKED - INFO - Ite.: 134  Vol.: 0.260  Ch.: 0.2000  Obj.: 26.6
2019-01-24 16:48:46,466 - TOPOPT_UNMASKED - INFO - Ite.: 135  Vol.: 0.260  Ch.: 0.2000  Obj.: 26.6
2019-01-24 16:48:48,101 - TOPOPT_UNMASKED - INFO - Ite.: 136  Vol.: 0.260  Ch.: 0.1774  Obj.: 26.6
2019-01-24 16:48:49,744 - TOPOPT_UNMASKED - INFO - Ite.: 137  Vol.: 0.260  Ch.: 0.1101  Obj.: 26.6
2019-01-24 16:48:51,345 - TOPOPT_UNMASKED - INFO - Ite.: 138  Vol.: 0.260  Ch.: 0.0939  Obj.: 26.6
2019-01-24 16:48:53,056 - TOPOPT_UNMASKED - INFO - Ite.: 139  Vol.: 0.260  Ch.: 0.1282  Obj.: 26.6
2019-01-24 16:48:54,665 - TOPOPT_UNMASKED - INFO - Ite.: 140  Vol.: 0.260  Ch.: 0.1369  Obj.: 26.6
2019-01-24 16:48:56,348 - TOPOPT_UNMASKED - INFO - Ite.: 141  Vol.: 0.260  Ch.: 0.1308  Obj.: 26.6
2019-01-24 16:48:57,964 - TOPOPT_UNMASKED - INFO - Ite.: 142  Vol.: 0.260  Ch.: 0.1197  Obj.: 26.6
2019-01-24 16:48:59,599 - TOPOPT_UNMASKED - INFO - Ite.: 143  Vol.: 0.260  Ch.: 0.0895  Obj.: 26.6
2019-01-24 16:49:01,214 - TOPOPT_UNMASKED - INFO - Ite.: 144  Vol.: 0.260  Ch.: 0.0925  Obj.: 26.6
2019-01-24 16:49:02,796 - TOPOPT_UNMASKED - INFO - Ite.: 145  Vol.: 0.260  Ch.: 0.0868  Obj.: 26.6
2019-01-24 16:49:04,403 - TOPOPT_UNMASKED - INFO - Ite.: 146  Vol.: 0.260  Ch.: 0.0960  Obj.: 26.6
2019-01-24 16:49:06,072 - TOPOPT_UNMASKED - INFO - Ite.: 147  Vol.: 0.260  Ch.: 0.0933  Obj.: 26.6
2019-01-24 16:49:07,657 - TOPOPT_UNMASKED - INFO - Ite.: 148  Vol.: 0.260  Ch.: 0.0858  Obj.: 26.6
2019-01-24 16:49:09,224 - TOPOPT_UNMASKED - INFO - Ite.: 149  Vol.: 0.260  Ch.: 0.1053  Obj.: 26.6
2019-01-24 16:49:10,815 - TOPOPT_UNMASKED - INFO - Ite.: 150  Vol.: 0.260  Ch.: 0.1177  Obj.: 26.6
2019-01-24 16:49:12,441 - TOPOPT_UNMASKED - INFO - Ite.: 151  Vol.: 0.260  Ch.: 0.1844  Obj.: 26.6
2019-01-24 16:49:14,049 - TOPOPT_UNMASKED - INFO - Ite.: 152  Vol.: 0.260  Ch.: 0.1763  Obj.: 26.6
2019-01-24 16:49:15,642 - TOPOPT_UNMASKED - INFO - Ite.: 153  Vol.: 0.260  Ch.: 0.1312  Obj.: 26.6
2019-01-24 16:49:17,272 - TOPOPT_UNMASKED - INFO - Ite.: 154  Vol.: 0.260  Ch.: 0.1175  Obj.: 26.6
2019-01-24 16:49:18,891 - TOPOPT_UNMASKED - INFO - Ite.: 155  Vol.: 0.260  Ch.: 0.0798  Obj.: 26.6
2019-01-24 16:49:20,525 - TOPOPT_UNMASKED - INFO - Ite.: 156  Vol.: 0.260  Ch.: 0.0650  Obj.: 26.6
2019-01-24 16:49:22,161 - TOPOPT_UNMASKED - INFO - Ite.: 157  Vol.: 0.260  Ch.: 0.0923  Obj.: 26.6
2019-01-24 16:49:23,779 - TOPOPT_UNMASKED - INFO - Ite.: 158  Vol.: 0.260  Ch.: 0.1482  Obj.: 26.6
2019-01-24 16:49:25,487 - TOPOPT_UNMASKED - INFO - Ite.: 159  Vol.: 0.260  Ch.: 0.1357  Obj.: 26.6
2019-01-24 16:49:27,188 - TOPOPT_UNMASKED - INFO - Ite.: 160  Vol.: 0.260  Ch.: 0.0923  Obj.: 26.6
2019-01-24 16:49:28,799 - TOPOPT_UNMASKED - INFO - Ite.: 161  Vol.: 0.260  Ch.: 0.0659  Obj.: 26.6
2019-01-24 16:49:30,421 - TOPOPT_UNMASKED - INFO - Ite.: 162  Vol.: 0.260  Ch.: 0.0739  Obj.: 26.6
2019-01-24 16:49:32,007 - TOPOPT_UNMASKED - INFO - Ite.: 163  Vol.: 0.260  Ch.: 0.0963  Obj.: 26.6
2019-01-24 16:49:33,607 - TOPOPT_UNMASKED - INFO - Ite.: 164  Vol.: 0.260  Ch.: 0.1107  Obj.: 26.6
2019-01-24 16:49:35,362 - TOPOPT_UNMASKED - INFO - Ite.: 165  Vol.: 0.260  Ch.: 0.1012  Obj.: 26.6
2019-01-24 16:49:37,066 - TOPOPT_UNMASKED - INFO - Ite.: 166  Vol.: 0.260  Ch.: 0.0919  Obj.: 26.6
2019-01-24 16:49:38,806 - TOPOPT_UNMASKED - INFO - Ite.: 167  Vol.: 0.260  Ch.: 0.0744  Obj.: 26.6
2019-01-24 16:49:40,460 - TOPOPT_UNMASKED - INFO - Ite.: 168  Vol.: 0.260  Ch.: 0.0589  Obj.: 26.6
2019-01-24 16:49:42,043 - TOPOPT_UNMASKED - INFO - Ite.: 169  Vol.: 0.260  Ch.: 0.0560  Obj.: 26.6
2019-01-24 16:49:43,680 - TOPOPT_UNMASKED - INFO - Ite.: 170  Vol.: 0.260  Ch.: 0.0393  Obj.: 26.6
2019-01-24 16:49:45,362 - TOPOPT_UNMASKED - INFO - Ite.: 171  Vol.: 0.260  Ch.: 0.0238  Obj.: 26.6
2019-01-24 16:49:47,003 - TOPOPT_UNMASKED - INFO - Ite.: 172  Vol.: 0.260  Ch.: 0.0159  Obj.: 26.6
2019-01-24 16:49:48,644 - TOPOPT_UNMASKED - INFO - Ite.: 173  Vol.: 0.260  Ch.: 0.0153  Obj.: 26.6
2019-01-24 16:49:50,289 - TOPOPT_UNMASKED - INFO - Ite.: 174  Vol.: 0.260  Ch.: 0.0183  Obj.: 26.6
2019-01-24 16:49:51,910 - TOPOPT_UNMASKED - INFO - Ite.: 175  Vol.: 0.260  Ch.: 0.0283  Obj.: 26.6
2019-01-24 16:49:53,548 - TOPOPT_UNMASKED - INFO - Ite.: 176  Vol.: 0.260  Ch.: 0.0271  Obj.: 26.6
2019-01-24 16:49:55,164 - TOPOPT_UNMASKED - INFO - Ite.: 177  Vol.: 0.260  Ch.: 0.0354  Obj.: 26.6
2019-01-24 16:49:56,838 - TOPOPT_UNMASKED - INFO - Ite.: 178  Vol.: 0.260  Ch.: 0.0549  Obj.: 26.6
2019-01-24 16:49:58,500 - TOPOPT_UNMASKED - INFO - Ite.: 179  Vol.: 0.260  Ch.: 0.0966  Obj.: 26.6
2019-01-24 16:50:00,132 - TOPOPT_UNMASKED - INFO - Ite.: 180  Vol.: 0.260  Ch.: 0.0927  Obj.: 26.6
2019-01-24 16:50:01,763 - TOPOPT_UNMASKED - INFO - Ite.: 181  Vol.: 0.260  Ch.: 0.0645  Obj.: 26.6
2019-01-24 16:50:03,394 - TOPOPT_UNMASKED - INFO - Ite.: 182  Vol.: 0.260  Ch.: 0.0726  Obj.: 26.6
2019-01-24 16:50:05,078 - TOPOPT_UNMASKED - INFO - Ite.: 183  Vol.: 0.260  Ch.: 0.0731  Obj.: 26.6
2019-01-24 16:50:06,733 - TOPOPT_UNMASKED - INFO - Ite.: 184  Vol.: 0.260  Ch.: 0.0683  Obj.: 26.6
2019-01-24 16:50:08,357 - TOPOPT_UNMASKED - INFO - Ite.: 185  Vol.: 0.260  Ch.: 0.1125  Obj.: 26.6
2019-01-24 16:50:10,026 - TOPOPT_UNMASKED - INFO - Ite.: 186  Vol.: 0.260  Ch.: 0.1043  Obj.: 26.6
2019-01-24 16:50:11,691 - TOPOPT_UNMASKED - INFO - Ite.: 187  Vol.: 0.260  Ch.: 0.0714  Obj.: 26.6
2019-01-24 16:50:13,336 - TOPOPT_UNMASKED - INFO - Ite.: 188  Vol.: 0.260  Ch.: 0.0418  Obj.: 26.6
2019-01-24 16:50:15,009 - TOPOPT_UNMASKED - INFO - Ite.: 189  Vol.: 0.260  Ch.: 0.0370  Obj.: 26.6
2019-01-24 16:50:16,647 - TOPOPT_UNMASKED - INFO - Ite.: 190  Vol.: 0.260  Ch.: 0.0331  Obj.: 26.6
2019-01-24 16:50:18,325 - TOPOPT_UNMASKED - INFO - Ite.: 191  Vol.: 0.260  Ch.: 0.0410  Obj.: 26.6
2019-01-24 16:50:19,974 - TOPOPT_UNMASKED - INFO - Ite.: 192  Vol.: 0.260  Ch.: 0.0890  Obj.: 26.6
2019-01-24 16:50:21,634 - TOPOPT_UNMASKED - INFO - Ite.: 193  Vol.: 0.260  Ch.: 0.1313  Obj.: 26.6
2019-01-24 16:50:23,316 - TOPOPT_UNMASKED - INFO - Ite.: 194  Vol.: 0.260  Ch.: 0.1148  Obj.: 26.6
2019-01-24 16:50:24,969 - TOPOPT_UNMASKED - INFO - Ite.: 195  Vol.: 0.260  Ch.: 0.0762  Obj.: 26.6
2019-01-24 16:50:26,582 - TOPOPT_UNMASKED - INFO - Ite.: 196  Vol.: 0.260  Ch.: 0.0440  Obj.: 26.6
2019-01-24 16:50:28,213 - TOPOPT_UNMASKED - INFO - Ite.: 197  Vol.: 0.260  Ch.: 0.0236  Obj.: 26.6
2019-01-24 16:50:29,885 - TOPOPT_UNMASKED - INFO - Ite.: 198  Vol.: 0.260  Ch.: 0.0272  Obj.: 26.6
2019-01-24 16:50:31,444 - TOPOPT_UNMASKED - INFO - Ite.: 199  Vol.: 0.260  Ch.: 0.0343  Obj.: 26.6
2019-01-24 16:50:33,019 - TOPOPT_UNMASKED - INFO - Ite.: 200  Vol.: 0.260  Ch.: 0.0276  Obj.: 26.6
2019-01-24 16:50:34,585 - TOPOPT_UNMASKED - INFO - Ite.: 201  Vol.: 0.260  Ch.: 0.0200  Obj.: 26.6
2019-01-24 16:50:36,167 - TOPOPT_UNMASKED - INFO - Ite.: 202  Vol.: 0.260  Ch.: 0.0223  Obj.: 26.6
2019-01-24 16:50:37,769 - TOPOPT_UNMASKED - INFO - Ite.: 203  Vol.: 0.260  Ch.: 0.0665  Obj.: 26.6
2019-01-24 16:50:39,401 - TOPOPT_UNMASKED - INFO - Ite.: 204  Vol.: 0.260  Ch.: 0.1035  Obj.: 26.6
2019-01-24 16:50:41,030 - TOPOPT_UNMASKED - INFO - Ite.: 205  Vol.: 0.260  Ch.: 0.0931  Obj.: 26.6
2019-01-24 16:50:42,670 - TOPOPT_UNMASKED - INFO - Ite.: 206  Vol.: 0.260  Ch.: 0.0628  Obj.: 26.6
2019-01-24 16:50:44,253 - TOPOPT_UNMASKED - INFO - Ite.: 207  Vol.: 0.260  Ch.: 0.0524  Obj.: 26.6
2019-01-24 16:50:45,838 - TOPOPT_UNMASKED - INFO - Ite.: 208  Vol.: 0.260  Ch.: 0.0348  Obj.: 26.6
2019-01-24 16:50:47,430 - TOPOPT_UNMASKED - INFO - Ite.: 209  Vol.: 0.260  Ch.: 0.0511  Obj.: 26.6
2019-01-24 16:50:49,013 - TOPOPT_UNMASKED - INFO - Ite.: 210  Vol.: 0.260  Ch.: 0.0527  Obj.: 26.6
2019-01-24 16:50:50,894 - TOPOPT_UNMASKED - INFO - Ite.: 211  Vol.: 0.260  Ch.: 0.0423  Obj.: 26.6
2019-01-24 16:50:52,690 - TOPOPT_UNMASKED - INFO - Ite.: 212  Vol.: 0.260  Ch.: 0.0300  Obj.: 26.6
2019-01-24 16:50:54,482 - TOPOPT_UNMASKED - INFO - Ite.: 213  Vol.: 0.260  Ch.: 0.0207  Obj.: 26.6
2019-01-24 16:50:56,243 - TOPOPT_UNMASKED - INFO - Ite.: 214  Vol.: 0.260  Ch.: 0.0181  Obj.: 26.6
2019-01-24 16:50:57,996 - TOPOPT_UNMASKED - INFO - Ite.: 215  Vol.: 0.260  Ch.: 0.0176  Obj.: 26.6
2019-01-24 16:50:59,875 - TOPOPT_UNMASKED - INFO - Ite.: 216  Vol.: 0.260  Ch.: 0.0173  Obj.: 26.6
2019-01-24 16:51:01,698 - TOPOPT_UNMASKED - INFO - Ite.: 217  Vol.: 0.260  Ch.: 0.0230  Obj.: 26.6
2019-01-24 16:51:03,517 - TOPOPT_UNMASKED - INFO - Ite.: 218  Vol.: 0.260  Ch.: 0.0251  Obj.: 26.6
2019-01-24 16:51:05,206 - TOPOPT_UNMASKED - INFO - Ite.: 219  Vol.: 0.260  Ch.: 0.0255  Obj.: 26.6
2019-01-24 16:51:06,885 - TOPOPT_UNMASKED - INFO - Ite.: 220  Vol.: 0.260  Ch.: 0.0544  Obj.: 26.6
2019-01-24 16:51:08,688 - TOPOPT_UNMASKED - INFO - Ite.: 221  Vol.: 0.260  Ch.: 0.0585  Obj.: 26.6
2019-01-24 16:51:10,403 - TOPOPT_UNMASKED - INFO - Ite.: 222  Vol.: 0.260  Ch.: 0.0457  Obj.: 26.6
2019-01-24 16:51:12,078 - TOPOPT_UNMASKED - INFO - Ite.: 223  Vol.: 0.260  Ch.: 0.0322  Obj.: 26.6
2019-01-24 16:51:13,719 - TOPOPT_UNMASKED - INFO - Ite.: 224  Vol.: 0.260  Ch.: 0.0222  Obj.: 26.6
2019-01-24 16:51:15,345 - TOPOPT_UNMASKED - INFO - Ite.: 225  Vol.: 0.260  Ch.: 0.0152  Obj.: 26.6
2019-01-24 16:51:16,963 - TOPOPT_UNMASKED - INFO - Ite.: 226  Vol.: 0.260  Ch.: 0.0129  Obj.: 26.6
2019-01-24 16:51:18,594 - TOPOPT_UNMASKED - INFO - Ite.: 227  Vol.: 0.260  Ch.: 0.0131  Obj.: 26.6
2019-01-24 16:51:20,221 - TOPOPT_UNMASKED - INFO - Ite.: 228  Vol.: 0.260  Ch.: 0.0641  Obj.: 26.6
2019-01-24 16:51:21,858 - TOPOPT_UNMASKED - INFO - Ite.: 229  Vol.: 0.260  Ch.: 0.1077  Obj.: 26.6
2019-01-24 16:51:23,427 - TOPOPT_UNMASKED - INFO - Ite.: 230  Vol.: 0.260  Ch.: 0.1070  Obj.: 26.6
2019-01-24 16:51:24,976 - TOPOPT_UNMASKED - INFO - Ite.: 231  Vol.: 0.260  Ch.: 0.0879  Obj.: 26.6
2019-01-24 16:51:26,638 - TOPOPT_UNMASKED - INFO - Ite.: 232  Vol.: 0.260  Ch.: 0.0615  Obj.: 26.6
2019-01-24 16:51:28,309 - TOPOPT_UNMASKED - INFO - Ite.: 233  Vol.: 0.260  Ch.: 0.0364  Obj.: 26.6
2019-01-24 16:51:29,960 - TOPOPT_UNMASKED - INFO - Ite.: 234  Vol.: 0.260  Ch.: 0.0196  Obj.: 26.6
2019-01-24 16:51:31,555 - TOPOPT_UNMASKED - INFO - Ite.: 235  Vol.: 0.260  Ch.: 0.0226  Obj.: 26.6
2019-01-24 16:51:33,280 - TOPOPT_UNMASKED - INFO - Ite.: 236  Vol.: 0.260  Ch.: 0.0255  Obj.: 26.6
2019-01-24 16:51:34,948 - TOPOPT_UNMASKED - INFO - Ite.: 237  Vol.: 0.260  Ch.: 0.0281  Obj.: 26.6
2019-01-24 16:51:36,588 - TOPOPT_UNMASKED - INFO - Ite.: 238  Vol.: 0.260  Ch.: 0.0299  Obj.: 26.6
2019-01-24 16:51:38,138 - TOPOPT_UNMASKED - INFO - Ite.: 239  Vol.: 0.260  Ch.: 0.0301  Obj.: 26.6
2019-01-24 16:51:39,667 - TOPOPT_UNMASKED - INFO - Ite.: 240  Vol.: 0.260  Ch.: 0.0296  Obj.: 26.6
2019-01-24 16:51:41,266 - TOPOPT_UNMASKED - INFO - Ite.: 241  Vol.: 0.260  Ch.: 0.0317  Obj.: 26.6
2019-01-24 16:51:42,878 - TOPOPT_UNMASKED - INFO - Ite.: 242  Vol.: 0.260  Ch.: 0.0306  Obj.: 26.6
2019-01-24 16:51:44,572 - TOPOPT_UNMASKED - INFO - Ite.: 243  Vol.: 0.260  Ch.: 0.0275  Obj.: 26.6
2019-01-24 16:51:46,252 - TOPOPT_UNMASKED - INFO - Ite.: 244  Vol.: 0.260  Ch.: 0.0235  Obj.: 26.6
2019-01-24 16:51:47,875 - TOPOPT_UNMASKED - INFO - Ite.: 245  Vol.: 0.260  Ch.: 0.0193  Obj.: 26.6
2019-01-24 16:51:49,490 - TOPOPT_UNMASKED - INFO - Ite.: 246  Vol.: 0.260  Ch.: 0.0161  Obj.: 26.6
2019-01-24 16:51:51,065 - TOPOPT_UNMASKED - INFO - Ite.: 247  Vol.: 0.260  Ch.: 0.0564  Obj.: 26.6
2019-01-24 16:51:52,661 - TOPOPT_UNMASKED - INFO - Ite.: 248  Vol.: 0.260  Ch.: 0.1084  Obj.: 26.6
2019-01-24 16:51:54,226 - TOPOPT_UNMASKED - INFO - Ite.: 249  Vol.: 0.260  Ch.: 0.1119  Obj.: 26.6
2019-01-24 16:51:55,765 - TOPOPT_UNMASKED - INFO - Ite.: 250  Vol.: 0.260  Ch.: 0.0810  Obj.: 26.6
2019-01-24 16:51:57,355 - TOPOPT_UNMASKED - INFO - Ite.: 251  Vol.: 0.260  Ch.: 0.0526  Obj.: 26.6
2019-01-24 16:51:58,917 - TOPOPT_UNMASKED - INFO - Ite.: 252  Vol.: 0.260  Ch.: 0.0560  Obj.: 26.6
2019-01-24 16:52:00,496 - TOPOPT_UNMASKED - INFO - Ite.: 253  Vol.: 0.260  Ch.: 0.0700  Obj.: 26.6
2019-01-24 16:52:02,094 - TOPOPT_UNMASKED - INFO - Ite.: 254  Vol.: 0.260  Ch.: 0.0885  Obj.: 26.6
2019-01-24 16:52:03,736 - TOPOPT_UNMASKED - INFO - Ite.: 255  Vol.: 0.260  Ch.: 0.1042  Obj.: 26.6
2019-01-24 16:52:05,563 - TOPOPT_UNMASKED - INFO - Ite.: 256  Vol.: 0.260  Ch.: 0.0967  Obj.: 26.6
2019-01-24 16:52:07,247 - TOPOPT_UNMASKED - INFO - Ite.: 257  Vol.: 0.260  Ch.: 0.0650  Obj.: 26.6
2019-01-24 16:52:08,901 - TOPOPT_UNMASKED - INFO - Ite.: 258  Vol.: 0.260  Ch.: 0.0355  Obj.: 26.6
2019-01-24 16:52:10,609 - TOPOPT_UNMASKED - INFO - Ite.: 259  Vol.: 0.260  Ch.: 0.0184  Obj.: 26.6
2019-01-24 16:52:12,187 - TOPOPT_UNMASKED - INFO - Ite.: 260  Vol.: 0.260  Ch.: 0.0188  Obj.: 26.6
2019-01-24 16:52:13,844 - TOPOPT_UNMASKED - INFO - Ite.: 261  Vol.: 0.260  Ch.: 0.0200  Obj.: 26.6
2019-01-24 16:52:15,693 - TOPOPT_UNMASKED - INFO - Ite.: 262  Vol.: 0.260  Ch.: 0.0209  Obj.: 26.6
2019-01-24 16:52:17,591 - TOPOPT_UNMASKED - INFO - Ite.: 263  Vol.: 0.260  Ch.: 0.0214  Obj.: 26.6
2019-01-24 16:52:19,174 - TOPOPT_UNMASKED - INFO - Ite.: 264  Vol.: 0.260  Ch.: 0.0215  Obj.: 26.6
2019-01-24 16:52:20,770 - TOPOPT_UNMASKED - INFO - Ite.: 265  Vol.: 0.260  Ch.: 0.0582  Obj.: 26.6
2019-01-24 16:52:22,352 - TOPOPT_UNMASKED - INFO - Ite.: 266  Vol.: 0.260  Ch.: 0.1267  Obj.: 26.6
2019-01-24 16:52:23,921 - TOPOPT_UNMASKED - INFO - Ite.: 267  Vol.: 0.260  Ch.: 0.1661  Obj.: 26.6
2019-01-24 16:52:25,644 - TOPOPT_UNMASKED - INFO - Ite.: 268  Vol.: 0.260  Ch.: 0.1543  Obj.: 26.6
2019-01-24 16:52:27,382 - TOPOPT_UNMASKED - INFO - Ite.: 269  Vol.: 0.260  Ch.: 0.1380  Obj.: 26.6
2019-01-24 16:52:28,986 - TOPOPT_UNMASKED - INFO - Ite.: 270  Vol.: 0.260  Ch.: 0.1195  Obj.: 26.6
2019-01-24 16:52:30,638 - TOPOPT_UNMASKED - INFO - Ite.: 271  Vol.: 0.260  Ch.: 0.0936  Obj.: 26.6
2019-01-24 16:52:32,395 - TOPOPT_UNMASKED - INFO - Ite.: 272  Vol.: 0.260  Ch.: 0.1329  Obj.: 26.6
2019-01-24 16:52:34,029 - TOPOPT_UNMASKED - INFO - Ite.: 273  Vol.: 0.260  Ch.: 0.1188  Obj.: 26.6
2019-01-24 16:52:35,569 - TOPOPT_UNMASKED - INFO - Ite.: 274  Vol.: 0.260  Ch.: 0.0800  Obj.: 26.6
2019-01-24 16:52:37,128 - TOPOPT_UNMASKED - INFO - Ite.: 275  Vol.: 0.260  Ch.: 0.0466  Obj.: 26.6
2019-01-24 16:52:38,668 - TOPOPT_UNMASKED - INFO - Ite.: 276  Vol.: 0.260  Ch.: 0.0375  Obj.: 26.6
2019-01-24 16:52:40,207 - TOPOPT_UNMASKED - INFO - Ite.: 277  Vol.: 0.260  Ch.: 0.0351  Obj.: 26.6
2019-01-24 16:52:41,687 - TOPOPT_UNMASKED - INFO - Ite.: 278  Vol.: 0.260  Ch.: 0.0248  Obj.: 26.6
2019-01-24 16:52:43,177 - TOPOPT_UNMASKED - INFO - Ite.: 279  Vol.: 0.260  Ch.: 0.0154  Obj.: 26.6
2019-01-24 16:52:44,700 - TOPOPT_UNMASKED - INFO - Ite.: 280  Vol.: 0.260  Ch.: 0.0169  Obj.: 26.6
2019-01-24 16:52:46,191 - TOPOPT_UNMASKED - INFO - Ite.: 281  Vol.: 0.260  Ch.: 0.0195  Obj.: 26.6
2019-01-24 16:52:47,767 - TOPOPT_UNMASKED - INFO - Ite.: 282  Vol.: 0.260  Ch.: 0.0443  Obj.: 26.6
2019-01-24 16:52:49,358 - TOPOPT_UNMASKED - INFO - Ite.: 283  Vol.: 0.260  Ch.: 0.0555  Obj.: 26.6
2019-01-24 16:52:51,138 - TOPOPT_UNMASKED - INFO - Ite.: 284  Vol.: 0.260  Ch.: 0.0444  Obj.: 26.6
2019-01-24 16:52:52,809 - TOPOPT_UNMASKED - INFO - Ite.: 285  Vol.: 0.260  Ch.: 0.0352  Obj.: 26.6
2019-01-24 16:52:54,598 - TOPOPT_UNMASKED - INFO - Ite.: 286  Vol.: 0.260  Ch.: 0.0407  Obj.: 26.6
2019-01-24 16:52:56,150 - TOPOPT_UNMASKED - INFO - Ite.: 287  Vol.: 0.260  Ch.: 0.0452  Obj.: 26.6
2019-01-24 16:52:57,717 - TOPOPT_UNMASKED - INFO - Ite.: 288  Vol.: 0.260  Ch.: 0.0500  Obj.: 26.6
2019-01-24 16:52:59,319 - TOPOPT_UNMASKED - INFO - Ite.: 289  Vol.: 0.260  Ch.: 0.0503  Obj.: 26.6
2019-01-24 16:53:00,953 - TOPOPT_UNMASKED - INFO - Ite.: 290  Vol.: 0.260  Ch.: 0.0622  Obj.: 26.6
2019-01-24 16:53:02,676 - TOPOPT_UNMASKED - INFO - Ite.: 291  Vol.: 0.260  Ch.: 0.0942  Obj.: 26.6
2019-01-24 16:53:04,289 - TOPOPT_UNMASKED - INFO - Ite.: 292  Vol.: 0.260  Ch.: 0.1191  Obj.: 26.6
2019-01-24 16:53:05,857 - TOPOPT_UNMASKED - INFO - Ite.: 293  Vol.: 0.260  Ch.: 0.0993  Obj.: 26.6
2019-01-24 16:53:07,450 - TOPOPT_UNMASKED - INFO - Ite.: 294  Vol.: 0.260  Ch.: 0.1016  Obj.: 26.6
2019-01-24 16:53:09,130 - TOPOPT_UNMASKED - INFO - Ite.: 295  Vol.: 0.260  Ch.: 0.0949  Obj.: 26.6
2019-01-24 16:53:10,698 - TOPOPT_UNMASKED - INFO - Ite.: 296  Vol.: 0.260  Ch.: 0.0813  Obj.: 26.6
2019-01-24 16:53:12,285 - TOPOPT_UNMASKED - INFO - Ite.: 297  Vol.: 0.260  Ch.: 0.1111  Obj.: 26.6
2019-01-24 16:53:13,927 - TOPOPT_UNMASKED - INFO - Ite.: 298  Vol.: 0.260  Ch.: 0.1390  Obj.: 26.6
2019-01-24 16:53:15,634 - TOPOPT_UNMASKED - INFO - Ite.: 299  Vol.: 0.260  Ch.: 0.1340  Obj.: 26.6
2019-01-24 16:53:17,234 - TOPOPT_UNMASKED - INFO - Ite.: 300  Vol.: 0.260  Ch.: 0.0726  Obj.: 26.6
2019-01-24 16:53:18,933 - TOPOPT_UNMASKED - INFO - Ite.: 301  Vol.: 0.260  Ch.: 0.0630  Obj.: 26.6
2019-01-24 16:53:20,967 - TOPOPT_UNMASKED - INFO - Ite.: 302  Vol.: 0.260  Ch.: 0.0865  Obj.: 26.6
2019-01-24 16:53:22,631 - TOPOPT_UNMASKED - INFO - Ite.: 303  Vol.: 0.260  Ch.: 0.0754  Obj.: 26.6
2019-01-24 16:53:24,250 - TOPOPT_UNMASKED - INFO - Ite.: 304  Vol.: 0.260  Ch.: 0.0565  Obj.: 26.6
2019-01-24 16:53:25,867 - TOPOPT_UNMASKED - INFO - Ite.: 305  Vol.: 0.260  Ch.: 0.0427  Obj.: 26.6
2019-01-24 16:53:27,499 - TOPOPT_UNMASKED - INFO - Ite.: 306  Vol.: 0.260  Ch.: 0.0395  Obj.: 26.6
2019-01-24 16:53:29,170 - TOPOPT_UNMASKED - INFO - Ite.: 307  Vol.: 0.260  Ch.: 0.0910  Obj.: 26.6
2019-01-24 16:53:30,862 - TOPOPT_UNMASKED - INFO - Ite.: 308  Vol.: 0.260  Ch.: 0.1013  Obj.: 26.6
2019-01-24 16:53:32,660 - TOPOPT_UNMASKED - INFO - Ite.: 309  Vol.: 0.260  Ch.: 0.0763  Obj.: 26.6
2019-01-24 16:53:34,407 - TOPOPT_UNMASKED - INFO - Ite.: 310  Vol.: 0.260  Ch.: 0.0469  Obj.: 26.6
2019-01-24 16:53:36,028 - TOPOPT_UNMASKED - INFO - Ite.: 311  Vol.: 0.260  Ch.: 0.0260  Obj.: 26.6
2019-01-24 16:53:37,766 - TOPOPT_UNMASKED - INFO - Ite.: 312  Vol.: 0.260  Ch.: 0.0230  Obj.: 26.6
2019-01-24 16:53:39,568 - TOPOPT_UNMASKED - INFO - Ite.: 313  Vol.: 0.260  Ch.: 0.0231  Obj.: 26.6
2019-01-24 16:53:41,563 - TOPOPT_UNMASKED - INFO - Ite.: 314  Vol.: 0.260  Ch.: 0.0234  Obj.: 26.6
2019-01-24 16:53:43,372 - TOPOPT_UNMASKED - INFO - Ite.: 315  Vol.: 0.260  Ch.: 0.0236  Obj.: 26.6
2019-01-24 16:53:45,104 - TOPOPT_UNMASKED - INFO - Ite.: 316  Vol.: 0.260  Ch.: 0.0238  Obj.: 26.6
2019-01-24 16:53:46,869 - TOPOPT_UNMASKED - INFO - Ite.: 317  Vol.: 0.260  Ch.: 0.0237  Obj.: 26.6
2019-01-24 16:53:48,701 - TOPOPT_UNMASKED - INFO - Ite.: 318  Vol.: 0.260  Ch.: 0.0233  Obj.: 26.6
2019-01-24 16:53:50,490 - TOPOPT_UNMASKED - INFO - Ite.: 319  Vol.: 0.260  Ch.: 0.0218  Obj.: 26.6
2019-01-24 16:53:52,183 - TOPOPT_UNMASKED - INFO - Ite.: 320  Vol.: 0.260  Ch.: 0.0189  Obj.: 26.6
2019-01-24 16:53:53,891 - TOPOPT_UNMASKED - INFO - Ite.: 321  Vol.: 0.260  Ch.: 0.0176  Obj.: 26.6
2019-01-24 16:53:55,546 - TOPOPT_UNMASKED - INFO - Ite.: 322  Vol.: 0.260  Ch.: 0.0135  Obj.: 26.6
2019-01-24 16:53:57,174 - TOPOPT_UNMASKED - INFO - Ite.: 323  Vol.: 0.260  Ch.: 0.0107  Obj.: 26.6
2019-01-24 16:53:58,838 - TOPOPT_UNMASKED - INFO - Ite.: 324  Vol.: 0.260  Ch.: 0.0167  Obj.: 26.6
2019-01-24 16:54:00,493 - TOPOPT_UNMASKED - INFO - Ite.: 325  Vol.: 0.260  Ch.: 0.0532  Obj.: 26.6
2019-01-24 16:54:02,470 - TOPOPT_UNMASKED - INFO - Ite.: 326  Vol.: 0.260  Ch.: 0.0710  Obj.: 26.6
2019-01-24 16:54:04,082 - TOPOPT_UNMASKED - INFO - Ite.: 327  Vol.: 0.260  Ch.: 0.0618  Obj.: 26.6
2019-01-24 16:54:05,704 - TOPOPT_UNMASKED - INFO - Ite.: 328  Vol.: 0.260  Ch.: 0.0476  Obj.: 26.6
2019-01-24 16:54:07,332 - TOPOPT_UNMASKED - INFO - Ite.: 329  Vol.: 0.260  Ch.: 0.0373  Obj.: 26.6
2019-01-24 16:54:08,947 - TOPOPT_UNMASKED - INFO - Ite.: 330  Vol.: 0.260  Ch.: 0.0304  Obj.: 26.6
2019-01-24 16:54:10,529 - TOPOPT_UNMASKED - INFO - Ite.: 331  Vol.: 0.260  Ch.: 0.0258  Obj.: 26.6
2019-01-24 16:54:12,140 - TOPOPT_UNMASKED - INFO - Ite.: 332  Vol.: 0.260  Ch.: 0.0225  Obj.: 26.6
2019-01-24 16:54:13,845 - TOPOPT_UNMASKED - INFO - Ite.: 333  Vol.: 0.260  Ch.: 0.0201  Obj.: 26.6
2019-01-24 16:54:15,533 - TOPOPT_UNMASKED - INFO - Ite.: 334  Vol.: 0.260  Ch.: 0.0184  Obj.: 26.6
2019-01-24 16:54:17,217 - TOPOPT_UNMASKED - INFO - Ite.: 335  Vol.: 0.260  Ch.: 0.0169  Obj.: 26.6
2019-01-24 16:54:18,822 - TOPOPT_UNMASKED - INFO - Ite.: 336  Vol.: 0.260  Ch.: 0.0160  Obj.: 26.6
2019-01-24 16:54:20,493 - TOPOPT_UNMASKED - INFO - Ite.: 337  Vol.: 0.260  Ch.: 0.0153  Obj.: 26.6
2019-01-24 16:54:22,184 - TOPOPT_UNMASKED - INFO - Ite.: 338  Vol.: 0.260  Ch.: 0.0144  Obj.: 26.6
2019-01-24 16:54:23,746 - TOPOPT_UNMASKED - INFO - Ite.: 339  Vol.: 0.260  Ch.: 0.0138  Obj.: 26.6
2019-01-24 16:54:25,732 - TOPOPT_UNMASKED - INFO - Ite.: 340  Vol.: 0.260  Ch.: 0.0130  Obj.: 26.6
2019-01-24 16:54:27,387 - TOPOPT_UNMASKED - INFO - Ite.: 341  Vol.: 0.260  Ch.: 0.0123  Obj.: 26.6
2019-01-24 16:54:28,993 - TOPOPT_UNMASKED - INFO - Ite.: 342  Vol.: 0.260  Ch.: 0.0117  Obj.: 26.6
2019-01-24 16:54:30,664 - TOPOPT_UNMASKED - INFO - Ite.: 343  Vol.: 0.260  Ch.: 0.0109  Obj.: 26.6
2019-01-24 16:54:32,369 - TOPOPT_UNMASKED - INFO - Ite.: 344  Vol.: 0.260  Ch.: 0.0103  Obj.: 26.6
2019-01-24 16:54:34,417 - TOPOPT_UNMASKED - INFO - Ite.: 345  Vol.: 0.260  Ch.: 0.0096  Obj.: 26.6
2019-01-24 16:54:36,269 - TOPOPT_UNMASKED - INFO - Ite.: 346  Vol.: 0.260  Ch.: 0.0089  Obj.: 26.6
2019-01-24 16:54:37,973 - TOPOPT_UNMASKED - INFO - Ite.: 347  Vol.: 0.260  Ch.: 0.0083  Obj.: 26.6
2019-01-24 16:54:39,700 - TOPOPT_UNMASKED - INFO - Ite.: 348  Vol.: 0.260  Ch.: 0.0076  Obj.: 26.6
2019-01-24 16:54:41,441 - TOPOPT_UNMASKED - INFO - Ite.: 349  Vol.: 0.260  Ch.: 0.0068  Obj.: 26.6
2019-01-24 16:54:43,098 - TOPOPT_UNMASKED - INFO - Ite.: 350  Vol.: 0.260  Ch.: 0.0061  Obj.: 26.6
2019-01-24 16:54:44,852 - TOPOPT_UNMASKED - INFO - Ite.: 351  Vol.: 0.260  Ch.: 0.0053  Obj.: 26.6
2019-01-24 16:54:46,663 - TOPOPT_UNMASKED - INFO - Ite.: 352  Vol.: 0.260  Ch.: 0.0052  Obj.: 26.6
2019-01-24 16:54:48,480 - TOPOPT_UNMASKED - INFO - Ite.: 353  Vol.: 0.260  Ch.: 0.0073  Obj.: 26.6
2019-01-24 16:54:50,217 - TOPOPT_UNMASKED - INFO - Ite.: 354  Vol.: 0.260  Ch.: 0.0180  Obj.: 26.6
2019-01-24 16:54:51,910 - TOPOPT_UNMASKED - INFO - Ite.: 355  Vol.: 0.260  Ch.: 0.0207  Obj.: 26.6
2019-01-24 16:54:53,653 - TOPOPT_UNMASKED - INFO - Ite.: 356  Vol.: 0.260  Ch.: 0.0160  Obj.: 26.6
2019-01-24 16:54:55,315 - TOPOPT_UNMASKED - INFO - Ite.: 357  Vol.: 0.260  Ch.: 0.0102  Obj.: 26.6
2019-01-24 16:54:57,167 - TOPOPT_UNMASKED - INFO - Ite.: 358  Vol.: 0.260  Ch.: 0.0060  Obj.: 26.6
2019-01-24 16:54:58,904 - TOPOPT_UNMASKED - INFO - Ite.: 359  Vol.: 0.260  Ch.: 0.0075  Obj.: 26.6
2019-01-24 16:55:00,562 - TOPOPT_UNMASKED - INFO - Ite.: 360  Vol.: 0.260  Ch.: 0.0098  Obj.: 26.6
2019-01-24 16:55:02,253 - TOPOPT_UNMASKED - INFO - Ite.: 361  Vol.: 0.260  Ch.: 0.0081  Obj.: 26.6
2019-01-24 16:55:03,986 - TOPOPT_UNMASKED - INFO - Ite.: 362  Vol.: 0.260  Ch.: 0.0052  Obj.: 26.6
2019-01-24 16:55:05,759 - TOPOPT_UNMASKED - INFO - Ite.: 363  Vol.: 0.260  Ch.: 0.0030  Obj.: 26.6
2019-01-24 16:55:07,407 - TOPOPT_UNMASKED - INFO - Ite.: 364  Vol.: 0.260  Ch.: 0.0033  Obj.: 26.6
2019-01-24 16:55:09,094 - TOPOPT_UNMASKED - INFO - Ite.: 365  Vol.: 0.260  Ch.: 0.0042  Obj.: 26.6
2019-01-24 16:55:10,757 - TOPOPT_UNMASKED - INFO - Ite.: 366  Vol.: 0.260  Ch.: 0.0059  Obj.: 26.6
2019-01-24 16:55:12,436 - TOPOPT_UNMASKED - INFO - Ite.: 367  Vol.: 0.260  Ch.: 0.0052  Obj.: 26.6
2019-01-24 16:55:14,101 - TOPOPT_UNMASKED - INFO - Ite.: 368  Vol.: 0.260  Ch.: 0.0034  Obj.: 26.6
2019-01-24 16:55:15,937 - TOPOPT_UNMASKED - INFO - Ite.: 369  Vol.: 0.260  Ch.: 0.0020  Obj.: 26.6
2019-01-24 16:55:17,657 - TOPOPT_UNMASKED - INFO - Ite.: 370  Vol.: 0.260  Ch.: 0.0025  Obj.: 26.6
2019-01-24 16:55:19,483 - TOPOPT_UNMASKED - INFO - Ite.: 371  Vol.: 0.260  Ch.: 0.0085  Obj.: 26.6
2019-01-24 16:55:21,265 - TOPOPT_UNMASKED - INFO - Ite.: 372  Vol.: 0.260  Ch.: 0.0112  Obj.: 26.6
2019-01-24 16:55:23,076 - TOPOPT_UNMASKED - INFO - Ite.: 373  Vol.: 0.260  Ch.: 0.0092  Obj.: 26.6
2019-01-24 16:55:24,792 - TOPOPT_UNMASKED - INFO - Ite.: 374  Vol.: 0.260  Ch.: 0.0059  Obj.: 26.6
2019-01-24 16:55:26,484 - TOPOPT_UNMASKED - INFO - Ite.: 375  Vol.: 0.260  Ch.: 0.0034  Obj.: 26.6
2019-01-24 16:55:28,138 - TOPOPT_UNMASKED - INFO - Ite.: 376  Vol.: 0.260  Ch.: 0.0018  Obj.: 26.6
2019-01-24 16:55:29,723 - TOPOPT_UNMASKED - INFO - Ite.: 377  Vol.: 0.260  Ch.: 0.0017  Obj.: 26.6
2019-01-24 16:55:31,403 - TOPOPT_UNMASKED - INFO - Ite.: 378  Vol.: 0.260  Ch.: 0.0017  Obj.: 26.6
2019-01-24 16:55:33,091 - TOPOPT_UNMASKED - INFO - Ite.: 379  Vol.: 0.260  Ch.: 0.0016  Obj.: 26.6
2019-01-24 16:55:34,724 - TOPOPT_UNMASKED - INFO - Ite.: 380  Vol.: 0.260  Ch.: 0.0017  Obj.: 26.6
2019-01-24 16:55:36,431 - TOPOPT_UNMASKED - INFO - Ite.: 381  Vol.: 0.260  Ch.: 0.0017  Obj.: 26.6
2019-01-24 16:55:38,092 - TOPOPT_UNMASKED - INFO - Ite.: 382  Vol.: 0.260  Ch.: 0.0016  Obj.: 26.6
2019-01-24 16:55:40,076 - TOPOPT_UNMASKED - INFO - Ite.: 383  Vol.: 0.260  Ch.: 0.0016  Obj.: 26.6
2019-01-24 16:55:41,694 - TOPOPT_UNMASKED - INFO - Ite.: 384  Vol.: 0.260  Ch.: 0.0017  Obj.: 26.6
2019-01-24 16:55:43,223 - TOPOPT_UNMASKED - INFO - Ite.: 385  Vol.: 0.260  Ch.: 0.0017  Obj.: 26.6
2019-01-24 16:55:44,867 - TOPOPT_UNMASKED - INFO - Ite.: 386  Vol.: 0.260  Ch.: 0.0017  Obj.: 26.6
2019-01-24 16:55:46,516 - TOPOPT_UNMASKED - INFO - Ite.: 387  Vol.: 0.260  Ch.: 0.0017  Obj.: 26.6
2019-01-24 16:55:48,085 - TOPOPT_UNMASKED - INFO - Ite.: 388  Vol.: 0.260  Ch.: 0.0017  Obj.: 26.6
2019-01-24 16:55:49,668 - TOPOPT_UNMASKED - INFO - Ite.: 389  Vol.: 0.260  Ch.: 0.0016  Obj.: 26.6
2019-01-24 16:55:51,226 - TOPOPT_UNMASKED - INFO - Ite.: 390  Vol.: 0.260  Ch.: 0.0017  Obj.: 26.6
2019-01-24 16:55:52,869 - TOPOPT_UNMASKED - INFO - Ite.: 391  Vol.: 0.260  Ch.: 0.0081  Obj.: 26.6
2019-01-24 16:55:54,849 - TOPOPT_UNMASKED - INFO - Ite.: 392  Vol.: 0.260  Ch.: 0.0405  Obj.: 26.6
2019-01-24 16:55:56,607 - TOPOPT_UNMASKED - INFO - Ite.: 393  Vol.: 0.260  Ch.: 0.0680  Obj.: 26.6
2019-01-24 16:55:58,203 - TOPOPT_UNMASKED - INFO - Ite.: 394  Vol.: 0.260  Ch.: 0.0638  Obj.: 26.6
2019-01-24 16:55:59,793 - TOPOPT_UNMASKED - INFO - Ite.: 395  Vol.: 0.260  Ch.: 0.0439  Obj.: 26.6
2019-01-24 16:56:01,369 - TOPOPT_UNMASKED - INFO - Ite.: 396  Vol.: 0.260  Ch.: 0.0258  Obj.: 26.6
2019-01-24 16:56:03,042 - TOPOPT_UNMASKED - INFO - Ite.: 397  Vol.: 0.260  Ch.: 0.0140  Obj.: 26.6
2019-01-24 16:56:04,654 - TOPOPT_UNMASKED - INFO - Ite.: 398  Vol.: 0.260  Ch.: 0.0072  Obj.: 26.6
2019-01-24 16:56:06,243 - TOPOPT_UNMASKED - INFO - Ite.: 399  Vol.: 0.260  Ch.: 0.0037  Obj.: 26.6
2019-01-24 16:56:07,816 - TOPOPT_UNMASKED - INFO - Ite.: 400  Vol.: 0.260  Ch.: 0.0021  Obj.: 26.6
2019-01-24 16:56:09,473 - TOPOPT_UNMASKED - INFO - Ite.: 401  Vol.: 0.260  Ch.: 0.0017  Obj.: 26.6
2019-01-24 16:56:11,013 - TOPOPT_UNMASKED - INFO - Ite.: 402  Vol.: 0.260  Ch.: 0.0016  Obj.: 26.6
2019-01-24 16:56:12,625 - TOPOPT_UNMASKED - INFO - Ite.: 403  Vol.: 0.260  Ch.: 0.0016  Obj.: 26.6
2019-01-24 16:56:14,471 - TOPOPT_UNMASKED - INFO - Ite.: 404  Vol.: 0.260  Ch.: 0.0044  Obj.: 26.6
2019-01-24 16:56:16,358 - TOPOPT_UNMASKED - INFO - Ite.: 405  Vol.: 0.260  Ch.: 0.0065  Obj.: 26.6
2019-01-24 16:56:18,242 - TOPOPT_UNMASKED - INFO - Ite.: 406  Vol.: 0.260  Ch.: 0.0056  Obj.: 26.6
2019-01-24 16:56:19,904 - TOPOPT_UNMASKED - INFO - Ite.: 407  Vol.: 0.260  Ch.: 0.0037  Obj.: 26.6
2019-01-24 16:56:21,658 - TOPOPT_UNMASKED - INFO - Ite.: 408  Vol.: 0.260  Ch.: 0.0044  Obj.: 26.6
2019-01-24 16:56:23,381 - TOPOPT_UNMASKED - INFO - Ite.: 409  Vol.: 0.260  Ch.: 0.0113  Obj.: 26.6
2019-01-24 16:56:25,244 - TOPOPT_UNMASKED - INFO - Ite.: 410  Vol.: 0.260  Ch.: 0.0130  Obj.: 26.6
2019-01-24 16:56:26,878 - TOPOPT_UNMASKED - INFO - Ite.: 411  Vol.: 0.260  Ch.: 0.0100  Obj.: 26.6
2019-01-24 16:56:28,611 - TOPOPT_UNMASKED - INFO - Ite.: 412  Vol.: 0.260  Ch.: 0.0062  Obj.: 26.6
2019-01-24 16:56:30,295 - TOPOPT_UNMASKED - INFO - Ite.: 413  Vol.: 0.260  Ch.: 0.0035  Obj.: 26.6
2019-01-24 16:56:32,058 - TOPOPT_UNMASKED - INFO - Ite.: 414  Vol.: 0.260  Ch.: 0.0025  Obj.: 26.6
2019-01-24 16:56:33,766 - TOPOPT_UNMASKED - INFO - Ite.: 415  Vol.: 0.260  Ch.: 0.0027  Obj.: 26.6
2019-01-24 16:56:35,540 - TOPOPT_UNMASKED - INFO - Ite.: 416  Vol.: 0.260  Ch.: 0.0020  Obj.: 26.6
2019-01-24 16:56:37,280 - TOPOPT_UNMASKED - INFO - Ite.: 417  Vol.: 0.260  Ch.: 0.0016  Obj.: 26.6
2019-01-24 16:56:38,992 - TOPOPT_UNMASKED - INFO - Ite.: 418  Vol.: 0.260  Ch.: 0.0029  Obj.: 26.6
2019-01-24 16:56:40,767 - TOPOPT_UNMASKED - INFO - Ite.: 419  Vol.: 0.260  Ch.: 0.0042  Obj.: 26.6
2019-01-24 16:56:42,467 - TOPOPT_UNMASKED - INFO - Ite.: 420  Vol.: 0.260  Ch.: 0.0037  Obj.: 26.6
2019-01-24 16:56:44,052 - TOPOPT_UNMASKED - INFO - Ite.: 421  Vol.: 0.260  Ch.: 0.0024  Obj.: 26.6
2019-01-24 16:56:45,717 - TOPOPT_UNMASKED - INFO - Ite.: 422  Vol.: 0.260  Ch.: 0.0015  Obj.: 26.6
2019-01-24 16:56:47,382 - TOPOPT_UNMASKED - INFO - Ite.: 423  Vol.: 0.260  Ch.: 0.0015  Obj.: 26.6
2019-01-24 16:56:48,989 - TOPOPT_UNMASKED - INFO - Ite.: 424  Vol.: 0.260  Ch.: 0.0016  Obj.: 26.6
2019-01-24 16:56:50,997 - TOPOPT_UNMASKED - INFO - Ite.: 425  Vol.: 0.260  Ch.: 0.0016  Obj.: 26.6
2019-01-24 16:56:52,632 - TOPOPT_UNMASKED - INFO - Ite.: 426  Vol.: 0.260  Ch.: 0.0016  Obj.: 26.6
2019-01-24 16:56:54,183 - TOPOPT_UNMASKED - INFO - Ite.: 427  Vol.: 0.260  Ch.: 0.0015  Obj.: 26.6
2019-01-24 16:56:55,772 - TOPOPT_UNMASKED - INFO - Ite.: 428  Vol.: 0.260  Ch.: 0.0015  Obj.: 26.6
2019-01-24 16:56:57,484 - TOPOPT_UNMASKED - INFO - Ite.: 429  Vol.: 0.260  Ch.: 0.0015  Obj.: 26.6
2019-01-24 16:56:59,138 - TOPOPT_UNMASKED - INFO - Ite.: 430  Vol.: 0.260  Ch.: 0.0016  Obj.: 26.6
2019-01-24 16:57:00,762 - TOPOPT_UNMASKED - INFO - Ite.: 431  Vol.: 0.260  Ch.: 0.0016  Obj.: 26.6
2019-01-24 16:57:02,398 - TOPOPT_UNMASKED - INFO - Ite.: 432  Vol.: 0.260  Ch.: 0.0017  Obj.: 26.6
2019-01-24 16:57:04,000 - TOPOPT_UNMASKED - INFO - Ite.: 433  Vol.: 0.260  Ch.: 0.0016  Obj.: 26.6
2019-01-24 16:57:05,584 - TOPOPT_UNMASKED - INFO - Ite.: 434  Vol.: 0.260  Ch.: 0.0016  Obj.: 26.6
2019-01-24 16:57:07,170 - TOPOPT_UNMASKED - INFO - Ite.: 435  Vol.: 0.260  Ch.: 0.0017  Obj.: 26.6
2019-01-24 16:57:09,178 - TOPOPT_UNMASKED - INFO - Ite.: 436  Vol.: 0.260  Ch.: 0.0018  Obj.: 26.6
2019-01-24 16:57:10,815 - TOPOPT_UNMASKED - INFO - Ite.: 437  Vol.: 0.260  Ch.: 0.0017  Obj.: 26.6
2019-01-24 16:57:12,418 - TOPOPT_UNMASKED - INFO - Ite.: 438  Vol.: 0.260  Ch.: 0.0017  Obj.: 26.6
2019-01-24 16:57:14,017 - TOPOPT_UNMASKED - INFO - Ite.: 439  Vol.: 0.260  Ch.: 0.0018  Obj.: 26.6
2019-01-24 16:57:15,586 - TOPOPT_UNMASKED - INFO - Ite.: 440  Vol.: 0.260  Ch.: 0.0019  Obj.: 26.6
2019-01-24 16:57:17,138 - TOPOPT_UNMASKED - INFO - Ite.: 441  Vol.: 0.260  Ch.: 0.0018  Obj.: 26.6
2019-01-24 16:57:18,805 - TOPOPT_UNMASKED - INFO - Ite.: 442  Vol.: 0.260  Ch.: 0.0018  Obj.: 26.6
2019-01-24 16:57:20,418 - TOPOPT_UNMASKED - INFO - Ite.: 443  Vol.: 0.260  Ch.: 0.0019  Obj.: 26.6
2019-01-24 16:57:21,967 - TOPOPT_UNMASKED - INFO - Ite.: 444  Vol.: 0.260  Ch.: 0.0020  Obj.: 26.6
2019-01-24 16:57:23,650 - TOPOPT_UNMASKED - INFO - Ite.: 445  Vol.: 0.260  Ch.: 0.0019  Obj.: 26.6
2019-01-24 16:57:25,234 - TOPOPT_UNMASKED - INFO - Ite.: 446  Vol.: 0.260  Ch.: 0.0019  Obj.: 26.6
2019-01-24 16:57:26,841 - TOPOPT_UNMASKED - INFO - Ite.: 447  Vol.: 0.260  Ch.: 0.0020  Obj.: 26.6
2019-01-24 16:57:28,404 - TOPOPT_UNMASKED - INFO - Ite.: 448  Vol.: 0.260  Ch.: 0.0019  Obj.: 26.6
2019-01-24 16:57:30,082 - TOPOPT_UNMASKED - INFO - Ite.: 449  Vol.: 0.260  Ch.: 0.0020  Obj.: 26.6
2019-01-24 16:57:31,941 - TOPOPT_UNMASKED - INFO - Ite.: 450  Vol.: 0.260  Ch.: 0.0026  Obj.: 26.6
2019-01-24 16:57:33,878 - TOPOPT_UNMASKED - INFO - Ite.: 451  Vol.: 0.260  Ch.: 0.0051  Obj.: 26.6
2019-01-24 16:57:35,480 - TOPOPT_UNMASKED - INFO - Ite.: 452  Vol.: 0.260  Ch.: 0.0051  Obj.: 26.6
2019-01-24 16:57:37,178 - TOPOPT_UNMASKED - INFO - Ite.: 453  Vol.: 0.260  Ch.: 0.0036  Obj.: 26.6
2019-01-24 16:57:38,891 - TOPOPT_UNMASKED - INFO - Ite.: 454  Vol.: 0.260  Ch.: 0.0021  Obj.: 26.6
2019-01-24 16:57:40,861 - TOPOPT_UNMASKED - INFO - Ite.: 455  Vol.: 0.260  Ch.: 0.0021  Obj.: 26.6
2019-01-24 16:57:42,721 - TOPOPT_UNMASKED - INFO - Ite.: 456  Vol.: 0.260  Ch.: 0.0021  Obj.: 26.6
2019-01-24 16:57:44,398 - TOPOPT_UNMASKED - INFO - Ite.: 457  Vol.: 0.260  Ch.: 0.0021  Obj.: 26.6
2019-01-24 16:57:46,039 - TOPOPT_UNMASKED - INFO - Ite.: 458  Vol.: 0.260  Ch.: 0.0021  Obj.: 26.6
2019-01-24 16:57:47,713 - TOPOPT_UNMASKED - INFO - Ite.: 459  Vol.: 0.260  Ch.: 0.0022  Obj.: 26.6
2019-01-24 16:57:49,479 - TOPOPT_UNMASKED - INFO - Ite.: 460  Vol.: 0.260  Ch.: 0.0027  Obj.: 26.6
2019-01-24 16:57:51,164 - TOPOPT_UNMASKED - INFO - Ite.: 461  Vol.: 0.260  Ch.: 0.0067  Obj.: 26.6
2019-01-24 16:57:52,888 - TOPOPT_UNMASKED - INFO - Ite.: 462  Vol.: 0.260  Ch.: 0.0074  Obj.: 26.6
2019-01-24 16:57:54,608 - TOPOPT_UNMASKED - INFO - Ite.: 463  Vol.: 0.260  Ch.: 0.0056  Obj.: 26.6
2019-01-24 16:57:56,177 - TOPOPT_UNMASKED - INFO - Ite.: 464  Vol.: 0.260  Ch.: 0.0034  Obj.: 26.6
2019-01-24 16:57:57,834 - TOPOPT_UNMASKED - INFO - Ite.: 465  Vol.: 0.260  Ch.: 0.0021  Obj.: 26.6
2019-01-24 16:57:59,473 - TOPOPT_UNMASKED - INFO - Ite.: 466  Vol.: 0.260  Ch.: 0.0021  Obj.: 26.6
2019-01-24 16:58:01,055 - TOPOPT_UNMASKED - INFO - Ite.: 467  Vol.: 0.260  Ch.: 0.0022  Obj.: 26.6
2019-01-24 16:58:02,694 - TOPOPT_UNMASKED - INFO - Ite.: 468  Vol.: 0.260  Ch.: 0.0021  Obj.: 26.6
2019-01-24 16:58:04,259 - TOPOPT_UNMASKED - INFO - Ite.: 469  Vol.: 0.260  Ch.: 0.0022  Obj.: 26.6
2019-01-24 16:58:06,033 - TOPOPT_UNMASKED - INFO - Ite.: 470  Vol.: 0.260  Ch.: 0.0021  Obj.: 26.6
2019-01-24 16:58:07,911 - TOPOPT_UNMASKED - INFO - Ite.: 471  Vol.: 0.260  Ch.: 0.0021  Obj.: 26.6
2019-01-24 16:58:09,489 - TOPOPT_UNMASKED - INFO - Ite.: 472  Vol.: 0.260  Ch.: 0.0021  Obj.: 26.6
2019-01-24 16:58:11,056 - TOPOPT_UNMASKED - INFO - Ite.: 473  Vol.: 0.260  Ch.: 0.0034  Obj.: 26.6
2019-01-24 16:58:12,615 - TOPOPT_UNMASKED - INFO - Ite.: 474  Vol.: 0.260  Ch.: 0.0034  Obj.: 26.6
2019-01-24 16:58:14,273 - TOPOPT_UNMASKED - INFO - Ite.: 475  Vol.: 0.260  Ch.: 0.0024  Obj.: 26.6
2019-01-24 16:58:15,920 - TOPOPT_UNMASKED - INFO - Ite.: 476  Vol.: 0.260  Ch.: 0.0020  Obj.: 26.6
2019-01-24 16:58:17,595 - TOPOPT_UNMASKED - INFO - Ite.: 477  Vol.: 0.260  Ch.: 0.0020  Obj.: 26.6
2019-01-24 16:58:19,204 - TOPOPT_UNMASKED - INFO - Ite.: 478  Vol.: 0.260  Ch.: 0.0020  Obj.: 26.6
2019-01-24 16:58:20,815 - TOPOPT_UNMASKED - INFO - Ite.: 479  Vol.: 0.260  Ch.: 0.0046  Obj.: 26.6
2019-01-24 16:58:22,464 - TOPOPT_UNMASKED - INFO - Ite.: 480  Vol.: 0.260  Ch.: 0.0049  Obj.: 26.6
2019-01-24 16:58:24,469 - TOPOPT_UNMASKED - INFO - Ite.: 481  Vol.: 0.260  Ch.: 0.0036  Obj.: 26.6
2019-01-24 16:58:26,178 - TOPOPT_UNMASKED - INFO - Ite.: 482  Vol.: 0.260  Ch.: 0.0022  Obj.: 26.6
2019-01-24 16:58:27,756 - TOPOPT_UNMASKED - INFO - Ite.: 483  Vol.: 0.260  Ch.: 0.0019  Obj.: 26.6
2019-01-24 16:58:29,381 - TOPOPT_UNMASKED - INFO - Ite.: 484  Vol.: 0.260  Ch.: 0.0020  Obj.: 26.6
2019-01-24 16:58:31,006 - TOPOPT_UNMASKED - INFO - Ite.: 485  Vol.: 0.260  Ch.: 0.0021  Obj.: 26.6
2019-01-24 16:58:32,602 - TOPOPT_UNMASKED - INFO - Ite.: 486  Vol.: 0.260  Ch.: 0.0020  Obj.: 26.6
2019-01-24 16:58:34,211 - TOPOPT_UNMASKED - INFO - Ite.: 487  Vol.: 0.260  Ch.: 0.0020  Obj.: 26.6
2019-01-24 16:58:35,959 - TOPOPT_UNMASKED - INFO - Ite.: 488  Vol.: 0.260  Ch.: 0.0021  Obj.: 26.6
2019-01-24 16:58:37,526 - TOPOPT_UNMASKED - INFO - Ite.: 489  Vol.: 0.260  Ch.: 0.0021  Obj.: 26.6
2019-01-24 16:58:39,160 - TOPOPT_UNMASKED - INFO - Ite.: 490  Vol.: 0.260  Ch.: 0.0021  Obj.: 26.6
2019-01-24 16:58:40,888 - TOPOPT_UNMASKED - INFO - Ite.: 491  Vol.: 0.260  Ch.: 0.0020  Obj.: 26.6
2019-01-24 16:58:42,818 - TOPOPT_UNMASKED - INFO - Ite.: 492  Vol.: 0.260  Ch.: 0.0021  Obj.: 26.6
2019-01-24 16:58:44,549 - TOPOPT_UNMASKED - INFO - Ite.: 493  Vol.: 0.260  Ch.: 0.0022  Obj.: 26.6
2019-01-24 16:58:46,200 - TOPOPT_UNMASKED - INFO - Ite.: 494  Vol.: 0.260  Ch.: 0.0021  Obj.: 26.6
2019-01-24 16:58:47,770 - TOPOPT_UNMASKED - INFO - Ite.: 495  Vol.: 0.260  Ch.: 0.0021  Obj.: 26.6
2019-01-24 16:58:49,578 - TOPOPT_UNMASKED - INFO - Ite.: 496  Vol.: 0.260  Ch.: 0.0021  Obj.: 26.6
2019-01-24 16:58:51,223 - TOPOPT_UNMASKED - INFO - Ite.: 497  Vol.: 0.260  Ch.: 0.0021  Obj.: 26.6
2019-01-24 16:58:52,859 - TOPOPT_UNMASKED - INFO - Ite.: 498  Vol.: 0.260  Ch.: 0.0022  Obj.: 26.6
2019-01-24 16:58:54,686 - TOPOPT_UNMASKED - INFO - Ite.: 499  Vol.: 0.260  Ch.: 0.0022  Obj.: 26.6
2019-01-24 16:58:56,492 - TOPOPT_UNMASKED - INFO - Ite.: 500  Vol.: 0.260  Ch.: 0.0022  Obj.: 26.6
2019-01-24 16:58:58,184 - TOPOPT_UNMASKED - INFO - Ite.: 501  Vol.: 0.260  Ch.: 0.0021  Obj.: 26.6
2019-01-24 16:58:59,835 - TOPOPT_UNMASKED - INFO - Ite.: 502  Vol.: 0.260  Ch.: 0.0022  Obj.: 26.6
2019-01-24 16:59:01,555 - TOPOPT_UNMASKED - INFO - Ite.: 503  Vol.: 0.260  Ch.: 0.0021  Obj.: 26.6
2019-01-24 16:59:03,224 - TOPOPT_UNMASKED - INFO - Ite.: 504  Vol.: 0.260  Ch.: 0.0022  Obj.: 26.6
2019-01-24 16:59:05,039 - TOPOPT_UNMASKED - INFO - Ite.: 505  Vol.: 0.260  Ch.: 0.0021  Obj.: 26.6
2019-01-24 16:59:06,770 - TOPOPT_UNMASKED - INFO - Ite.: 506  Vol.: 0.260  Ch.: 0.0022  Obj.: 26.6
2019-01-24 16:59:08,621 - TOPOPT_UNMASKED - INFO - Ite.: 507  Vol.: 0.260  Ch.: 0.0022  Obj.: 26.6
2019-01-24 16:59:10,342 - TOPOPT_UNMASKED - INFO - Ite.: 508  Vol.: 0.260  Ch.: 0.0022  Obj.: 26.6
2019-01-24 16:59:12,197 - TOPOPT_UNMASKED - INFO - Ite.: 509  Vol.: 0.260  Ch.: 0.0021  Obj.: 26.6
2019-01-24 16:59:13,930 - TOPOPT_UNMASKED - INFO - Ite.: 510  Vol.: 0.260  Ch.: 0.0022  Obj.: 26.6
2019-01-24 16:59:15,611 - TOPOPT_UNMASKED - INFO - Ite.: 511  Vol.: 0.260  Ch.: 0.0021  Obj.: 26.6
2019-01-24 16:59:17,397 - TOPOPT_UNMASKED - INFO - Ite.: 512  Vol.: 0.260  Ch.: 0.0022  Obj.: 26.6
2019-01-24 16:59:18,976 - TOPOPT_UNMASKED - INFO - Ite.: 513  Vol.: 0.260  Ch.: 0.0021  Obj.: 26.6
2019-01-24 16:59:20,578 - TOPOPT_UNMASKED - INFO - Ite.: 514  Vol.: 0.260  Ch.: 0.0022  Obj.: 26.6
2019-01-24 16:59:22,236 - TOPOPT_UNMASKED - INFO - Ite.: 515  Vol.: 0.260  Ch.: 0.0021  Obj.: 26.6
2019-01-24 16:59:23,763 - TOPOPT_UNMASKED - INFO - Ite.: 516  Vol.: 0.260  Ch.: 0.0022  Obj.: 26.6
2019-01-24 16:59:25,365 - TOPOPT_UNMASKED - INFO - Ite.: 517  Vol.: 0.260  Ch.: 0.0021  Obj.: 26.6
2019-01-24 16:59:26,898 - TOPOPT_UNMASKED - INFO - Ite.: 518  Vol.: 0.260  Ch.: 0.0022  Obj.: 26.6
2019-01-24 16:59:28,596 - TOPOPT_UNMASKED - INFO - Ite.: 519  Vol.: 0.260  Ch.: 0.0021  Obj.: 26.6
2019-01-24 16:59:30,316 - TOPOPT_UNMASKED - INFO - Ite.: 520  Vol.: 0.260  Ch.: 0.0023  Obj.: 26.6
2019-01-24 16:59:32,013 - TOPOPT_UNMASKED - INFO - Ite.: 521  Vol.: 0.260  Ch.: 0.0023  Obj.: 26.6
2019-01-24 16:59:33,660 - TOPOPT_UNMASKED - INFO - Ite.: 522  Vol.: 0.260  Ch.: 0.0021  Obj.: 26.6
2019-01-24 16:59:35,312 - TOPOPT_UNMASKED - INFO - Ite.: 523  Vol.: 0.260  Ch.: 0.0021  Obj.: 26.6
2019-01-24 16:59:36,957 - TOPOPT_UNMASKED - INFO - Ite.: 524  Vol.: 0.260  Ch.: 0.0021  Obj.: 26.6
2019-01-24 16:59:38,654 - TOPOPT_UNMASKED - INFO - Ite.: 525  Vol.: 0.260  Ch.: 0.0031  Obj.: 26.6
2019-01-24 16:59:40,322 - TOPOPT_UNMASKED - INFO - Ite.: 526  Vol.: 0.260  Ch.: 0.0029  Obj.: 26.6
2019-01-24 16:59:42,250 - TOPOPT_UNMASKED - INFO - Ite.: 527  Vol.: 0.260  Ch.: 0.0020  Obj.: 26.6
2019-01-24 16:59:43,806 - TOPOPT_UNMASKED - INFO - Ite.: 528  Vol.: 0.260  Ch.: 0.0021  Obj.: 26.6
2019-01-24 16:59:45,358 - TOPOPT_UNMASKED - INFO - Ite.: 529  Vol.: 0.260  Ch.: 0.0020  Obj.: 26.6
2019-01-24 16:59:46,926 - TOPOPT_UNMASKED - INFO - Ite.: 530  Vol.: 0.260  Ch.: 0.0020  Obj.: 26.6
2019-01-24 16:59:48,486 - TOPOPT_UNMASKED - INFO - Ite.: 531  Vol.: 0.260  Ch.: 0.0020  Obj.: 26.6
2019-01-24 16:59:50,063 - TOPOPT_UNMASKED - INFO - Ite.: 532  Vol.: 0.260  Ch.: 0.0020  Obj.: 26.6
2019-01-24 16:59:51,674 - TOPOPT_UNMASKED - INFO - Ite.: 533  Vol.: 0.260  Ch.: 0.0020  Obj.: 26.6
2019-01-24 16:59:53,236 - TOPOPT_UNMASKED - INFO - Ite.: 534  Vol.: 0.260  Ch.: 0.0020  Obj.: 26.6
2019-01-24 16:59:54,825 - TOPOPT_UNMASKED - INFO - Ite.: 535  Vol.: 0.260  Ch.: 0.0019  Obj.: 26.6
2019-01-24 16:59:56,414 - TOPOPT_UNMASKED - INFO - Ite.: 536  Vol.: 0.260  Ch.: 0.0020  Obj.: 26.6
2019-01-24 16:59:58,020 - TOPOPT_UNMASKED - INFO - Ite.: 537  Vol.: 0.260  Ch.: 0.0019  Obj.: 26.6
2019-01-24 16:59:59,703 - TOPOPT_UNMASKED - INFO - Ite.: 538  Vol.: 0.260  Ch.: 0.0020  Obj.: 26.6
2019-01-24 17:00:01,289 - TOPOPT_UNMASKED - INFO - Ite.: 539  Vol.: 0.260  Ch.: 0.0019  Obj.: 26.6
2019-01-24 17:00:02,970 - TOPOPT_UNMASKED - INFO - Ite.: 540  Vol.: 0.260  Ch.: 0.0019  Obj.: 26.6
2019-01-24 17:00:04,694 - TOPOPT_UNMASKED - INFO - Ite.: 541  Vol.: 0.260  Ch.: 0.0019  Obj.: 26.6
2019-01-24 17:00:06,357 - TOPOPT_UNMASKED - INFO - Ite.: 542  Vol.: 0.260  Ch.: 0.0019  Obj.: 26.6
2019-01-24 17:00:07,992 - TOPOPT_UNMASKED - INFO - Ite.: 543  Vol.: 0.260  Ch.: 0.0018  Obj.: 26.6
2019-01-24 17:00:09,934 - TOPOPT_UNMASKED - INFO - Ite.: 544  Vol.: 0.260  Ch.: 0.0019  Obj.: 26.6
2019-01-24 17:00:11,529 - TOPOPT_UNMASKED - INFO - Ite.: 545  Vol.: 0.260  Ch.: 0.0019  Obj.: 26.6
2019-01-24 17:00:13,108 - TOPOPT_UNMASKED - INFO - Ite.: 546  Vol.: 0.260  Ch.: 0.0017  Obj.: 26.6
2019-01-24 17:00:14,641 - TOPOPT_UNMASKED - INFO - Ite.: 547  Vol.: 0.260  Ch.: 0.0018  Obj.: 26.6
2019-01-24 17:00:16,174 - TOPOPT_UNMASKED - INFO - Ite.: 548  Vol.: 0.260  Ch.: 0.0018  Obj.: 26.6
2019-01-24 17:00:17,734 - TOPOPT_UNMASKED - INFO - Ite.: 549  Vol.: 0.260  Ch.: 0.0018  Obj.: 26.6
2019-01-24 17:00:19,348 - TOPOPT_UNMASKED - INFO - Ite.: 550  Vol.: 0.260  Ch.: 0.0018  Obj.: 26.6
2019-01-24 17:00:21,105 - TOPOPT_UNMASKED - INFO - Ite.: 551  Vol.: 0.260  Ch.: 0.0017  Obj.: 26.6
2019-01-24 17:00:23,058 - TOPOPT_UNMASKED - INFO - Ite.: 552  Vol.: 0.260  Ch.: 0.0018  Obj.: 26.6
2019-01-24 17:00:24,663 - TOPOPT_UNMASKED - INFO - Ite.: 553  Vol.: 0.260  Ch.: 0.0017  Obj.: 26.6
2019-01-24 17:00:26,431 - TOPOPT_UNMASKED - INFO - Ite.: 554  Vol.: 0.260  Ch.: 0.0017  Obj.: 26.6
2019-01-24 17:00:28,147 - TOPOPT_UNMASKED - INFO - Ite.: 555  Vol.: 0.260  Ch.: 0.0017  Obj.: 26.6
2019-01-24 17:00:29,851 - TOPOPT_UNMASKED - INFO - Ite.: 556  Vol.: 0.260  Ch.: 0.0020  Obj.: 26.6
2019-01-24 17:00:31,601 - TOPOPT_UNMASKED - INFO - Ite.: 557  Vol.: 0.260  Ch.: 0.0017  Obj.: 26.6
2019-01-24 17:00:33,259 - TOPOPT_UNMASKED - INFO - Ite.: 558  Vol.: 0.260  Ch.: 0.0018  Obj.: 26.6
2019-01-24 17:00:34,950 - TOPOPT_UNMASKED - INFO - Ite.: 559  Vol.: 0.260  Ch.: 0.0018  Obj.: 26.6
2019-01-24 17:00:36,529 - TOPOPT_UNMASKED - INFO - Ite.: 560  Vol.: 0.260  Ch.: 0.0019  Obj.: 26.6
2019-01-24 17:00:38,142 - TOPOPT_UNMASKED - INFO - Ite.: 561  Vol.: 0.260  Ch.: 0.0018  Obj.: 26.6
2019-01-24 17:00:39,744 - TOPOPT_UNMASKED - INFO - Ite.: 562  Vol.: 0.260  Ch.: 0.0019  Obj.: 26.6
2019-01-24 17:00:41,371 - TOPOPT_UNMASKED - INFO - Ite.: 563  Vol.: 0.260  Ch.: 0.0019  Obj.: 26.6
2019-01-24 17:00:43,069 - TOPOPT_UNMASKED - INFO - Ite.: 564  Vol.: 0.260  Ch.: 0.0019  Obj.: 26.6
2019-01-24 17:00:44,612 - TOPOPT_UNMASKED - INFO - Ite.: 565  Vol.: 0.260  Ch.: 0.0021  Obj.: 26.6
2019-01-24 17:00:46,153 - TOPOPT_UNMASKED - INFO - Ite.: 566  Vol.: 0.260  Ch.: 0.0020  Obj.: 26.6
2019-01-24 17:00:47,671 - TOPOPT_UNMASKED - INFO - Ite.: 567  Vol.: 0.260  Ch.: 0.0020  Obj.: 26.6
2019-01-24 17:00:49,206 - TOPOPT_UNMASKED - INFO - Ite.: 568  Vol.: 0.260  Ch.: 0.0033  Obj.: 26.6
2019-01-24 17:00:50,766 - TOPOPT_UNMASKED - INFO - Ite.: 569  Vol.: 0.260  Ch.: 0.0037  Obj.: 26.6
2019-01-24 17:00:52,296 - TOPOPT_UNMASKED - INFO - Ite.: 570  Vol.: 0.260  Ch.: 0.0027  Obj.: 26.6
2019-01-24 17:00:53,867 - TOPOPT_UNMASKED - INFO - Ite.: 571  Vol.: 0.260  Ch.: 0.0020  Obj.: 26.6
2019-01-24 17:00:55,401 - TOPOPT_UNMASKED - INFO - Ite.: 572  Vol.: 0.260  Ch.: 0.0021  Obj.: 26.6
2019-01-24 17:00:56,967 - TOPOPT_UNMASKED - INFO - Ite.: 573  Vol.: 0.260  Ch.: 0.0021  Obj.: 26.6
2019-01-24 17:00:58,555 - TOPOPT_UNMASKED - INFO - Ite.: 574  Vol.: 0.260  Ch.: 0.0022  Obj.: 26.6
2019-01-24 17:01:00,157 - TOPOPT_UNMASKED - INFO - Ite.: 575  Vol.: 0.260  Ch.: 0.0030  Obj.: 26.6
2019-01-24 17:01:01,723 - TOPOPT_UNMASKED - INFO - Ite.: 576  Vol.: 0.260  Ch.: 0.0149  Obj.: 26.6
2019-01-24 17:01:03,246 - TOPOPT_UNMASKED - INFO - Ite.: 577  Vol.: 0.260  Ch.: 0.0243  Obj.: 26.6
2019-01-24 17:01:04,790 - TOPOPT_UNMASKED - INFO - Ite.: 578  Vol.: 0.260  Ch.: 0.0226  Obj.: 26.6
2019-01-24 17:01:06,358 - TOPOPT_UNMASKED - INFO - Ite.: 579  Vol.: 0.260  Ch.: 0.0158  Obj.: 26.6
2019-01-24 17:01:07,914 - TOPOPT_UNMASKED - INFO - Ite.: 580  Vol.: 0.260  Ch.: 0.0098  Obj.: 26.6
2019-01-24 17:01:09,500 - TOPOPT_UNMASKED - INFO - Ite.: 581  Vol.: 0.260  Ch.: 0.0058  Obj.: 26.6
2019-01-24 17:01:11,134 - TOPOPT_UNMASKED - INFO - Ite.: 582  Vol.: 0.260  Ch.: 0.0034  Obj.: 26.6
2019-01-24 17:01:12,750 - TOPOPT_UNMASKED - INFO - Ite.: 583  Vol.: 0.260  Ch.: 0.0023  Obj.: 26.6
2019-01-24 17:01:14,358 - TOPOPT_UNMASKED - INFO - Ite.: 584  Vol.: 0.260  Ch.: 0.0023  Obj.: 26.6
2019-01-24 17:01:15,898 - TOPOPT_UNMASKED - INFO - Ite.: 585  Vol.: 0.260  Ch.: 0.0022  Obj.: 26.6
2019-01-24 17:01:17,431 - TOPOPT_UNMASKED - INFO - Ite.: 586  Vol.: 0.260  Ch.: 0.0023  Obj.: 26.6
2019-01-24 17:01:18,982 - TOPOPT_UNMASKED - INFO - Ite.: 587  Vol.: 0.260  Ch.: 0.0024  Obj.: 26.6
2019-01-24 17:01:20,487 - TOPOPT_UNMASKED - INFO - Ite.: 588  Vol.: 0.260  Ch.: 0.0025  Obj.: 26.6
2019-01-24 17:01:22,046 - TOPOPT_UNMASKED - INFO - Ite.: 589  Vol.: 0.260  Ch.: 0.0025  Obj.: 26.6
2019-01-24 17:01:23,582 - TOPOPT_UNMASKED - INFO - Ite.: 590  Vol.: 0.260  Ch.: 0.0024  Obj.: 26.6
2019-01-24 17:01:25,154 - TOPOPT_UNMASKED - INFO - Ite.: 591  Vol.: 0.260  Ch.: 0.0024  Obj.: 26.6
2019-01-24 17:01:26,687 - TOPOPT_UNMASKED - INFO - Ite.: 592  Vol.: 0.260  Ch.: 0.0024  Obj.: 26.6
2019-01-24 17:01:28,259 - TOPOPT_UNMASKED - INFO - Ite.: 593  Vol.: 0.260  Ch.: 0.0024  Obj.: 26.6
2019-01-24 17:01:29,846 - TOPOPT_UNMASKED - INFO - Ite.: 594  Vol.: 0.260  Ch.: 0.0024  Obj.: 26.6
2019-01-24 17:01:31,434 - TOPOPT_UNMASKED - INFO - Ite.: 595  Vol.: 0.260  Ch.: 0.0023  Obj.: 26.6
2019-01-24 17:01:32,997 - TOPOPT_UNMASKED - INFO - Ite.: 596  Vol.: 0.260  Ch.: 0.0024  Obj.: 26.6
2019-01-24 17:01:34,540 - TOPOPT_UNMASKED - INFO - Ite.: 597  Vol.: 0.260  Ch.: 0.0025  Obj.: 26.6
2019-01-24 17:01:36,039 - TOPOPT_UNMASKED - INFO - Ite.: 598  Vol.: 0.260  Ch.: 0.0024  Obj.: 26.6
2019-01-24 17:01:37,555 - TOPOPT_UNMASKED - INFO - Ite.: 599  Vol.: 0.260  Ch.: 0.0024  Obj.: 26.6
2019-01-24 17:01:39,108 - TOPOPT_UNMASKED - INFO - Ite.: 600  Vol.: 0.260  Ch.: 0.0025  Obj.: 26.6
2019-01-24 17:01:40,664 - TOPOPT_UNMASKED - INFO - Ite.: 601  Vol.: 0.260  Ch.: 0.0025  Obj.: 26.6
2019-01-24 17:01:42,230 - TOPOPT_UNMASKED - INFO - Ite.: 602  Vol.: 0.260  Ch.: 0.0025  Obj.: 26.6
2019-01-24 17:01:43,858 - TOPOPT_UNMASKED - INFO - Ite.: 603  Vol.: 0.260  Ch.: 0.0025  Obj.: 26.6
2019-01-24 17:01:45,467 - TOPOPT_UNMASKED - INFO - Ite.: 604  Vol.: 0.260  Ch.: 0.0025  Obj.: 26.6
2019-01-24 17:01:47,092 - TOPOPT_UNMASKED - INFO - Ite.: 605  Vol.: 0.260  Ch.: 0.0026  Obj.: 26.6
2019-01-24 17:01:48,683 - TOPOPT_UNMASKED - INFO - Ite.: 606  Vol.: 0.260  Ch.: 0.0026  Obj.: 26.6
2019-01-24 17:01:50,224 - TOPOPT_UNMASKED - INFO - Ite.: 607  Vol.: 0.260  Ch.: 0.0026  Obj.: 26.6
2019-01-24 17:01:51,809 - TOPOPT_UNMASKED - INFO - Ite.: 608  Vol.: 0.260  Ch.: 0.0027  Obj.: 26.6
2019-01-24 17:01:53,565 - TOPOPT_UNMASKED - INFO - Ite.: 609  Vol.: 0.260  Ch.: 0.0028  Obj.: 26.6
2019-01-24 17:01:55,410 - TOPOPT_UNMASKED - INFO - Ite.: 610  Vol.: 0.260  Ch.: 0.0027  Obj.: 26.6
2019-01-24 17:01:57,062 - TOPOPT_UNMASKED - INFO - Ite.: 611  Vol.: 0.260  Ch.: 0.0027  Obj.: 26.6
2019-01-24 17:01:58,594 - TOPOPT_UNMASKED - INFO - Ite.: 612  Vol.: 0.260  Ch.: 0.0028  Obj.: 26.6
2019-01-24 17:02:00,298 - TOPOPT_UNMASKED - INFO - Ite.: 613  Vol.: 0.260  Ch.: 0.0028  Obj.: 26.6
2019-01-24 17:02:01,871 - TOPOPT_UNMASKED - INFO - Ite.: 614  Vol.: 0.260  Ch.: 0.0029  Obj.: 26.6
2019-01-24 17:02:03,470 - TOPOPT_UNMASKED - INFO - Ite.: 615  Vol.: 0.260  Ch.: 0.0030  Obj.: 26.6
2019-01-24 17:02:05,091 - TOPOPT_UNMASKED - INFO - Ite.: 616  Vol.: 0.260  Ch.: 0.0030  Obj.: 26.6
2019-01-24 17:02:06,759 - TOPOPT_UNMASKED - INFO - Ite.: 617  Vol.: 0.260  Ch.: 0.0030  Obj.: 26.6
2019-01-24 17:02:08,328 - TOPOPT_UNMASKED - INFO - Ite.: 618  Vol.: 0.260  Ch.: 0.0031  Obj.: 26.6
2019-01-24 17:02:09,956 - TOPOPT_UNMASKED - INFO - Ite.: 619  Vol.: 0.260  Ch.: 0.0031  Obj.: 26.6
2019-01-24 17:02:11,494 - TOPOPT_UNMASKED - INFO - Ite.: 620  Vol.: 0.260  Ch.: 0.0032  Obj.: 26.6
2019-01-24 17:02:13,081 - TOPOPT_UNMASKED - INFO - Ite.: 621  Vol.: 0.260  Ch.: 0.0032  Obj.: 26.6
2019-01-24 17:02:14,776 - TOPOPT_UNMASKED - INFO - Ite.: 622  Vol.: 0.260  Ch.: 0.0033  Obj.: 26.6
2019-01-24 17:02:16,476 - TOPOPT_UNMASKED - INFO - Ite.: 623  Vol.: 0.260  Ch.: 0.0033  Obj.: 26.6
2019-01-24 17:02:18,150 - TOPOPT_UNMASKED - INFO - Ite.: 624  Vol.: 0.260  Ch.: 0.0034  Obj.: 26.6
2019-01-24 17:02:19,798 - TOPOPT_UNMASKED - INFO - Ite.: 625  Vol.: 0.260  Ch.: 0.0034  Obj.: 26.6
2019-01-24 17:02:21,447 - TOPOPT_UNMASKED - INFO - Ite.: 626  Vol.: 0.260  Ch.: 0.0036  Obj.: 26.6
2019-01-24 17:02:23,084 - TOPOPT_UNMASKED - INFO - Ite.: 627  Vol.: 0.260  Ch.: 0.0036  Obj.: 26.6
2019-01-24 17:02:24,750 - TOPOPT_UNMASKED - INFO - Ite.: 628  Vol.: 0.260  Ch.: 0.0037  Obj.: 26.6
2019-01-24 17:02:26,364 - TOPOPT_UNMASKED - INFO - Ite.: 629  Vol.: 0.260  Ch.: 0.0036  Obj.: 26.6
2019-01-24 17:02:28,164 - TOPOPT_UNMASKED - INFO - Ite.: 630  Vol.: 0.260  Ch.: 0.0036  Obj.: 26.6
2019-01-24 17:02:29,677 - TOPOPT_UNMASKED - INFO - Ite.: 631  Vol.: 0.260  Ch.: 0.0035  Obj.: 26.6
2019-01-24 17:02:31,289 - TOPOPT_UNMASKED - INFO - Ite.: 632  Vol.: 0.260  Ch.: 0.0036  Obj.: 26.6
2019-01-24 17:02:32,880 - TOPOPT_UNMASKED - INFO - Ite.: 633  Vol.: 0.260  Ch.: 0.0035  Obj.: 26.6
2019-01-24 17:02:34,503 - TOPOPT_UNMASKED - INFO - Ite.: 634  Vol.: 0.260  Ch.: 0.0035  Obj.: 26.6
2019-01-24 17:02:36,081 - TOPOPT_UNMASKED - INFO - Ite.: 635  Vol.: 0.260  Ch.: 0.0035  Obj.: 26.6
2019-01-24 17:02:37,612 - TOPOPT_UNMASKED - INFO - Ite.: 636  Vol.: 0.260  Ch.: 0.0036  Obj.: 26.6
2019-01-24 17:02:39,148 - TOPOPT_UNMASKED - INFO - Ite.: 637  Vol.: 0.260  Ch.: 0.0035  Obj.: 26.6
2019-01-24 17:02:40,681 - TOPOPT_UNMASKED - INFO - Ite.: 638  Vol.: 0.260  Ch.: 0.0036  Obj.: 26.6
2019-01-24 17:02:42,319 - TOPOPT_UNMASKED - INFO - Ite.: 639  Vol.: 0.260  Ch.: 0.0035  Obj.: 26.6
2019-01-24 17:02:43,891 - TOPOPT_UNMASKED - INFO - Ite.: 640  Vol.: 0.260  Ch.: 0.0035  Obj.: 26.6
2019-01-24 17:02:45,473 - TOPOPT_UNMASKED - INFO - Ite.: 641  Vol.: 0.260  Ch.: 0.0036  Obj.: 26.6
2019-01-24 17:02:47,033 - TOPOPT_UNMASKED - INFO - Ite.: 642  Vol.: 0.260  Ch.: 0.0036  Obj.: 26.6
2019-01-24 17:02:48,582 - TOPOPT_UNMASKED - INFO - Ite.: 643  Vol.: 0.260  Ch.: 0.0036  Obj.: 26.6
2019-01-24 17:02:50,109 - TOPOPT_UNMASKED - INFO - Ite.: 644  Vol.: 0.260  Ch.: 0.0037  Obj.: 26.6
2019-01-24 17:02:51,713 - TOPOPT_UNMASKED - INFO - Ite.: 645  Vol.: 0.260  Ch.: 0.0036  Obj.: 26.6
2019-01-24 17:02:53,255 - TOPOPT_UNMASKED - INFO - Ite.: 646  Vol.: 0.260  Ch.: 0.0036  Obj.: 26.6
2019-01-24 17:02:54,900 - TOPOPT_UNMASKED - INFO - Ite.: 647  Vol.: 0.260  Ch.: 0.0037  Obj.: 26.6
2019-01-24 17:02:56,525 - TOPOPT_UNMASKED - INFO - Ite.: 648  Vol.: 0.260  Ch.: 0.0038  Obj.: 26.6
2019-01-24 17:02:58,180 - TOPOPT_UNMASKED - INFO - Ite.: 649  Vol.: 0.260  Ch.: 0.0037  Obj.: 26.6
2019-01-24 17:02:59,721 - TOPOPT_UNMASKED - INFO - Ite.: 650  Vol.: 0.260  Ch.: 0.0037  Obj.: 26.6
2019-01-24 17:03:01,316 - TOPOPT_UNMASKED - INFO - Ite.: 651  Vol.: 0.260  Ch.: 0.0038  Obj.: 26.6
2019-01-24 17:03:03,085 - TOPOPT_UNMASKED - INFO - Ite.: 652  Vol.: 0.260  Ch.: 0.0039  Obj.: 26.6
2019-01-24 17:03:04,696 - TOPOPT_UNMASKED - INFO - Ite.: 653  Vol.: 0.260  Ch.: 0.0038  Obj.: 26.6
2019-01-24 17:03:06,286 - TOPOPT_UNMASKED - INFO - Ite.: 654  Vol.: 0.260  Ch.: 0.0038  Obj.: 26.6
2019-01-24 17:03:07,961 - TOPOPT_UNMASKED - INFO - Ite.: 655  Vol.: 0.260  Ch.: 0.0039  Obj.: 26.6
2019-01-24 17:03:09,697 - TOPOPT_UNMASKED - INFO - Ite.: 656  Vol.: 0.260  Ch.: 0.0040  Obj.: 26.6
2019-01-24 17:03:11,801 - TOPOPT_UNMASKED - INFO - Ite.: 657  Vol.: 0.260  Ch.: 0.0040  Obj.: 26.6
2019-01-24 17:03:13,609 - TOPOPT_UNMASKED - INFO - Ite.: 658  Vol.: 0.260  Ch.: 0.0040  Obj.: 26.6
2019-01-24 17:03:15,180 - TOPOPT_UNMASKED - INFO - Ite.: 659  Vol.: 0.260  Ch.: 0.0041  Obj.: 26.6
2019-01-24 17:03:16,861 - TOPOPT_UNMASKED - INFO - Ite.: 660  Vol.: 0.260  Ch.: 0.0041  Obj.: 26.6
2019-01-24 17:03:18,684 - TOPOPT_UNMASKED - INFO - Ite.: 661  Vol.: 0.260  Ch.: 0.0042  Obj.: 26.6
2019-01-24 17:03:20,358 - TOPOPT_UNMASKED - INFO - Ite.: 662  Vol.: 0.260  Ch.: 0.0042  Obj.: 26.6
2019-01-24 17:03:21,987 - TOPOPT_UNMASKED - INFO - Ite.: 663  Vol.: 0.260  Ch.: 0.0043  Obj.: 26.6
2019-01-24 17:03:23,565 - TOPOPT_UNMASKED - INFO - Ite.: 664  Vol.: 0.260  Ch.: 0.0043  Obj.: 26.6
2019-01-24 17:03:25,112 - TOPOPT_UNMASKED - INFO - Ite.: 665  Vol.: 0.260  Ch.: 0.0044  Obj.: 26.6
2019-01-24 17:03:26,765 - TOPOPT_UNMASKED - INFO - Ite.: 666  Vol.: 0.260  Ch.: 0.0044  Obj.: 26.6
2019-01-24 17:03:28,470 - TOPOPT_UNMASKED - INFO - Ite.: 667  Vol.: 0.260  Ch.: 0.0044  Obj.: 26.6
2019-01-24 17:03:30,061 - TOPOPT_UNMASKED - INFO - Ite.: 668  Vol.: 0.260  Ch.: 0.0043  Obj.: 26.6
2019-01-24 17:03:31,719 - TOPOPT_UNMASKED - INFO - Ite.: 669  Vol.: 0.260  Ch.: 0.0044  Obj.: 26.6
2019-01-24 17:03:33,365 - TOPOPT_UNMASKED - INFO - Ite.: 670  Vol.: 0.260  Ch.: 0.0043  Obj.: 26.6
2019-01-24 17:03:35,168 - TOPOPT_UNMASKED - INFO - Ite.: 671  Vol.: 0.260  Ch.: 0.0042  Obj.: 26.6
2019-01-24 17:03:36,875 - TOPOPT_UNMASKED - INFO - Ite.: 672  Vol.: 0.260  Ch.: 0.0043  Obj.: 26.6
2019-01-24 17:03:38,605 - TOPOPT_UNMASKED - INFO - Ite.: 673  Vol.: 0.260  Ch.: 0.0043  Obj.: 26.6
2019-01-24 17:03:40,388 - TOPOPT_UNMASKED - INFO - Ite.: 674  Vol.: 0.260  Ch.: 0.0043  Obj.: 26.6
2019-01-24 17:03:41,940 - TOPOPT_UNMASKED - INFO - Ite.: 675  Vol.: 0.260  Ch.: 0.0042  Obj.: 26.6
2019-01-24 17:03:43,660 - TOPOPT_UNMASKED - INFO - Ite.: 676  Vol.: 0.260  Ch.: 0.0043  Obj.: 26.6
2019-01-24 17:03:45,263 - TOPOPT_UNMASKED - INFO - Ite.: 677  Vol.: 0.260  Ch.: 0.0042  Obj.: 26.6
2019-01-24 17:03:46,914 - TOPOPT_UNMASKED - INFO - Ite.: 678  Vol.: 0.260  Ch.: 0.0043  Obj.: 26.6
2019-01-24 17:03:48,648 - TOPOPT_UNMASKED - INFO - Ite.: 679  Vol.: 0.260  Ch.: 0.0042  Obj.: 26.6
2019-01-24 17:03:50,283 - TOPOPT_UNMASKED - INFO - Ite.: 680  Vol.: 0.260  Ch.: 0.0043  Obj.: 26.6
2019-01-24 17:03:51,891 - TOPOPT_UNMASKED - INFO - Ite.: 681  Vol.: 0.260  Ch.: 0.0042  Obj.: 26.6
2019-01-24 17:03:53,447 - TOPOPT_UNMASKED - INFO - Ite.: 682  Vol.: 0.260  Ch.: 0.0043  Obj.: 26.6
2019-01-24 17:03:54,960 - TOPOPT_UNMASKED - INFO - Ite.: 683  Vol.: 0.260  Ch.: 0.0042  Obj.: 26.6
2019-01-24 17:03:56,555 - TOPOPT_UNMASKED - INFO - Ite.: 684  Vol.: 0.260  Ch.: 0.0043  Obj.: 26.6
2019-01-24 17:03:58,131 - TOPOPT_UNMASKED - INFO - Ite.: 685  Vol.: 0.260  Ch.: 0.0042  Obj.: 26.6
2019-01-24 17:03:59,734 - TOPOPT_UNMASKED - INFO - Ite.: 686  Vol.: 0.260  Ch.: 0.0043  Obj.: 26.6
2019-01-24 17:04:01,354 - TOPOPT_UNMASKED - INFO - Ite.: 687  Vol.: 0.260  Ch.: 0.0042  Obj.: 26.6
2019-01-24 17:04:02,977 - TOPOPT_UNMASKED - INFO - Ite.: 688  Vol.: 0.260  Ch.: 0.0042  Obj.: 26.6
2019-01-24 17:04:04,578 - TOPOPT_UNMASKED - INFO - Ite.: 689  Vol.: 0.260  Ch.: 0.0043  Obj.: 26.6
2019-01-24 17:04:06,161 - TOPOPT_UNMASKED - INFO - Ite.: 690  Vol.: 0.260  Ch.: 0.0043  Obj.: 26.6
2019-01-24 17:04:07,734 - TOPOPT_UNMASKED - INFO - Ite.: 691  Vol.: 0.260  Ch.: 0.0043  Obj.: 26.6
2019-01-24 17:04:09,329 - TOPOPT_UNMASKED - INFO - Ite.: 692  Vol.: 0.260  Ch.: 0.0042  Obj.: 26.6
2019-01-24 17:04:10,904 - TOPOPT_UNMASKED - INFO - Ite.: 693  Vol.: 0.260  Ch.: 0.0043  Obj.: 26.6
2019-01-24 17:04:12,483 - TOPOPT_UNMASKED - INFO - Ite.: 694  Vol.: 0.260  Ch.: 0.0043  Obj.: 26.6
2019-01-24 17:04:14,061 - TOPOPT_UNMASKED - INFO - Ite.: 695  Vol.: 0.260  Ch.: 0.0043  Obj.: 26.6
2019-01-24 17:04:15,713 - TOPOPT_UNMASKED - INFO - Ite.: 696  Vol.: 0.260  Ch.: 0.0043  Obj.: 26.6
2019-01-24 17:04:17,334 - TOPOPT_UNMASKED - INFO - Ite.: 697  Vol.: 0.260  Ch.: 0.0044  Obj.: 26.6
2019-01-24 17:04:18,894 - TOPOPT_UNMASKED - INFO - Ite.: 698  Vol.: 0.260  Ch.: 0.0043  Obj.: 26.6
2019-01-24 17:04:20,482 - TOPOPT_UNMASKED - INFO - Ite.: 699  Vol.: 0.260  Ch.: 0.0044  Obj.: 26.6
2019-01-24 17:04:22,183 - TOPOPT_UNMASKED - INFO - Ite.: 700  Vol.: 0.260  Ch.: 0.0044  Obj.: 26.6
2019-01-24 17:04:23,844 - TOPOPT_UNMASKED - INFO - Ite.: 701  Vol.: 0.260  Ch.: 0.0044  Obj.: 26.6
2019-01-24 17:04:25,420 - TOPOPT_UNMASKED - INFO - Ite.: 702  Vol.: 0.260  Ch.: 0.0044  Obj.: 26.6
2019-01-24 17:04:27,204 - TOPOPT_UNMASKED - INFO - Ite.: 703  Vol.: 0.260  Ch.: 0.0042  Obj.: 26.6
2019-01-24 17:04:28,898 - TOPOPT_UNMASKED - INFO - Ite.: 704  Vol.: 0.260  Ch.: 0.0041  Obj.: 26.6
2019-01-24 17:04:30,631 - TOPOPT_UNMASKED - INFO - Ite.: 705  Vol.: 0.260  Ch.: 0.0041  Obj.: 26.6
2019-01-24 17:04:32,255 - TOPOPT_UNMASKED - INFO - Ite.: 706  Vol.: 0.260  Ch.: 0.0039  Obj.: 26.6
2019-01-24 17:04:33,990 - TOPOPT_UNMASKED - INFO - Ite.: 707  Vol.: 0.260  Ch.: 0.0037  Obj.: 26.6
2019-01-24 17:04:35,825 - TOPOPT_UNMASKED - INFO - Ite.: 708  Vol.: 0.260  Ch.: 0.0037  Obj.: 26.6
2019-01-24 17:04:37,351 - TOPOPT_UNMASKED - INFO - Ite.: 709  Vol.: 0.260  Ch.: 0.0037  Obj.: 26.6
2019-01-24 17:04:39,046 - TOPOPT_UNMASKED - INFO - Ite.: 710  Vol.: 0.260  Ch.: 0.0035  Obj.: 26.6
2019-01-24 17:04:40,742 - TOPOPT_UNMASKED - INFO - Ite.: 711  Vol.: 0.260  Ch.: 0.0034  Obj.: 26.6
2019-01-24 17:04:42,414 - TOPOPT_UNMASKED - INFO - Ite.: 712  Vol.: 0.260  Ch.: 0.0034  Obj.: 26.6
2019-01-24 17:04:44,005 - TOPOPT_UNMASKED - INFO - Ite.: 713  Vol.: 0.260  Ch.: 0.0033  Obj.: 26.6
2019-01-24 17:04:45,592 - TOPOPT_UNMASKED - INFO - Ite.: 714  Vol.: 0.260  Ch.: 0.0033  Obj.: 26.6
2019-01-24 17:04:47,217 - TOPOPT_UNMASKED - INFO - Ite.: 715  Vol.: 0.260  Ch.: 0.0031  Obj.: 26.6
2019-01-24 17:04:48,769 - TOPOPT_UNMASKED - INFO - Ite.: 716  Vol.: 0.260  Ch.: 0.0031  Obj.: 26.6
2019-01-24 17:04:50,496 - TOPOPT_UNMASKED - INFO - Ite.: 717  Vol.: 0.260  Ch.: 0.0030  Obj.: 26.6
2019-01-24 17:04:52,121 - TOPOPT_UNMASKED - INFO - Ite.: 718  Vol.: 0.260  Ch.: 0.0030  Obj.: 26.6
2019-01-24 17:04:53,657 - TOPOPT_UNMASKED - INFO - Ite.: 719  Vol.: 0.260  Ch.: 0.0029  Obj.: 26.6
2019-01-24 17:04:55,230 - TOPOPT_UNMASKED - INFO - Ite.: 720  Vol.: 0.260  Ch.: 0.0076  Obj.: 26.6
2019-01-24 17:04:56,766 - TOPOPT_UNMASKED - INFO - Ite.: 721  Vol.: 0.260  Ch.: 0.0119  Obj.: 26.6
2019-01-24 17:04:58,365 - TOPOPT_UNMASKED - INFO - Ite.: 722  Vol.: 0.260  Ch.: 0.0109  Obj.: 26.6
2019-01-24 17:04:59,948 - TOPOPT_UNMASKED - INFO - Ite.: 723  Vol.: 0.260  Ch.: 0.0076  Obj.: 26.6
2019-01-24 17:05:01,573 - TOPOPT_UNMASKED - INFO - Ite.: 724  Vol.: 0.260  Ch.: 0.0047  Obj.: 26.6
2019-01-24 17:05:03,089 - TOPOPT_UNMASKED - INFO - Ite.: 725  Vol.: 0.260  Ch.: 0.0029  Obj.: 26.6
2019-01-24 17:05:04,711 - TOPOPT_UNMASKED - INFO - Ite.: 726  Vol.: 0.260  Ch.: 0.0027  Obj.: 26.6
2019-01-24 17:05:06,326 - TOPOPT_UNMASKED - INFO - Ite.: 727  Vol.: 0.260  Ch.: 0.0026  Obj.: 26.6
2019-01-24 17:05:08,016 - TOPOPT_UNMASKED - INFO - Ite.: 728  Vol.: 0.260  Ch.: 0.0025  Obj.: 26.6
2019-01-24 17:05:09,730 - TOPOPT_UNMASKED - INFO - Ite.: 729  Vol.: 0.260  Ch.: 0.0025  Obj.: 26.6
2019-01-24 17:05:11,513 - TOPOPT_UNMASKED - INFO - Ite.: 730  Vol.: 0.260  Ch.: 0.0026  Obj.: 26.6
2019-01-24 17:05:13,244 - TOPOPT_UNMASKED - INFO - Ite.: 731  Vol.: 0.260  Ch.: 0.0025  Obj.: 26.6
2019-01-24 17:05:14,937 - TOPOPT_UNMASKED - INFO - Ite.: 732  Vol.: 0.260  Ch.: 0.0024  Obj.: 26.6
2019-01-24 17:05:16,678 - TOPOPT_UNMASKED - INFO - Ite.: 733  Vol.: 0.260  Ch.: 0.0024  Obj.: 26.6
2019-01-24 17:05:18,292 - TOPOPT_UNMASKED - INFO - Ite.: 734  Vol.: 0.260  Ch.: 0.0023  Obj.: 26.6
2019-01-24 17:05:20,078 - TOPOPT_UNMASKED - INFO - Ite.: 735  Vol.: 0.260  Ch.: 0.0024  Obj.: 26.6
2019-01-24 17:05:21,640 - TOPOPT_UNMASKED - INFO - Ite.: 736  Vol.: 0.260  Ch.: 0.0046  Obj.: 26.6
2019-01-24 17:05:23,180 - TOPOPT_UNMASKED - INFO - Ite.: 737  Vol.: 0.260  Ch.: 0.0057  Obj.: 26.6
2019-01-24 17:05:24,714 - TOPOPT_UNMASKED - INFO - Ite.: 738  Vol.: 0.260  Ch.: 0.0046  Obj.: 26.6
2019-01-24 17:05:26,276 - TOPOPT_UNMASKED - INFO - Ite.: 739  Vol.: 0.260  Ch.: 0.0030  Obj.: 26.6
2019-01-24 17:05:27,855 - TOPOPT_UNMASKED - INFO - Ite.: 740  Vol.: 0.260  Ch.: 0.0022  Obj.: 26.6
2019-01-24 17:05:29,417 - TOPOPT_UNMASKED - INFO - Ite.: 741  Vol.: 0.260  Ch.: 0.0022  Obj.: 26.6
2019-01-24 17:05:30,980 - TOPOPT_UNMASKED - INFO - Ite.: 742  Vol.: 0.260  Ch.: 0.0021  Obj.: 26.6
2019-01-24 17:05:32,602 - TOPOPT_UNMASKED - INFO - Ite.: 743  Vol.: 0.260  Ch.: 0.0022  Obj.: 26.6
2019-01-24 17:05:34,269 - TOPOPT_UNMASKED - INFO - Ite.: 744  Vol.: 0.260  Ch.: 0.0021  Obj.: 26.6
2019-01-24 17:05:35,841 - TOPOPT_UNMASKED - INFO - Ite.: 745  Vol.: 0.260  Ch.: 0.0020  Obj.: 26.6
2019-01-24 17:05:37,464 - TOPOPT_UNMASKED - INFO - Ite.: 746  Vol.: 0.260  Ch.: 0.0021  Obj.: 26.6
2019-01-24 17:05:39,085 - TOPOPT_UNMASKED - INFO - Ite.: 747  Vol.: 0.260  Ch.: 0.0021  Obj.: 26.6
2019-01-24 17:05:40,648 - TOPOPT_UNMASKED - INFO - Ite.: 748  Vol.: 0.260  Ch.: 0.0020  Obj.: 26.6
2019-01-24 17:05:42,302 - TOPOPT_UNMASKED - INFO - Ite.: 749  Vol.: 0.260  Ch.: 0.0020  Obj.: 26.6
2019-01-24 17:05:43,940 - TOPOPT_UNMASKED - INFO - Ite.: 750  Vol.: 0.260  Ch.: 0.0020  Obj.: 26.6
2019-01-24 17:05:45,549 - TOPOPT_UNMASKED - INFO - Ite.: 751  Vol.: 0.260  Ch.: 0.0020  Obj.: 26.6
2019-01-24 17:05:47,223 - TOPOPT_UNMASKED - INFO - Ite.: 752  Vol.: 0.260  Ch.: 0.0020  Obj.: 26.6
2019-01-24 17:05:48,785 - TOPOPT_UNMASKED - INFO - Ite.: 753  Vol.: 0.260  Ch.: 0.0019  Obj.: 26.6
2019-01-24 17:05:50,400 - TOPOPT_UNMASKED - INFO - Ite.: 754  Vol.: 0.260  Ch.: 0.0019  Obj.: 26.6
2019-01-24 17:05:51,963 - TOPOPT_UNMASKED - INFO - Ite.: 755  Vol.: 0.260  Ch.: 0.0019  Obj.: 26.6
2019-01-24 17:05:53,532 - TOPOPT_UNMASKED - INFO - Ite.: 756  Vol.: 0.260  Ch.: 0.0018  Obj.: 26.6
2019-01-24 17:05:55,155 - TOPOPT_UNMASKED - INFO - Ite.: 757  Vol.: 0.260  Ch.: 0.0017  Obj.: 26.6
2019-01-24 17:05:56,765 - TOPOPT_UNMASKED - INFO - Ite.: 758  Vol.: 0.260  Ch.: 0.0017  Obj.: 26.6
2019-01-24 17:05:58,408 - TOPOPT_UNMASKED - INFO - Ite.: 759  Vol.: 0.260  Ch.: 0.0017  Obj.: 26.6
2019-01-24 17:06:00,049 - TOPOPT_UNMASKED - INFO - Ite.: 760  Vol.: 0.260  Ch.: 0.0016  Obj.: 26.6
2019-01-24 17:06:01,770 - TOPOPT_UNMASKED - INFO - Ite.: 761  Vol.: 0.260  Ch.: 0.0015  Obj.: 26.6
2019-01-24 17:06:03,459 - TOPOPT_UNMASKED - INFO - Ite.: 762  Vol.: 0.260  Ch.: 0.0016  Obj.: 26.6
2019-01-24 17:06:05,157 - TOPOPT_UNMASKED - INFO - Ite.: 763  Vol.: 0.260  Ch.: 0.0015  Obj.: 26.6
2019-01-24 17:06:06,815 - TOPOPT_UNMASKED - INFO - Ite.: 764  Vol.: 0.260  Ch.: 0.0015  Obj.: 26.6
2019-01-24 17:06:08,385 - TOPOPT_UNMASKED - INFO - Ite.: 765  Vol.: 0.260  Ch.: 0.0015  Obj.: 26.6
2019-01-24 17:06:09,997 - TOPOPT_UNMASKED - INFO - Ite.: 766  Vol.: 0.260  Ch.: 0.0014  Obj.: 26.6
2019-01-24 17:06:11,618 - TOPOPT_UNMASKED - INFO - Ite.: 767  Vol.: 0.260  Ch.: 0.0013  Obj.: 26.6
2019-01-24 17:06:13,142 - TOPOPT_UNMASKED - INFO - Ite.: 768  Vol.: 0.260  Ch.: 0.0014  Obj.: 26.6
2019-01-24 17:06:14,769 - TOPOPT_UNMASKED - INFO - Ite.: 769  Vol.: 0.260  Ch.: 0.0014  Obj.: 26.6
2019-01-24 17:06:16,456 - TOPOPT_UNMASKED - INFO - Ite.: 770  Vol.: 0.260  Ch.: 0.0014  Obj.: 26.6
2019-01-24 17:06:18,078 - TOPOPT_UNMASKED - INFO - Ite.: 771  Vol.: 0.260  Ch.: 0.0014  Obj.: 26.6
2019-01-24 17:06:19,651 - TOPOPT_UNMASKED - INFO - Ite.: 772  Vol.: 0.260  Ch.: 0.0014  Obj.: 26.6
2019-01-24 17:06:21,295 - TOPOPT_UNMASKED - INFO - Ite.: 773  Vol.: 0.260  Ch.: 0.0014  Obj.: 26.6
2019-01-24 17:06:22,895 - TOPOPT_UNMASKED - INFO - Ite.: 774  Vol.: 0.260  Ch.: 0.0014  Obj.: 26.6
2019-01-24 17:06:24,598 - TOPOPT_UNMASKED - INFO - Ite.: 775  Vol.: 0.260  Ch.: 0.0014  Obj.: 26.6
2019-01-24 17:06:26,134 - TOPOPT_UNMASKED - INFO - Ite.: 776  Vol.: 0.260  Ch.: 0.0014  Obj.: 26.6
2019-01-24 17:06:27,740 - TOPOPT_UNMASKED - INFO - Ite.: 777  Vol.: 0.260  Ch.: 0.0014  Obj.: 26.6
2019-01-24 17:06:29,394 - TOPOPT_UNMASKED - INFO - Ite.: 778  Vol.: 0.260  Ch.: 0.0014  Obj.: 26.6
2019-01-24 17:06:31,038 - TOPOPT_UNMASKED - INFO - Ite.: 779  Vol.: 0.260  Ch.: 0.0014  Obj.: 26.6
2019-01-24 17:06:32,671 - TOPOPT_UNMASKED - INFO - Ite.: 780  Vol.: 0.260  Ch.: 0.0014  Obj.: 26.6
2019-01-24 17:06:34,335 - TOPOPT_UNMASKED - INFO - Ite.: 781  Vol.: 0.260  Ch.: 0.0014  Obj.: 26.6
2019-01-24 17:06:36,039 - TOPOPT_UNMASKED - INFO - Ite.: 782  Vol.: 0.260  Ch.: 0.0014  Obj.: 26.6
2019-01-24 17:06:37,717 - TOPOPT_UNMASKED - INFO - Ite.: 783  Vol.: 0.260  Ch.: 0.0014  Obj.: 26.6
2019-01-24 17:06:39,454 - TOPOPT_UNMASKED - INFO - Ite.: 784  Vol.: 0.260  Ch.: 0.0014  Obj.: 26.6
2019-01-24 17:06:41,062 - TOPOPT_UNMASKED - INFO - Ite.: 785  Vol.: 0.260  Ch.: 0.0014  Obj.: 26.6
2019-01-24 17:06:42,766 - TOPOPT_UNMASKED - INFO - Ite.: 786  Vol.: 0.260  Ch.: 0.0014  Obj.: 26.6
2019-01-24 17:06:44,318 - TOPOPT_UNMASKED - INFO - Ite.: 787  Vol.: 0.260  Ch.: 0.0014  Obj.: 26.6
2019-01-24 17:06:45,934 - TOPOPT_UNMASKED - INFO - Ite.: 788  Vol.: 0.260  Ch.: 0.0014  Obj.: 26.6
2019-01-24 17:06:47,493 - TOPOPT_UNMASKED - INFO - Ite.: 789  Vol.: 0.260  Ch.: 0.0014  Obj.: 26.6
2019-01-24 17:06:49,053 - TOPOPT_UNMASKED - INFO - Ite.: 790  Vol.: 0.260  Ch.: 0.0014  Obj.: 26.6
2019-01-24 17:06:50,607 - TOPOPT_UNMASKED - INFO - Ite.: 791  Vol.: 0.260  Ch.: 0.0014  Obj.: 26.6
2019-01-24 17:06:52,118 - TOPOPT_UNMASKED - INFO - Ite.: 792  Vol.: 0.260  Ch.: 0.0014  Obj.: 26.6
2019-01-24 17:06:53,667 - TOPOPT_UNMASKED - INFO - Ite.: 793  Vol.: 0.260  Ch.: 0.0014  Obj.: 26.6
2019-01-24 17:06:55,219 - TOPOPT_UNMASKED - INFO - Ite.: 794  Vol.: 0.260  Ch.: 0.0014  Obj.: 26.6
2019-01-24 17:06:56,802 - TOPOPT_UNMASKED - INFO - Ite.: 795  Vol.: 0.260  Ch.: 0.0014  Obj.: 26.6
2019-01-24 17:06:58,384 - TOPOPT_UNMASKED - INFO - Ite.: 796  Vol.: 0.260  Ch.: 0.0014  Obj.: 26.6
2019-01-24 17:06:59,926 - TOPOPT_UNMASKED - INFO - Ite.: 797  Vol.: 0.260  Ch.: 0.0014  Obj.: 26.6
2019-01-24 17:07:01,482 - TOPOPT_UNMASKED - INFO - Ite.: 798  Vol.: 0.260  Ch.: 0.0014  Obj.: 26.6
2019-01-24 17:07:03,036 - TOPOPT_UNMASKED - INFO - Ite.: 799  Vol.: 0.260  Ch.: 0.0014  Obj.: 26.6
2019-01-24 17:07:04,535 - TOPOPT_UNMASKED - INFO - Ite.: 800  Vol.: 0.260  Ch.: 0.0014  Obj.: 26.6
2019-01-24 17:07:06,046 - TOPOPT_UNMASKED - INFO - Ite.: 801  Vol.: 0.260  Ch.: 0.0014  Obj.: 26.6
2019-01-24 17:07:07,621 - TOPOPT_UNMASKED - INFO - Ite.: 802  Vol.: 0.260  Ch.: 0.0014  Obj.: 26.6
2019-01-24 17:07:09,165 - TOPOPT_UNMASKED - INFO - Ite.: 803  Vol.: 0.260  Ch.: 0.0014  Obj.: 26.6
2019-01-24 17:07:10,795 - TOPOPT_UNMASKED - INFO - Ite.: 804  Vol.: 0.260  Ch.: 0.0014  Obj.: 26.6
2019-01-24 17:07:12,382 - TOPOPT_UNMASKED - INFO - Ite.: 805  Vol.: 0.260  Ch.: 0.0013  Obj.: 26.6
2019-01-24 17:07:14,016 - TOPOPT_UNMASKED - INFO - Ite.: 806  Vol.: 0.260  Ch.: 0.0014  Obj.: 26.6
2019-01-24 17:07:15,654 - TOPOPT_UNMASKED - INFO - Ite.: 807  Vol.: 0.260  Ch.: 0.0014  Obj.: 26.6
2019-01-24 17:07:17,234 - TOPOPT_UNMASKED - INFO - Ite.: 808  Vol.: 0.260  Ch.: 0.0014  Obj.: 26.6
2019-01-24 17:07:18,813 - TOPOPT_UNMASKED - INFO - Ite.: 809  Vol.: 0.260  Ch.: 0.0013  Obj.: 26.6
2019-01-24 17:07:20,372 - TOPOPT_UNMASKED - INFO - Ite.: 810  Vol.: 0.260  Ch.: 0.0014  Obj.: 26.6
2019-01-24 17:07:21,948 - TOPOPT_UNMASKED - INFO - Ite.: 811  Vol.: 0.260  Ch.: 0.0014  Obj.: 26.6
2019-01-24 17:07:23,526 - TOPOPT_UNMASKED - INFO - Ite.: 812  Vol.: 0.260  Ch.: 0.0013  Obj.: 26.6
2019-01-24 17:07:25,066 - TOPOPT_UNMASKED - INFO - Ite.: 813  Vol.: 0.260  Ch.: 0.0013  Obj.: 26.6
2019-01-24 17:07:26,628 - TOPOPT_UNMASKED - INFO - Ite.: 814  Vol.: 0.260  Ch.: 0.0014  Obj.: 26.6
2019-01-24 17:07:28,214 - TOPOPT_UNMASKED - INFO - Ite.: 815  Vol.: 0.260  Ch.: 0.0014  Obj.: 26.6
2019-01-24 17:07:29,769 - TOPOPT_UNMASKED - INFO - Ite.: 816  Vol.: 0.260  Ch.: 0.0013  Obj.: 26.6
2019-01-24 17:07:31,398 - TOPOPT_UNMASKED - INFO - Ite.: 817  Vol.: 0.260  Ch.: 0.0013  Obj.: 26.6
2019-01-24 17:07:32,969 - TOPOPT_UNMASKED - INFO - Ite.: 818  Vol.: 0.260  Ch.: 0.0014  Obj.: 26.6
2019-01-24 17:07:34,673 - TOPOPT_UNMASKED - INFO - Ite.: 819  Vol.: 0.260  Ch.: 0.0014  Obj.: 26.6
2019-01-24 17:07:36,240 - TOPOPT_UNMASKED - INFO - Ite.: 820  Vol.: 0.260  Ch.: 0.0013  Obj.: 26.6
2019-01-24 17:07:37,796 - TOPOPT_UNMASKED - INFO - Ite.: 821  Vol.: 0.260  Ch.: 0.0013  Obj.: 26.6
2019-01-24 17:07:39,390 - TOPOPT_UNMASKED - INFO - Ite.: 822  Vol.: 0.260  Ch.: 0.0013  Obj.: 26.6
2019-01-24 17:07:40,954 - TOPOPT_UNMASKED - INFO - Ite.: 823  Vol.: 0.260  Ch.: 0.0014  Obj.: 26.6
2019-01-24 17:07:42,637 - TOPOPT_UNMASKED - INFO - Ite.: 824  Vol.: 0.260  Ch.: 0.0013  Obj.: 26.6
2019-01-24 17:07:44,219 - TOPOPT_UNMASKED - INFO - Ite.: 825  Vol.: 0.260  Ch.: 0.0013  Obj.: 26.6
2019-01-24 17:07:45,801 - TOPOPT_UNMASKED - INFO - Ite.: 826  Vol.: 0.260  Ch.: 0.0013  Obj.: 26.6
2019-01-24 17:07:47,411 - TOPOPT_UNMASKED - INFO - Ite.: 827  Vol.: 0.260  Ch.: 0.0014  Obj.: 26.6
2019-01-24 17:07:49,220 - TOPOPT_UNMASKED - INFO - Ite.: 828  Vol.: 0.260  Ch.: 0.0013  Obj.: 26.6
2019-01-24 17:07:50,832 - TOPOPT_UNMASKED - INFO - Ite.: 829  Vol.: 0.260  Ch.: 0.0013  Obj.: 26.6
2019-01-24 17:07:52,380 - TOPOPT_UNMASKED - INFO - Ite.: 830  Vol.: 0.260  Ch.: 0.0013  Obj.: 26.6
2019-01-24 17:07:53,913 - TOPOPT_UNMASKED - INFO - Ite.: 831  Vol.: 0.260  Ch.: 0.0013  Obj.: 26.6
2019-01-24 17:07:55,440 - TOPOPT_UNMASKED - INFO - Ite.: 832  Vol.: 0.260  Ch.: 0.0013  Obj.: 26.6
2019-01-24 17:07:56,977 - TOPOPT_UNMASKED - INFO - Ite.: 833  Vol.: 0.260  Ch.: 0.0013  Obj.: 26.6
2019-01-24 17:07:58,496 - TOPOPT_UNMASKED - INFO - Ite.: 834  Vol.: 0.260  Ch.: 0.0013  Obj.: 26.6
2019-01-24 17:08:00,036 - TOPOPT_UNMASKED - INFO - Ite.: 835  Vol.: 0.260  Ch.: 0.0013  Obj.: 26.6
2019-01-24 17:08:01,569 - TOPOPT_UNMASKED - INFO - Ite.: 836  Vol.: 0.260  Ch.: 0.0013  Obj.: 26.6
2019-01-24 17:08:03,155 - TOPOPT_UNMASKED - INFO - Ite.: 837  Vol.: 0.260  Ch.: 0.0013  Obj.: 26.6
2019-01-24 17:08:04,826 - TOPOPT_UNMASKED - INFO - Ite.: 838  Vol.: 0.260  Ch.: 0.0013  Obj.: 26.6
2019-01-24 17:08:06,391 - TOPOPT_UNMASKED - INFO - Ite.: 839  Vol.: 0.260  Ch.: 0.0013  Obj.: 26.6
2019-01-24 17:08:07,943 - TOPOPT_UNMASKED - INFO - Ite.: 840  Vol.: 0.260  Ch.: 0.0013  Obj.: 26.6
2019-01-24 17:08:09,611 - TOPOPT_UNMASKED - INFO - Ite.: 841  Vol.: 0.260  Ch.: 0.0013  Obj.: 26.6
2019-01-24 17:08:11,165 - TOPOPT_UNMASKED - INFO - Ite.: 842  Vol.: 0.260  Ch.: 0.0013  Obj.: 26.6
2019-01-24 17:08:12,703 - TOPOPT_UNMASKED - INFO - Ite.: 843  Vol.: 0.260  Ch.: 0.0013  Obj.: 26.6
2019-01-24 17:08:14,255 - TOPOPT_UNMASKED - INFO - Ite.: 844  Vol.: 0.260  Ch.: 0.0013  Obj.: 26.6
2019-01-24 17:08:15,786 - TOPOPT_UNMASKED - INFO - Ite.: 845  Vol.: 0.260  Ch.: 0.0013  Obj.: 26.6
2019-01-24 17:08:17,368 - TOPOPT_UNMASKED - INFO - Ite.: 846  Vol.: 0.260  Ch.: 0.0013  Obj.: 26.6
2019-01-24 17:08:18,986 - TOPOPT_UNMASKED - INFO - Ite.: 847  Vol.: 0.260  Ch.: 0.0013  Obj.: 26.6
2019-01-24 17:08:20,556 - TOPOPT_UNMASKED - INFO - Ite.: 848  Vol.: 0.260  Ch.: 0.0013  Obj.: 26.6
2019-01-24 17:08:22,112 - TOPOPT_UNMASKED - INFO - Ite.: 849  Vol.: 0.260  Ch.: 0.0013  Obj.: 26.6
2019-01-24 17:08:23,657 - TOPOPT_UNMASKED - INFO - Ite.: 850  Vol.: 0.260  Ch.: 0.0024  Obj.: 26.6
2019-01-24 17:08:25,207 - TOPOPT_UNMASKED - INFO - Ite.: 851  Vol.: 0.260  Ch.: 0.0025  Obj.: 26.6
2019-01-24 17:08:26,806 - TOPOPT_UNMASKED - INFO - Ite.: 852  Vol.: 0.260  Ch.: 0.0018  Obj.: 26.6
2019-01-24 17:08:28,427 - TOPOPT_UNMASKED - INFO - Ite.: 853  Vol.: 0.260  Ch.: 0.0013  Obj.: 26.6
2019-01-24 17:08:30,138 - TOPOPT_UNMASKED - INFO - Ite.: 854  Vol.: 0.260  Ch.: 0.0013  Obj.: 26.6
2019-01-24 17:08:31,706 - TOPOPT_UNMASKED - INFO - Ite.: 855  Vol.: 0.260  Ch.: 0.0013  Obj.: 26.6
2019-01-24 17:08:33,332 - TOPOPT_UNMASKED - INFO - Ite.: 856  Vol.: 0.260  Ch.: 0.0012  Obj.: 26.6
2019-01-24 17:08:34,862 - TOPOPT_UNMASKED - INFO - Ite.: 857  Vol.: 0.260  Ch.: 0.0012  Obj.: 26.6
2019-01-24 17:08:36,500 - TOPOPT_UNMASKED - INFO - Ite.: 858  Vol.: 0.260  Ch.: 0.0012  Obj.: 26.6
2019-01-24 17:08:38,174 - TOPOPT_UNMASKED - INFO - Ite.: 859  Vol.: 0.260  Ch.: 0.0012  Obj.: 26.6
2019-01-24 17:08:39,990 - TOPOPT_UNMASKED - INFO - Ite.: 860  Vol.: 0.260  Ch.: 0.0012  Obj.: 26.6
2019-01-24 17:08:41,769 - TOPOPT_UNMASKED - INFO - Ite.: 861  Vol.: 0.260  Ch.: 0.0013  Obj.: 26.6
2019-01-24 17:08:43,430 - TOPOPT_UNMASKED - INFO - Ite.: 862  Vol.: 0.260  Ch.: 0.0012  Obj.: 26.6
2019-01-24 17:08:45,096 - TOPOPT_UNMASKED - INFO - Ite.: 863  Vol.: 0.260  Ch.: 0.0012  Obj.: 26.6
2019-01-24 17:08:46,647 - TOPOPT_UNMASKED - INFO - Ite.: 864  Vol.: 0.260  Ch.: 0.0012  Obj.: 26.6
2019-01-24 17:08:48,243 - TOPOPT_UNMASKED - INFO - Ite.: 865  Vol.: 0.260  Ch.: 0.0012  Obj.: 26.6
2019-01-24 17:08:49,786 - TOPOPT_UNMASKED - INFO - Ite.: 866  Vol.: 0.260  Ch.: 0.0012  Obj.: 26.6
2019-01-24 17:08:51,345 - TOPOPT_UNMASKED - INFO - Ite.: 867  Vol.: 0.260  Ch.: 0.0012  Obj.: 26.6
2019-01-24 17:08:52,895 - TOPOPT_UNMASKED - INFO - Ite.: 868  Vol.: 0.260  Ch.: 0.0012  Obj.: 26.6
2019-01-24 17:08:54,483 - TOPOPT_UNMASKED - INFO - Ite.: 869  Vol.: 0.260  Ch.: 0.0012  Obj.: 26.6
2019-01-24 17:08:56,084 - TOPOPT_UNMASKED - INFO - Ite.: 870  Vol.: 0.260  Ch.: 0.0012  Obj.: 26.6
2019-01-24 17:08:57,753 - TOPOPT_UNMASKED - INFO - Ite.: 871  Vol.: 0.260  Ch.: 0.0012  Obj.: 26.6
2019-01-24 17:08:59,411 - TOPOPT_UNMASKED - INFO - Ite.: 872  Vol.: 0.260  Ch.: 0.0012  Obj.: 26.6
2019-01-24 17:09:00,984 - TOPOPT_UNMASKED - INFO - Ite.: 873  Vol.: 0.260  Ch.: 0.0012  Obj.: 26.6
2019-01-24 17:09:02,520 - TOPOPT_UNMASKED - INFO - Ite.: 874  Vol.: 0.260  Ch.: 0.0012  Obj.: 26.6
2019-01-24 17:09:04,065 - TOPOPT_UNMASKED - INFO - Ite.: 875  Vol.: 0.260  Ch.: 0.0012  Obj.: 26.6
2019-01-24 17:09:05,657 - TOPOPT_UNMASKED - INFO - Ite.: 876  Vol.: 0.260  Ch.: 0.0012  Obj.: 26.6
2019-01-24 17:09:07,345 - TOPOPT_UNMASKED - INFO - Ite.: 877  Vol.: 0.260  Ch.: 0.0012  Obj.: 26.6
2019-01-24 17:09:09,002 - TOPOPT_UNMASKED - INFO - Ite.: 878  Vol.: 0.260  Ch.: 0.0012  Obj.: 26.6
2019-01-24 17:09:10,552 - TOPOPT_UNMASKED - INFO - Ite.: 879  Vol.: 0.260  Ch.: 0.0012  Obj.: 26.6
2019-01-24 17:09:12,141 - TOPOPT_UNMASKED - INFO - Ite.: 880  Vol.: 0.260  Ch.: 0.0012  Obj.: 26.6
2019-01-24 17:09:13,801 - TOPOPT_UNMASKED - INFO - Ite.: 881  Vol.: 0.260  Ch.: 0.0012  Obj.: 26.6
2019-01-24 17:09:15,411 - TOPOPT_UNMASKED - INFO - Ite.: 882  Vol.: 0.260  Ch.: 0.0012  Obj.: 26.6
2019-01-24 17:09:17,003 - TOPOPT_UNMASKED - INFO - Ite.: 883  Vol.: 0.260  Ch.: 0.0012  Obj.: 26.6
2019-01-24 17:09:18,848 - TOPOPT_UNMASKED - INFO - Ite.: 884  Vol.: 0.260  Ch.: 0.0012  Obj.: 26.6
2019-01-24 17:09:20,650 - TOPOPT_UNMASKED - INFO - Ite.: 885  Vol.: 0.260  Ch.: 0.0011  Obj.: 26.6
2019-01-24 17:09:22,361 - TOPOPT_UNMASKED - INFO - Ite.: 886  Vol.: 0.260  Ch.: 0.0012  Obj.: 26.6
2019-01-24 17:09:24,081 - TOPOPT_UNMASKED - INFO - Ite.: 887  Vol.: 0.260  Ch.: 0.0012  Obj.: 26.6
2019-01-24 17:09:25,756 - TOPOPT_UNMASKED - INFO - Ite.: 888  Vol.: 0.260  Ch.: 0.0012  Obj.: 26.6
2019-01-24 17:09:27,509 - TOPOPT_UNMASKED - INFO - Ite.: 889  Vol.: 0.260  Ch.: 0.0012  Obj.: 26.6
2019-01-24 17:09:29,200 - TOPOPT_UNMASKED - INFO - Ite.: 890  Vol.: 0.260  Ch.: 0.0012  Obj.: 26.6
2019-01-24 17:09:30,790 - TOPOPT_UNMASKED - INFO - Ite.: 891  Vol.: 0.260  Ch.: 0.0011  Obj.: 26.6
2019-01-24 17:09:32,573 - TOPOPT_UNMASKED - INFO - Ite.: 892  Vol.: 0.260  Ch.: 0.0011  Obj.: 26.6
2019-01-24 17:09:34,201 - TOPOPT_UNMASKED - INFO - Ite.: 893  Vol.: 0.260  Ch.: 0.0011  Obj.: 26.6
2019-01-24 17:09:35,772 - TOPOPT_UNMASKED - INFO - Ite.: 894  Vol.: 0.260  Ch.: 0.0011  Obj.: 26.6
2019-01-24 17:09:37,385 - TOPOPT_UNMASKED - INFO - Ite.: 895  Vol.: 0.260  Ch.: 0.0011  Obj.: 26.6
2019-01-24 17:09:39,401 - TOPOPT_UNMASKED - INFO - Ite.: 896  Vol.: 0.260  Ch.: 0.0011  Obj.: 26.6
2019-01-24 17:09:41,378 - TOPOPT_UNMASKED - INFO - Ite.: 897  Vol.: 0.260  Ch.: 0.0011  Obj.: 26.6
2019-01-24 17:09:43,062 - TOPOPT_UNMASKED - INFO - Ite.: 898  Vol.: 0.260  Ch.: 0.0011  Obj.: 26.6
2019-01-24 17:09:44,828 - TOPOPT_UNMASKED - INFO - Ite.: 899  Vol.: 0.260  Ch.: 0.0012  Obj.: 26.6
2019-01-24 17:09:46,631 - TOPOPT_UNMASKED - INFO - Ite.: 900  Vol.: 0.260  Ch.: 0.0011  Obj.: 26.6
2019-01-24 17:09:48,448 - TOPOPT_UNMASKED - INFO - Ite.: 901  Vol.: 0.260  Ch.: 0.0011  Obj.: 26.6
2019-01-24 17:09:50,019 - TOPOPT_UNMASKED - INFO - Ite.: 902  Vol.: 0.260  Ch.: 0.0011  Obj.: 26.6
2019-01-24 17:09:51,632 - TOPOPT_UNMASKED - INFO - Ite.: 903  Vol.: 0.260  Ch.: 0.0011  Obj.: 26.6
2019-01-24 17:09:53,249 - TOPOPT_UNMASKED - INFO - Ite.: 904  Vol.: 0.260  Ch.: 0.0011  Obj.: 26.6
2019-01-24 17:09:54,861 - TOPOPT_UNMASKED - INFO - Ite.: 905  Vol.: 0.260  Ch.: 0.0011  Obj.: 26.6
2019-01-24 17:09:56,476 - TOPOPT_UNMASKED - INFO - Ite.: 906  Vol.: 0.260  Ch.: 0.0011  Obj.: 26.6
2019-01-24 17:09:58,055 - TOPOPT_UNMASKED - INFO - Ite.: 907  Vol.: 0.260  Ch.: 0.0011  Obj.: 26.6
2019-01-24 17:09:59,778 - TOPOPT_UNMASKED - INFO - Ite.: 908  Vol.: 0.260  Ch.: 0.0011  Obj.: 26.6
2019-01-24 17:10:01,605 - TOPOPT_UNMASKED - INFO - Ite.: 909  Vol.: 0.260  Ch.: 0.0011  Obj.: 26.6
2019-01-24 17:10:03,247 - TOPOPT_UNMASKED - INFO - Ite.: 910  Vol.: 0.260  Ch.: 0.0011  Obj.: 26.6
2019-01-24 17:10:04,894 - TOPOPT_UNMASKED - INFO - Ite.: 911  Vol.: 0.260  Ch.: 0.0011  Obj.: 26.6
2019-01-24 17:10:06,437 - TOPOPT_UNMASKED - INFO - Ite.: 912  Vol.: 0.260  Ch.: 0.0011  Obj.: 26.6
2019-01-24 17:10:07,993 - TOPOPT_UNMASKED - INFO - Ite.: 913  Vol.: 0.260  Ch.: 0.0011  Obj.: 26.6
2019-01-24 17:10:09,592 - TOPOPT_UNMASKED - INFO - Ite.: 914  Vol.: 0.260  Ch.: 0.0011  Obj.: 26.6
2019-01-24 17:10:11,174 - TOPOPT_UNMASKED - INFO - Ite.: 915  Vol.: 0.260  Ch.: 0.0011  Obj.: 26.6
2019-01-24 17:10:12,723 - TOPOPT_UNMASKED - INFO - Ite.: 916  Vol.: 0.260  Ch.: 0.0011  Obj.: 26.6
2019-01-24 17:10:14,263 - TOPOPT_UNMASKED - INFO - Ite.: 917  Vol.: 0.260  Ch.: 0.0011  Obj.: 26.6
2019-01-24 17:10:15,789 - TOPOPT_UNMASKED - INFO - Ite.: 918  Vol.: 0.260  Ch.: 0.0011  Obj.: 26.6
2019-01-24 17:10:17,346 - TOPOPT_UNMASKED - INFO - Ite.: 919  Vol.: 0.260  Ch.: 0.0011  Obj.: 26.6
2019-01-24 17:10:18,980 - TOPOPT_UNMASKED - INFO - Ite.: 920  Vol.: 0.260  Ch.: 0.0011  Obj.: 26.6
2019-01-24 17:10:20,522 - TOPOPT_UNMASKED - INFO - Ite.: 921  Vol.: 0.260  Ch.: 0.0011  Obj.: 26.6
2019-01-24 17:10:22,223 - TOPOPT_UNMASKED - INFO - Ite.: 922  Vol.: 0.260  Ch.: 0.0011  Obj.: 26.6
2019-01-24 17:10:23,861 - TOPOPT_UNMASKED - INFO - Ite.: 923  Vol.: 0.260  Ch.: 0.0011  Obj.: 26.6
2019-01-24 17:10:25,473 - TOPOPT_UNMASKED - INFO - Ite.: 924  Vol.: 0.260  Ch.: 0.0011  Obj.: 26.6
2019-01-24 17:10:27,005 - TOPOPT_UNMASKED - INFO - Ite.: 925  Vol.: 0.260  Ch.: 0.0011  Obj.: 26.6
2019-01-24 17:10:28,562 - TOPOPT_UNMASKED - INFO - Ite.: 926  Vol.: 0.260  Ch.: 0.0011  Obj.: 26.6
2019-01-24 17:10:30,131 - TOPOPT_UNMASKED - INFO - Ite.: 927  Vol.: 0.260  Ch.: 0.0010  Obj.: 26.6
2019-01-24 17:10:31,673 - TOPOPT_UNMASKED - INFO - Ite.: 928  Vol.: 0.260  Ch.: 0.0010  Obj.: 26.6
2019-01-24 17:10:33,187 - TOPOPT_UNMASKED - INFO - Ite.: 929  Vol.: 0.260  Ch.: 0.0010  Obj.: 26.6
2019-01-24 17:10:34,684 - TOPOPT_UNMASKED - INFO - Ite.: 930  Vol.: 0.260  Ch.: 0.0010  Obj.: 26.6
2019-01-24 17:10:36,243 - TOPOPT_UNMASKED - INFO - Ite.: 931  Vol.: 0.260  Ch.: 0.0010  Obj.: 26.6
2019-01-24 17:10:37,809 - TOPOPT_UNMASKED - INFO - Ite.: 932  Vol.: 0.260  Ch.: 0.0010  Obj.: 26.6
2019-01-24 17:10:39,398 - TOPOPT_UNMASKED - INFO - Ite.: 933  Vol.: 0.260  Ch.: 0.0010  Obj.: 26.6
2019-01-24 17:10:40,973 - TOPOPT_UNMASKED - INFO - Ite.: 934  Vol.: 0.260  Ch.: 0.0010  Obj.: 26.6
2019-01-24 17:10:42,543 - TOPOPT_UNMASKED - INFO - Ite.: 935  Vol.: 0.260  Ch.: 0.0010  Obj.: 26.6
2019-01-24 17:10:44,140 - TOPOPT_UNMASKED - INFO - Ite.: 936  Vol.: 0.260  Ch.: 0.0010  Obj.: 26.6
2019-01-24 17:10:45,700 - TOPOPT_UNMASKED - INFO - Ite.: 937  Vol.: 0.260  Ch.: 0.0010  Obj.: 26.6
2019-01-24 17:10:47,263 - TOPOPT_UNMASKED - INFO - Ite.: 938  Vol.: 0.260  Ch.: 0.0010  Obj.: 26.6
2019-01-24 17:10:48,854 - TOPOPT_UNMASKED - INFO - Ite.: 939  Vol.: 0.260  Ch.: 0.0010  Obj.: 26.6
2019-01-24 17:10:50,609 - TOPOPT_UNMASKED - INFO - Ite.: 940  Vol.: 0.260  Ch.: 0.0011  Obj.: 26.6
2019-01-24 17:10:52,441 - TOPOPT_UNMASKED - INFO - Ite.: 941  Vol.: 0.260  Ch.: 0.0011  Obj.: 26.6
2019-01-24 17:10:54,184 - TOPOPT_UNMASKED - INFO - Ite.: 942  Vol.: 0.260  Ch.: 0.0011  Obj.: 26.6
2019-01-24 17:10:56,015 - TOPOPT_UNMASKED - INFO - Ite.: 943  Vol.: 0.260  Ch.: 0.0011  Obj.: 26.6
2019-01-24 17:10:57,871 - TOPOPT_UNMASKED - INFO - Ite.: 944  Vol.: 0.260  Ch.: 0.0010  Obj.: 26.6
2019-01-24 17:10:59,871 - TOPOPT_UNMASKED - INFO - Ite.: 945  Vol.: 0.260  Ch.: 0.0010  Obj.: 26.6
2019-01-24 17:11:01,792 - TOPOPT_UNMASKED - INFO - Ite.: 946  Vol.: 0.260  Ch.: 0.0010  Obj.: 26.6
2019-01-24 17:11:03,752 - TOPOPT_UNMASKED - INFO - Ite.: 947  Vol.: 0.260  Ch.: 0.0010  Obj.: 26.6
2019-01-24 17:11:05,766 - TOPOPT_UNMASKED - INFO - Ite.: 948  Vol.: 0.260  Ch.: 0.0010  Obj.: 26.6
2019-01-24 17:11:07,584 - TOPOPT_UNMASKED - INFO - Ite.: 949  Vol.: 0.260  Ch.: 0.0010  Obj.: 26.6
2019-01-24 17:11:09,128 - TOPOPT_UNMASKED - INFO - Ite.: 950  Vol.: 0.260  Ch.: 0.0010  Obj.: 26.6
2019-01-24 17:11:09,596 - TOPOPT_UNMASKED - INFO - Ite.: 951  Convergence criterion reached

2019-01-24 17:11:09,596 - TOPOPT_UNMASKED - INFO - FINAL OBJECTIVE FUNCTION VALUE     :   31.5048301914

2019-01-24 17:11:09,598 - TOPOPT_UNMASKED - INFO - Black and white filtering data for different threshold values
2019-01-24 17:11:11,048 - TOPOPT_UNMASKED - INFO - Threshold value            :   0.1
2019-01-24 17:11:11,048 - TOPOPT_UNMASKED - INFO - Volume fraction            :   0.281944771643
2019-01-24 17:11:11,048 - TOPOPT_UNMASKED - INFO - Objective function value   :   31.1991514897

2019-01-24 17:11:12,505 - TOPOPT_UNMASKED - INFO - Threshold value            :   0.2
2019-01-24 17:11:12,506 - TOPOPT_UNMASKED - INFO - Volume fraction            :   0.273604651078
2019-01-24 17:11:12,506 - TOPOPT_UNMASKED - INFO - Objective function value   :   31.2940808426

2019-01-24 17:11:13,914 - TOPOPT_UNMASKED - INFO - Threshold value            :   0.3
2019-01-24 17:11:13,914 - TOPOPT_UNMASKED - INFO - Volume fraction            :   0.267393487375
2019-01-24 17:11:13,915 - TOPOPT_UNMASKED - INFO - Objective function value   :   31.406812673

2019-01-24 17:11:15,332 - TOPOPT_UNMASKED - INFO - Threshold value            :   0.4
2019-01-24 17:11:15,332 - TOPOPT_UNMASKED - INFO - Volume fraction            :   0.262068428415
2019-01-24 17:11:15,334 - TOPOPT_UNMASKED - INFO - Objective function value   :   31.7230411622

2019-01-24 17:11:16,815 - TOPOPT_UNMASKED - INFO - Threshold value            :   0.5
2019-01-24 17:11:16,815 - TOPOPT_UNMASKED - INFO - Volume fraction            :   0.257996044689
2019-01-24 17:11:16,816 - TOPOPT_UNMASKED - INFO - Objective function value   :   31.9878859945

2019-01-24 17:11:18,224 - TOPOPT_UNMASKED - INFO - Threshold value            :   0.6
2019-01-24 17:11:18,224 - TOPOPT_UNMASKED - INFO - Volume fraction            :   0.253576642273
2019-01-24 17:11:18,226 - TOPOPT_UNMASKED - INFO - Objective function value   :   32.9534292445

2019-01-24 17:11:19,914 - TOPOPT_UNMASKED - INFO - Threshold value            :   0.7
2019-01-24 17:11:19,914 - TOPOPT_UNMASKED - INFO - Volume fraction            :   0.250099372407
2019-01-24 17:11:19,914 - TOPOPT_UNMASKED - INFO - Objective function value   :   38.4587586245

2019-01-24 17:11:21,403 - TOPOPT_UNMASKED - INFO - Threshold value            :   0.8
2019-01-24 17:11:21,403 - TOPOPT_UNMASKED - INFO - Volume fraction            :   0.246228440436
2019-01-24 17:11:21,404 - TOPOPT_UNMASKED - INFO - Objective function value   :   40.6418870761

2019-01-24 17:11:22,875 - TOPOPT_UNMASKED - INFO - Threshold value            :   0.9
2019-01-24 17:11:22,875 - TOPOPT_UNMASKED - INFO - Volume fraction            :   0.242309365054
2019-01-24 17:11:22,877 - TOPOPT_UNMASKED - INFO - Objective function value   :   48.5119054134

2019-01-24 17:11:22,881 - TOPOPT_UNMASKED - INFO - OPTIMIZATION FINISHED IN 1591 SEC. /// 27 MIN.

2019-01-24 17:11:22,881 - TOPOPT_UNMASKED - INFO - END OF THE MAIN PROGRAM
