2020-06-30 12:53:28,984 - TOPOPT - INFO - START OF THE MAIN PROGRAM

2020-06-30 12:53:29,009 - TOPOPT - INFO - Total number of finite elements            :   2732
2020-06-30 12:53:29,009 - TOPOPT - INFO - Number of finite elements for filament     :   2732
2020-06-30 12:53:29,009 - TOPOPT - INFO - Number of finite elements for connection   :   0
2020-06-30 12:53:29,010 - TOPOPT - INFO - Total number of design variables           :   2732
2020-06-30 12:53:29,012 - TOPOPT - INFO - Total number of nodes                      :   1125
2020-06-30 12:53:29,012 - TOPOPT - INFO - Total degrees of freedom                   :   6750
2020-06-30 12:53:29,012 - TOPOPT - INFO - Number of free degrees of freedom          :   6743
2020-06-30 12:53:29,012 - TOPOPT - INFO - Volume fraction                            :   0.3
2020-06-30 12:53:29,013 - TOPOPT - INFO - Penalty factor                             :   3.0
2020-06-30 12:53:29,013 - TOPOPT - INFO - Continuation step                          :   True
2020-06-30 12:53:29,013 - TOPOPT - INFO - Filter length                              :   80.0
2020-06-30 12:53:29,013 - TOPOPT - INFO - Filter approach                            :   SENS
2020-06-30 12:53:29,013 - TOPOPT - INFO - Maximum number of iterations               :   1000.0
2020-06-30 12:53:29,014 - TOPOPT - INFO - Tolerance (max. density change)            :   0.001
2020-06-30 12:53:29,014 - TOPOPT - INFO - Maximum Young's modulus for fil (if x_i=1) :   1.0
2020-06-30 12:53:29,014 - TOPOPT - INFO - Minimum Young's modulus for fil (if x_i=0) :   1e-09
2020-06-30 12:53:29,014 - TOPOPT - INFO - Maximum Young's modulus for con (if x_i=1) :   1.0
2020-06-30 12:53:29,014 - TOPOPT - INFO - Minimum Young's modulus for con (if x_i=0) :   1e-09

2020-06-30 12:53:29,178 - TOPOPT - INFO - Scaling factor for objective function f0   :   0.000
2020-06-30 12:53:29,178 - TOPOPT - INFO - Scaling factor for constraint function f1  :   2732.000

2020-06-30 12:53:29,359 - TOPOPT - INFO - Ite.: 000  Vol.: 0.300  Ch.: 0.0000  Obj.: 833.3
2020-06-30 12:53:29,504 - TOPOPT - INFO - Ite.: 001  Vol.: 0.300  Ch.: 0.2000  Obj.: 51.1
2020-06-30 12:53:29,640 - TOPOPT - INFO - Ite.: 002  Vol.: 0.300  Ch.: 0.2000  Obj.: 42.5
2020-06-30 12:53:29,796 - TOPOPT - INFO - Ite.: 003  Vol.: 0.300  Ch.: 0.2000  Obj.: 37.9
2020-06-30 12:53:29,900 - TOPOPT - INFO - Ite.: 004  Vol.: 0.300  Ch.: 0.1181  Obj.: 35.9
2020-06-30 12:53:29,986 - TOPOPT - INFO - Ite.: 005  Vol.: 0.300  Ch.: 0.1432  Obj.: 35.5
2020-06-30 12:53:30,090 - TOPOPT - INFO - Ite.: 006  Vol.: 0.300  Ch.: 0.1318  Obj.: 35.3
2020-06-30 12:53:30,221 - TOPOPT - INFO - Ite.: 007  Vol.: 0.300  Ch.: 0.1243  Obj.: 35.2
2020-06-30 12:53:30,388 - TOPOPT - INFO - Ite.: 008  Vol.: 0.300  Ch.: 0.1175  Obj.: 35.2
2020-06-30 12:53:30,496 - TOPOPT - INFO - Ite.: 009  Vol.: 0.300  Ch.: 0.1064  Obj.: 35.2
2020-06-30 12:53:30,605 - TOPOPT - INFO - Ite.: 010  Vol.: 0.300  Ch.: 0.0914  Obj.: 35.3
2020-06-30 12:53:30,763 - TOPOPT - INFO - Ite.: 011  Vol.: 0.300  Ch.: 0.0700  Obj.: 35.4
2020-06-30 12:53:30,904 - TOPOPT - INFO - Ite.: 012  Vol.: 0.300  Ch.: 0.0463  Obj.: 35.4
2020-06-30 12:53:31,014 - TOPOPT - INFO - Ite.: 013  Vol.: 0.300  Ch.: 0.0275  Obj.: 35.4
2020-06-30 12:53:31,106 - TOPOPT - INFO - Ite.: 014  Vol.: 0.300  Ch.: 0.0157  Obj.: 35.4
2020-06-30 12:53:31,206 - TOPOPT - INFO - Ite.: 015  Vol.: 0.300  Ch.: 0.0142  Obj.: 35.4
2020-06-30 12:53:31,307 - TOPOPT - INFO - Ite.: 016  Vol.: 0.300  Ch.: 0.0142  Obj.: 35.4
2020-06-30 12:53:31,432 - TOPOPT - INFO - Ite.: 017  Vol.: 0.300  Ch.: 0.0141  Obj.: 35.4
2020-06-30 12:53:31,587 - TOPOPT - INFO - Ite.: 018  Vol.: 0.300  Ch.: 0.0139  Obj.: 35.4
2020-06-30 12:53:31,757 - TOPOPT - INFO - Ite.: 019  Vol.: 0.300  Ch.: 0.0135  Obj.: 35.4
2020-06-30 12:53:31,926 - TOPOPT - INFO - Ite.: 020  Vol.: 0.300  Ch.: 0.0130  Obj.: 35.4
2020-06-30 12:53:32,063 - TOPOPT - INFO - Ite.: 021  Vol.: 0.300  Ch.: 0.0126  Obj.: 35.6
2020-06-30 12:53:32,226 - TOPOPT - INFO - Ite.: 022  Vol.: 0.300  Ch.: 0.0149  Obj.: 35.8
2020-06-30 12:53:32,394 - TOPOPT - INFO - Ite.: 023  Vol.: 0.300  Ch.: 0.0182  Obj.: 35.9
2020-06-30 12:53:32,522 - TOPOPT - INFO - Ite.: 024  Vol.: 0.300  Ch.: 0.0207  Obj.: 36.1
2020-06-30 12:53:32,670 - TOPOPT - INFO - Ite.: 025  Vol.: 0.300  Ch.: 0.0239  Obj.: 36.3
2020-06-30 12:53:32,821 - TOPOPT - INFO - Ite.: 026  Vol.: 0.300  Ch.: 0.0275  Obj.: 36.4
2020-06-30 12:53:32,982 - TOPOPT - INFO - Ite.: 027  Vol.: 0.300  Ch.: 0.0310  Obj.: 36.6
2020-06-30 12:53:33,114 - TOPOPT - INFO - Ite.: 028  Vol.: 0.300  Ch.: 0.0351  Obj.: 36.7
2020-06-30 12:53:33,295 - TOPOPT - INFO - Ite.: 029  Vol.: 0.300  Ch.: 0.0396  Obj.: 36.9
2020-06-30 12:53:33,468 - TOPOPT - INFO - Ite.: 030  Vol.: 0.300  Ch.: 0.0441  Obj.: 37.0
2020-06-30 12:53:33,635 - TOPOPT - INFO - Ite.: 031  Vol.: 0.300  Ch.: 0.0490  Obj.: 37.1
2020-06-30 12:53:33,741 - TOPOPT - INFO - Ite.: 032  Vol.: 0.300  Ch.: 0.0542  Obj.: 37.3
2020-06-30 12:53:33,858 - TOPOPT - INFO - Ite.: 033  Vol.: 0.300  Ch.: 0.0597  Obj.: 37.4
2020-06-30 12:53:33,991 - TOPOPT - INFO - Ite.: 034  Vol.: 0.300  Ch.: 0.0654  Obj.: 37.4
2020-06-30 12:53:34,100 - TOPOPT - INFO - Ite.: 035  Vol.: 0.300  Ch.: 0.0708  Obj.: 37.5
2020-06-30 12:53:34,215 - TOPOPT - INFO - Ite.: 036  Vol.: 0.300  Ch.: 0.0744  Obj.: 37.6
2020-06-30 12:53:34,324 - TOPOPT - INFO - Ite.: 037  Vol.: 0.300  Ch.: 0.0770  Obj.: 37.7
2020-06-30 12:53:34,422 - TOPOPT - INFO - Ite.: 038  Vol.: 0.300  Ch.: 0.0787  Obj.: 37.8
2020-06-30 12:53:34,548 - TOPOPT - INFO - Ite.: 039  Vol.: 0.300  Ch.: 0.1165  Obj.: 37.8
2020-06-30 12:53:34,727 - TOPOPT - INFO - Ite.: 040  Vol.: 0.300  Ch.: 0.1502  Obj.: 37.8
2020-06-30 12:53:34,854 - TOPOPT - INFO - Ite.: 041  Vol.: 0.300  Ch.: 0.1666  Obj.: 37.8
2020-06-30 12:53:35,013 - TOPOPT - INFO - Ite.: 042  Vol.: 0.300  Ch.: 0.1751  Obj.: 37.8
2020-06-30 12:53:35,179 - TOPOPT - INFO - Ite.: 043  Vol.: 0.300  Ch.: 0.1859  Obj.: 37.7
2020-06-30 12:53:35,318 - TOPOPT - INFO - Ite.: 044  Vol.: 0.300  Ch.: 0.1972  Obj.: 37.6
2020-06-30 12:53:35,465 - TOPOPT - INFO - Ite.: 045  Vol.: 0.300  Ch.: 0.1951  Obj.: 37.5
2020-06-30 12:53:35,645 - TOPOPT - INFO - Ite.: 046  Vol.: 0.300  Ch.: 0.1878  Obj.: 37.4
2020-06-30 12:53:35,806 - TOPOPT - INFO - Ite.: 047  Vol.: 0.300  Ch.: 0.0794  Obj.: 37.3
2020-06-30 12:53:35,994 - TOPOPT - INFO - Ite.: 048  Vol.: 0.300  Ch.: 0.0523  Obj.: 37.2
2020-06-30 12:53:36,179 - TOPOPT - INFO - Ite.: 049  Vol.: 0.300  Ch.: 0.0279  Obj.: 37.2
2020-06-30 12:53:36,367 - TOPOPT - INFO - Ite.: 050  Vol.: 0.300  Ch.: 0.0263  Obj.: 37.2
2020-06-30 12:53:36,478 - TOPOPT - INFO - Ite.: 051  Vol.: 0.300  Ch.: 0.0179  Obj.: 37.2
2020-06-30 12:53:36,596 - TOPOPT - INFO - Ite.: 052  Vol.: 0.300  Ch.: 0.0094  Obj.: 37.2
2020-06-30 12:53:36,750 - TOPOPT - INFO - Ite.: 053  Vol.: 0.300  Ch.: 0.0082  Obj.: 37.2
2020-06-30 12:53:36,920 - TOPOPT - INFO - Ite.: 054  Vol.: 0.300  Ch.: 0.0085  Obj.: 37.3
2020-06-30 12:53:37,055 - TOPOPT - INFO - Ite.: 055  Vol.: 0.300  Ch.: 0.0129  Obj.: 37.3
2020-06-30 12:53:37,214 - TOPOPT - INFO - Ite.: 056  Vol.: 0.300  Ch.: 0.0170  Obj.: 37.3
2020-06-30 12:53:37,418 - TOPOPT - INFO - Ite.: 057  Vol.: 0.300  Ch.: 0.0193  Obj.: 37.3
2020-06-30 12:53:37,629 - TOPOPT - INFO - Ite.: 058  Vol.: 0.300  Ch.: 0.0141  Obj.: 37.3
2020-06-30 12:53:37,843 - TOPOPT - INFO - Ite.: 059  Vol.: 0.300  Ch.: 0.0096  Obj.: 37.3
2020-06-30 12:53:38,045 - TOPOPT - INFO - Ite.: 060  Vol.: 0.300  Ch.: 0.0097  Obj.: 37.3
2020-06-30 12:53:38,248 - TOPOPT - INFO - Ite.: 061  Vol.: 0.300  Ch.: 0.0097  Obj.: 37.3
2020-06-30 12:53:38,474 - TOPOPT - INFO - Ite.: 062  Vol.: 0.300  Ch.: 0.0099  Obj.: 37.3
2020-06-30 12:53:38,684 - TOPOPT - INFO - Ite.: 063  Vol.: 0.300  Ch.: 0.0101  Obj.: 37.3
2020-06-30 12:53:38,892 - TOPOPT - INFO - Ite.: 064  Vol.: 0.300  Ch.: 0.0102  Obj.: 37.3
2020-06-30 12:53:39,064 - TOPOPT - INFO - Ite.: 065  Vol.: 0.300  Ch.: 0.0103  Obj.: 37.3
2020-06-30 12:53:39,288 - TOPOPT - INFO - Ite.: 066  Vol.: 0.300  Ch.: 0.0103  Obj.: 37.4
2020-06-30 12:53:39,496 - TOPOPT - INFO - Ite.: 067  Vol.: 0.300  Ch.: 0.0104  Obj.: 37.4
2020-06-30 12:53:39,694 - TOPOPT - INFO - Ite.: 068  Vol.: 0.300  Ch.: 0.0105  Obj.: 37.4
2020-06-30 12:53:39,875 - TOPOPT - INFO - Ite.: 069  Vol.: 0.300  Ch.: 0.0105  Obj.: 37.4
2020-06-30 12:53:40,068 - TOPOPT - INFO - Ite.: 070  Vol.: 0.300  Ch.: 0.0106  Obj.: 37.4
2020-06-30 12:53:40,263 - TOPOPT - INFO - Ite.: 071  Vol.: 0.300  Ch.: 0.0107  Obj.: 37.4
2020-06-30 12:53:40,469 - TOPOPT - INFO - Ite.: 072  Vol.: 0.300  Ch.: 0.0106  Obj.: 37.4
2020-06-30 12:53:40,688 - TOPOPT - INFO - Ite.: 073  Vol.: 0.300  Ch.: 0.0107  Obj.: 37.4
2020-06-30 12:53:40,892 - TOPOPT - INFO - Ite.: 074  Vol.: 0.300  Ch.: 0.0106  Obj.: 37.4
2020-06-30 12:53:41,090 - TOPOPT - INFO - Ite.: 075  Vol.: 0.300  Ch.: 0.0105  Obj.: 37.4
2020-06-30 12:53:41,312 - TOPOPT - INFO - Ite.: 076  Vol.: 0.300  Ch.: 0.0105  Obj.: 37.4
2020-06-30 12:53:41,517 - TOPOPT - INFO - Ite.: 077  Vol.: 0.300  Ch.: 0.0089  Obj.: 37.4
2020-06-30 12:53:41,726 - TOPOPT - INFO - Ite.: 078  Vol.: 0.300  Ch.: 0.0063  Obj.: 37.4
2020-06-30 12:53:41,928 - TOPOPT - INFO - Ite.: 079  Vol.: 0.300  Ch.: 0.0044  Obj.: 37.4
2020-06-30 12:53:42,134 - TOPOPT - INFO - Ite.: 080  Vol.: 0.300  Ch.: 0.0032  Obj.: 37.4
2020-06-30 12:53:42,349 - TOPOPT - INFO - Ite.: 081  Vol.: 0.300  Ch.: 0.0022  Obj.: 37.4
2020-06-30 12:53:42,546 - TOPOPT - INFO - Ite.: 082  Vol.: 0.300  Ch.: 0.0017  Obj.: 37.4
2020-06-30 12:53:42,752 - TOPOPT - INFO - Ite.: 083  Vol.: 0.300  Ch.: 0.0012  Obj.: 37.4
2020-06-30 12:53:42,960 - TOPOPT - INFO - Ite.: 084  Vol.: 0.300  Ch.: 0.0012  Obj.: 37.4
2020-06-30 12:53:43,144 - TOPOPT - INFO - Ite.: 085  Vol.: 0.300  Ch.: 0.0011  Obj.: 37.4
2020-06-30 12:53:43,374 - TOPOPT - INFO - Ite.: 086  Vol.: 0.300  Ch.: 0.0014  Obj.: 37.4
2020-06-30 12:53:43,583 - TOPOPT - INFO - Ite.: 087  Vol.: 0.300  Ch.: 0.0020  Obj.: 37.4
2020-06-30 12:53:43,806 - TOPOPT - INFO - Ite.: 088  Vol.: 0.300  Ch.: 0.0032  Obj.: 37.4
2020-06-30 12:53:44,030 - TOPOPT - INFO - Ite.: 089  Vol.: 0.300  Ch.: 0.0055  Obj.: 37.4
2020-06-30 12:53:44,234 - TOPOPT - INFO - Ite.: 090  Vol.: 0.300  Ch.: 0.0094  Obj.: 37.4
2020-06-30 12:53:44,436 - TOPOPT - INFO - Ite.: 091  Vol.: 0.300  Ch.: 0.0156  Obj.: 37.4
2020-06-30 12:53:44,644 - TOPOPT - INFO - Ite.: 092  Vol.: 0.300  Ch.: 0.0255  Obj.: 37.4
2020-06-30 12:53:44,859 - TOPOPT - INFO - Ite.: 093  Vol.: 0.300  Ch.: 0.0410  Obj.: 37.4
2020-06-30 12:53:45,066 - TOPOPT - INFO - Ite.: 094  Vol.: 0.300  Ch.: 0.0640  Obj.: 37.3
2020-06-30 12:53:45,271 - TOPOPT - INFO - Ite.: 095  Vol.: 0.300  Ch.: 0.0966  Obj.: 37.3
2020-06-30 12:53:45,487 - TOPOPT - INFO - Ite.: 096  Vol.: 0.300  Ch.: 0.1385  Obj.: 37.3
2020-06-30 12:53:45,694 - TOPOPT - INFO - Ite.: 097  Vol.: 0.300  Ch.: 0.1821  Obj.: 37.2
2020-06-30 12:53:45,922 - TOPOPT - INFO - Ite.: 098  Vol.: 0.300  Ch.: 0.2000  Obj.: 37.1
2020-06-30 12:53:46,107 - TOPOPT - INFO - Ite.: 099  Vol.: 0.300  Ch.: 0.1909  Obj.: 37.0
2020-06-30 12:53:46,311 - TOPOPT - INFO - Ite.: 100  Vol.: 0.300  Ch.: 0.1942  Obj.: 37.0
2020-06-30 12:53:46,455 - TOPOPT - INFO - Ite.: 101  Vol.: 0.300  Ch.: 0.2000  Obj.: 36.9
2020-06-30 12:53:46,631 - TOPOPT - INFO - Ite.: 102  Vol.: 0.300  Ch.: 0.1632  Obj.: 36.9
2020-06-30 12:53:46,836 - TOPOPT - INFO - Ite.: 103  Vol.: 0.300  Ch.: 0.0538  Obj.: 36.9
2020-06-30 12:53:47,039 - TOPOPT - INFO - Ite.: 104  Vol.: 0.300  Ch.: 0.0492  Obj.: 36.9
2020-06-30 12:53:47,236 - TOPOPT - INFO - Ite.: 105  Vol.: 0.300  Ch.: 0.0429  Obj.: 36.9
2020-06-30 12:53:47,442 - TOPOPT - INFO - Ite.: 106  Vol.: 0.300  Ch.: 0.0375  Obj.: 36.9
2020-06-30 12:53:47,662 - TOPOPT - INFO - Ite.: 107  Vol.: 0.300  Ch.: 0.0333  Obj.: 36.9
2020-06-30 12:53:47,876 - TOPOPT - INFO - Ite.: 108  Vol.: 0.300  Ch.: 0.0300  Obj.: 36.9
2020-06-30 12:53:48,100 - TOPOPT - INFO - Ite.: 109  Vol.: 0.300  Ch.: 0.0273  Obj.: 36.9
2020-06-30 12:53:48,311 - TOPOPT - INFO - Ite.: 110  Vol.: 0.300  Ch.: 0.0257  Obj.: 36.9
2020-06-30 12:53:48,497 - TOPOPT - INFO - Ite.: 111  Vol.: 0.300  Ch.: 0.0247  Obj.: 37.0
2020-06-30 12:53:48,711 - TOPOPT - INFO - Ite.: 112  Vol.: 0.300  Ch.: 0.0241  Obj.: 37.0
2020-06-30 12:53:48,901 - TOPOPT - INFO - Ite.: 113  Vol.: 0.300  Ch.: 0.0235  Obj.: 37.0
2020-06-30 12:53:49,092 - TOPOPT - INFO - Ite.: 114  Vol.: 0.300  Ch.: 0.0235  Obj.: 37.0
2020-06-30 12:53:49,299 - TOPOPT - INFO - Ite.: 115  Vol.: 0.300  Ch.: 0.0239  Obj.: 37.0
2020-06-30 12:53:49,493 - TOPOPT - INFO - Ite.: 116  Vol.: 0.300  Ch.: 0.0245  Obj.: 37.0
2020-06-30 12:53:49,690 - TOPOPT - INFO - Ite.: 117  Vol.: 0.300  Ch.: 0.0254  Obj.: 37.0
2020-06-30 12:53:49,897 - TOPOPT - INFO - Ite.: 118  Vol.: 0.300  Ch.: 0.0262  Obj.: 37.0
2020-06-30 12:53:50,112 - TOPOPT - INFO - Ite.: 119  Vol.: 0.300  Ch.: 0.0269  Obj.: 37.0
2020-06-30 12:53:50,332 - TOPOPT - INFO - Ite.: 120  Vol.: 0.300  Ch.: 0.0276  Obj.: 37.0
2020-06-30 12:53:50,547 - TOPOPT - INFO - Ite.: 121  Vol.: 0.300  Ch.: 0.0280  Obj.: 37.0
2020-06-30 12:53:50,754 - TOPOPT - INFO - Ite.: 122  Vol.: 0.300  Ch.: 0.0281  Obj.: 37.0
2020-06-30 12:53:50,971 - TOPOPT - INFO - Ite.: 123  Vol.: 0.300  Ch.: 0.0278  Obj.: 37.0
2020-06-30 12:53:51,127 - TOPOPT - INFO - Ite.: 124  Vol.: 0.300  Ch.: 0.0272  Obj.: 37.0
2020-06-30 12:53:51,338 - TOPOPT - INFO - Ite.: 125  Vol.: 0.300  Ch.: 0.0292  Obj.: 37.0
2020-06-30 12:53:51,549 - TOPOPT - INFO - Ite.: 126  Vol.: 0.300  Ch.: 0.0314  Obj.: 37.0
2020-06-30 12:53:51,766 - TOPOPT - INFO - Ite.: 127  Vol.: 0.300  Ch.: 0.0345  Obj.: 37.0
2020-06-30 12:53:51,962 - TOPOPT - INFO - Ite.: 128  Vol.: 0.300  Ch.: 0.0361  Obj.: 37.0
2020-06-30 12:53:52,171 - TOPOPT - INFO - Ite.: 129  Vol.: 0.300  Ch.: 0.0385  Obj.: 37.0
2020-06-30 12:53:52,380 - TOPOPT - INFO - Ite.: 130  Vol.: 0.300  Ch.: 0.0419  Obj.: 37.0
2020-06-30 12:53:52,575 - TOPOPT - INFO - Ite.: 131  Vol.: 0.300  Ch.: 0.0426  Obj.: 37.0
2020-06-30 12:53:52,792 - TOPOPT - INFO - Ite.: 132  Vol.: 0.300  Ch.: 0.0441  Obj.: 36.9
2020-06-30 12:53:52,995 - TOPOPT - INFO - Ite.: 133  Vol.: 0.300  Ch.: 0.0434  Obj.: 36.9
2020-06-30 12:53:53,170 - TOPOPT - INFO - Ite.: 134  Vol.: 0.300  Ch.: 0.0434  Obj.: 36.9
2020-06-30 12:53:53,386 - TOPOPT - INFO - Ite.: 135  Vol.: 0.300  Ch.: 0.0391  Obj.: 36.9
2020-06-30 12:53:53,598 - TOPOPT - INFO - Ite.: 136  Vol.: 0.300  Ch.: 0.0371  Obj.: 36.9
2020-06-30 12:53:53,811 - TOPOPT - INFO - Ite.: 137  Vol.: 0.300  Ch.: 0.0413  Obj.: 36.9
2020-06-30 12:53:54,028 - TOPOPT - INFO - Ite.: 138  Vol.: 0.300  Ch.: 0.0427  Obj.: 36.9
2020-06-30 12:53:54,229 - TOPOPT - INFO - Ite.: 139  Vol.: 0.300  Ch.: 0.0457  Obj.: 36.9
2020-06-30 12:53:54,435 - TOPOPT - INFO - Ite.: 140  Vol.: 0.300  Ch.: 0.0445  Obj.: 36.9
2020-06-30 12:53:54,662 - TOPOPT - INFO - Ite.: 141  Vol.: 0.300  Ch.: 0.0437  Obj.: 36.9
2020-06-30 12:53:54,863 - TOPOPT - INFO - Ite.: 142  Vol.: 0.300  Ch.: 0.0394  Obj.: 36.9
2020-06-30 12:53:55,074 - TOPOPT - INFO - Ite.: 143  Vol.: 0.300  Ch.: 0.0327  Obj.: 36.9
2020-06-30 12:53:55,302 - TOPOPT - INFO - Ite.: 144  Vol.: 0.300  Ch.: 0.0263  Obj.: 36.9
2020-06-30 12:53:55,523 - TOPOPT - INFO - Ite.: 145  Vol.: 0.300  Ch.: 0.0093  Obj.: 36.9
2020-06-30 12:53:55,729 - TOPOPT - INFO - Ite.: 146  Vol.: 0.300  Ch.: 0.0078  Obj.: 36.9
2020-06-30 12:53:55,946 - TOPOPT - INFO - Ite.: 147  Vol.: 0.300  Ch.: 0.0068  Obj.: 36.9
2020-06-30 12:53:56,156 - TOPOPT - INFO - Ite.: 148  Vol.: 0.300  Ch.: 0.0062  Obj.: 36.9
2020-06-30 12:53:56,376 - TOPOPT - INFO - Ite.: 149  Vol.: 0.300  Ch.: 0.0055  Obj.: 36.9
2020-06-30 12:53:56,587 - TOPOPT - INFO - Ite.: 150  Vol.: 0.300  Ch.: 0.0049  Obj.: 36.9
2020-06-30 12:53:56,805 - TOPOPT - INFO - Ite.: 151  Vol.: 0.300  Ch.: 0.0044  Obj.: 36.9
2020-06-30 12:53:57,026 - TOPOPT - INFO - Ite.: 152  Vol.: 0.300  Ch.: 0.0039  Obj.: 36.9
2020-06-30 12:53:57,231 - TOPOPT - INFO - Ite.: 153  Vol.: 0.300  Ch.: 0.0035  Obj.: 36.9
2020-06-30 12:53:57,462 - TOPOPT - INFO - Ite.: 154  Vol.: 0.300  Ch.: 0.0032  Obj.: 36.9
2020-06-30 12:53:57,673 - TOPOPT - INFO - Ite.: 155  Vol.: 0.300  Ch.: 0.0029  Obj.: 36.9
2020-06-30 12:53:57,890 - TOPOPT - INFO - Ite.: 156  Vol.: 0.300  Ch.: 0.0026  Obj.: 36.9
2020-06-30 12:53:58,086 - TOPOPT - INFO - Ite.: 157  Vol.: 0.300  Ch.: 0.0022  Obj.: 36.9
2020-06-30 12:53:58,309 - TOPOPT - INFO - Ite.: 158  Vol.: 0.300  Ch.: 0.0021  Obj.: 36.9
2020-06-30 12:53:58,512 - TOPOPT - INFO - Ite.: 159  Vol.: 0.300  Ch.: 0.0018  Obj.: 36.9
2020-06-30 12:53:58,732 - TOPOPT - INFO - Ite.: 160  Vol.: 0.300  Ch.: 0.0017  Obj.: 36.9
2020-06-30 12:53:58,952 - TOPOPT - INFO - Ite.: 161  Vol.: 0.300  Ch.: 0.0014  Obj.: 36.9
2020-06-30 12:53:59,138 - TOPOPT - INFO - Ite.: 162  Vol.: 0.300  Ch.: 0.0014  Obj.: 36.9
2020-06-30 12:53:59,343 - TOPOPT - INFO - Ite.: 163  Vol.: 0.300  Ch.: 0.0011  Obj.: 36.9
2020-06-30 12:53:59,568 - TOPOPT - INFO - Ite.: 164  Vol.: 0.300  Ch.: 0.0011  Obj.: 36.9
2020-06-30 12:53:59,871 - TOPOPT - INFO - Ite.: 165  Vol.: 0.300  Ch.: 0.0009  Obj.: 36.9
2020-06-30 12:53:59,901 - TOPOPT - INFO - Ite.: 166  Convergence criterion reached

2020-06-30 12:53:59,902 - TOPOPT - INFO - FINAL OBJECTIVE FUNCTION VALUE     :   24268814978.36029

2020-06-30 12:53:59,903 - TOPOPT - INFO - Black and white filtering data for different threshold values
2020-06-30 12:54:00,320 - TOPOPT - INFO - Threshold value            :   0.1
2020-06-30 12:54:00,321 - TOPOPT - INFO - Volume fraction            :   0.30530821161035204
2020-06-30 12:54:00,326 - TOPOPT - INFO - Objective function value   :   23974914258.625984

2020-06-30 12:54:00,821 - TOPOPT - INFO - Threshold value            :   0.2
2020-06-30 12:54:00,821 - TOPOPT - INFO - Volume fraction            :   0.30530821161035204
2020-06-30 12:54:00,831 - TOPOPT - INFO - Objective function value   :   23974914258.625984

2020-06-30 12:54:01,316 - TOPOPT - INFO - Threshold value            :   0.3
2020-06-30 12:54:01,318 - TOPOPT - INFO - Volume fraction            :   0.30352338254031064
2020-06-30 12:54:01,323 - TOPOPT - INFO - Objective function value   :   24065337934.352177

2020-06-30 12:54:01,732 - TOPOPT - INFO - Threshold value            :   0.4
2020-06-30 12:54:01,733 - TOPOPT - INFO - Volume fraction            :   0.3017385534702693
2020-06-30 12:54:01,737 - TOPOPT - INFO - Objective function value   :   24128369162.070568

2020-06-30 12:54:02,119 - TOPOPT - INFO - Threshold value            :   0.5
2020-06-30 12:54:02,120 - TOPOPT - INFO - Volume fraction            :   0.3008461389352486
2020-06-30 12:54:02,122 - TOPOPT - INFO - Objective function value   :   24159646824.195984

2020-06-30 12:54:02,556 - TOPOPT - INFO - Threshold value            :   0.6
2020-06-30 12:54:02,557 - TOPOPT - INFO - Volume fraction            :   0.2990613098652072
2020-06-30 12:54:02,563 - TOPOPT - INFO - Objective function value   :   24224844629.82641

2020-06-30 12:54:03,022 - TOPOPT - INFO - Threshold value            :   0.7
2020-06-30 12:54:03,023 - TOPOPT - INFO - Volume fraction            :   0.29727648079516583
2020-06-30 12:54:03,029 - TOPOPT - INFO - Objective function value   :   24297299506.48953

2020-06-30 12:54:03,538 - TOPOPT - INFO - Threshold value            :   0.8
2020-06-30 12:54:03,539 - TOPOPT - INFO - Volume fraction            :   0.2945992371901038
2020-06-30 12:54:03,544 - TOPOPT - INFO - Objective function value   :   24357446899.458233

2020-06-30 12:54:03,935 - TOPOPT - INFO - Threshold value            :   0.9
2020-06-30 12:54:03,936 - TOPOPT - INFO - Volume fraction            :   0.29326061538757275
2020-06-30 12:54:03,938 - TOPOPT - INFO - Objective function value   :   24477129675.63911

2020-06-30 12:54:03,939 - TOPOPT - INFO - OPTIMIZATION FINISHED IN 170 SEC. /// 3 MIN.

2020-06-30 12:54:03,940 - TOPOPT - INFO - END OF THE MAIN PROGRAM

2020-06-30 12:54:03,941 - TOPOPT - INFO - YOU CAN CLOSE THIS WINDOW AND CONTINUE IN GRASSHOPPER
