2020-06-30 13:00:42,728 - TOPOPT - INFO - START OF THE MAIN PROGRAM

2020-06-30 13:00:42,784 - TOPOPT - INFO - Total number of finite elements            :   3788
2020-06-30 13:00:42,785 - TOPOPT - INFO - Number of finite elements for filament     :   3788
2020-06-30 13:00:42,786 - TOPOPT - INFO - Number of finite elements for connection   :   0
2020-06-30 13:00:42,787 - TOPOPT - INFO - Total number of design variables           :   3788
2020-06-30 13:00:42,787 - TOPOPT - INFO - Total number of nodes                      :   1125
2020-06-30 13:00:42,787 - TOPOPT - INFO - Total degrees of freedom                   :   6750
2020-06-30 13:00:42,787 - TOPOPT - INFO - Number of free degrees of freedom          :   6743
2020-06-30 13:00:42,788 - TOPOPT - INFO - Volume fraction                            :   0.171917
2020-06-30 13:00:42,788 - TOPOPT - INFO - Penalty factor                             :   3.0
2020-06-30 13:00:42,788 - TOPOPT - INFO - Continuation step                          :   True
2020-06-30 13:00:42,788 - TOPOPT - INFO - Filter length                              :   20.0
2020-06-30 13:00:42,788 - TOPOPT - INFO - Filter approach                            :   SENS
2020-06-30 13:00:42,789 - TOPOPT - INFO - Maximum number of iterations               :   1000.0
2020-06-30 13:00:42,789 - TOPOPT - INFO - Tolerance (max. density change)            :   0.001
2020-06-30 13:00:42,789 - TOPOPT - INFO - Maximum Young's modulus for fil (if x_i=1) :   1.0
2020-06-30 13:00:42,789 - TOPOPT - INFO - Minimum Young's modulus for fil (if x_i=0) :   1e-09
2020-06-30 13:00:42,789 - TOPOPT - INFO - Maximum Young's modulus for con (if x_i=1) :   1.0
2020-06-30 13:00:42,789 - TOPOPT - INFO - Minimum Young's modulus for con (if x_i=0) :   1e-09

2020-06-30 13:00:43,123 - TOPOPT - INFO - Scaling factor for objective function f0   :   0.000
2020-06-30 13:00:43,124 - TOPOPT - INFO - Scaling factor for constraint function f1  :   3788.000

2020-06-30 13:00:43,381 - TOPOPT - INFO - Ite.: 000  Vol.: 0.172  Ch.: 0.0000  Obj.: 2537.6
2020-06-30 13:00:43,592 - TOPOPT - INFO - Ite.: 001  Vol.: 0.172  Ch.: 0.2000  Obj.: 45.6
2020-06-30 13:00:43,809 - TOPOPT - INFO - Ite.: 002  Vol.: 0.172  Ch.: 0.2000  Obj.: 37.7
2020-06-30 13:00:44,014 - TOPOPT - INFO - Ite.: 003  Vol.: 0.172  Ch.: 0.2000  Obj.: 34.6
2020-06-30 13:00:44,227 - TOPOPT - INFO - Ite.: 004  Vol.: 0.172  Ch.: 0.2000  Obj.: 33.0
2020-06-30 13:00:44,426 - TOPOPT - INFO - Ite.: 005  Vol.: 0.172  Ch.: 0.1384  Obj.: 32.2
2020-06-30 13:00:44,647 - TOPOPT - INFO - Ite.: 006  Vol.: 0.172  Ch.: 0.0901  Obj.: 31.7
2020-06-30 13:00:44,842 - TOPOPT - INFO - Ite.: 007  Vol.: 0.172  Ch.: 0.0787  Obj.: 31.4
2020-06-30 13:00:45,012 - TOPOPT - INFO - Ite.: 008  Vol.: 0.172  Ch.: 0.0644  Obj.: 31.2
2020-06-30 13:00:45,201 - TOPOPT - INFO - Ite.: 009  Vol.: 0.172  Ch.: 0.0609  Obj.: 31.0
2020-06-30 13:00:45,390 - TOPOPT - INFO - Ite.: 010  Vol.: 0.172  Ch.: 0.0547  Obj.: 30.9
2020-06-30 13:00:45,565 - TOPOPT - INFO - Ite.: 011  Vol.: 0.172  Ch.: 0.0457  Obj.: 30.8
2020-06-30 13:00:45,749 - TOPOPT - INFO - Ite.: 012  Vol.: 0.172  Ch.: 0.0437  Obj.: 30.7
2020-06-30 13:00:45,933 - TOPOPT - INFO - Ite.: 013  Vol.: 0.172  Ch.: 0.0386  Obj.: 30.6
2020-06-30 13:00:46,092 - TOPOPT - INFO - Ite.: 014  Vol.: 0.172  Ch.: 0.0371  Obj.: 30.5
2020-06-30 13:00:46,225 - TOPOPT - INFO - Ite.: 015  Vol.: 0.172  Ch.: 0.0363  Obj.: 30.5
2020-06-30 13:00:46,335 - TOPOPT - INFO - Ite.: 016  Vol.: 0.172  Ch.: 0.0350  Obj.: 30.5
2020-06-30 13:00:46,446 - TOPOPT - INFO - Ite.: 017  Vol.: 0.172  Ch.: 0.0338  Obj.: 30.4
2020-06-30 13:00:46,558 - TOPOPT - INFO - Ite.: 018  Vol.: 0.172  Ch.: 0.0326  Obj.: 30.4
2020-06-30 13:00:46,671 - TOPOPT - INFO - Ite.: 019  Vol.: 0.172  Ch.: 0.0313  Obj.: 30.3
2020-06-30 13:00:46,800 - TOPOPT - INFO - Ite.: 020  Vol.: 0.172  Ch.: 0.0268  Obj.: 30.3
2020-06-30 13:00:46,908 - TOPOPT - INFO - Ite.: 021  Vol.: 0.172  Ch.: 0.0273  Obj.: 30.6
2020-06-30 13:00:47,014 - TOPOPT - INFO - Ite.: 022  Vol.: 0.172  Ch.: 0.0325  Obj.: 30.9
2020-06-30 13:00:47,140 - TOPOPT - INFO - Ite.: 023  Vol.: 0.172  Ch.: 0.0376  Obj.: 31.1
2020-06-30 13:00:47,313 - TOPOPT - INFO - Ite.: 024  Vol.: 0.172  Ch.: 0.0423  Obj.: 31.4
2020-06-30 13:00:47,458 - TOPOPT - INFO - Ite.: 025  Vol.: 0.172  Ch.: 0.0446  Obj.: 31.6
2020-06-30 13:00:47,623 - TOPOPT - INFO - Ite.: 026  Vol.: 0.172  Ch.: 0.0487  Obj.: 31.8
2020-06-30 13:00:47,795 - TOPOPT - INFO - Ite.: 027  Vol.: 0.172  Ch.: 0.0561  Obj.: 32.0
2020-06-30 13:00:47,968 - TOPOPT - INFO - Ite.: 028  Vol.: 0.172  Ch.: 0.0623  Obj.: 32.2
2020-06-30 13:00:48,137 - TOPOPT - INFO - Ite.: 029  Vol.: 0.172  Ch.: 0.0702  Obj.: 32.3
2020-06-30 13:00:48,323 - TOPOPT - INFO - Ite.: 030  Vol.: 0.172  Ch.: 0.0747  Obj.: 32.4
2020-06-30 13:00:48,507 - TOPOPT - INFO - Ite.: 031  Vol.: 0.172  Ch.: 0.0758  Obj.: 32.5
2020-06-30 13:00:48,702 - TOPOPT - INFO - Ite.: 032  Vol.: 0.172  Ch.: 0.0687  Obj.: 32.6
2020-06-30 13:00:48,901 - TOPOPT - INFO - Ite.: 033  Vol.: 0.172  Ch.: 0.0732  Obj.: 32.6
2020-06-30 13:00:49,033 - TOPOPT - INFO - Ite.: 034  Vol.: 0.172  Ch.: 0.0625  Obj.: 32.6
2020-06-30 13:00:49,155 - TOPOPT - INFO - Ite.: 035  Vol.: 0.172  Ch.: 0.0653  Obj.: 32.6
2020-06-30 13:00:49,284 - TOPOPT - INFO - Ite.: 036  Vol.: 0.172  Ch.: 0.0688  Obj.: 32.6
2020-06-30 13:00:49,463 - TOPOPT - INFO - Ite.: 037  Vol.: 0.172  Ch.: 0.0747  Obj.: 32.5
2020-06-30 13:00:49,632 - TOPOPT - INFO - Ite.: 038  Vol.: 0.172  Ch.: 0.0784  Obj.: 32.5
2020-06-30 13:00:49,814 - TOPOPT - INFO - Ite.: 039  Vol.: 0.172  Ch.: 0.0780  Obj.: 32.4
2020-06-30 13:00:50,001 - TOPOPT - INFO - Ite.: 040  Vol.: 0.172  Ch.: 0.0745  Obj.: 32.3
2020-06-30 13:00:50,177 - TOPOPT - INFO - Ite.: 041  Vol.: 0.172  Ch.: 0.0677  Obj.: 32.3
2020-06-30 13:00:50,346 - TOPOPT - INFO - Ite.: 042  Vol.: 0.172  Ch.: 0.0626  Obj.: 32.2
2020-06-30 13:00:50,526 - TOPOPT - INFO - Ite.: 043  Vol.: 0.172  Ch.: 0.0498  Obj.: 32.2
2020-06-30 13:00:50,711 - TOPOPT - INFO - Ite.: 044  Vol.: 0.172  Ch.: 0.0465  Obj.: 32.1
2020-06-30 13:00:50,888 - TOPOPT - INFO - Ite.: 045  Vol.: 0.172  Ch.: 0.0530  Obj.: 32.1
2020-06-30 13:00:51,084 - TOPOPT - INFO - Ite.: 046  Vol.: 0.172  Ch.: 0.0605  Obj.: 32.1
2020-06-30 13:00:51,271 - TOPOPT - INFO - Ite.: 047  Vol.: 0.172  Ch.: 0.0654  Obj.: 32.1
2020-06-30 13:00:51,439 - TOPOPT - INFO - Ite.: 048  Vol.: 0.172  Ch.: 0.0595  Obj.: 32.1
2020-06-30 13:00:51,617 - TOPOPT - INFO - Ite.: 049  Vol.: 0.172  Ch.: 0.0536  Obj.: 32.1
2020-06-30 13:00:51,789 - TOPOPT - INFO - Ite.: 050  Vol.: 0.172  Ch.: 0.0557  Obj.: 32.1
2020-06-30 13:00:51,953 - TOPOPT - INFO - Ite.: 051  Vol.: 0.172  Ch.: 0.0596  Obj.: 32.2
2020-06-30 13:00:52,100 - TOPOPT - INFO - Ite.: 052  Vol.: 0.172  Ch.: 0.0647  Obj.: 32.2
2020-06-30 13:00:52,282 - TOPOPT - INFO - Ite.: 053  Vol.: 0.172  Ch.: 0.0724  Obj.: 32.2
2020-06-30 13:00:52,446 - TOPOPT - INFO - Ite.: 054  Vol.: 0.172  Ch.: 0.0814  Obj.: 32.2
2020-06-30 13:00:52,567 - TOPOPT - INFO - Ite.: 055  Vol.: 0.172  Ch.: 0.0895  Obj.: 32.2
2020-06-30 13:00:52,678 - TOPOPT - INFO - Ite.: 056  Vol.: 0.172  Ch.: 0.0922  Obj.: 32.2
2020-06-30 13:00:52,788 - TOPOPT - INFO - Ite.: 057  Vol.: 0.172  Ch.: 0.0820  Obj.: 32.2
2020-06-30 13:00:52,923 - TOPOPT - INFO - Ite.: 058  Vol.: 0.172  Ch.: 0.0564  Obj.: 32.2
2020-06-30 13:00:53,047 - TOPOPT - INFO - Ite.: 059  Vol.: 0.172  Ch.: 0.0287  Obj.: 32.2
2020-06-30 13:00:53,165 - TOPOPT - INFO - Ite.: 060  Vol.: 0.172  Ch.: 0.0240  Obj.: 32.2
2020-06-30 13:00:53,283 - TOPOPT - INFO - Ite.: 061  Vol.: 0.172  Ch.: 0.0207  Obj.: 32.3
2020-06-30 13:00:53,408 - TOPOPT - INFO - Ite.: 062  Vol.: 0.172  Ch.: 0.0187  Obj.: 32.3
2020-06-30 13:00:53,585 - TOPOPT - INFO - Ite.: 063  Vol.: 0.172  Ch.: 0.0175  Obj.: 32.4
2020-06-30 13:00:53,748 - TOPOPT - INFO - Ite.: 064  Vol.: 0.172  Ch.: 0.0185  Obj.: 32.4
2020-06-30 13:00:53,918 - TOPOPT - INFO - Ite.: 065  Vol.: 0.172  Ch.: 0.0203  Obj.: 32.5
2020-06-30 13:00:54,092 - TOPOPT - INFO - Ite.: 066  Vol.: 0.172  Ch.: 0.0224  Obj.: 32.5
2020-06-30 13:00:54,261 - TOPOPT - INFO - Ite.: 067  Vol.: 0.172  Ch.: 0.0250  Obj.: 32.6
2020-06-30 13:00:54,444 - TOPOPT - INFO - Ite.: 068  Vol.: 0.172  Ch.: 0.0287  Obj.: 32.6
2020-06-30 13:00:54,614 - TOPOPT - INFO - Ite.: 069  Vol.: 0.172  Ch.: 0.0324  Obj.: 32.7
2020-06-30 13:00:54,786 - TOPOPT - INFO - Ite.: 070  Vol.: 0.172  Ch.: 0.0358  Obj.: 32.7
2020-06-30 13:00:54,974 - TOPOPT - INFO - Ite.: 071  Vol.: 0.172  Ch.: 0.0402  Obj.: 32.8
2020-06-30 13:00:55,162 - TOPOPT - INFO - Ite.: 072  Vol.: 0.172  Ch.: 0.0458  Obj.: 32.8
2020-06-30 13:00:55,344 - TOPOPT - INFO - Ite.: 073  Vol.: 0.172  Ch.: 0.0483  Obj.: 32.8
2020-06-30 13:00:55,519 - TOPOPT - INFO - Ite.: 074  Vol.: 0.172  Ch.: 0.0495  Obj.: 32.9
2020-06-30 13:00:55,701 - TOPOPT - INFO - Ite.: 075  Vol.: 0.172  Ch.: 0.0469  Obj.: 32.9
2020-06-30 13:00:55,898 - TOPOPT - INFO - Ite.: 076  Vol.: 0.172  Ch.: 0.0391  Obj.: 32.9
2020-06-30 13:00:56,101 - TOPOPT - INFO - Ite.: 077  Vol.: 0.172  Ch.: 0.0270  Obj.: 32.9
2020-06-30 13:00:56,304 - TOPOPT - INFO - Ite.: 078  Vol.: 0.172  Ch.: 0.0152  Obj.: 32.9
2020-06-30 13:00:56,494 - TOPOPT - INFO - Ite.: 079  Vol.: 0.172  Ch.: 0.0078  Obj.: 32.9
2020-06-30 13:00:56,659 - TOPOPT - INFO - Ite.: 080  Vol.: 0.172  Ch.: 0.0055  Obj.: 32.9
2020-06-30 13:00:56,843 - TOPOPT - INFO - Ite.: 081  Vol.: 0.172  Ch.: 0.0038  Obj.: 32.9
2020-06-30 13:00:57,028 - TOPOPT - INFO - Ite.: 082  Vol.: 0.172  Ch.: 0.0026  Obj.: 32.9
2020-06-30 13:00:57,221 - TOPOPT - INFO - Ite.: 083  Vol.: 0.172  Ch.: 0.0013  Obj.: 32.9
2020-06-30 13:00:57,395 - TOPOPT - INFO - Ite.: 084  Vol.: 0.172  Ch.: 0.0009  Obj.: 32.9
2020-06-30 13:00:57,413 - TOPOPT - INFO - Ite.: 085  Convergence criterion reached

2020-06-30 13:00:57,414 - TOPOPT - INFO - FINAL OBJECTIVE FUNCTION VALUE     :   20755721409.871384

2020-06-30 13:00:57,417 - TOPOPT - INFO - Black and white filtering data for different threshold values
2020-06-30 13:00:57,602 - TOPOPT - INFO - Threshold value            :   0.1
2020-06-30 13:00:57,602 - TOPOPT - INFO - Volume fraction            :   0.19159598899945668
2020-06-30 13:00:57,603 - TOPOPT - INFO - Objective function value   :   348187040548.61597

2020-06-30 13:00:57,775 - TOPOPT - INFO - Threshold value            :   0.2
2020-06-30 13:00:57,775 - TOPOPT - INFO - Volume fraction            :   0.1829171556908594
2020-06-30 13:00:57,776 - TOPOPT - INFO - Objective function value   :   1279259504127.8364

2020-06-30 13:00:57,957 - TOPOPT - INFO - Threshold value            :   0.3
2020-06-30 13:00:57,957 - TOPOPT - INFO - Volume fraction            :   0.17857773903656074
2020-06-30 13:00:57,957 - TOPOPT - INFO - Objective function value   :   1747455720433.5618

2020-06-30 13:00:58,130 - TOPOPT - INFO - Threshold value            :   0.4
2020-06-30 13:00:58,130 - TOPOPT - INFO - Volume fraction            :   0.17532317654583673
2020-06-30 13:00:58,131 - TOPOPT - INFO - Objective function value   :   1803172422584.9683

2020-06-30 13:00:58,294 - TOPOPT - INFO - Threshold value            :   0.5
2020-06-30 13:00:58,294 - TOPOPT - INFO - Volume fraction            :   0.17206861405511276
2020-06-30 13:00:58,295 - TOPOPT - INFO - Objective function value   :   5436503642747.465

2020-06-30 13:00:58,433 - TOPOPT - INFO - Threshold value            :   0.6
2020-06-30 13:00:58,433 - TOPOPT - INFO - Volume fraction            :   0.16738773162977771
2020-06-30 13:00:58,434 - TOPOPT - INFO - Objective function value   :   6060090128039.818

2020-06-30 13:00:58,608 - TOPOPT - INFO - Threshold value            :   0.7
2020-06-30 13:00:58,609 - TOPOPT - INFO - Volume fraction            :   0.1641331691390537
2020-06-30 13:00:58,610 - TOPOPT - INFO - Objective function value   :   16283050668293.252

2020-06-30 13:00:58,757 - TOPOPT - INFO - Threshold value            :   0.8
2020-06-30 13:00:58,758 - TOPOPT - INFO - Volume fraction            :   0.15781492932661245
2020-06-30 13:00:58,759 - TOPOPT - INFO - Objective function value   :   32059853442990.55

2020-06-30 13:00:58,940 - TOPOPT - INFO - Threshold value            :   0.9
2020-06-30 13:00:58,940 - TOPOPT - INFO - Volume fraction            :   0.15528360294493826
2020-06-30 13:00:58,941 - TOPOPT - INFO - Objective function value   :   7141838631709158.0

2020-06-30 13:00:58,942 - TOPOPT - INFO - OPTIMIZATION FINISHED IN 74 SEC. /// 1 MIN.

2020-06-30 13:00:58,942 - TOPOPT - INFO - END OF THE MAIN PROGRAM

2020-06-30 13:00:58,943 - TOPOPT - INFO - YOU CAN CLOSE THIS WINDOW AND CONTINUE IN GRASSHOPPER
