2020-06-30 13:17:10,665 - TOPOPT - INFO - START OF THE MAIN PROGRAM

2020-06-30 13:17:10,706 - TOPOPT - INFO - Total number of finite elements            :   3788
2020-06-30 13:17:10,707 - TOPOPT - INFO - Number of finite elements for filament     :   3788
2020-06-30 13:17:10,708 - TOPOPT - INFO - Number of finite elements for connection   :   0
2020-06-30 13:17:10,708 - TOPOPT - INFO - Total number of design variables           :   3788
2020-06-30 13:17:10,708 - TOPOPT - INFO - Total number of nodes                      :   1125
2020-06-30 13:17:10,709 - TOPOPT - INFO - Total degrees of freedom                   :   6750
2020-06-30 13:17:10,709 - TOPOPT - INFO - Number of free degrees of freedom          :   6611
2020-06-30 13:17:10,709 - TOPOPT - INFO - Volume fraction                            :   0.171917
2020-06-30 13:17:10,709 - TOPOPT - INFO - Penalty factor                             :   3.0
2020-06-30 13:17:10,709 - TOPOPT - INFO - Continuation step                          :   True
2020-06-30 13:17:10,710 - TOPOPT - INFO - Filter length                              :   80.0
2020-06-30 13:17:10,710 - TOPOPT - INFO - Filter approach                            :   SENS
2020-06-30 13:17:10,710 - TOPOPT - INFO - Maximum number of iterations               :   1000.0
2020-06-30 13:17:10,710 - TOPOPT - INFO - Tolerance (max. density change)            :   0.001
2020-06-30 13:17:10,710 - TOPOPT - INFO - Maximum Young's modulus for fil (if x_i=1) :   1.0
2020-06-30 13:17:10,710 - TOPOPT - INFO - Minimum Young's modulus for fil (if x_i=0) :   1e-09
2020-06-30 13:17:10,711 - TOPOPT - INFO - Maximum Young's modulus for con (if x_i=1) :   1.0
2020-06-30 13:17:10,711 - TOPOPT - INFO - Minimum Young's modulus for con (if x_i=0) :   1e-09

2020-06-30 13:17:10,978 - TOPOPT - INFO - Scaling factor for objective function f0   :   0.000
2020-06-30 13:17:10,978 - TOPOPT - INFO - Scaling factor for constraint function f1  :   3788.000

2020-06-30 13:17:11,154 - TOPOPT - INFO - Ite.: 000  Vol.: 0.172  Ch.: 0.0000  Obj.: 2537.6
2020-06-30 13:17:11,311 - TOPOPT - INFO - Ite.: 001  Vol.: 0.172  Ch.: 0.1458  Obj.: 59.8
2020-06-30 13:17:11,464 - TOPOPT - INFO - Ite.: 002  Vol.: 0.172  Ch.: 0.1671  Obj.: 52.4
2020-06-30 13:17:11,624 - TOPOPT - INFO - Ite.: 003  Vol.: 0.172  Ch.: 0.1667  Obj.: 48.3
2020-06-30 13:17:11,788 - TOPOPT - INFO - Ite.: 004  Vol.: 0.172  Ch.: 0.1473  Obj.: 45.8
2020-06-30 13:17:11,941 - TOPOPT - INFO - Ite.: 005  Vol.: 0.172  Ch.: 0.1175  Obj.: 44.1
2020-06-30 13:17:12,096 - TOPOPT - INFO - Ite.: 006  Vol.: 0.172  Ch.: 0.0978  Obj.: 43.0
2020-06-30 13:17:12,257 - TOPOPT - INFO - Ite.: 007  Vol.: 0.172  Ch.: 0.0900  Obj.: 42.2
2020-06-30 13:17:12,414 - TOPOPT - INFO - Ite.: 008  Vol.: 0.172  Ch.: 0.0904  Obj.: 41.8
2020-06-30 13:17:12,568 - TOPOPT - INFO - Ite.: 009  Vol.: 0.172  Ch.: 0.0918  Obj.: 41.5
2020-06-30 13:17:12,728 - TOPOPT - INFO - Ite.: 010  Vol.: 0.172  Ch.: 0.0855  Obj.: 41.3
2020-06-30 13:17:12,858 - TOPOPT - INFO - Ite.: 011  Vol.: 0.172  Ch.: 0.0828  Obj.: 41.2
2020-06-30 13:17:13,000 - TOPOPT - INFO - Ite.: 012  Vol.: 0.172  Ch.: 0.0859  Obj.: 41.1
2020-06-30 13:17:13,163 - TOPOPT - INFO - Ite.: 013  Vol.: 0.172  Ch.: 0.0833  Obj.: 41.0
2020-06-30 13:17:13,335 - TOPOPT - INFO - Ite.: 014  Vol.: 0.172  Ch.: 0.0602  Obj.: 41.0
2020-06-30 13:17:13,450 - TOPOPT - INFO - Ite.: 015  Vol.: 0.172  Ch.: 0.0475  Obj.: 41.0
2020-06-30 13:17:13,560 - TOPOPT - INFO - Ite.: 016  Vol.: 0.172  Ch.: 0.0455  Obj.: 41.0
2020-06-30 13:17:13,688 - TOPOPT - INFO - Ite.: 017  Vol.: 0.172  Ch.: 0.0434  Obj.: 40.9
2020-06-30 13:17:13,852 - TOPOPT - INFO - Ite.: 018  Vol.: 0.172  Ch.: 0.0414  Obj.: 40.9
2020-06-30 13:17:14,012 - TOPOPT - INFO - Ite.: 019  Vol.: 0.172  Ch.: 0.0426  Obj.: 40.8
2020-06-30 13:17:14,190 - TOPOPT - INFO - Ite.: 020  Vol.: 0.172  Ch.: 0.0450  Obj.: 40.8
2020-06-30 13:17:14,370 - TOPOPT - INFO - Ite.: 021  Vol.: 0.172  Ch.: 0.0466  Obj.: 41.1
2020-06-30 13:17:14,560 - TOPOPT - INFO - Ite.: 022  Vol.: 0.172  Ch.: 0.0568  Obj.: 41.4
2020-06-30 13:17:14,743 - TOPOPT - INFO - Ite.: 023  Vol.: 0.172  Ch.: 0.0686  Obj.: 41.7
2020-06-30 13:17:14,909 - TOPOPT - INFO - Ite.: 024  Vol.: 0.172  Ch.: 0.0815  Obj.: 42.0
2020-06-30 13:17:15,075 - TOPOPT - INFO - Ite.: 025  Vol.: 0.172  Ch.: 0.0862  Obj.: 42.3
2020-06-30 13:17:15,246 - TOPOPT - INFO - Ite.: 026  Vol.: 0.172  Ch.: 0.0703  Obj.: 42.6
2020-06-30 13:17:15,419 - TOPOPT - INFO - Ite.: 027  Vol.: 0.172  Ch.: 0.0748  Obj.: 42.8
2020-06-30 13:17:15,584 - TOPOPT - INFO - Ite.: 028  Vol.: 0.172  Ch.: 0.0921  Obj.: 42.9
2020-06-30 13:17:15,758 - TOPOPT - INFO - Ite.: 029  Vol.: 0.172  Ch.: 0.1118  Obj.: 43.0
2020-06-30 13:17:15,934 - TOPOPT - INFO - Ite.: 030  Vol.: 0.172  Ch.: 0.1067  Obj.: 43.1
2020-06-30 13:17:16,099 - TOPOPT - INFO - Ite.: 031  Vol.: 0.172  Ch.: 0.0308  Obj.: 43.3
2020-06-30 13:17:16,265 - TOPOPT - INFO - Ite.: 032  Vol.: 0.172  Ch.: 0.0361  Obj.: 43.3
2020-06-30 13:17:16,434 - TOPOPT - INFO - Ite.: 033  Vol.: 0.172  Ch.: 0.0429  Obj.: 43.4
2020-06-30 13:17:16,592 - TOPOPT - INFO - Ite.: 034  Vol.: 0.172  Ch.: 0.0515  Obj.: 43.4
2020-06-30 13:17:16,723 - TOPOPT - INFO - Ite.: 035  Vol.: 0.172  Ch.: 0.0620  Obj.: 43.5
2020-06-30 13:17:16,835 - TOPOPT - INFO - Ite.: 036  Vol.: 0.172  Ch.: 0.0745  Obj.: 43.4
2020-06-30 13:17:16,968 - TOPOPT - INFO - Ite.: 037  Vol.: 0.172  Ch.: 0.0888  Obj.: 43.4
2020-06-30 13:17:17,148 - TOPOPT - INFO - Ite.: 038  Vol.: 0.172  Ch.: 0.1047  Obj.: 43.3
2020-06-30 13:17:17,318 - TOPOPT - INFO - Ite.: 039  Vol.: 0.172  Ch.: 0.1185  Obj.: 43.1
2020-06-30 13:17:17,492 - TOPOPT - INFO - Ite.: 040  Vol.: 0.172  Ch.: 0.1256  Obj.: 42.9
2020-06-30 13:17:17,663 - TOPOPT - INFO - Ite.: 041  Vol.: 0.172  Ch.: 0.1444  Obj.: 43.0
2020-06-30 13:17:17,828 - TOPOPT - INFO - Ite.: 042  Vol.: 0.172  Ch.: 0.1281  Obj.: 43.1
2020-06-30 13:17:17,996 - TOPOPT - INFO - Ite.: 043  Vol.: 0.172  Ch.: 0.0613  Obj.: 43.2
2020-06-30 13:17:18,146 - TOPOPT - INFO - Ite.: 044  Vol.: 0.172  Ch.: 0.0480  Obj.: 43.2
2020-06-30 13:17:18,305 - TOPOPT - INFO - Ite.: 045  Vol.: 0.172  Ch.: 0.0360  Obj.: 43.3
2020-06-30 13:17:18,457 - TOPOPT - INFO - Ite.: 046  Vol.: 0.172  Ch.: 0.0282  Obj.: 43.3
2020-06-30 13:17:18,631 - TOPOPT - INFO - Ite.: 047  Vol.: 0.172  Ch.: 0.0208  Obj.: 43.4
2020-06-30 13:17:18,758 - TOPOPT - INFO - Ite.: 048  Vol.: 0.172  Ch.: 0.0186  Obj.: 43.4
2020-06-30 13:17:18,883 - TOPOPT - INFO - Ite.: 049  Vol.: 0.172  Ch.: 0.0181  Obj.: 43.4
2020-06-30 13:17:18,999 - TOPOPT - INFO - Ite.: 050  Vol.: 0.172  Ch.: 0.0151  Obj.: 43.5
2020-06-30 13:17:19,119 - TOPOPT - INFO - Ite.: 051  Vol.: 0.172  Ch.: 0.0101  Obj.: 43.6
2020-06-30 13:17:19,289 - TOPOPT - INFO - Ite.: 052  Vol.: 0.172  Ch.: 0.0152  Obj.: 43.6
2020-06-30 13:17:19,469 - TOPOPT - INFO - Ite.: 053  Vol.: 0.172  Ch.: 0.0164  Obj.: 43.7
2020-06-30 13:17:19,672 - TOPOPT - INFO - Ite.: 054  Vol.: 0.172  Ch.: 0.0152  Obj.: 43.8
2020-06-30 13:17:19,870 - TOPOPT - INFO - Ite.: 055  Vol.: 0.172  Ch.: 0.0149  Obj.: 43.9
2020-06-30 13:17:20,059 - TOPOPT - INFO - Ite.: 056  Vol.: 0.172  Ch.: 0.0164  Obj.: 44.0
2020-06-30 13:17:20,242 - TOPOPT - INFO - Ite.: 057  Vol.: 0.172  Ch.: 0.0175  Obj.: 44.1
2020-06-30 13:17:20,401 - TOPOPT - INFO - Ite.: 058  Vol.: 0.172  Ch.: 0.0185  Obj.: 44.2
2020-06-30 13:17:20,522 - TOPOPT - INFO - Ite.: 059  Vol.: 0.172  Ch.: 0.0195  Obj.: 44.3
2020-06-30 13:17:20,646 - TOPOPT - INFO - Ite.: 060  Vol.: 0.172  Ch.: 0.0189  Obj.: 44.4
2020-06-30 13:17:20,765 - TOPOPT - INFO - Ite.: 061  Vol.: 0.172  Ch.: 0.0167  Obj.: 44.5
2020-06-30 13:17:20,882 - TOPOPT - INFO - Ite.: 062  Vol.: 0.172  Ch.: 0.0204  Obj.: 44.6
2020-06-30 13:17:21,000 - TOPOPT - INFO - Ite.: 063  Vol.: 0.172  Ch.: 0.0229  Obj.: 44.8
2020-06-30 13:17:21,139 - TOPOPT - INFO - Ite.: 064  Vol.: 0.172  Ch.: 0.0243  Obj.: 44.9
2020-06-30 13:17:21,265 - TOPOPT - INFO - Ite.: 065  Vol.: 0.172  Ch.: 0.0219  Obj.: 45.0
2020-06-30 13:17:21,384 - TOPOPT - INFO - Ite.: 066  Vol.: 0.172  Ch.: 0.0207  Obj.: 45.2
2020-06-30 13:17:21,508 - TOPOPT - INFO - Ite.: 067  Vol.: 0.172  Ch.: 0.0214  Obj.: 45.3
2020-06-30 13:17:21,635 - TOPOPT - INFO - Ite.: 068  Vol.: 0.172  Ch.: 0.0222  Obj.: 45.5
2020-06-30 13:17:21,759 - TOPOPT - INFO - Ite.: 069  Vol.: 0.172  Ch.: 0.0232  Obj.: 45.7
2020-06-30 13:17:21,875 - TOPOPT - INFO - Ite.: 070  Vol.: 0.172  Ch.: 0.0243  Obj.: 45.9
2020-06-30 13:17:21,994 - TOPOPT - INFO - Ite.: 071  Vol.: 0.172  Ch.: 0.0253  Obj.: 46.1
2020-06-30 13:17:22,117 - TOPOPT - INFO - Ite.: 072  Vol.: 0.172  Ch.: 0.0263  Obj.: 46.4
2020-06-30 13:17:22,229 - TOPOPT - INFO - Ite.: 073  Vol.: 0.172  Ch.: 0.0272  Obj.: 46.6
2020-06-30 13:17:22,357 - TOPOPT - INFO - Ite.: 074  Vol.: 0.172  Ch.: 0.0282  Obj.: 46.9
2020-06-30 13:17:22,487 - TOPOPT - INFO - Ite.: 075  Vol.: 0.172  Ch.: 0.0294  Obj.: 47.1
2020-06-30 13:17:22,615 - TOPOPT - INFO - Ite.: 076  Vol.: 0.172  Ch.: 0.0306  Obj.: 47.2
2020-06-30 13:17:22,752 - TOPOPT - INFO - Ite.: 077  Vol.: 0.172  Ch.: 0.0237  Obj.: 47.2
2020-06-30 13:17:22,895 - TOPOPT - INFO - Ite.: 078  Vol.: 0.172  Ch.: 0.0176  Obj.: 47.3
2020-06-30 13:17:23,036 - TOPOPT - INFO - Ite.: 079  Vol.: 0.172  Ch.: 0.0142  Obj.: 47.3
2020-06-30 13:17:23,172 - TOPOPT - INFO - Ite.: 080  Vol.: 0.172  Ch.: 0.0120  Obj.: 47.3
2020-06-30 13:17:23,315 - TOPOPT - INFO - Ite.: 081  Vol.: 0.172  Ch.: 0.0096  Obj.: 47.3
2020-06-30 13:17:23,436 - TOPOPT - INFO - Ite.: 082  Vol.: 0.172  Ch.: 0.0079  Obj.: 47.3
2020-06-30 13:17:23,557 - TOPOPT - INFO - Ite.: 083  Vol.: 0.172  Ch.: 0.0063  Obj.: 47.3
2020-06-30 13:17:23,675 - TOPOPT - INFO - Ite.: 084  Vol.: 0.172  Ch.: 0.0054  Obj.: 47.3
2020-06-30 13:17:23,800 - TOPOPT - INFO - Ite.: 085  Vol.: 0.172  Ch.: 0.0046  Obj.: 47.4
2020-06-30 13:17:23,929 - TOPOPT - INFO - Ite.: 086  Vol.: 0.172  Ch.: 0.0036  Obj.: 47.4
2020-06-30 13:17:24,047 - TOPOPT - INFO - Ite.: 087  Vol.: 0.172  Ch.: 0.0030  Obj.: 47.4
2020-06-30 13:17:24,168 - TOPOPT - INFO - Ite.: 088  Vol.: 0.172  Ch.: 0.0024  Obj.: 47.4
2020-06-30 13:17:24,285 - TOPOPT - INFO - Ite.: 089  Vol.: 0.172  Ch.: 0.0018  Obj.: 47.4
2020-06-30 13:17:24,398 - TOPOPT - INFO - Ite.: 090  Vol.: 0.172  Ch.: 0.0015  Obj.: 47.4
2020-06-30 13:17:24,517 - TOPOPT - INFO - Ite.: 091  Vol.: 0.172  Ch.: 0.0013  Obj.: 47.4
2020-06-30 13:17:24,623 - TOPOPT - INFO - Ite.: 092  Vol.: 0.172  Ch.: 0.0010  Obj.: 47.4
2020-06-30 13:17:24,638 - TOPOPT - INFO - Ite.: 093  Convergence criterion reached

2020-06-30 13:17:24,638 - TOPOPT - INFO - FINAL OBJECTIVE FUNCTION VALUE     :   752935213.0891243

2020-06-30 13:17:24,639 - TOPOPT - INFO - Black and white filtering data for different threshold values
2020-06-30 13:17:24,784 - TOPOPT - INFO - Threshold value            :   0.1
2020-06-30 13:17:24,784 - TOPOPT - INFO - Volume fraction            :   0.22613692917178171
2020-06-30 13:17:24,785 - TOPOPT - INFO - Objective function value   :   576716261.675605

2020-06-30 13:17:24,967 - TOPOPT - INFO - Threshold value            :   0.2
2020-06-30 13:17:24,967 - TOPOPT - INFO - Volume fraction            :   0.18413218401997342
2020-06-30 13:17:24,968 - TOPOPT - INFO - Objective function value   :   2876770759056.8394

2020-06-30 13:17:25,138 - TOPOPT - INFO - Threshold value            :   0.3
2020-06-30 13:17:25,138 - TOPOPT - INFO - Volume fraction            :   0.1690524655669588
2020-06-30 13:17:25,139 - TOPOPT - INFO - Objective function value   :   16733878455010.027

2020-06-30 13:17:25,330 - TOPOPT - INFO - Threshold value            :   0.4
2020-06-30 13:17:25,331 - TOPOPT - INFO - Volume fraction            :   0.1690524655669588
2020-06-30 13:17:25,334 - TOPOPT - INFO - Objective function value   :   16733878455010.027

2020-06-30 13:17:25,514 - TOPOPT - INFO - Threshold value            :   0.5
2020-06-30 13:17:25,514 - TOPOPT - INFO - Volume fraction            :   0.16291560368166197
2020-06-30 13:17:25,515 - TOPOPT - INFO - Objective function value   :   19440834901288.598

2020-06-30 13:17:25,744 - TOPOPT - INFO - Threshold value            :   0.6
2020-06-30 13:17:25,745 - TOPOPT - INFO - Volume fraction            :   0.16189279336744586
2020-06-30 13:17:25,746 - TOPOPT - INFO - Objective function value   :   19443699745056.73

2020-06-30 13:17:25,986 - TOPOPT - INFO - Threshold value            :   0.7
2020-06-30 13:17:25,987 - TOPOPT - INFO - Volume fraction            :   0.1526875005395006
2020-06-30 13:17:25,988 - TOPOPT - INFO - Objective function value   :   21963710237667.15

2020-06-30 13:17:26,207 - TOPOPT - INFO - Threshold value            :   0.8
2020-06-30 13:17:26,207 - TOPOPT - INFO - Volume fraction            :   0.15107029543588285
2020-06-30 13:17:26,211 - TOPOPT - INFO - Objective function value   :   22167999648014.645

2020-06-30 13:17:26,514 - TOPOPT - INFO - Threshold value            :   0.9
2020-06-30 13:17:26,514 - TOPOPT - INFO - Volume fraction            :   0.14945309033226511
2020-06-30 13:17:26,519 - TOPOPT - INFO - Objective function value   :   26092365491990.72

2020-06-30 13:17:26,520 - TOPOPT - INFO - OPTIMIZATION FINISHED IN 53 SEC. /// 1 MIN.

2020-06-30 13:17:26,522 - TOPOPT - INFO - END OF THE MAIN PROGRAM

2020-06-30 13:17:26,523 - TOPOPT - INFO - YOU CAN CLOSE THIS WINDOW AND CONTINUE IN GRASSHOPPER
