2019-01-24 15:06:25,025 - TOPOPT_UNMASKED - INFO - START OF THE MAIN PROGRAM

2019-01-24 15:06:26,321 - TOPOPT_UNMASKED - INFO - Number of finite elements                  :   135350
2019-01-24 15:06:26,321 - TOPOPT_UNMASKED - INFO - Number of nodes                            :   30351
2019-01-24 15:06:26,321 - TOPOPT_UNMASKED - INFO - Total degrees of freedom                   :   91053
2019-01-24 15:06:26,321 - TOPOPT_UNMASKED - INFO - Number of free degrees of freedom          :   60699
2019-01-24 15:06:26,321 - TOPOPT_UNMASKED - INFO - Algoritmn for finding design variables x   :   OC
2019-01-24 15:06:26,321 - TOPOPT_UNMASKED - INFO - Volume fraction                            :   0.2601788053
2019-01-24 15:06:26,321 - TOPOPT_UNMASKED - INFO - Penalty factor                             :   3.0
2019-01-24 15:06:26,321 - TOPOPT_UNMASKED - INFO - Continuation step                          :   False
2019-01-24 15:06:26,325 - TOPOPT_UNMASKED - INFO - Filter length                              :   64.0
2019-01-24 15:06:26,325 - TOPOPT_UNMASKED - INFO - Filter approach                            :   SENS
2019-01-24 15:06:26,325 - TOPOPT_UNMASKED - INFO - Maximum number of iterations               :   1000.0
2019-01-24 15:06:26,325 - TOPOPT_UNMASKED - INFO - Tolerance (max. density change)            :   0.001
2019-01-24 15:06:26,325 - TOPOPT_UNMASKED - INFO - Maximum Young's modulus (if x_i=1)         :   1.0
2019-01-24 15:06:26,325 - TOPOPT_UNMASKED - INFO - Minimum Young's modulus (if x_i=0)         :   1e-09

2019-01-24 15:06:28,095 - TOPOPT_UNMASKED - INFO - Scaling factor for objective function f0   :   0.844
2019-01-24 15:06:28,095 - TOPOPT_UNMASKED - INFO - Scaling factor for constraint function f1  :   135350.000

2019-01-24 15:10:56,782 - TOPOPT_UNMASKED - INFO - Ite.: 000  Vol.: 0.260  Ch.: 0.0000  Obj.: 1107.9
2019-01-24 15:10:58,561 - TOPOPT_UNMASKED - INFO - Ite.: 001  Vol.: 0.260  Ch.: 0.2000  Obj.: 285.9
2019-01-24 15:11:00,055 - TOPOPT_UNMASKED - INFO - Ite.: 002  Vol.: 0.260  Ch.: 0.2000  Obj.: 112.3
2019-01-24 15:11:01,535 - TOPOPT_UNMASKED - INFO - Ite.: 003  Vol.: 0.260  Ch.: 0.2000  Obj.: 57.0
2019-01-24 15:11:03,055 - TOPOPT_UNMASKED - INFO - Ite.: 004  Vol.: 0.260  Ch.: 0.2000  Obj.: 38.8
2019-01-24 15:11:04,568 - TOPOPT_UNMASKED - INFO - Ite.: 005  Vol.: 0.260  Ch.: 0.2000  Obj.: 35.1
2019-01-24 15:11:06,174 - TOPOPT_UNMASKED - INFO - Ite.: 006  Vol.: 0.260  Ch.: 0.2000  Obj.: 33.1
2019-01-24 15:11:07,832 - TOPOPT_UNMASKED - INFO - Ite.: 007  Vol.: 0.260  Ch.: 0.2000  Obj.: 32.2
2019-01-24 15:11:09,444 - TOPOPT_UNMASKED - INFO - Ite.: 008  Vol.: 0.260  Ch.: 0.2000  Obj.: 31.8
2019-01-24 15:11:11,033 - TOPOPT_UNMASKED - INFO - Ite.: 009  Vol.: 0.260  Ch.: 0.2000  Obj.: 31.7
2019-01-24 15:11:12,545 - TOPOPT_UNMASKED - INFO - Ite.: 010  Vol.: 0.260  Ch.: 0.2000  Obj.: 31.6
2019-01-24 15:11:14,055 - TOPOPT_UNMASKED - INFO - Ite.: 011  Vol.: 0.260  Ch.: 0.2000  Obj.: 31.5
2019-01-24 15:11:15,677 - TOPOPT_UNMASKED - INFO - Ite.: 012  Vol.: 0.260  Ch.: 0.2000  Obj.: 31.4
2019-01-24 15:11:17,243 - TOPOPT_UNMASKED - INFO - Ite.: 013  Vol.: 0.260  Ch.: 0.2000  Obj.: 31.2
2019-01-24 15:11:18,815 - TOPOPT_UNMASKED - INFO - Ite.: 014  Vol.: 0.260  Ch.: 0.2000  Obj.: 31.2
2019-01-24 15:11:20,385 - TOPOPT_UNMASKED - INFO - Ite.: 015  Vol.: 0.260  Ch.: 0.2000  Obj.: 31.1
2019-01-24 15:11:21,963 - TOPOPT_UNMASKED - INFO - Ite.: 016  Vol.: 0.260  Ch.: 0.1558  Obj.: 31.1
2019-01-24 15:11:23,648 - TOPOPT_UNMASKED - INFO - Ite.: 017  Vol.: 0.260  Ch.: 0.1793  Obj.: 31.1
2019-01-24 15:11:25,262 - TOPOPT_UNMASKED - INFO - Ite.: 018  Vol.: 0.260  Ch.: 0.2000  Obj.: 31.1
2019-01-24 15:11:26,974 - TOPOPT_UNMASKED - INFO - Ite.: 019  Vol.: 0.260  Ch.: 0.2000  Obj.: 31.1
2019-01-24 15:11:28,536 - TOPOPT_UNMASKED - INFO - Ite.: 020  Vol.: 0.260  Ch.: 0.2000  Obj.: 31.1
2019-01-24 15:11:30,092 - TOPOPT_UNMASKED - INFO - Ite.: 021  Vol.: 0.260  Ch.: 0.1351  Obj.: 31.1
2019-01-24 15:11:31,714 - TOPOPT_UNMASKED - INFO - Ite.: 022  Vol.: 0.260  Ch.: 0.0931  Obj.: 31.1
2019-01-24 15:11:33,286 - TOPOPT_UNMASKED - INFO - Ite.: 023  Vol.: 0.260  Ch.: 0.1078  Obj.: 31.1
2019-01-24 15:11:34,881 - TOPOPT_UNMASKED - INFO - Ite.: 024  Vol.: 0.260  Ch.: 0.1152  Obj.: 31.0
2019-01-24 15:11:36,463 - TOPOPT_UNMASKED - INFO - Ite.: 025  Vol.: 0.260  Ch.: 0.0998  Obj.: 31.0
2019-01-24 15:11:38,073 - TOPOPT_UNMASKED - INFO - Ite.: 026  Vol.: 0.260  Ch.: 0.0859  Obj.: 31.0
2019-01-24 15:11:39,605 - TOPOPT_UNMASKED - INFO - Ite.: 027  Vol.: 0.260  Ch.: 0.1326  Obj.: 31.0
2019-01-24 15:11:41,178 - TOPOPT_UNMASKED - INFO - Ite.: 028  Vol.: 0.260  Ch.: 0.1954  Obj.: 31.0
2019-01-24 15:11:42,746 - TOPOPT_UNMASKED - INFO - Ite.: 029  Vol.: 0.260  Ch.: 0.2000  Obj.: 31.0
2019-01-24 15:11:44,332 - TOPOPT_UNMASKED - INFO - Ite.: 030  Vol.: 0.260  Ch.: 0.2000  Obj.: 31.0
2019-01-24 15:11:46,015 - TOPOPT_UNMASKED - INFO - Ite.: 031  Vol.: 0.260  Ch.: 0.1457  Obj.: 31.0
2019-01-24 15:11:47,665 - TOPOPT_UNMASKED - INFO - Ite.: 032  Vol.: 0.260  Ch.: 0.0227  Obj.: 31.0
2019-01-24 15:11:49,243 - TOPOPT_UNMASKED - INFO - Ite.: 033  Vol.: 0.260  Ch.: 0.0095  Obj.: 31.0
2019-01-24 15:11:50,904 - TOPOPT_UNMASKED - INFO - Ite.: 034  Vol.: 0.260  Ch.: 0.0092  Obj.: 31.0
2019-01-24 15:11:52,657 - TOPOPT_UNMASKED - INFO - Ite.: 035  Vol.: 0.260  Ch.: 0.0088  Obj.: 31.0
2019-01-24 15:11:54,232 - TOPOPT_UNMASKED - INFO - Ite.: 036  Vol.: 0.260  Ch.: 0.0086  Obj.: 31.0
2019-01-24 15:11:55,892 - TOPOPT_UNMASKED - INFO - Ite.: 037  Vol.: 0.260  Ch.: 0.0081  Obj.: 31.0
2019-01-24 15:11:57,538 - TOPOPT_UNMASKED - INFO - Ite.: 038  Vol.: 0.260  Ch.: 0.0078  Obj.: 31.0
2019-01-24 15:11:59,313 - TOPOPT_UNMASKED - INFO - Ite.: 039  Vol.: 0.260  Ch.: 0.0074  Obj.: 31.0
2019-01-24 15:12:01,035 - TOPOPT_UNMASKED - INFO - Ite.: 040  Vol.: 0.260  Ch.: 0.0070  Obj.: 31.0
2019-01-24 15:12:02,710 - TOPOPT_UNMASKED - INFO - Ite.: 041  Vol.: 0.260  Ch.: 0.0066  Obj.: 31.0
2019-01-24 15:12:04,355 - TOPOPT_UNMASKED - INFO - Ite.: 042  Vol.: 0.260  Ch.: 0.0062  Obj.: 31.0
2019-01-24 15:12:06,035 - TOPOPT_UNMASKED - INFO - Ite.: 043  Vol.: 0.260  Ch.: 0.0057  Obj.: 31.0
2019-01-24 15:12:07,674 - TOPOPT_UNMASKED - INFO - Ite.: 044  Vol.: 0.260  Ch.: 0.0054  Obj.: 31.0
2019-01-24 15:12:09,344 - TOPOPT_UNMASKED - INFO - Ite.: 045  Vol.: 0.260  Ch.: 0.0049  Obj.: 31.0
2019-01-24 15:12:11,006 - TOPOPT_UNMASKED - INFO - Ite.: 046  Vol.: 0.260  Ch.: 0.0045  Obj.: 31.0
2019-01-24 15:12:12,729 - TOPOPT_UNMASKED - INFO - Ite.: 047  Vol.: 0.260  Ch.: 0.0042  Obj.: 31.0
2019-01-24 15:12:14,411 - TOPOPT_UNMASKED - INFO - Ite.: 048  Vol.: 0.260  Ch.: 0.0038  Obj.: 31.0
2019-01-24 15:12:16,193 - TOPOPT_UNMASKED - INFO - Ite.: 049  Vol.: 0.260  Ch.: 0.0035  Obj.: 31.0
2019-01-24 15:12:17,861 - TOPOPT_UNMASKED - INFO - Ite.: 050  Vol.: 0.260  Ch.: 0.0031  Obj.: 31.0
2019-01-24 15:12:19,522 - TOPOPT_UNMASKED - INFO - Ite.: 051  Vol.: 0.260  Ch.: 0.0029  Obj.: 31.0
2019-01-24 15:12:21,157 - TOPOPT_UNMASKED - INFO - Ite.: 052  Vol.: 0.260  Ch.: 0.0025  Obj.: 31.0
2019-01-24 15:12:22,753 - TOPOPT_UNMASKED - INFO - Ite.: 053  Vol.: 0.260  Ch.: 0.0023  Obj.: 31.0
2019-01-24 15:12:24,381 - TOPOPT_UNMASKED - INFO - Ite.: 054  Vol.: 0.260  Ch.: 0.0020  Obj.: 31.0
2019-01-24 15:12:26,009 - TOPOPT_UNMASKED - INFO - Ite.: 055  Vol.: 0.260  Ch.: 0.0019  Obj.: 31.0
2019-01-24 15:12:27,678 - TOPOPT_UNMASKED - INFO - Ite.: 056  Vol.: 0.260  Ch.: 0.0016  Obj.: 31.0
2019-01-24 15:12:29,332 - TOPOPT_UNMASKED - INFO - Ite.: 057  Vol.: 0.260  Ch.: 0.0015  Obj.: 31.0
2019-01-24 15:12:30,930 - TOPOPT_UNMASKED - INFO - Ite.: 058  Vol.: 0.260  Ch.: 0.0013  Obj.: 31.0
2019-01-24 15:12:32,618 - TOPOPT_UNMASKED - INFO - Ite.: 059  Vol.: 0.260  Ch.: 0.0012  Obj.: 31.0
2019-01-24 15:12:34,267 - TOPOPT_UNMASKED - INFO - Ite.: 060  Vol.: 0.260  Ch.: 0.0010  Obj.: 31.0
2019-01-24 15:12:35,862 - TOPOPT_UNMASKED - INFO - Ite.: 061  Vol.: 0.260  Ch.: 0.0010  Obj.: 31.0
2019-01-24 15:12:36,367 - TOPOPT_UNMASKED - INFO - Ite.: 062  Convergence criterion reached

2019-01-24 15:12:36,368 - TOPOPT_UNMASKED - INFO - FINAL OBJECTIVE FUNCTION VALUE     :   36.7904000463

2019-01-24 15:12:36,368 - TOPOPT_UNMASKED - INFO - Black and white filtering data for different threshold values
2019-01-24 15:12:37,881 - TOPOPT_UNMASKED - INFO - Threshold value            :   0.1
2019-01-24 15:12:37,881 - TOPOPT_UNMASKED - INFO - Volume fraction            :   0.297660162283
2019-01-24 15:12:37,882 - TOPOPT_UNMASKED - INFO - Objective function value   :   35.5862578222

2019-01-24 15:12:39,494 - TOPOPT_UNMASKED - INFO - Threshold value            :   0.2
2019-01-24 15:12:39,494 - TOPOPT_UNMASKED - INFO - Volume fraction            :   0.284014078937
2019-01-24 15:12:39,496 - TOPOPT_UNMASKED - INFO - Objective function value   :   36.1214036159

2019-01-24 15:12:40,931 - TOPOPT_UNMASKED - INFO - Threshold value            :   0.3
2019-01-24 15:12:40,931 - TOPOPT_UNMASKED - INFO - Volume fraction            :   0.273571472162
2019-01-24 15:12:40,933 - TOPOPT_UNMASKED - INFO - Objective function value   :   36.3644905168

2019-01-24 15:12:42,339 - TOPOPT_UNMASKED - INFO - Threshold value            :   0.4
2019-01-24 15:12:42,341 - TOPOPT_UNMASKED - INFO - Volume fraction            :   0.264804237937
2019-01-24 15:12:42,341 - TOPOPT_UNMASKED - INFO - Objective function value   :   36.4902547326

2019-01-24 15:12:43,724 - TOPOPT_UNMASKED - INFO - Threshold value            :   0.5
2019-01-24 15:12:43,726 - TOPOPT_UNMASKED - INFO - Volume fraction            :   0.257440180447
2019-01-24 15:12:43,726 - TOPOPT_UNMASKED - INFO - Objective function value   :   36.6140959795

2019-01-24 15:12:45,098 - TOPOPT_UNMASKED - INFO - Threshold value            :   0.6
2019-01-24 15:12:45,098 - TOPOPT_UNMASKED - INFO - Volume fraction            :   0.250599556852
2019-01-24 15:12:45,098 - TOPOPT_UNMASKED - INFO - Objective function value   :   36.7960599837

2019-01-24 15:12:46,470 - TOPOPT_UNMASKED - INFO - Threshold value            :   0.7
2019-01-24 15:12:46,470 - TOPOPT_UNMASKED - INFO - Volume fraction            :   0.243754236765
2019-01-24 15:12:46,470 - TOPOPT_UNMASKED - INFO - Objective function value   :   37.0574527858

2019-01-24 15:12:47,769 - TOPOPT_UNMASKED - INFO - Threshold value            :   0.8
2019-01-24 15:12:47,769 - TOPOPT_UNMASKED - INFO - Volume fraction            :   0.235908817819
2019-01-24 15:12:47,770 - TOPOPT_UNMASKED - INFO - Objective function value   :   37.5144168284

2019-01-24 15:12:49,201 - TOPOPT_UNMASKED - INFO - Threshold value            :   0.9
2019-01-24 15:12:49,201 - TOPOPT_UNMASKED - INFO - Volume fraction            :   0.227819342332
2019-01-24 15:12:49,201 - TOPOPT_UNMASKED - INFO - Objective function value   :   39.5888758202

2019-01-24 15:12:49,203 - TOPOPT_UNMASKED - INFO - OPTIMIZATION FINISHED IN 372 SEC. /// 6 MIN.

2019-01-24 15:12:49,203 - TOPOPT_UNMASKED - INFO - END OF THE MAIN PROGRAM
