2019-09-02 16:47:03,467 - TOPOPT - INFO - START OF THE MAIN PROGRAM

2019-09-02 16:47:04,115 - TOPOPT - INFO - Number of finite elements                  :   60350
2019-09-02 16:47:04,115 - TOPOPT - INFO - Number of nodes                            :   15351
2019-09-02 16:47:04,115 - TOPOPT - INFO - Total degrees of freedom                   :   46053
2019-09-02 16:47:04,115 - TOPOPT - INFO - Number of free degrees of freedom          :   30699
2019-09-02 16:47:04,118 - TOPOPT - INFO - Algoritmn for finding design variables x   :   OC
2019-09-02 16:47:04,118 - TOPOPT - INFO - Volume fraction                            :   0.5
2019-09-02 16:47:04,118 - TOPOPT - INFO - Penalty factor                             :   3.0
2019-09-02 16:47:04,118 - TOPOPT - INFO - Continuation step                          :   False
2019-09-02 16:47:04,118 - TOPOPT - INFO - Filter length                              :   64.0
2019-09-02 16:47:04,118 - TOPOPT - INFO - Filter approach                            :   SENS
2019-09-02 16:47:04,118 - TOPOPT - INFO - Maximum number of iterations               :   1000.0
2019-09-02 16:47:04,118 - TOPOPT - INFO - Tolerance (max. density change)            :   0.001
2019-09-02 16:47:04,118 - TOPOPT - INFO - Maximum Young's modulus (if x_i=1)         :   1.0
2019-09-02 16:47:04,118 - TOPOPT - INFO - Minimum Young's modulus (if x_i=0)         :   1e-09

2019-09-02 16:47:04,743 - TOPOPT - INFO - Scaling factor for objective function f0   :   0.896
2019-09-02 16:47:04,743 - TOPOPT - INFO - Scaling factor for constraint function f1  :   60350.000

2019-09-02 16:47:56,433 - TOPOPT - INFO - Ite.: 000  Vol.: 0.500  Ch.: 0.0000  Obj.: 300.0
2019-09-02 16:47:56,973 - TOPOPT - INFO - Ite.: 001  Vol.: 0.500  Ch.: 0.2000  Obj.: 137.4
2019-09-02 16:47:57,459 - TOPOPT - INFO - Ite.: 002  Vol.: 0.500  Ch.: 0.2000  Obj.: 77.0
2019-09-02 16:47:57,914 - TOPOPT - INFO - Ite.: 003  Vol.: 0.500  Ch.: 0.2000  Obj.: 57.2
2019-09-02 16:47:58,397 - TOPOPT - INFO - Ite.: 004  Vol.: 0.500  Ch.: 0.2000  Obj.: 54.7
2019-09-02 16:47:58,851 - TOPOPT - INFO - Ite.: 005  Vol.: 0.500  Ch.: 0.2000  Obj.: 53.1
2019-09-02 16:47:59,368 - TOPOPT - INFO - Ite.: 006  Vol.: 0.500  Ch.: 0.2000  Obj.: 51.8
2019-09-02 16:47:59,865 - TOPOPT - INFO - Ite.: 007  Vol.: 0.500  Ch.: 0.2000  Obj.: 50.8
2019-09-02 16:48:00,375 - TOPOPT - INFO - Ite.: 008  Vol.: 0.500  Ch.: 0.2000  Obj.: 50.0
2019-09-02 16:48:00,905 - TOPOPT - INFO - Ite.: 009  Vol.: 0.500  Ch.: 0.2000  Obj.: 49.3
2019-09-02 16:48:01,415 - TOPOPT - INFO - Ite.: 010  Vol.: 0.500  Ch.: 0.2000  Obj.: 48.8
2019-09-02 16:48:01,914 - TOPOPT - INFO - Ite.: 011  Vol.: 0.500  Ch.: 0.2000  Obj.: 48.5
2019-09-02 16:48:02,477 - TOPOPT - INFO - Ite.: 012  Vol.: 0.500  Ch.: 0.2000  Obj.: 48.3
2019-09-02 16:48:03,053 - TOPOPT - INFO - Ite.: 013  Vol.: 0.500  Ch.: 0.2000  Obj.: 48.2
2019-09-02 16:48:03,619 - TOPOPT - INFO - Ite.: 014  Vol.: 0.500  Ch.: 0.2000  Obj.: 48.1
2019-09-02 16:48:04,155 - TOPOPT - INFO - Ite.: 015  Vol.: 0.500  Ch.: 0.2000  Obj.: 48.1
2019-09-02 16:48:04,637 - TOPOPT - INFO - Ite.: 016  Vol.: 0.500  Ch.: 0.2000  Obj.: 48.1
2019-09-02 16:48:05,265 - TOPOPT - INFO - Ite.: 017  Vol.: 0.500  Ch.: 0.2000  Obj.: 48.1
2019-09-02 16:48:05,819 - TOPOPT - INFO - Ite.: 018  Vol.: 0.500  Ch.: 0.2000  Obj.: 48.0
2019-09-02 16:48:06,397 - TOPOPT - INFO - Ite.: 019  Vol.: 0.500  Ch.: 0.2000  Obj.: 48.0
2019-09-02 16:48:06,937 - TOPOPT - INFO - Ite.: 020  Vol.: 0.500  Ch.: 0.1780  Obj.: 48.0
2019-09-02 16:48:07,638 - TOPOPT - INFO - Ite.: 021  Vol.: 0.500  Ch.: 0.1978  Obj.: 48.0
2019-09-02 16:48:08,303 - TOPOPT - INFO - Ite.: 022  Vol.: 0.500  Ch.: 0.1609  Obj.: 48.0
2019-09-02 16:48:08,905 - TOPOPT - INFO - Ite.: 023  Vol.: 0.500  Ch.: 0.1015  Obj.: 48.0
2019-09-02 16:48:09,469 - TOPOPT - INFO - Ite.: 024  Vol.: 0.500  Ch.: 0.1583  Obj.: 48.0
2019-09-02 16:48:09,947 - TOPOPT - INFO - Ite.: 025  Vol.: 0.500  Ch.: 0.2000  Obj.: 48.0
2019-09-02 16:48:10,519 - TOPOPT - INFO - Ite.: 026  Vol.: 0.500  Ch.: 0.1392  Obj.: 48.0
2019-09-02 16:48:11,059 - TOPOPT - INFO - Ite.: 027  Vol.: 0.500  Ch.: 0.1754  Obj.: 48.0
2019-09-02 16:48:11,693 - TOPOPT - INFO - Ite.: 028  Vol.: 0.500  Ch.: 0.1327  Obj.: 48.0
2019-09-02 16:48:12,216 - TOPOPT - INFO - Ite.: 029  Vol.: 0.500  Ch.: 0.0699  Obj.: 48.0
2019-09-02 16:48:12,828 - TOPOPT - INFO - Ite.: 030  Vol.: 0.500  Ch.: 0.0734  Obj.: 48.0
2019-09-02 16:48:13,305 - TOPOPT - INFO - Ite.: 031  Vol.: 0.500  Ch.: 0.0755  Obj.: 48.0
2019-09-02 16:48:13,869 - TOPOPT - INFO - Ite.: 032  Vol.: 0.500  Ch.: 0.0677  Obj.: 48.0
2019-09-02 16:48:14,492 - TOPOPT - INFO - Ite.: 033  Vol.: 0.500  Ch.: 0.0503  Obj.: 48.0
2019-09-02 16:48:14,994 - TOPOPT - INFO - Ite.: 034  Vol.: 0.500  Ch.: 0.0444  Obj.: 48.0
2019-09-02 16:48:15,506 - TOPOPT - INFO - Ite.: 035  Vol.: 0.500  Ch.: 0.0202  Obj.: 48.0
2019-09-02 16:48:16,010 - TOPOPT - INFO - Ite.: 036  Vol.: 0.500  Ch.: 0.0026  Obj.: 48.0
2019-09-02 16:48:16,628 - TOPOPT - INFO - Ite.: 037  Vol.: 0.500  Ch.: 0.0011  Obj.: 48.0
2019-09-02 16:48:17,180 - TOPOPT - INFO - Ite.: 038  Vol.: 0.500  Ch.: 0.0008  Obj.: 48.0
2019-09-02 16:48:17,436 - TOPOPT - INFO - Ite.: 039  Convergence criterion reached

2019-09-02 16:48:17,436 - TOPOPT - INFO - FINAL OBJECTIVE FUNCTION VALUE     :   53.5304405318

2019-09-02 16:48:17,440 - TOPOPT - INFO - Black and white filtering data for different threshold values
2019-09-02 16:48:17,959 - TOPOPT - INFO - Threshold value            :   0.1
2019-09-02 16:48:17,959 - TOPOPT - INFO - Volume fraction            :   0.506820400129
2019-09-02 16:48:17,959 - TOPOPT - INFO - Objective function value   :   53.479751272

2019-09-02 16:48:18,441 - TOPOPT - INFO - Threshold value            :   0.2
2019-09-02 16:48:18,444 - TOPOPT - INFO - Volume fraction            :   0.505666179914
2019-09-02 16:48:18,444 - TOPOPT - INFO - Objective function value   :   53.4799537274

2019-09-02 16:48:18,907 - TOPOPT - INFO - Threshold value            :   0.3
2019-09-02 16:48:18,907 - TOPOPT - INFO - Volume fraction            :   0.50463603064
2019-09-02 16:48:18,907 - TOPOPT - INFO - Objective function value   :   53.5093992032

2019-09-02 16:48:19,394 - TOPOPT - INFO - Threshold value            :   0.4
2019-09-02 16:48:19,394 - TOPOPT - INFO - Volume fraction            :   0.503743288533
2019-09-02 16:48:19,394 - TOPOPT - INFO - Objective function value   :   53.5179998783

2019-09-02 16:48:19,996 - TOPOPT - INFO - Threshold value            :   0.5
2019-09-02 16:48:19,996 - TOPOPT - INFO - Volume fraction            :   0.502628741912
2019-09-02 16:48:19,996 - TOPOPT - INFO - Objective function value   :   53.525608736

2019-09-02 16:48:20,457 - TOPOPT - INFO - Threshold value            :   0.6
2019-09-02 16:48:20,457 - TOPOPT - INFO - Volume fraction            :   0.50074357108
2019-09-02 16:48:20,460 - TOPOPT - INFO - Objective function value   :   53.5267380317

2019-09-02 16:48:20,944 - TOPOPT - INFO - Threshold value            :   0.7
2019-09-02 16:48:20,944 - TOPOPT - INFO - Volume fraction            :   0.498241281457
2019-09-02 16:48:20,944 - TOPOPT - INFO - Objective function value   :   53.5339659742

2019-09-02 16:48:21,487 - TOPOPT - INFO - Threshold value            :   0.8
2019-09-02 16:48:21,487 - TOPOPT - INFO - Volume fraction            :   0.494346533763
2019-09-02 16:48:21,487 - TOPOPT - INFO - Objective function value   :   53.5377576778

2019-09-02 16:48:21,990 - TOPOPT - INFO - Threshold value            :   0.9
2019-09-02 16:48:21,990 - TOPOPT - INFO - Volume fraction            :   0.488521891484
2019-09-02 16:48:21,990 - TOPOPT - INFO - Objective function value   :   53.5614541486

2019-09-02 16:48:21,990 - TOPOPT - INFO - OPTIMIZATION FINISHED IN 74 SEC. /// 1 MIN.

2019-09-02 16:48:21,990 - TOPOPT - INFO - END OF THE MAIN PROGRAM
