2020-06-30 12:22:55,383 - TOPOPT - INFO - START OF THE MAIN PROGRAM

2020-06-30 12:22:55,403 - TOPOPT - INFO - Total number of finite elements            :   2088
2020-06-30 12:22:55,403 - TOPOPT - INFO - Number of finite elements for filament     :   2088
2020-06-30 12:22:55,403 - TOPOPT - INFO - Number of finite elements for connection   :   0
2020-06-30 12:22:55,403 - TOPOPT - INFO - Total number of design variables           :   2088
2020-06-30 12:22:55,404 - TOPOPT - INFO - Total number of nodes                      :   625
2020-06-30 12:22:55,404 - TOPOPT - INFO - Total degrees of freedom                   :   3750
2020-06-30 12:22:55,404 - TOPOPT - INFO - Number of free degrees of freedom          :   3743
2020-06-30 12:22:55,405 - TOPOPT - INFO - Volume fraction                            :   0.172837
2020-06-30 12:22:55,405 - TOPOPT - INFO - Penalty factor                             :   3.0
2020-06-30 12:22:55,405 - TOPOPT - INFO - Continuation step                          :   True
2020-06-30 12:22:55,405 - TOPOPT - INFO - Filter length                              :   40.0
2020-06-30 12:22:55,405 - TOPOPT - INFO - Filter approach                            :   SENS
2020-06-30 12:22:55,406 - TOPOPT - INFO - Maximum number of iterations               :   1000.0
2020-06-30 12:22:55,406 - TOPOPT - INFO - Tolerance (max. density change)            :   0.001
2020-06-30 12:22:55,406 - TOPOPT - INFO - Maximum Young's modulus for fil (if x_i=1) :   1.0
2020-06-30 12:22:55,406 - TOPOPT - INFO - Minimum Young's modulus for fil (if x_i=0) :   1e-09
2020-06-30 12:22:55,406 - TOPOPT - INFO - Maximum Young's modulus for con (if x_i=1) :   1.0
2020-06-30 12:22:55,407 - TOPOPT - INFO - Minimum Young's modulus for con (if x_i=0) :   1e-09

2020-06-30 12:22:55,517 - TOPOPT - INFO - Scaling factor for objective function f0   :   0.000
2020-06-30 12:22:55,517 - TOPOPT - INFO - Scaling factor for constraint function f1  :   2088.000

2020-06-30 12:22:55,583 - TOPOPT - INFO - Ite.: 000  Vol.: 0.173  Ch.: 0.0000  Obj.: 2510.7
2020-06-30 12:22:55,632 - TOPOPT - INFO - Ite.: 001  Vol.: 0.173  Ch.: 0.2000  Obj.: 58.8
2020-06-30 12:22:55,677 - TOPOPT - INFO - Ite.: 002  Vol.: 0.173  Ch.: 0.2000  Obj.: 52.8
2020-06-30 12:22:55,725 - TOPOPT - INFO - Ite.: 003  Vol.: 0.173  Ch.: 0.2000  Obj.: 49.9
2020-06-30 12:22:55,772 - TOPOPT - INFO - Ite.: 004  Vol.: 0.173  Ch.: 0.2000  Obj.: 48.1
2020-06-30 12:22:55,822 - TOPOPT - INFO - Ite.: 005  Vol.: 0.173  Ch.: 0.1647  Obj.: 47.2
2020-06-30 12:22:55,871 - TOPOPT - INFO - Ite.: 006  Vol.: 0.173  Ch.: 0.1142  Obj.: 46.6
2020-06-30 12:22:55,920 - TOPOPT - INFO - Ite.: 007  Vol.: 0.173  Ch.: 0.0895  Obj.: 46.2
2020-06-30 12:22:55,970 - TOPOPT - INFO - Ite.: 008  Vol.: 0.173  Ch.: 0.0948  Obj.: 45.9
2020-06-30 12:22:56,020 - TOPOPT - INFO - Ite.: 009  Vol.: 0.173  Ch.: 0.0819  Obj.: 45.7
2020-06-30 12:22:56,069 - TOPOPT - INFO - Ite.: 010  Vol.: 0.173  Ch.: 0.0715  Obj.: 45.7
2020-06-30 12:22:56,115 - TOPOPT - INFO - Ite.: 011  Vol.: 0.173  Ch.: 0.0531  Obj.: 45.6
2020-06-30 12:22:56,165 - TOPOPT - INFO - Ite.: 012  Vol.: 0.173  Ch.: 0.0386  Obj.: 45.6
2020-06-30 12:22:56,219 - TOPOPT - INFO - Ite.: 013  Vol.: 0.173  Ch.: 0.0268  Obj.: 45.5
2020-06-30 12:22:56,269 - TOPOPT - INFO - Ite.: 014  Vol.: 0.173  Ch.: 0.0266  Obj.: 45.5
2020-06-30 12:22:56,319 - TOPOPT - INFO - Ite.: 015  Vol.: 0.173  Ch.: 0.0263  Obj.: 45.4
2020-06-30 12:22:56,368 - TOPOPT - INFO - Ite.: 016  Vol.: 0.173  Ch.: 0.0260  Obj.: 45.4
2020-06-30 12:22:56,417 - TOPOPT - INFO - Ite.: 017  Vol.: 0.173  Ch.: 0.0254  Obj.: 45.4
2020-06-30 12:22:56,463 - TOPOPT - INFO - Ite.: 018  Vol.: 0.173  Ch.: 0.0249  Obj.: 45.3
2020-06-30 12:22:56,514 - TOPOPT - INFO - Ite.: 019  Vol.: 0.173  Ch.: 0.0244  Obj.: 45.3
2020-06-30 12:22:56,569 - TOPOPT - INFO - Ite.: 020  Vol.: 0.173  Ch.: 0.0237  Obj.: 45.3
2020-06-30 12:22:56,620 - TOPOPT - INFO - Ite.: 021  Vol.: 0.173  Ch.: 0.0232  Obj.: 46.1
2020-06-30 12:22:56,675 - TOPOPT - INFO - Ite.: 022  Vol.: 0.173  Ch.: 0.0257  Obj.: 46.8
2020-06-30 12:22:56,725 - TOPOPT - INFO - Ite.: 023  Vol.: 0.173  Ch.: 0.0295  Obj.: 47.6
2020-06-30 12:22:56,772 - TOPOPT - INFO - Ite.: 024  Vol.: 0.173  Ch.: 0.0343  Obj.: 48.3
2020-06-30 12:22:56,822 - TOPOPT - INFO - Ite.: 025  Vol.: 0.173  Ch.: 0.0401  Obj.: 49.0
2020-06-30 12:22:56,868 - TOPOPT - INFO - Ite.: 026  Vol.: 0.173  Ch.: 0.0467  Obj.: 49.6
2020-06-30 12:22:56,917 - TOPOPT - INFO - Ite.: 027  Vol.: 0.173  Ch.: 0.0531  Obj.: 50.2
2020-06-30 12:22:56,972 - TOPOPT - INFO - Ite.: 028  Vol.: 0.173  Ch.: 0.0659  Obj.: 50.7
2020-06-30 12:22:57,020 - TOPOPT - INFO - Ite.: 029  Vol.: 0.173  Ch.: 0.0768  Obj.: 51.1
2020-06-30 12:22:57,085 - TOPOPT - INFO - Ite.: 030  Vol.: 0.173  Ch.: 0.0803  Obj.: 51.4
2020-06-30 12:22:57,142 - TOPOPT - INFO - Ite.: 031  Vol.: 0.173  Ch.: 0.1013  Obj.: 51.5
2020-06-30 12:22:57,190 - TOPOPT - INFO - Ite.: 032  Vol.: 0.173  Ch.: 0.1096  Obj.: 51.5
2020-06-30 12:22:57,241 - TOPOPT - INFO - Ite.: 033  Vol.: 0.173  Ch.: 0.1210  Obj.: 51.4
2020-06-30 12:22:57,305 - TOPOPT - INFO - Ite.: 034  Vol.: 0.173  Ch.: 0.1026  Obj.: 51.3
2020-06-30 12:22:57,358 - TOPOPT - INFO - Ite.: 035  Vol.: 0.173  Ch.: 0.1112  Obj.: 50.9
2020-06-30 12:22:57,412 - TOPOPT - INFO - Ite.: 036  Vol.: 0.173  Ch.: 0.1259  Obj.: 50.4
2020-06-30 12:22:57,470 - TOPOPT - INFO - Ite.: 037  Vol.: 0.173  Ch.: 0.1286  Obj.: 50.0
2020-06-30 12:22:57,522 - TOPOPT - INFO - Ite.: 038  Vol.: 0.173  Ch.: 0.1118  Obj.: 49.8
2020-06-30 12:22:57,583 - TOPOPT - INFO - Ite.: 039  Vol.: 0.173  Ch.: 0.0863  Obj.: 49.6
2020-06-30 12:22:57,633 - TOPOPT - INFO - Ite.: 040  Vol.: 0.173  Ch.: 0.0726  Obj.: 49.5
2020-06-30 12:22:57,686 - TOPOPT - INFO - Ite.: 041  Vol.: 0.173  Ch.: 0.0516  Obj.: 49.5
2020-06-30 12:22:57,739 - TOPOPT - INFO - Ite.: 042  Vol.: 0.173  Ch.: 0.0390  Obj.: 49.5
2020-06-30 12:22:57,787 - TOPOPT - INFO - Ite.: 043  Vol.: 0.173  Ch.: 0.0371  Obj.: 49.6
2020-06-30 12:22:57,837 - TOPOPT - INFO - Ite.: 044  Vol.: 0.173  Ch.: 0.0332  Obj.: 49.6
2020-06-30 12:22:57,886 - TOPOPT - INFO - Ite.: 045  Vol.: 0.173  Ch.: 0.0265  Obj.: 49.7
2020-06-30 12:22:57,936 - TOPOPT - INFO - Ite.: 046  Vol.: 0.173  Ch.: 0.0178  Obj.: 49.8
2020-06-30 12:22:57,991 - TOPOPT - INFO - Ite.: 047  Vol.: 0.173  Ch.: 0.0095  Obj.: 49.9
2020-06-30 12:22:58,043 - TOPOPT - INFO - Ite.: 048  Vol.: 0.173  Ch.: 0.0084  Obj.: 50.1
2020-06-30 12:22:58,103 - TOPOPT - INFO - Ite.: 049  Vol.: 0.173  Ch.: 0.0085  Obj.: 50.2
2020-06-30 12:22:58,152 - TOPOPT - INFO - Ite.: 050  Vol.: 0.173  Ch.: 0.0125  Obj.: 50.4
2020-06-30 12:22:58,211 - TOPOPT - INFO - Ite.: 051  Vol.: 0.173  Ch.: 0.0162  Obj.: 50.6
2020-06-30 12:22:58,265 - TOPOPT - INFO - Ite.: 052  Vol.: 0.173  Ch.: 0.0194  Obj.: 50.9
2020-06-30 12:22:58,312 - TOPOPT - INFO - Ite.: 053  Vol.: 0.173  Ch.: 0.0220  Obj.: 51.1
2020-06-30 12:22:58,369 - TOPOPT - INFO - Ite.: 054  Vol.: 0.173  Ch.: 0.0243  Obj.: 51.3
2020-06-30 12:22:58,418 - TOPOPT - INFO - Ite.: 055  Vol.: 0.173  Ch.: 0.0263  Obj.: 51.5
2020-06-30 12:22:58,468 - TOPOPT - INFO - Ite.: 056  Vol.: 0.173  Ch.: 0.0276  Obj.: 51.8
2020-06-30 12:22:58,528 - TOPOPT - INFO - Ite.: 057  Vol.: 0.173  Ch.: 0.0278  Obj.: 52.0
2020-06-30 12:22:58,578 - TOPOPT - INFO - Ite.: 058  Vol.: 0.173  Ch.: 0.0270  Obj.: 52.3
2020-06-30 12:22:58,629 - TOPOPT - INFO - Ite.: 059  Vol.: 0.173  Ch.: 0.0284  Obj.: 52.6
2020-06-30 12:22:58,680 - TOPOPT - INFO - Ite.: 060  Vol.: 0.173  Ch.: 0.0369  Obj.: 52.8
2020-06-30 12:22:58,731 - TOPOPT - INFO - Ite.: 061  Vol.: 0.173  Ch.: 0.0490  Obj.: 53.1
2020-06-30 12:22:58,778 - TOPOPT - INFO - Ite.: 062  Vol.: 0.173  Ch.: 0.0638  Obj.: 53.4
2020-06-30 12:22:58,825 - TOPOPT - INFO - Ite.: 063  Vol.: 0.173  Ch.: 0.0834  Obj.: 53.6
2020-06-30 12:22:58,873 - TOPOPT - INFO - Ite.: 064  Vol.: 0.173  Ch.: 0.1050  Obj.: 53.7
2020-06-30 12:22:58,923 - TOPOPT - INFO - Ite.: 065  Vol.: 0.173  Ch.: 0.1198  Obj.: 53.6
2020-06-30 12:22:58,980 - TOPOPT - INFO - Ite.: 066  Vol.: 0.173  Ch.: 0.1108  Obj.: 53.4
2020-06-30 12:22:59,040 - TOPOPT - INFO - Ite.: 067  Vol.: 0.173  Ch.: 0.0897  Obj.: 53.5
2020-06-30 12:22:59,093 - TOPOPT - INFO - Ite.: 068  Vol.: 0.173  Ch.: 0.0588  Obj.: 53.5
2020-06-30 12:22:59,144 - TOPOPT - INFO - Ite.: 069  Vol.: 0.173  Ch.: 0.0411  Obj.: 53.7
2020-06-30 12:22:59,193 - TOPOPT - INFO - Ite.: 070  Vol.: 0.173  Ch.: 0.0317  Obj.: 53.8
2020-06-30 12:22:59,245 - TOPOPT - INFO - Ite.: 071  Vol.: 0.173  Ch.: 0.0304  Obj.: 53.9
2020-06-30 12:22:59,298 - TOPOPT - INFO - Ite.: 072  Vol.: 0.173  Ch.: 0.0312  Obj.: 54.1
2020-06-30 12:22:59,355 - TOPOPT - INFO - Ite.: 073  Vol.: 0.173  Ch.: 0.0319  Obj.: 54.1
2020-06-30 12:22:59,403 - TOPOPT - INFO - Ite.: 074  Vol.: 0.173  Ch.: 0.0368  Obj.: 54.2
2020-06-30 12:22:59,463 - TOPOPT - INFO - Ite.: 075  Vol.: 0.173  Ch.: 0.0367  Obj.: 54.2
2020-06-30 12:22:59,511 - TOPOPT - INFO - Ite.: 076  Vol.: 0.173  Ch.: 0.0371  Obj.: 54.1
2020-06-30 12:22:59,560 - TOPOPT - INFO - Ite.: 077  Vol.: 0.173  Ch.: 0.0409  Obj.: 54.1
2020-06-30 12:22:59,611 - TOPOPT - INFO - Ite.: 078  Vol.: 0.173  Ch.: 0.0420  Obj.: 54.0
2020-06-30 12:22:59,659 - TOPOPT - INFO - Ite.: 079  Vol.: 0.173  Ch.: 0.0394  Obj.: 54.0
2020-06-30 12:22:59,717 - TOPOPT - INFO - Ite.: 080  Vol.: 0.173  Ch.: 0.0356  Obj.: 54.0
2020-06-30 12:22:59,765 - TOPOPT - INFO - Ite.: 081  Vol.: 0.173  Ch.: 0.0296  Obj.: 53.9
2020-06-30 12:22:59,813 - TOPOPT - INFO - Ite.: 082  Vol.: 0.173  Ch.: 0.0245  Obj.: 53.9
2020-06-30 12:22:59,860 - TOPOPT - INFO - Ite.: 083  Vol.: 0.173  Ch.: 0.0196  Obj.: 53.9
2020-06-30 12:22:59,909 - TOPOPT - INFO - Ite.: 084  Vol.: 0.173  Ch.: 0.0165  Obj.: 53.9
2020-06-30 12:22:59,959 - TOPOPT - INFO - Ite.: 085  Vol.: 0.173  Ch.: 0.0126  Obj.: 53.9
2020-06-30 12:23:00,010 - TOPOPT - INFO - Ite.: 086  Vol.: 0.173  Ch.: 0.0090  Obj.: 53.9
2020-06-30 12:23:00,062 - TOPOPT - INFO - Ite.: 087  Vol.: 0.173  Ch.: 0.0065  Obj.: 53.9
2020-06-30 12:23:00,116 - TOPOPT - INFO - Ite.: 088  Vol.: 0.173  Ch.: 0.0049  Obj.: 53.9
2020-06-30 12:23:00,168 - TOPOPT - INFO - Ite.: 089  Vol.: 0.173  Ch.: 0.0037  Obj.: 53.9
2020-06-30 12:23:00,219 - TOPOPT - INFO - Ite.: 090  Vol.: 0.173  Ch.: 0.0027  Obj.: 53.9
2020-06-30 12:23:00,276 - TOPOPT - INFO - Ite.: 091  Vol.: 0.173  Ch.: 0.0019  Obj.: 53.9
2020-06-30 12:23:00,329 - TOPOPT - INFO - Ite.: 092  Vol.: 0.173  Ch.: 0.0016  Obj.: 53.9
2020-06-30 12:23:00,381 - TOPOPT - INFO - Ite.: 093  Vol.: 0.173  Ch.: 0.0011  Obj.: 53.9
2020-06-30 12:23:00,437 - TOPOPT - INFO - Ite.: 094  Vol.: 0.173  Ch.: 0.0010  Obj.: 53.9
2020-06-30 12:23:00,444 - TOPOPT - INFO - Ite.: 095  Convergence criterion reached

2020-06-30 12:23:00,445 - TOPOPT - INFO - FINAL OBJECTIVE FUNCTION VALUE     :   2667264040.66402

2020-06-30 12:23:00,445 - TOPOPT - INFO - Black and white filtering data for different threshold values
2020-06-30 12:23:00,499 - TOPOPT - INFO - Threshold value            :   0.1
2020-06-30 12:23:00,500 - TOPOPT - INFO - Volume fraction            :   0.20532317111863638
2020-06-30 12:23:00,501 - TOPOPT - INFO - Objective function value   :   2096006864188.7935

2020-06-30 12:23:00,567 - TOPOPT - INFO - Threshold value            :   0.2
2020-06-30 12:23:00,567 - TOPOPT - INFO - Volume fraction            :   0.17596355146058615
2020-06-30 12:23:00,568 - TOPOPT - INFO - Objective function value   :   20905101182528.86

2020-06-30 12:23:00,620 - TOPOPT - INFO - Threshold value            :   0.3
2020-06-30 12:23:00,621 - TOPOPT - INFO - Volume fraction            :   0.1701526273197389
2020-06-30 12:23:00,621 - TOPOPT - INFO - Objective function value   :   22448236691527.266

2020-06-30 12:23:00,670 - TOPOPT - INFO - Threshold value            :   0.4
2020-06-30 12:23:00,670 - TOPOPT - INFO - Volume fraction            :   0.1701526273197389
2020-06-30 12:23:00,671 - TOPOPT - INFO - Objective function value   :   22448236691527.266

2020-06-30 12:23:00,726 - TOPOPT - INFO - Threshold value            :   0.5
2020-06-30 12:23:00,726 - TOPOPT - INFO - Volume fraction            :   0.16642925163173097
2020-06-30 12:23:00,727 - TOPOPT - INFO - Objective function value   :   22448288611187.203

2020-06-30 12:23:00,776 - TOPOPT - INFO - Threshold value            :   0.6
2020-06-30 12:23:00,776 - TOPOPT - INFO - Volume fraction            :   0.16379642743383546
2020-06-30 12:23:00,777 - TOPOPT - INFO - Objective function value   :   22448314239167.758

2020-06-30 12:23:00,827 - TOPOPT - INFO - Threshold value            :   0.7
2020-06-30 12:23:00,828 - TOPOPT - INFO - Volume fraction            :   0.15744022754793202
2020-06-30 12:23:00,829 - TOPOPT - INFO - Objective function value   :   22448314239395.117

2020-06-30 12:23:00,887 - TOPOPT - INFO - Threshold value            :   0.8
2020-06-30 12:23:00,887 - TOPOPT - INFO - Volume fraction            :   0.15349099125108873
2020-06-30 12:23:00,888 - TOPOPT - INFO - Objective function value   :   22449613277398.26

2020-06-30 12:23:00,940 - TOPOPT - INFO - Threshold value            :   0.9
2020-06-30 12:23:00,940 - TOPOPT - INFO - Volume fraction            :   0.1497676155630808
2020-06-30 12:23:00,941 - TOPOPT - INFO - Objective function value   :   22453506291500.65

2020-06-30 12:23:00,942 - TOPOPT - INFO - OPTIMIZATION FINISHED IN 6 SEC. /// 0 MIN.

2020-06-30 12:23:00,942 - TOPOPT - INFO - END OF THE MAIN PROGRAM

2020-06-30 12:23:00,943 - TOPOPT - INFO - YOU CAN CLOSE THIS WINDOW AND CONTINUE IN GRASSHOPPER
