2020-06-30 12:55:19,944 - TOPOPT - INFO - START OF THE MAIN PROGRAM

2020-06-30 12:55:19,988 - TOPOPT - INFO - Total number of finite elements            :   3788
2020-06-30 12:55:19,989 - TOPOPT - INFO - Number of finite elements for filament     :   3788
2020-06-30 12:55:19,990 - TOPOPT - INFO - Number of finite elements for connection   :   0
2020-06-30 12:55:19,990 - TOPOPT - INFO - Total number of design variables           :   3788
2020-06-30 12:55:19,990 - TOPOPT - INFO - Total number of nodes                      :   1125
2020-06-30 12:55:19,990 - TOPOPT - INFO - Total degrees of freedom                   :   6750
2020-06-30 12:55:19,990 - TOPOPT - INFO - Number of free degrees of freedom          :   6743
2020-06-30 12:55:19,991 - TOPOPT - INFO - Volume fraction                            :   0.171917
2020-06-30 12:55:19,991 - TOPOPT - INFO - Penalty factor                             :   3.0
2020-06-30 12:55:19,991 - TOPOPT - INFO - Continuation step                          :   True
2020-06-30 12:55:19,991 - TOPOPT - INFO - Filter length                              :   0.0
2020-06-30 12:55:19,991 - TOPOPT - INFO - Filter approach                            :   SENS
2020-06-30 12:55:19,991 - TOPOPT - INFO - Maximum number of iterations               :   1000.0
2020-06-30 12:55:19,992 - TOPOPT - INFO - Tolerance (max. density change)            :   0.001
2020-06-30 12:55:19,992 - TOPOPT - INFO - Maximum Young's modulus for fil (if x_i=1) :   1.0
2020-06-30 12:55:19,992 - TOPOPT - INFO - Minimum Young's modulus for fil (if x_i=0) :   1e-09
2020-06-30 12:55:19,992 - TOPOPT - INFO - Maximum Young's modulus for con (if x_i=1) :   1.0
2020-06-30 12:55:19,992 - TOPOPT - INFO - Minimum Young's modulus for con (if x_i=0) :   1e-09

2020-06-30 12:55:20,320 - TOPOPT - INFO - Scaling factor for objective function f0   :   0.000
2020-06-30 12:55:20,321 - TOPOPT - INFO - Scaling factor for constraint function f1  :   3788.000

2020-06-30 12:55:20,486 - TOPOPT - INFO - Ite.: 000  Vol.: 0.172  Ch.: 0.0000  Obj.: 2537.6
2020-06-30 12:55:20,667 - TOPOPT - INFO - Ite.: 001  Vol.: 0.172  Ch.: 0.2000  Obj.: 45.4
2020-06-30 12:55:20,863 - TOPOPT - INFO - Ite.: 002  Vol.: 0.172  Ch.: 0.2000  Obj.: 37.5
2020-06-30 12:55:21,029 - TOPOPT - INFO - Ite.: 003  Vol.: 0.172  Ch.: 0.2000  Obj.: 34.4
2020-06-30 12:55:21,205 - TOPOPT - INFO - Ite.: 004  Vol.: 0.172  Ch.: 0.2000  Obj.: 32.8
2020-06-30 12:55:21,386 - TOPOPT - INFO - Ite.: 005  Vol.: 0.172  Ch.: 0.1419  Obj.: 31.9
2020-06-30 12:55:21,558 - TOPOPT - INFO - Ite.: 006  Vol.: 0.172  Ch.: 0.0851  Obj.: 31.5
2020-06-30 12:55:21,731 - TOPOPT - INFO - Ite.: 007  Vol.: 0.172  Ch.: 0.0784  Obj.: 31.2
2020-06-30 12:55:21,910 - TOPOPT - INFO - Ite.: 008  Vol.: 0.172  Ch.: 0.0673  Obj.: 30.9
2020-06-30 12:55:22,086 - TOPOPT - INFO - Ite.: 009  Vol.: 0.172  Ch.: 0.0598  Obj.: 30.8
2020-06-30 12:55:22,223 - TOPOPT - INFO - Ite.: 010  Vol.: 0.172  Ch.: 0.0584  Obj.: 30.7
2020-06-30 12:55:22,398 - TOPOPT - INFO - Ite.: 011  Vol.: 0.172  Ch.: 0.0461  Obj.: 30.6
2020-06-30 12:55:22,570 - TOPOPT - INFO - Ite.: 012  Vol.: 0.172  Ch.: 0.0407  Obj.: 30.5
2020-06-30 12:55:22,741 - TOPOPT - INFO - Ite.: 013  Vol.: 0.172  Ch.: 0.0374  Obj.: 30.4
2020-06-30 12:55:22,908 - TOPOPT - INFO - Ite.: 014  Vol.: 0.172  Ch.: 0.0378  Obj.: 30.3
2020-06-30 12:55:23,088 - TOPOPT - INFO - Ite.: 015  Vol.: 0.172  Ch.: 0.0374  Obj.: 30.3
2020-06-30 12:55:23,264 - TOPOPT - INFO - Ite.: 016  Vol.: 0.172  Ch.: 0.0370  Obj.: 30.3
2020-06-30 12:55:23,427 - TOPOPT - INFO - Ite.: 017  Vol.: 0.172  Ch.: 0.0357  Obj.: 30.2
2020-06-30 12:55:23,606 - TOPOPT - INFO - Ite.: 018  Vol.: 0.172  Ch.: 0.0344  Obj.: 30.2
2020-06-30 12:55:23,785 - TOPOPT - INFO - Ite.: 019  Vol.: 0.172  Ch.: 0.0306  Obj.: 30.2
2020-06-30 12:55:23,961 - TOPOPT - INFO - Ite.: 020  Vol.: 0.172  Ch.: 0.0275  Obj.: 30.1
2020-06-30 12:55:24,129 - TOPOPT - INFO - Ite.: 021  Vol.: 0.172  Ch.: 0.0290  Obj.: 30.4
2020-06-30 12:55:24,297 - TOPOPT - INFO - Ite.: 022  Vol.: 0.172  Ch.: 0.0350  Obj.: 30.7
2020-06-30 12:55:24,454 - TOPOPT - INFO - Ite.: 023  Vol.: 0.172  Ch.: 0.0406  Obj.: 31.0
2020-06-30 12:55:24,617 - TOPOPT - INFO - Ite.: 024  Vol.: 0.172  Ch.: 0.0387  Obj.: 31.2
2020-06-30 12:55:24,771 - TOPOPT - INFO - Ite.: 025  Vol.: 0.172  Ch.: 0.0432  Obj.: 31.5
2020-06-30 12:55:24,947 - TOPOPT - INFO - Ite.: 026  Vol.: 0.172  Ch.: 0.0444  Obj.: 31.7
2020-06-30 12:55:25,129 - TOPOPT - INFO - Ite.: 027  Vol.: 0.172  Ch.: 0.0524  Obj.: 31.9
2020-06-30 12:55:25,310 - TOPOPT - INFO - Ite.: 028  Vol.: 0.172  Ch.: 0.0619  Obj.: 32.1
2020-06-30 12:55:25,487 - TOPOPT - INFO - Ite.: 029  Vol.: 0.172  Ch.: 0.0717  Obj.: 32.3
2020-06-30 12:55:25,627 - TOPOPT - INFO - Ite.: 030  Vol.: 0.172  Ch.: 0.0792  Obj.: 32.5
2020-06-30 12:55:25,815 - TOPOPT - INFO - Ite.: 031  Vol.: 0.172  Ch.: 0.0887  Obj.: 32.6
2020-06-30 12:55:25,992 - TOPOPT - INFO - Ite.: 032  Vol.: 0.172  Ch.: 0.0642  Obj.: 32.7
2020-06-30 12:55:26,177 - TOPOPT - INFO - Ite.: 033  Vol.: 0.172  Ch.: 0.0553  Obj.: 32.8
2020-06-30 12:55:26,365 - TOPOPT - INFO - Ite.: 034  Vol.: 0.172  Ch.: 0.0514  Obj.: 32.9
2020-06-30 12:55:26,501 - TOPOPT - INFO - Ite.: 035  Vol.: 0.172  Ch.: 0.0619  Obj.: 33.0
2020-06-30 12:55:26,632 - TOPOPT - INFO - Ite.: 036  Vol.: 0.172  Ch.: 0.0740  Obj.: 33.0
2020-06-30 12:55:26,821 - TOPOPT - INFO - Ite.: 037  Vol.: 0.172  Ch.: 0.0907  Obj.: 33.0
2020-06-30 12:55:26,997 - TOPOPT - INFO - Ite.: 038  Vol.: 0.172  Ch.: 0.1123  Obj.: 33.0
2020-06-30 12:55:27,165 - TOPOPT - INFO - Ite.: 039  Vol.: 0.172  Ch.: 0.1243  Obj.: 32.9
2020-06-30 12:55:27,359 - TOPOPT - INFO - Ite.: 040  Vol.: 0.172  Ch.: 0.1348  Obj.: 32.8
2020-06-30 12:55:27,541 - TOPOPT - INFO - Ite.: 041  Vol.: 0.172  Ch.: 0.1298  Obj.: 32.7
2020-06-30 12:55:27,739 - TOPOPT - INFO - Ite.: 042  Vol.: 0.172  Ch.: 0.1106  Obj.: 32.6
2020-06-30 12:55:27,935 - TOPOPT - INFO - Ite.: 043  Vol.: 0.172  Ch.: 0.1032  Obj.: 32.5
2020-06-30 12:55:28,084 - TOPOPT - INFO - Ite.: 044  Vol.: 0.172  Ch.: 0.1236  Obj.: 32.4
2020-06-30 12:55:28,272 - TOPOPT - INFO - Ite.: 045  Vol.: 0.172  Ch.: 0.1384  Obj.: 32.3
2020-06-30 12:55:28,431 - TOPOPT - INFO - Ite.: 046  Vol.: 0.172  Ch.: 0.1320  Obj.: 32.2
2020-06-30 12:55:28,601 - TOPOPT - INFO - Ite.: 047  Vol.: 0.172  Ch.: 0.1394  Obj.: 32.2
2020-06-30 12:55:28,790 - TOPOPT - INFO - Ite.: 048  Vol.: 0.172  Ch.: 0.0937  Obj.: 32.2
2020-06-30 12:55:28,951 - TOPOPT - INFO - Ite.: 049  Vol.: 0.172  Ch.: 0.0719  Obj.: 32.2
2020-06-30 12:55:29,116 - TOPOPT - INFO - Ite.: 050  Vol.: 0.172  Ch.: 0.0950  Obj.: 32.3
2020-06-30 12:55:29,294 - TOPOPT - INFO - Ite.: 051  Vol.: 0.172  Ch.: 0.1326  Obj.: 32.3
2020-06-30 12:55:29,454 - TOPOPT - INFO - Ite.: 052  Vol.: 0.172  Ch.: 0.0777  Obj.: 32.3
2020-06-30 12:55:29,649 - TOPOPT - INFO - Ite.: 053  Vol.: 0.172  Ch.: 0.0690  Obj.: 32.3
2020-06-30 12:55:29,848 - TOPOPT - INFO - Ite.: 054  Vol.: 0.172  Ch.: 0.0623  Obj.: 32.3
2020-06-30 12:55:30,030 - TOPOPT - INFO - Ite.: 055  Vol.: 0.172  Ch.: 0.0618  Obj.: 32.4
2020-06-30 12:55:30,211 - TOPOPT - INFO - Ite.: 056  Vol.: 0.172  Ch.: 0.0635  Obj.: 32.4
2020-06-30 12:55:30,408 - TOPOPT - INFO - Ite.: 057  Vol.: 0.172  Ch.: 0.0681  Obj.: 32.5
2020-06-30 12:55:30,611 - TOPOPT - INFO - Ite.: 058  Vol.: 0.172  Ch.: 0.0777  Obj.: 32.5
2020-06-30 12:55:30,807 - TOPOPT - INFO - Ite.: 059  Vol.: 0.172  Ch.: 0.0819  Obj.: 32.6
2020-06-30 12:55:30,991 - TOPOPT - INFO - Ite.: 060  Vol.: 0.172  Ch.: 0.0840  Obj.: 32.6
2020-06-30 12:55:31,185 - TOPOPT - INFO - Ite.: 061  Vol.: 0.172  Ch.: 0.0684  Obj.: 32.7
2020-06-30 12:55:31,360 - TOPOPT - INFO - Ite.: 062  Vol.: 0.172  Ch.: 0.0418  Obj.: 32.7
2020-06-30 12:55:31,543 - TOPOPT - INFO - Ite.: 063  Vol.: 0.172  Ch.: 0.0520  Obj.: 32.8
2020-06-30 12:55:31,701 - TOPOPT - INFO - Ite.: 064  Vol.: 0.172  Ch.: 0.0656  Obj.: 32.9
2020-06-30 12:55:31,891 - TOPOPT - INFO - Ite.: 065  Vol.: 0.172  Ch.: 0.0820  Obj.: 33.0
2020-06-30 12:55:32,061 - TOPOPT - INFO - Ite.: 066  Vol.: 0.172  Ch.: 0.0945  Obj.: 33.0
2020-06-30 12:55:32,240 - TOPOPT - INFO - Ite.: 067  Vol.: 0.172  Ch.: 0.0857  Obj.: 33.1
2020-06-30 12:55:32,439 - TOPOPT - INFO - Ite.: 068  Vol.: 0.172  Ch.: 0.0858  Obj.: 33.1
2020-06-30 12:55:32,635 - TOPOPT - INFO - Ite.: 069  Vol.: 0.172  Ch.: 0.1144  Obj.: 33.2
2020-06-30 12:55:32,818 - TOPOPT - INFO - Ite.: 070  Vol.: 0.172  Ch.: 0.1558  Obj.: 33.3
2020-06-30 12:55:33,010 - TOPOPT - INFO - Ite.: 071  Vol.: 0.172  Ch.: 0.1955  Obj.: 33.3
2020-06-30 12:55:33,200 - TOPOPT - INFO - Ite.: 072  Vol.: 0.172  Ch.: 0.2000  Obj.: 33.2
2020-06-30 12:55:33,387 - TOPOPT - INFO - Ite.: 073  Vol.: 0.172  Ch.: 0.1933  Obj.: 33.3
2020-06-30 12:55:33,566 - TOPOPT - INFO - Ite.: 074  Vol.: 0.172  Ch.: 0.0664  Obj.: 33.3
2020-06-30 12:55:33,756 - TOPOPT - INFO - Ite.: 075  Vol.: 0.172  Ch.: 0.0564  Obj.: 33.4
2020-06-30 12:55:33,951 - TOPOPT - INFO - Ite.: 076  Vol.: 0.172  Ch.: 0.0702  Obj.: 33.5
2020-06-30 12:55:34,150 - TOPOPT - INFO - Ite.: 077  Vol.: 0.172  Ch.: 0.0677  Obj.: 33.5
2020-06-30 12:55:34,345 - TOPOPT - INFO - Ite.: 078  Vol.: 0.172  Ch.: 0.0679  Obj.: 33.5
2020-06-30 12:55:34,524 - TOPOPT - INFO - Ite.: 079  Vol.: 0.172  Ch.: 0.0677  Obj.: 33.5
2020-06-30 12:55:34,706 - TOPOPT - INFO - Ite.: 080  Vol.: 0.172  Ch.: 0.0677  Obj.: 33.5
2020-06-30 12:55:34,910 - TOPOPT - INFO - Ite.: 081  Vol.: 0.172  Ch.: 0.0677  Obj.: 33.5
2020-06-30 12:55:35,101 - TOPOPT - INFO - Ite.: 082  Vol.: 0.172  Ch.: 0.0676  Obj.: 33.5
2020-06-30 12:55:35,292 - TOPOPT - INFO - Ite.: 083  Vol.: 0.172  Ch.: 0.0676  Obj.: 33.5
2020-06-30 12:55:35,489 - TOPOPT - INFO - Ite.: 084  Vol.: 0.172  Ch.: 0.0676  Obj.: 33.5
2020-06-30 12:55:35,696 - TOPOPT - INFO - Ite.: 085  Vol.: 0.172  Ch.: 0.0676  Obj.: 33.5
2020-06-30 12:55:35,895 - TOPOPT - INFO - Ite.: 086  Vol.: 0.172  Ch.: 0.0676  Obj.: 33.5
2020-06-30 12:55:36,096 - TOPOPT - INFO - Ite.: 087  Vol.: 0.172  Ch.: 0.0675  Obj.: 33.5
2020-06-30 12:55:36,287 - TOPOPT - INFO - Ite.: 088  Vol.: 0.172  Ch.: 0.0675  Obj.: 33.5
2020-06-30 12:55:36,489 - TOPOPT - INFO - Ite.: 089  Vol.: 0.172  Ch.: 0.0675  Obj.: 33.5
2020-06-30 12:55:36,681 - TOPOPT - INFO - Ite.: 090  Vol.: 0.172  Ch.: 0.0675  Obj.: 33.5
2020-06-30 12:55:36,887 - TOPOPT - INFO - Ite.: 091  Vol.: 0.172  Ch.: 0.0675  Obj.: 33.5
2020-06-30 12:55:37,085 - TOPOPT - INFO - Ite.: 092  Vol.: 0.172  Ch.: 0.0674  Obj.: 33.5
2020-06-30 12:55:37,279 - TOPOPT - INFO - Ite.: 093  Vol.: 0.172  Ch.: 0.0674  Obj.: 33.5
2020-06-30 12:55:37,471 - TOPOPT - INFO - Ite.: 094  Vol.: 0.172  Ch.: 0.0674  Obj.: 33.5
2020-06-30 12:55:37,666 - TOPOPT - INFO - Ite.: 095  Vol.: 0.172  Ch.: 0.0674  Obj.: 33.5
2020-06-30 12:55:37,875 - TOPOPT - INFO - Ite.: 096  Vol.: 0.172  Ch.: 0.0674  Obj.: 33.5
2020-06-30 12:55:38,066 - TOPOPT - INFO - Ite.: 097  Vol.: 0.172  Ch.: 0.0674  Obj.: 33.5
2020-06-30 12:55:38,259 - TOPOPT - INFO - Ite.: 098  Vol.: 0.172  Ch.: 0.0673  Obj.: 33.5
2020-06-30 12:55:38,459 - TOPOPT - INFO - Ite.: 099  Vol.: 0.172  Ch.: 0.0673  Obj.: 33.5
2020-06-30 12:55:38,618 - TOPOPT - INFO - Ite.: 100  Vol.: 0.172  Ch.: 0.0673  Obj.: 33.5
2020-06-30 12:55:38,823 - TOPOPT - INFO - Ite.: 101  Vol.: 0.172  Ch.: 0.0673  Obj.: 33.5
2020-06-30 12:55:39,016 - TOPOPT - INFO - Ite.: 102  Vol.: 0.172  Ch.: 0.0673  Obj.: 33.5
2020-06-30 12:55:39,205 - TOPOPT - INFO - Ite.: 103  Vol.: 0.172  Ch.: 0.0673  Obj.: 33.5
2020-06-30 12:55:39,399 - TOPOPT - INFO - Ite.: 104  Vol.: 0.172  Ch.: 0.0672  Obj.: 33.5
2020-06-30 12:55:39,590 - TOPOPT - INFO - Ite.: 105  Vol.: 0.172  Ch.: 0.0672  Obj.: 33.5
2020-06-30 12:55:39,791 - TOPOPT - INFO - Ite.: 106  Vol.: 0.172  Ch.: 0.0672  Obj.: 33.5
2020-06-30 12:55:39,992 - TOPOPT - INFO - Ite.: 107  Vol.: 0.172  Ch.: 0.0672  Obj.: 33.5
2020-06-30 12:55:40,191 - TOPOPT - INFO - Ite.: 108  Vol.: 0.172  Ch.: 0.0672  Obj.: 33.5
2020-06-30 12:55:40,386 - TOPOPT - INFO - Ite.: 109  Vol.: 0.172  Ch.: 0.0672  Obj.: 33.5
2020-06-30 12:55:40,587 - TOPOPT - INFO - Ite.: 110  Vol.: 0.172  Ch.: 0.0671  Obj.: 33.5
2020-06-30 12:55:40,768 - TOPOPT - INFO - Ite.: 111  Vol.: 0.172  Ch.: 0.0671  Obj.: 33.5
2020-06-30 12:55:40,970 - TOPOPT - INFO - Ite.: 112  Vol.: 0.172  Ch.: 0.0671  Obj.: 33.5
2020-06-30 12:55:41,168 - TOPOPT - INFO - Ite.: 113  Vol.: 0.172  Ch.: 0.0671  Obj.: 33.5
2020-06-30 12:55:41,360 - TOPOPT - INFO - Ite.: 114  Vol.: 0.172  Ch.: 0.0671  Obj.: 33.5
2020-06-30 12:55:41,554 - TOPOPT - INFO - Ite.: 115  Vol.: 0.172  Ch.: 0.0671  Obj.: 33.5
2020-06-30 12:55:41,723 - TOPOPT - INFO - Ite.: 116  Vol.: 0.172  Ch.: 0.0670  Obj.: 33.5
2020-06-30 12:55:41,926 - TOPOPT - INFO - Ite.: 117  Vol.: 0.172  Ch.: 0.0670  Obj.: 33.5
2020-06-30 12:55:42,119 - TOPOPT - INFO - Ite.: 118  Vol.: 0.172  Ch.: 0.0670  Obj.: 33.5
2020-06-30 12:55:42,314 - TOPOPT - INFO - Ite.: 119  Vol.: 0.172  Ch.: 0.0670  Obj.: 33.5
2020-06-30 12:55:42,497 - TOPOPT - INFO - Ite.: 120  Vol.: 0.172  Ch.: 0.0670  Obj.: 33.5
2020-06-30 12:55:42,665 - TOPOPT - INFO - Ite.: 121  Vol.: 0.172  Ch.: 0.0670  Obj.: 33.5
2020-06-30 12:55:42,861 - TOPOPT - INFO - Ite.: 122  Vol.: 0.172  Ch.: 0.0670  Obj.: 33.5
2020-06-30 12:55:43,055 - TOPOPT - INFO - Ite.: 123  Vol.: 0.172  Ch.: 0.0669  Obj.: 33.5
2020-06-30 12:55:43,248 - TOPOPT - INFO - Ite.: 124  Vol.: 0.172  Ch.: 0.0669  Obj.: 33.5
2020-06-30 12:55:43,510 - TOPOPT - INFO - Ite.: 125  Vol.: 0.172  Ch.: 0.0669  Obj.: 33.5
2020-06-30 12:55:43,921 - TOPOPT - INFO - Ite.: 126  Vol.: 0.172  Ch.: 0.0669  Obj.: 33.5
2020-06-30 12:55:44,381 - TOPOPT - INFO - Ite.: 127  Vol.: 0.172  Ch.: 0.0669  Obj.: 33.5
2020-06-30 12:55:44,842 - TOPOPT - INFO - Ite.: 128  Vol.: 0.172  Ch.: 0.0669  Obj.: 33.5
2020-06-30 12:55:45,295 - TOPOPT - INFO - Ite.: 129  Vol.: 0.172  Ch.: 0.0669  Obj.: 33.5
2020-06-30 12:55:45,748 - TOPOPT - INFO - Ite.: 130  Vol.: 0.172  Ch.: 0.0668  Obj.: 33.5
2020-06-30 12:55:46,167 - TOPOPT - INFO - Ite.: 131  Vol.: 0.172  Ch.: 0.0668  Obj.: 33.5
2020-06-30 12:55:46,635 - TOPOPT - INFO - Ite.: 132  Vol.: 0.172  Ch.: 0.0668  Obj.: 33.5
2020-06-30 12:55:47,124 - TOPOPT - INFO - Ite.: 133  Vol.: 0.172  Ch.: 0.0668  Obj.: 33.5
2020-06-30 12:55:47,566 - TOPOPT - INFO - Ite.: 134  Vol.: 0.172  Ch.: 0.0668  Obj.: 33.5
2020-06-30 12:55:47,957 - TOPOPT - INFO - Ite.: 135  Vol.: 0.172  Ch.: 0.0668  Obj.: 33.5
2020-06-30 12:55:48,407 - TOPOPT - INFO - Ite.: 136  Vol.: 0.172  Ch.: 0.0668  Obj.: 33.5
2020-06-30 12:55:48,810 - TOPOPT - INFO - Ite.: 137  Vol.: 0.172  Ch.: 0.0667  Obj.: 33.5
2020-06-30 12:55:49,184 - TOPOPT - INFO - Ite.: 138  Vol.: 0.172  Ch.: 0.0667  Obj.: 33.5
2020-06-30 12:55:49,620 - TOPOPT - INFO - Ite.: 139  Vol.: 0.172  Ch.: 0.0667  Obj.: 33.5
2020-06-30 12:55:50,030 - TOPOPT - INFO - Ite.: 140  Vol.: 0.172  Ch.: 0.0667  Obj.: 33.5
2020-06-30 12:55:50,420 - TOPOPT - INFO - Ite.: 141  Vol.: 0.172  Ch.: 0.0667  Obj.: 33.5
2020-06-30 12:55:50,796 - TOPOPT - INFO - Ite.: 142  Vol.: 0.172  Ch.: 0.0667  Obj.: 33.4
2020-06-30 12:55:51,163 - TOPOPT - INFO - Ite.: 143  Vol.: 0.172  Ch.: 0.0667  Obj.: 33.5
2020-06-30 12:55:51,584 - TOPOPT - INFO - Ite.: 144  Vol.: 0.172  Ch.: 0.0667  Obj.: 33.4
2020-06-30 12:55:52,031 - TOPOPT - INFO - Ite.: 145  Vol.: 0.172  Ch.: 0.0667  Obj.: 33.5
2020-06-30 12:55:52,462 - TOPOPT - INFO - Ite.: 146  Vol.: 0.172  Ch.: 0.0666  Obj.: 33.4
2020-06-30 12:55:52,928 - TOPOPT - INFO - Ite.: 147  Vol.: 0.172  Ch.: 0.0666  Obj.: 33.5
2020-06-30 12:55:53,406 - TOPOPT - INFO - Ite.: 148  Vol.: 0.172  Ch.: 0.0666  Obj.: 33.4
2020-06-30 12:55:53,804 - TOPOPT - INFO - Ite.: 149  Vol.: 0.172  Ch.: 0.0666  Obj.: 33.5
2020-06-30 12:55:54,215 - TOPOPT - INFO - Ite.: 150  Vol.: 0.172  Ch.: 0.0666  Obj.: 33.4
2020-06-30 12:55:54,611 - TOPOPT - INFO - Ite.: 151  Vol.: 0.172  Ch.: 0.0665  Obj.: 33.5
2020-06-30 12:55:55,024 - TOPOPT - INFO - Ite.: 152  Vol.: 0.172  Ch.: 0.0665  Obj.: 33.4
2020-06-30 12:55:55,443 - TOPOPT - INFO - Ite.: 153  Vol.: 0.172  Ch.: 0.0665  Obj.: 33.5
2020-06-30 12:55:55,843 - TOPOPT - INFO - Ite.: 154  Vol.: 0.172  Ch.: 0.0665  Obj.: 33.4
2020-06-30 12:55:56,239 - TOPOPT - INFO - Ite.: 155  Vol.: 0.172  Ch.: 0.0665  Obj.: 33.5
2020-06-30 12:55:56,616 - TOPOPT - INFO - Ite.: 156  Vol.: 0.172  Ch.: 0.0665  Obj.: 33.4
2020-06-30 12:55:57,011 - TOPOPT - INFO - Ite.: 157  Vol.: 0.172  Ch.: 0.0665  Obj.: 33.5
2020-06-30 12:55:57,410 - TOPOPT - INFO - Ite.: 158  Vol.: 0.172  Ch.: 0.0665  Obj.: 33.4
2020-06-30 12:55:57,808 - TOPOPT - INFO - Ite.: 159  Vol.: 0.172  Ch.: 0.0664  Obj.: 33.5
2020-06-30 12:55:58,205 - TOPOPT - INFO - Ite.: 160  Vol.: 0.172  Ch.: 0.0664  Obj.: 33.4
2020-06-30 12:55:58,665 - TOPOPT - INFO - Ite.: 161  Vol.: 0.172  Ch.: 0.0664  Obj.: 33.5
2020-06-30 12:55:59,078 - TOPOPT - INFO - Ite.: 162  Vol.: 0.172  Ch.: 0.0664  Obj.: 33.4
2020-06-30 12:55:59,550 - TOPOPT - INFO - Ite.: 163  Vol.: 0.172  Ch.: 0.0664  Obj.: 33.5
2020-06-30 12:55:59,926 - TOPOPT - INFO - Ite.: 164  Vol.: 0.172  Ch.: 0.0664  Obj.: 33.4
2020-06-30 12:56:00,326 - TOPOPT - INFO - Ite.: 165  Vol.: 0.172  Ch.: 0.0664  Obj.: 33.5
2020-06-30 12:56:00,710 - TOPOPT - INFO - Ite.: 166  Vol.: 0.172  Ch.: 0.0664  Obj.: 33.4
2020-06-30 12:56:01,102 - TOPOPT - INFO - Ite.: 167  Vol.: 0.172  Ch.: 0.0663  Obj.: 33.5
2020-06-30 12:56:01,513 - TOPOPT - INFO - Ite.: 168  Vol.: 0.172  Ch.: 0.0663  Obj.: 33.4
2020-06-30 12:56:01,907 - TOPOPT - INFO - Ite.: 169  Vol.: 0.172  Ch.: 0.0663  Obj.: 33.5
2020-06-30 12:56:02,309 - TOPOPT - INFO - Ite.: 170  Vol.: 0.172  Ch.: 0.0663  Obj.: 33.4
2020-06-30 12:56:02,715 - TOPOPT - INFO - Ite.: 171  Vol.: 0.172  Ch.: 0.0663  Obj.: 33.5
2020-06-30 12:56:03,109 - TOPOPT - INFO - Ite.: 172  Vol.: 0.172  Ch.: 0.0663  Obj.: 33.4
2020-06-30 12:56:03,513 - TOPOPT - INFO - Ite.: 173  Vol.: 0.172  Ch.: 0.0663  Obj.: 33.5
2020-06-30 12:56:03,930 - TOPOPT - INFO - Ite.: 174  Vol.: 0.172  Ch.: 0.0663  Obj.: 33.4
2020-06-30 12:56:04,329 - TOPOPT - INFO - Ite.: 175  Vol.: 0.172  Ch.: 0.0662  Obj.: 33.5
2020-06-30 12:56:04,788 - TOPOPT - INFO - Ite.: 176  Vol.: 0.172  Ch.: 0.0663  Obj.: 33.4
2020-06-30 12:56:05,186 - TOPOPT - INFO - Ite.: 177  Vol.: 0.172  Ch.: 0.0662  Obj.: 33.5
2020-06-30 12:56:05,632 - TOPOPT - INFO - Ite.: 178  Vol.: 0.172  Ch.: 0.0662  Obj.: 33.4
2020-06-30 12:56:06,012 - TOPOPT - INFO - Ite.: 179  Vol.: 0.172  Ch.: 0.0662  Obj.: 33.5
2020-06-30 12:56:06,419 - TOPOPT - INFO - Ite.: 180  Vol.: 0.172  Ch.: 0.0662  Obj.: 33.4
2020-06-30 12:56:06,881 - TOPOPT - INFO - Ite.: 181  Vol.: 0.172  Ch.: 0.0661  Obj.: 33.5
2020-06-30 12:56:07,274 - TOPOPT - INFO - Ite.: 182  Vol.: 0.172  Ch.: 0.0661  Obj.: 33.4
2020-06-30 12:56:07,674 - TOPOPT - INFO - Ite.: 183  Vol.: 0.172  Ch.: 0.0661  Obj.: 33.5
2020-06-30 12:56:08,106 - TOPOPT - INFO - Ite.: 184  Vol.: 0.172  Ch.: 0.0661  Obj.: 33.4
2020-06-30 12:56:08,487 - TOPOPT - INFO - Ite.: 185  Vol.: 0.172  Ch.: 0.0661  Obj.: 33.5
2020-06-30 12:56:08,869 - TOPOPT - INFO - Ite.: 186  Vol.: 0.172  Ch.: 0.0661  Obj.: 33.4
2020-06-30 12:56:09,264 - TOPOPT - INFO - Ite.: 187  Vol.: 0.172  Ch.: 0.0661  Obj.: 33.5
2020-06-30 12:56:09,701 - TOPOPT - INFO - Ite.: 188  Vol.: 0.172  Ch.: 0.0660  Obj.: 33.4
2020-06-30 12:56:10,068 - TOPOPT - INFO - Ite.: 189  Vol.: 0.172  Ch.: 0.0660  Obj.: 33.5
2020-06-30 12:56:10,467 - TOPOPT - INFO - Ite.: 190  Vol.: 0.172  Ch.: 0.0660  Obj.: 33.4
2020-06-30 12:56:10,845 - TOPOPT - INFO - Ite.: 191  Vol.: 0.172  Ch.: 0.0660  Obj.: 33.5
2020-06-30 12:56:11,243 - TOPOPT - INFO - Ite.: 192  Vol.: 0.172  Ch.: 0.0659  Obj.: 33.4
2020-06-30 12:56:11,653 - TOPOPT - INFO - Ite.: 193  Vol.: 0.172  Ch.: 0.0659  Obj.: 33.4
2020-06-30 12:56:12,045 - TOPOPT - INFO - Ite.: 194  Vol.: 0.172  Ch.: 0.0659  Obj.: 33.4
2020-06-30 12:56:12,448 - TOPOPT - INFO - Ite.: 195  Vol.: 0.172  Ch.: 0.0659  Obj.: 33.4
2020-06-30 12:56:12,839 - TOPOPT - INFO - Ite.: 196  Vol.: 0.172  Ch.: 0.0659  Obj.: 33.4
2020-06-30 12:56:13,148 - TOPOPT - INFO - Ite.: 197  Vol.: 0.172  Ch.: 0.0659  Obj.: 33.5
2020-06-30 12:56:13,407 - TOPOPT - INFO - Ite.: 198  Vol.: 0.172  Ch.: 0.0658  Obj.: 33.4
2020-06-30 12:56:13,648 - TOPOPT - INFO - Ite.: 199  Vol.: 0.172  Ch.: 0.0658  Obj.: 33.5
2020-06-30 12:56:13,883 - TOPOPT - INFO - Ite.: 200  Vol.: 0.172  Ch.: 0.0658  Obj.: 33.4
2020-06-30 12:56:14,119 - TOPOPT - INFO - Ite.: 201  Vol.: 0.172  Ch.: 0.0658  Obj.: 33.5
2020-06-30 12:56:14,354 - TOPOPT - INFO - Ite.: 202  Vol.: 0.172  Ch.: 0.0658  Obj.: 33.4
2020-06-30 12:56:14,594 - TOPOPT - INFO - Ite.: 203  Vol.: 0.172  Ch.: 0.0658  Obj.: 33.5
2020-06-30 12:56:14,793 - TOPOPT - INFO - Ite.: 204  Vol.: 0.172  Ch.: 0.0658  Obj.: 33.4
2020-06-30 12:56:14,988 - TOPOPT - INFO - Ite.: 205  Vol.: 0.172  Ch.: 0.0658  Obj.: 33.4
2020-06-30 12:56:15,178 - TOPOPT - INFO - Ite.: 206  Vol.: 0.172  Ch.: 0.0657  Obj.: 33.4
2020-06-30 12:56:15,374 - TOPOPT - INFO - Ite.: 207  Vol.: 0.172  Ch.: 0.0657  Obj.: 33.5
2020-06-30 12:56:15,561 - TOPOPT - INFO - Ite.: 208  Vol.: 0.172  Ch.: 0.0657  Obj.: 33.4
2020-06-30 12:56:15,755 - TOPOPT - INFO - Ite.: 209  Vol.: 0.172  Ch.: 0.0657  Obj.: 33.4
2020-06-30 12:56:15,947 - TOPOPT - INFO - Ite.: 210  Vol.: 0.172  Ch.: 0.0657  Obj.: 33.4
2020-06-30 12:56:16,148 - TOPOPT - INFO - Ite.: 211  Vol.: 0.172  Ch.: 0.0657  Obj.: 33.5
2020-06-30 12:56:16,349 - TOPOPT - INFO - Ite.: 212  Vol.: 0.172  Ch.: 0.0656  Obj.: 33.4
2020-06-30 12:56:16,540 - TOPOPT - INFO - Ite.: 213  Vol.: 0.172  Ch.: 0.0656  Obj.: 33.5
2020-06-30 12:56:16,727 - TOPOPT - INFO - Ite.: 214  Vol.: 0.172  Ch.: 0.0656  Obj.: 33.4
2020-06-30 12:56:16,924 - TOPOPT - INFO - Ite.: 215  Vol.: 0.172  Ch.: 0.0656  Obj.: 33.4
2020-06-30 12:56:17,120 - TOPOPT - INFO - Ite.: 216  Vol.: 0.172  Ch.: 0.0656  Obj.: 33.4
2020-06-30 12:56:17,306 - TOPOPT - INFO - Ite.: 217  Vol.: 0.172  Ch.: 0.0656  Obj.: 33.5
2020-06-30 12:56:17,491 - TOPOPT - INFO - Ite.: 218  Vol.: 0.172  Ch.: 0.0656  Obj.: 33.4
2020-06-30 12:56:17,686 - TOPOPT - INFO - Ite.: 219  Vol.: 0.172  Ch.: 0.0655  Obj.: 33.4
2020-06-30 12:56:17,874 - TOPOPT - INFO - Ite.: 220  Vol.: 0.172  Ch.: 0.0655  Obj.: 33.4
2020-06-30 12:56:18,057 - TOPOPT - INFO - Ite.: 221  Vol.: 0.172  Ch.: 0.0655  Obj.: 33.5
2020-06-30 12:56:18,251 - TOPOPT - INFO - Ite.: 222  Vol.: 0.172  Ch.: 0.0655  Obj.: 33.4
2020-06-30 12:56:18,445 - TOPOPT - INFO - Ite.: 223  Vol.: 0.172  Ch.: 0.0655  Obj.: 33.4
2020-06-30 12:56:18,632 - TOPOPT - INFO - Ite.: 224  Vol.: 0.172  Ch.: 0.0654  Obj.: 33.4
2020-06-30 12:56:18,814 - TOPOPT - INFO - Ite.: 225  Vol.: 0.172  Ch.: 0.0654  Obj.: 33.5
2020-06-30 12:56:18,994 - TOPOPT - INFO - Ite.: 226  Vol.: 0.172  Ch.: 0.0654  Obj.: 33.4
2020-06-30 12:56:19,186 - TOPOPT - INFO - Ite.: 227  Vol.: 0.172  Ch.: 0.0654  Obj.: 33.4
2020-06-30 12:56:19,371 - TOPOPT - INFO - Ite.: 228  Vol.: 0.172  Ch.: 0.0654  Obj.: 33.4
2020-06-30 12:56:19,558 - TOPOPT - INFO - Ite.: 229  Vol.: 0.172  Ch.: 0.0654  Obj.: 33.5
2020-06-30 12:56:19,753 - TOPOPT - INFO - Ite.: 230  Vol.: 0.172  Ch.: 0.0654  Obj.: 33.4
2020-06-30 12:56:19,942 - TOPOPT - INFO - Ite.: 231  Vol.: 0.172  Ch.: 0.0654  Obj.: 33.5
2020-06-30 12:56:20,125 - TOPOPT - INFO - Ite.: 232  Vol.: 0.172  Ch.: 0.0653  Obj.: 33.4
2020-06-30 12:56:20,323 - TOPOPT - INFO - Ite.: 233  Vol.: 0.172  Ch.: 0.0653  Obj.: 33.4
2020-06-30 12:56:20,518 - TOPOPT - INFO - Ite.: 234  Vol.: 0.172  Ch.: 0.0653  Obj.: 33.4
2020-06-30 12:56:20,716 - TOPOPT - INFO - Ite.: 235  Vol.: 0.172  Ch.: 0.0653  Obj.: 33.5
2020-06-30 12:56:20,912 - TOPOPT - INFO - Ite.: 236  Vol.: 0.172  Ch.: 0.0653  Obj.: 33.4
2020-06-30 12:56:21,118 - TOPOPT - INFO - Ite.: 237  Vol.: 0.172  Ch.: 0.0653  Obj.: 33.4
2020-06-30 12:56:21,309 - TOPOPT - INFO - Ite.: 238  Vol.: 0.172  Ch.: 0.0652  Obj.: 33.4
2020-06-30 12:56:21,507 - TOPOPT - INFO - Ite.: 239  Vol.: 0.172  Ch.: 0.0652  Obj.: 33.5
2020-06-30 12:56:21,687 - TOPOPT - INFO - Ite.: 240  Vol.: 0.172  Ch.: 0.0652  Obj.: 33.4
2020-06-30 12:56:21,867 - TOPOPT - INFO - Ite.: 241  Vol.: 0.172  Ch.: 0.0652  Obj.: 33.4
2020-06-30 12:56:22,063 - TOPOPT - INFO - Ite.: 242  Vol.: 0.172  Ch.: 0.0652  Obj.: 33.4
2020-06-30 12:56:22,249 - TOPOPT - INFO - Ite.: 243  Vol.: 0.172  Ch.: 0.0652  Obj.: 33.5
2020-06-30 12:56:22,435 - TOPOPT - INFO - Ite.: 244  Vol.: 0.172  Ch.: 0.0652  Obj.: 33.4
2020-06-30 12:56:22,629 - TOPOPT - INFO - Ite.: 245  Vol.: 0.172  Ch.: 0.0652  Obj.: 33.4
2020-06-30 12:56:22,828 - TOPOPT - INFO - Ite.: 246  Vol.: 0.172  Ch.: 0.0651  Obj.: 33.4
2020-06-30 12:56:23,012 - TOPOPT - INFO - Ite.: 247  Vol.: 0.172  Ch.: 0.0651  Obj.: 33.5
2020-06-30 12:56:23,187 - TOPOPT - INFO - Ite.: 248  Vol.: 0.172  Ch.: 0.0651  Obj.: 33.4
2020-06-30 12:56:23,373 - TOPOPT - INFO - Ite.: 249  Vol.: 0.172  Ch.: 0.0651  Obj.: 33.4
2020-06-30 12:56:23,564 - TOPOPT - INFO - Ite.: 250  Vol.: 0.172  Ch.: 0.0651  Obj.: 33.4
2020-06-30 12:56:23,763 - TOPOPT - INFO - Ite.: 251  Vol.: 0.172  Ch.: 0.0651  Obj.: 33.5
2020-06-30 12:56:23,976 - TOPOPT - INFO - Ite.: 252  Vol.: 0.172  Ch.: 0.0651  Obj.: 33.4
2020-06-30 12:56:24,189 - TOPOPT - INFO - Ite.: 253  Vol.: 0.172  Ch.: 0.0650  Obj.: 33.4
2020-06-30 12:56:24,396 - TOPOPT - INFO - Ite.: 254  Vol.: 0.172  Ch.: 0.0650  Obj.: 33.4
2020-06-30 12:56:24,592 - TOPOPT - INFO - Ite.: 255  Vol.: 0.172  Ch.: 0.0650  Obj.: 33.5
2020-06-30 12:56:24,785 - TOPOPT - INFO - Ite.: 256  Vol.: 0.172  Ch.: 0.0650  Obj.: 33.4
2020-06-30 12:56:24,978 - TOPOPT - INFO - Ite.: 257  Vol.: 0.172  Ch.: 0.0650  Obj.: 33.4
2020-06-30 12:56:25,167 - TOPOPT - INFO - Ite.: 258  Vol.: 0.172  Ch.: 0.0650  Obj.: 33.4
2020-06-30 12:56:25,355 - TOPOPT - INFO - Ite.: 259  Vol.: 0.172  Ch.: 0.0649  Obj.: 33.5
2020-06-30 12:56:25,539 - TOPOPT - INFO - Ite.: 260  Vol.: 0.172  Ch.: 0.0649  Obj.: 33.4
2020-06-30 12:56:25,723 - TOPOPT - INFO - Ite.: 261  Vol.: 0.172  Ch.: 0.0649  Obj.: 33.4
2020-06-30 12:56:25,904 - TOPOPT - INFO - Ite.: 262  Vol.: 0.172  Ch.: 0.0649  Obj.: 33.4
2020-06-30 12:56:26,089 - TOPOPT - INFO - Ite.: 263  Vol.: 0.172  Ch.: 0.0649  Obj.: 33.5
2020-06-30 12:56:26,278 - TOPOPT - INFO - Ite.: 264  Vol.: 0.172  Ch.: 0.0649  Obj.: 33.4
2020-06-30 12:56:26,454 - TOPOPT - INFO - Ite.: 265  Vol.: 0.172  Ch.: 0.0649  Obj.: 33.4
2020-06-30 12:56:26,634 - TOPOPT - INFO - Ite.: 266  Vol.: 0.172  Ch.: 0.0648  Obj.: 33.4
2020-06-30 12:56:26,826 - TOPOPT - INFO - Ite.: 267  Vol.: 0.172  Ch.: 0.0648  Obj.: 33.4
2020-06-30 12:56:27,019 - TOPOPT - INFO - Ite.: 268  Vol.: 0.172  Ch.: 0.0648  Obj.: 33.4
2020-06-30 12:56:27,217 - TOPOPT - INFO - Ite.: 269  Vol.: 0.172  Ch.: 0.0648  Obj.: 33.4
2020-06-30 12:56:27,410 - TOPOPT - INFO - Ite.: 270  Vol.: 0.172  Ch.: 0.0648  Obj.: 33.4
2020-06-30 12:56:27,590 - TOPOPT - INFO - Ite.: 271  Vol.: 0.172  Ch.: 0.0648  Obj.: 33.4
2020-06-30 12:56:27,767 - TOPOPT - INFO - Ite.: 272  Vol.: 0.172  Ch.: 0.0647  Obj.: 33.4
2020-06-30 12:56:27,942 - TOPOPT - INFO - Ite.: 273  Vol.: 0.172  Ch.: 0.0647  Obj.: 33.4
2020-06-30 12:56:28,130 - TOPOPT - INFO - Ite.: 274  Vol.: 0.172  Ch.: 0.0647  Obj.: 33.4
2020-06-30 12:56:28,308 - TOPOPT - INFO - Ite.: 275  Vol.: 0.172  Ch.: 0.0647  Obj.: 33.4
2020-06-30 12:56:28,486 - TOPOPT - INFO - Ite.: 276  Vol.: 0.172  Ch.: 0.0647  Obj.: 33.4
2020-06-30 12:56:28,675 - TOPOPT - INFO - Ite.: 277  Vol.: 0.172  Ch.: 0.0647  Obj.: 33.4
2020-06-30 12:56:28,849 - TOPOPT - INFO - Ite.: 278  Vol.: 0.172  Ch.: 0.0647  Obj.: 33.4
2020-06-30 12:56:29,028 - TOPOPT - INFO - Ite.: 279  Vol.: 0.172  Ch.: 0.0647  Obj.: 33.4
2020-06-30 12:56:29,219 - TOPOPT - INFO - Ite.: 280  Vol.: 0.172  Ch.: 0.0646  Obj.: 33.4
2020-06-30 12:56:29,421 - TOPOPT - INFO - Ite.: 281  Vol.: 0.172  Ch.: 0.0646  Obj.: 33.4
2020-06-30 12:56:29,615 - TOPOPT - INFO - Ite.: 282  Vol.: 0.172  Ch.: 0.0646  Obj.: 33.4
2020-06-30 12:56:29,789 - TOPOPT - INFO - Ite.: 283  Vol.: 0.172  Ch.: 0.0646  Obj.: 33.4
2020-06-30 12:56:29,970 - TOPOPT - INFO - Ite.: 284  Vol.: 0.172  Ch.: 0.0646  Obj.: 33.4
2020-06-30 12:56:30,152 - TOPOPT - INFO - Ite.: 285  Vol.: 0.172  Ch.: 0.0646  Obj.: 33.4
2020-06-30 12:56:30,340 - TOPOPT - INFO - Ite.: 286  Vol.: 0.172  Ch.: 0.0646  Obj.: 33.4
2020-06-30 12:56:30,524 - TOPOPT - INFO - Ite.: 287  Vol.: 0.172  Ch.: 0.0645  Obj.: 33.4
2020-06-30 12:56:30,709 - TOPOPT - INFO - Ite.: 288  Vol.: 0.172  Ch.: 0.0645  Obj.: 33.4
2020-06-30 12:56:30,891 - TOPOPT - INFO - Ite.: 289  Vol.: 0.172  Ch.: 0.0645  Obj.: 33.4
2020-06-30 12:56:31,077 - TOPOPT - INFO - Ite.: 290  Vol.: 0.172  Ch.: 0.0645  Obj.: 33.4
2020-06-30 12:56:31,262 - TOPOPT - INFO - Ite.: 291  Vol.: 0.172  Ch.: 0.0645  Obj.: 33.4
2020-06-30 12:56:31,458 - TOPOPT - INFO - Ite.: 292  Vol.: 0.172  Ch.: 0.0645  Obj.: 33.4
2020-06-30 12:56:31,650 - TOPOPT - INFO - Ite.: 293  Vol.: 0.172  Ch.: 0.0645  Obj.: 33.4
2020-06-30 12:56:31,845 - TOPOPT - INFO - Ite.: 294  Vol.: 0.172  Ch.: 0.0644  Obj.: 33.4
2020-06-30 12:56:32,030 - TOPOPT - INFO - Ite.: 295  Vol.: 0.172  Ch.: 0.0644  Obj.: 33.4
2020-06-30 12:56:32,211 - TOPOPT - INFO - Ite.: 296  Vol.: 0.172  Ch.: 0.0644  Obj.: 33.4
2020-06-30 12:56:32,409 - TOPOPT - INFO - Ite.: 297  Vol.: 0.172  Ch.: 0.0644  Obj.: 33.4
2020-06-30 12:56:32,593 - TOPOPT - INFO - Ite.: 298  Vol.: 0.172  Ch.: 0.0644  Obj.: 33.4
2020-06-30 12:56:32,771 - TOPOPT - INFO - Ite.: 299  Vol.: 0.172  Ch.: 0.0644  Obj.: 33.4
2020-06-30 12:56:32,985 - TOPOPT - INFO - Ite.: 300  Vol.: 0.172  Ch.: 0.0643  Obj.: 33.4
2020-06-30 12:56:33,182 - TOPOPT - INFO - Ite.: 301  Vol.: 0.172  Ch.: 0.0643  Obj.: 33.4
2020-06-30 12:56:33,382 - TOPOPT - INFO - Ite.: 302  Vol.: 0.172  Ch.: 0.0643  Obj.: 33.4
2020-06-30 12:56:33,579 - TOPOPT - INFO - Ite.: 303  Vol.: 0.172  Ch.: 0.0643  Obj.: 33.4
2020-06-30 12:56:33,768 - TOPOPT - INFO - Ite.: 304  Vol.: 0.172  Ch.: 0.0643  Obj.: 33.4
2020-06-30 12:56:33,953 - TOPOPT - INFO - Ite.: 305  Vol.: 0.172  Ch.: 0.0643  Obj.: 33.4
2020-06-30 12:56:34,143 - TOPOPT - INFO - Ite.: 306  Vol.: 0.172  Ch.: 0.0643  Obj.: 33.4
2020-06-30 12:56:34,338 - TOPOPT - INFO - Ite.: 307  Vol.: 0.172  Ch.: 0.0643  Obj.: 33.4
2020-06-30 12:56:34,547 - TOPOPT - INFO - Ite.: 308  Vol.: 0.172  Ch.: 0.0642  Obj.: 33.4
2020-06-30 12:56:34,741 - TOPOPT - INFO - Ite.: 309  Vol.: 0.172  Ch.: 0.0642  Obj.: 33.4
2020-06-30 12:56:34,926 - TOPOPT - INFO - Ite.: 310  Vol.: 0.172  Ch.: 0.0642  Obj.: 33.4
2020-06-30 12:56:35,112 - TOPOPT - INFO - Ite.: 311  Vol.: 0.172  Ch.: 0.0642  Obj.: 33.4
2020-06-30 12:56:35,302 - TOPOPT - INFO - Ite.: 312  Vol.: 0.172  Ch.: 0.0642  Obj.: 33.4
2020-06-30 12:56:35,514 - TOPOPT - INFO - Ite.: 313  Vol.: 0.172  Ch.: 0.0642  Obj.: 33.4
2020-06-30 12:56:35,707 - TOPOPT - INFO - Ite.: 314  Vol.: 0.172  Ch.: 0.0642  Obj.: 33.4
2020-06-30 12:56:35,898 - TOPOPT - INFO - Ite.: 315  Vol.: 0.172  Ch.: 0.0642  Obj.: 33.4
2020-06-30 12:56:36,077 - TOPOPT - INFO - Ite.: 316  Vol.: 0.172  Ch.: 0.0641  Obj.: 33.4
2020-06-30 12:56:36,272 - TOPOPT - INFO - Ite.: 317  Vol.: 0.172  Ch.: 0.0641  Obj.: 33.4
2020-06-30 12:56:36,477 - TOPOPT - INFO - Ite.: 318  Vol.: 0.172  Ch.: 0.0641  Obj.: 33.4
2020-06-30 12:56:36,675 - TOPOPT - INFO - Ite.: 319  Vol.: 0.172  Ch.: 0.0641  Obj.: 33.4
2020-06-30 12:56:36,880 - TOPOPT - INFO - Ite.: 320  Vol.: 0.172  Ch.: 0.0641  Obj.: 33.4
2020-06-30 12:56:37,078 - TOPOPT - INFO - Ite.: 321  Vol.: 0.172  Ch.: 0.0641  Obj.: 33.4
2020-06-30 12:56:37,259 - TOPOPT - INFO - Ite.: 322  Vol.: 0.172  Ch.: 0.0641  Obj.: 33.4
2020-06-30 12:56:37,457 - TOPOPT - INFO - Ite.: 323  Vol.: 0.172  Ch.: 0.0640  Obj.: 33.4
2020-06-30 12:56:37,666 - TOPOPT - INFO - Ite.: 324  Vol.: 0.172  Ch.: 0.0640  Obj.: 33.4
2020-06-30 12:56:37,874 - TOPOPT - INFO - Ite.: 325  Vol.: 0.172  Ch.: 0.0640  Obj.: 33.4
2020-06-30 12:56:38,060 - TOPOPT - INFO - Ite.: 326  Vol.: 0.172  Ch.: 0.0640  Obj.: 33.4
2020-06-30 12:56:38,235 - TOPOPT - INFO - Ite.: 327  Vol.: 0.172  Ch.: 0.0640  Obj.: 33.4
2020-06-30 12:56:38,437 - TOPOPT - INFO - Ite.: 328  Vol.: 0.172  Ch.: 0.0640  Obj.: 33.4
2020-06-30 12:56:38,639 - TOPOPT - INFO - Ite.: 329  Vol.: 0.172  Ch.: 0.0640  Obj.: 33.4
2020-06-30 12:56:38,829 - TOPOPT - INFO - Ite.: 330  Vol.: 0.172  Ch.: 0.0639  Obj.: 33.4
2020-06-30 12:56:39,026 - TOPOPT - INFO - Ite.: 331  Vol.: 0.172  Ch.: 0.0639  Obj.: 33.4
2020-06-30 12:56:39,249 - TOPOPT - INFO - Ite.: 332  Vol.: 0.172  Ch.: 0.0639  Obj.: 33.4
2020-06-30 12:56:39,522 - TOPOPT - INFO - Ite.: 333  Vol.: 0.172  Ch.: 0.0639  Obj.: 33.4
2020-06-30 12:56:39,759 - TOPOPT - INFO - Ite.: 334  Vol.: 0.172  Ch.: 0.0639  Obj.: 33.4
2020-06-30 12:56:40,007 - TOPOPT - INFO - Ite.: 335  Vol.: 0.172  Ch.: 0.0639  Obj.: 33.4
2020-06-30 12:56:40,318 - TOPOPT - INFO - Ite.: 336  Vol.: 0.172  Ch.: 0.0638  Obj.: 33.4
2020-06-30 12:56:40,701 - TOPOPT - INFO - Ite.: 337  Vol.: 0.172  Ch.: 0.0638  Obj.: 33.4
2020-06-30 12:56:41,130 - TOPOPT - INFO - Ite.: 338  Vol.: 0.172  Ch.: 0.0638  Obj.: 33.4
2020-06-30 12:56:41,600 - TOPOPT - INFO - Ite.: 339  Vol.: 0.172  Ch.: 0.0638  Obj.: 33.4
2020-06-30 12:56:41,973 - TOPOPT - INFO - Ite.: 340  Vol.: 0.172  Ch.: 0.0638  Obj.: 33.4
2020-06-30 12:56:42,405 - TOPOPT - INFO - Ite.: 341  Vol.: 0.172  Ch.: 0.0638  Obj.: 33.4
2020-06-30 12:56:42,846 - TOPOPT - INFO - Ite.: 342  Vol.: 0.172  Ch.: 0.0638  Obj.: 33.4
2020-06-30 12:56:43,278 - TOPOPT - INFO - Ite.: 343  Vol.: 0.172  Ch.: 0.0638  Obj.: 33.4
2020-06-30 12:56:43,664 - TOPOPT - INFO - Ite.: 344  Vol.: 0.172  Ch.: 0.0637  Obj.: 33.4
2020-06-30 12:56:44,104 - TOPOPT - INFO - Ite.: 345  Vol.: 0.172  Ch.: 0.0637  Obj.: 33.4
2020-06-30 12:56:44,519 - TOPOPT - INFO - Ite.: 346  Vol.: 0.172  Ch.: 0.0637  Obj.: 33.4
2020-06-30 12:56:44,958 - TOPOPT - INFO - Ite.: 347  Vol.: 0.172  Ch.: 0.0637  Obj.: 33.4
2020-06-30 12:56:45,387 - TOPOPT - INFO - Ite.: 348  Vol.: 0.172  Ch.: 0.0637  Obj.: 33.4
2020-06-30 12:56:45,788 - TOPOPT - INFO - Ite.: 349  Vol.: 0.172  Ch.: 0.0637  Obj.: 33.4
2020-06-30 12:56:46,168 - TOPOPT - INFO - Ite.: 350  Vol.: 0.172  Ch.: 0.0637  Obj.: 33.4
2020-06-30 12:56:46,637 - TOPOPT - INFO - Ite.: 351  Vol.: 0.172  Ch.: 0.0637  Obj.: 33.4
2020-06-30 12:56:47,103 - TOPOPT - INFO - Ite.: 352  Vol.: 0.172  Ch.: 0.0636  Obj.: 33.4
2020-06-30 12:56:47,529 - TOPOPT - INFO - Ite.: 353  Vol.: 0.172  Ch.: 0.0636  Obj.: 33.4
2020-06-30 12:56:47,917 - TOPOPT - INFO - Ite.: 354  Vol.: 0.172  Ch.: 0.0636  Obj.: 33.4
2020-06-30 12:56:48,350 - TOPOPT - INFO - Ite.: 355  Vol.: 0.172  Ch.: 0.0636  Obj.: 33.4
2020-06-30 12:56:48,743 - TOPOPT - INFO - Ite.: 356  Vol.: 0.172  Ch.: 0.0636  Obj.: 33.4
2020-06-30 12:56:49,147 - TOPOPT - INFO - Ite.: 357  Vol.: 0.172  Ch.: 0.0636  Obj.: 33.4
2020-06-30 12:56:49,561 - TOPOPT - INFO - Ite.: 358  Vol.: 0.172  Ch.: 0.0636  Obj.: 33.4
2020-06-30 12:56:49,945 - TOPOPT - INFO - Ite.: 359  Vol.: 0.172  Ch.: 0.0635  Obj.: 33.4
2020-06-30 12:56:50,376 - TOPOPT - INFO - Ite.: 360  Vol.: 0.172  Ch.: 0.0635  Obj.: 33.4
2020-06-30 12:56:50,778 - TOPOPT - INFO - Ite.: 361  Vol.: 0.172  Ch.: 0.0635  Obj.: 33.4
2020-06-30 12:56:51,199 - TOPOPT - INFO - Ite.: 362  Vol.: 0.172  Ch.: 0.0635  Obj.: 33.4
2020-06-30 12:56:51,580 - TOPOPT - INFO - Ite.: 363  Vol.: 0.172  Ch.: 0.0635  Obj.: 33.4
2020-06-30 12:56:51,984 - TOPOPT - INFO - Ite.: 364  Vol.: 0.172  Ch.: 0.0635  Obj.: 33.4
2020-06-30 12:56:52,394 - TOPOPT - INFO - Ite.: 365  Vol.: 0.172  Ch.: 0.0635  Obj.: 33.4
2020-06-30 12:56:52,777 - TOPOPT - INFO - Ite.: 366  Vol.: 0.172  Ch.: 0.0634  Obj.: 33.4
2020-06-30 12:56:53,184 - TOPOPT - INFO - Ite.: 367  Vol.: 0.172  Ch.: 0.0634  Obj.: 33.4
2020-06-30 12:56:53,585 - TOPOPT - INFO - Ite.: 368  Vol.: 0.172  Ch.: 0.0634  Obj.: 33.4
2020-06-30 12:56:53,976 - TOPOPT - INFO - Ite.: 369  Vol.: 0.172  Ch.: 0.0634  Obj.: 33.4
2020-06-30 12:56:54,375 - TOPOPT - INFO - Ite.: 370  Vol.: 0.172  Ch.: 0.0634  Obj.: 33.4
2020-06-30 12:56:54,770 - TOPOPT - INFO - Ite.: 371  Vol.: 0.172  Ch.: 0.0634  Obj.: 33.4
2020-06-30 12:56:55,165 - TOPOPT - INFO - Ite.: 372  Vol.: 0.172  Ch.: 0.0633  Obj.: 33.4
2020-06-30 12:56:55,568 - TOPOPT - INFO - Ite.: 373  Vol.: 0.172  Ch.: 0.0633  Obj.: 33.4
2020-06-30 12:56:55,971 - TOPOPT - INFO - Ite.: 374  Vol.: 0.172  Ch.: 0.0633  Obj.: 33.4
2020-06-30 12:56:56,359 - TOPOPT - INFO - Ite.: 375  Vol.: 0.172  Ch.: 0.0633  Obj.: 33.4
2020-06-30 12:56:56,750 - TOPOPT - INFO - Ite.: 376  Vol.: 0.172  Ch.: 0.0633  Obj.: 33.4
2020-06-30 12:56:57,151 - TOPOPT - INFO - Ite.: 377  Vol.: 0.172  Ch.: 0.0633  Obj.: 33.4
2020-06-30 12:56:57,601 - TOPOPT - INFO - Ite.: 378  Vol.: 0.172  Ch.: 0.0633  Obj.: 33.4
2020-06-30 12:56:57,997 - TOPOPT - INFO - Ite.: 379  Vol.: 0.172  Ch.: 0.0633  Obj.: 33.4
2020-06-30 12:56:58,386 - TOPOPT - INFO - Ite.: 380  Vol.: 0.172  Ch.: 0.0632  Obj.: 33.4
2020-06-30 12:56:58,776 - TOPOPT - INFO - Ite.: 381  Vol.: 0.172  Ch.: 0.0632  Obj.: 33.4
2020-06-30 12:56:59,170 - TOPOPT - INFO - Ite.: 382  Vol.: 0.172  Ch.: 0.0632  Obj.: 33.4
2020-06-30 12:56:59,516 - TOPOPT - INFO - Ite.: 383  Vol.: 0.172  Ch.: 0.0632  Obj.: 33.4
2020-06-30 12:56:59,817 - TOPOPT - INFO - Ite.: 384  Vol.: 0.172  Ch.: 0.0632  Obj.: 33.4
2020-06-30 12:57:00,071 - TOPOPT - INFO - Ite.: 385  Vol.: 0.172  Ch.: 0.0632  Obj.: 33.4
2020-06-30 12:57:00,336 - TOPOPT - INFO - Ite.: 386  Vol.: 0.172  Ch.: 0.0632  Obj.: 33.4
2020-06-30 12:57:00,704 - TOPOPT - INFO - Ite.: 387  Vol.: 0.172  Ch.: 0.0632  Obj.: 33.4
2020-06-30 12:57:01,091 - TOPOPT - INFO - Ite.: 388  Vol.: 0.172  Ch.: 0.0631  Obj.: 33.4
2020-06-30 12:57:01,539 - TOPOPT - INFO - Ite.: 389  Vol.: 0.172  Ch.: 0.0631  Obj.: 33.4
2020-06-30 12:57:01,918 - TOPOPT - INFO - Ite.: 390  Vol.: 0.172  Ch.: 0.0631  Obj.: 33.4
2020-06-30 12:57:02,310 - TOPOPT - INFO - Ite.: 391  Vol.: 0.172  Ch.: 0.0631  Obj.: 33.4
2020-06-30 12:57:02,639 - TOPOPT - INFO - Ite.: 392  Vol.: 0.172  Ch.: 0.0631  Obj.: 33.4
2020-06-30 12:57:02,948 - TOPOPT - INFO - Ite.: 393  Vol.: 0.172  Ch.: 0.0631  Obj.: 33.4
2020-06-30 12:57:03,203 - TOPOPT - INFO - Ite.: 394  Vol.: 0.172  Ch.: 0.0631  Obj.: 33.4
2020-06-30 12:57:03,507 - TOPOPT - INFO - Ite.: 395  Vol.: 0.172  Ch.: 0.0631  Obj.: 33.4
2020-06-30 12:57:03,860 - TOPOPT - INFO - Ite.: 396  Vol.: 0.172  Ch.: 0.0630  Obj.: 33.4
2020-06-30 12:57:04,230 - TOPOPT - INFO - Ite.: 397  Vol.: 0.172  Ch.: 0.0630  Obj.: 33.4
2020-06-30 12:57:04,629 - TOPOPT - INFO - Ite.: 398  Vol.: 0.172  Ch.: 0.0630  Obj.: 33.4
2020-06-30 12:57:05,020 - TOPOPT - INFO - Ite.: 399  Vol.: 0.172  Ch.: 0.0630  Obj.: 33.4
2020-06-30 12:57:05,397 - TOPOPT - INFO - Ite.: 400  Vol.: 0.172  Ch.: 0.0630  Obj.: 33.4
2020-06-30 12:57:05,786 - TOPOPT - INFO - Ite.: 401  Vol.: 0.172  Ch.: 0.0630  Obj.: 33.4
2020-06-30 12:57:06,152 - TOPOPT - INFO - Ite.: 402  Vol.: 0.172  Ch.: 0.0630  Obj.: 33.4
2020-06-30 12:57:06,574 - TOPOPT - INFO - Ite.: 403  Vol.: 0.172  Ch.: 0.0629  Obj.: 33.4
2020-06-30 12:57:06,986 - TOPOPT - INFO - Ite.: 404  Vol.: 0.172  Ch.: 0.0629  Obj.: 33.4
2020-06-30 12:57:07,407 - TOPOPT - INFO - Ite.: 405  Vol.: 0.172  Ch.: 0.0629  Obj.: 33.4
2020-06-30 12:57:07,790 - TOPOPT - INFO - Ite.: 406  Vol.: 0.172  Ch.: 0.0629  Obj.: 33.4
2020-06-30 12:57:08,180 - TOPOPT - INFO - Ite.: 407  Vol.: 0.172  Ch.: 0.0629  Obj.: 33.4
2020-06-30 12:57:08,637 - TOPOPT - INFO - Ite.: 408  Vol.: 0.172  Ch.: 0.0629  Obj.: 33.4
2020-06-30 12:57:09,027 - TOPOPT - INFO - Ite.: 409  Vol.: 0.172  Ch.: 0.0629  Obj.: 33.4
2020-06-30 12:57:09,477 - TOPOPT - INFO - Ite.: 410  Vol.: 0.172  Ch.: 0.0628  Obj.: 33.4
2020-06-30 12:57:09,881 - TOPOPT - INFO - Ite.: 411  Vol.: 0.172  Ch.: 0.0628  Obj.: 33.4
2020-06-30 12:57:10,275 - TOPOPT - INFO - Ite.: 412  Vol.: 0.172  Ch.: 0.0628  Obj.: 33.4
2020-06-30 12:57:10,619 - TOPOPT - INFO - Ite.: 413  Vol.: 0.172  Ch.: 0.0628  Obj.: 33.4
2020-06-30 12:57:10,935 - TOPOPT - INFO - Ite.: 414  Vol.: 0.172  Ch.: 0.0628  Obj.: 33.4
2020-06-30 12:57:11,199 - TOPOPT - INFO - Ite.: 415  Vol.: 0.172  Ch.: 0.0628  Obj.: 33.4
2020-06-30 12:57:11,464 - TOPOPT - INFO - Ite.: 416  Vol.: 0.172  Ch.: 0.0628  Obj.: 33.4
2020-06-30 12:57:11,723 - TOPOPT - INFO - Ite.: 417  Vol.: 0.172  Ch.: 0.0628  Obj.: 33.4
2020-06-30 12:57:11,953 - TOPOPT - INFO - Ite.: 418  Vol.: 0.172  Ch.: 0.0627  Obj.: 33.4
2020-06-30 12:57:12,170 - TOPOPT - INFO - Ite.: 419  Vol.: 0.172  Ch.: 0.0627  Obj.: 33.4
2020-06-30 12:57:12,363 - TOPOPT - INFO - Ite.: 420  Vol.: 0.172  Ch.: 0.0627  Obj.: 33.4
2020-06-30 12:57:12,576 - TOPOPT - INFO - Ite.: 421  Vol.: 0.172  Ch.: 0.0627  Obj.: 33.4
2020-06-30 12:57:12,795 - TOPOPT - INFO - Ite.: 422  Vol.: 0.172  Ch.: 0.0627  Obj.: 33.4
2020-06-30 12:57:13,010 - TOPOPT - INFO - Ite.: 423  Vol.: 0.172  Ch.: 0.0627  Obj.: 33.4
2020-06-30 12:57:13,223 - TOPOPT - INFO - Ite.: 424  Vol.: 0.172  Ch.: 0.0626  Obj.: 33.4
2020-06-30 12:57:13,416 - TOPOPT - INFO - Ite.: 425  Vol.: 0.172  Ch.: 0.0626  Obj.: 33.4
2020-06-30 12:57:13,617 - TOPOPT - INFO - Ite.: 426  Vol.: 0.172  Ch.: 0.0626  Obj.: 33.4
2020-06-30 12:57:13,821 - TOPOPT - INFO - Ite.: 427  Vol.: 0.172  Ch.: 0.0626  Obj.: 33.4
2020-06-30 12:57:14,020 - TOPOPT - INFO - Ite.: 428  Vol.: 0.172  Ch.: 0.0626  Obj.: 33.4
2020-06-30 12:57:14,201 - TOPOPT - INFO - Ite.: 429  Vol.: 0.172  Ch.: 0.0626  Obj.: 33.4
2020-06-30 12:57:14,394 - TOPOPT - INFO - Ite.: 430  Vol.: 0.172  Ch.: 0.0626  Obj.: 33.4
2020-06-30 12:57:14,574 - TOPOPT - INFO - Ite.: 431  Vol.: 0.172  Ch.: 0.0626  Obj.: 33.4
2020-06-30 12:57:14,770 - TOPOPT - INFO - Ite.: 432  Vol.: 0.172  Ch.: 0.0625  Obj.: 33.4
2020-06-30 12:57:14,971 - TOPOPT - INFO - Ite.: 433  Vol.: 0.172  Ch.: 0.0625  Obj.: 33.4
2020-06-30 12:57:15,163 - TOPOPT - INFO - Ite.: 434  Vol.: 0.172  Ch.: 0.0625  Obj.: 33.4
2020-06-30 12:57:15,348 - TOPOPT - INFO - Ite.: 435  Vol.: 0.172  Ch.: 0.0625  Obj.: 33.4
2020-06-30 12:57:15,536 - TOPOPT - INFO - Ite.: 436  Vol.: 0.172  Ch.: 0.0625  Obj.: 33.4
2020-06-30 12:57:15,732 - TOPOPT - INFO - Ite.: 437  Vol.: 0.172  Ch.: 0.0625  Obj.: 33.4
2020-06-30 12:57:15,899 - TOPOPT - INFO - Ite.: 438  Vol.: 0.172  Ch.: 0.0625  Obj.: 33.4
2020-06-30 12:57:16,092 - TOPOPT - INFO - Ite.: 439  Vol.: 0.172  Ch.: 0.0625  Obj.: 33.4
2020-06-30 12:57:16,286 - TOPOPT - INFO - Ite.: 440  Vol.: 0.172  Ch.: 0.0624  Obj.: 33.4
2020-06-30 12:57:16,474 - TOPOPT - INFO - Ite.: 441  Vol.: 0.172  Ch.: 0.0624  Obj.: 33.4
2020-06-30 12:57:16,669 - TOPOPT - INFO - Ite.: 442  Vol.: 0.172  Ch.: 0.0624  Obj.: 33.4
2020-06-30 12:57:16,851 - TOPOPT - INFO - Ite.: 443  Vol.: 0.172  Ch.: 0.0624  Obj.: 33.4
2020-06-30 12:57:17,037 - TOPOPT - INFO - Ite.: 444  Vol.: 0.172  Ch.: 0.0624  Obj.: 33.4
2020-06-30 12:57:17,228 - TOPOPT - INFO - Ite.: 445  Vol.: 0.172  Ch.: 0.0624  Obj.: 33.4
2020-06-30 12:57:17,409 - TOPOPT - INFO - Ite.: 446  Vol.: 0.172  Ch.: 0.0624  Obj.: 33.4
2020-06-30 12:57:17,588 - TOPOPT - INFO - Ite.: 447  Vol.: 0.172  Ch.: 0.0624  Obj.: 33.4
2020-06-30 12:57:17,768 - TOPOPT - INFO - Ite.: 448  Vol.: 0.172  Ch.: 0.0623  Obj.: 33.4
2020-06-30 12:57:17,942 - TOPOPT - INFO - Ite.: 449  Vol.: 0.172  Ch.: 0.0623  Obj.: 33.4
2020-06-30 12:57:18,147 - TOPOPT - INFO - Ite.: 450  Vol.: 0.172  Ch.: 0.0623  Obj.: 33.4
2020-06-30 12:57:18,337 - TOPOPT - INFO - Ite.: 451  Vol.: 0.172  Ch.: 0.0623  Obj.: 33.4
2020-06-30 12:57:18,551 - TOPOPT - INFO - Ite.: 452  Vol.: 0.172  Ch.: 0.0623  Obj.: 33.4
2020-06-30 12:57:18,764 - TOPOPT - INFO - Ite.: 453  Vol.: 0.172  Ch.: 0.0623  Obj.: 33.4
2020-06-30 12:57:18,939 - TOPOPT - INFO - Ite.: 454  Vol.: 0.172  Ch.: 0.0623  Obj.: 33.4
2020-06-30 12:57:19,095 - TOPOPT - INFO - Ite.: 455  Vol.: 0.172  Ch.: 0.0622  Obj.: 33.4
2020-06-30 12:57:19,292 - TOPOPT - INFO - Ite.: 456  Vol.: 0.172  Ch.: 0.0622  Obj.: 33.4
2020-06-30 12:57:19,476 - TOPOPT - INFO - Ite.: 457  Vol.: 0.172  Ch.: 0.0622  Obj.: 33.4
2020-06-30 12:57:19,662 - TOPOPT - INFO - Ite.: 458  Vol.: 0.172  Ch.: 0.0622  Obj.: 33.4
2020-06-30 12:57:19,848 - TOPOPT - INFO - Ite.: 459  Vol.: 0.172  Ch.: 0.0622  Obj.: 33.4
2020-06-30 12:57:20,033 - TOPOPT - INFO - Ite.: 460  Vol.: 0.172  Ch.: 0.0622  Obj.: 33.4
2020-06-30 12:57:20,199 - TOPOPT - INFO - Ite.: 461  Vol.: 0.172  Ch.: 0.0622  Obj.: 33.4
2020-06-30 12:57:20,394 - TOPOPT - INFO - Ite.: 462  Vol.: 0.172  Ch.: 0.0622  Obj.: 33.4
2020-06-30 12:57:20,583 - TOPOPT - INFO - Ite.: 463  Vol.: 0.172  Ch.: 0.0621  Obj.: 33.4
2020-06-30 12:57:20,772 - TOPOPT - INFO - Ite.: 464  Vol.: 0.172  Ch.: 0.0621  Obj.: 33.4
2020-06-30 12:57:20,969 - TOPOPT - INFO - Ite.: 465  Vol.: 0.172  Ch.: 0.0621  Obj.: 33.4
2020-06-30 12:57:21,154 - TOPOPT - INFO - Ite.: 466  Vol.: 0.172  Ch.: 0.0621  Obj.: 33.4
2020-06-30 12:57:21,336 - TOPOPT - INFO - Ite.: 467  Vol.: 0.172  Ch.: 0.0621  Obj.: 33.4
2020-06-30 12:57:21,536 - TOPOPT - INFO - Ite.: 468  Vol.: 0.172  Ch.: 0.0621  Obj.: 33.4
2020-06-30 12:57:21,708 - TOPOPT - INFO - Ite.: 469  Vol.: 0.172  Ch.: 0.0621  Obj.: 33.4
2020-06-30 12:57:21,883 - TOPOPT - INFO - Ite.: 470  Vol.: 0.172  Ch.: 0.0621  Obj.: 33.4
2020-06-30 12:57:22,075 - TOPOPT - INFO - Ite.: 471  Vol.: 0.172  Ch.: 0.0620  Obj.: 33.4
2020-06-30 12:57:22,259 - TOPOPT - INFO - Ite.: 472  Vol.: 0.172  Ch.: 0.0620  Obj.: 33.4
2020-06-30 12:57:22,444 - TOPOPT - INFO - Ite.: 473  Vol.: 0.172  Ch.: 0.0620  Obj.: 33.4
2020-06-30 12:57:22,633 - TOPOPT - INFO - Ite.: 474  Vol.: 0.172  Ch.: 0.0620  Obj.: 33.4
2020-06-30 12:57:22,827 - TOPOPT - INFO - Ite.: 475  Vol.: 0.172  Ch.: 0.0620  Obj.: 33.4
2020-06-30 12:57:23,016 - TOPOPT - INFO - Ite.: 476  Vol.: 0.172  Ch.: 0.0620  Obj.: 33.4
2020-06-30 12:57:23,201 - TOPOPT - INFO - Ite.: 477  Vol.: 0.172  Ch.: 0.0620  Obj.: 33.4
2020-06-30 12:57:23,391 - TOPOPT - INFO - Ite.: 478  Vol.: 0.172  Ch.: 0.0619  Obj.: 33.4
2020-06-30 12:57:23,585 - TOPOPT - INFO - Ite.: 479  Vol.: 0.172  Ch.: 0.0619  Obj.: 33.4
2020-06-30 12:57:23,768 - TOPOPT - INFO - Ite.: 480  Vol.: 0.172  Ch.: 0.0619  Obj.: 33.4
2020-06-30 12:57:23,978 - TOPOPT - INFO - Ite.: 481  Vol.: 0.172  Ch.: 0.0619  Obj.: 33.4
2020-06-30 12:57:24,170 - TOPOPT - INFO - Ite.: 482  Vol.: 0.172  Ch.: 0.0619  Obj.: 33.4
2020-06-30 12:57:24,361 - TOPOPT - INFO - Ite.: 483  Vol.: 0.172  Ch.: 0.0619  Obj.: 33.4
2020-06-30 12:57:24,548 - TOPOPT - INFO - Ite.: 484  Vol.: 0.172  Ch.: 0.0619  Obj.: 33.4
2020-06-30 12:57:24,725 - TOPOPT - INFO - Ite.: 485  Vol.: 0.172  Ch.: 0.0619  Obj.: 33.4
2020-06-30 12:57:24,922 - TOPOPT - INFO - Ite.: 486  Vol.: 0.172  Ch.: 0.0618  Obj.: 33.4
2020-06-30 12:57:25,124 - TOPOPT - INFO - Ite.: 487  Vol.: 0.172  Ch.: 0.0618  Obj.: 33.4
2020-06-30 12:57:25,334 - TOPOPT - INFO - Ite.: 488  Vol.: 0.172  Ch.: 0.0618  Obj.: 33.4
2020-06-30 12:57:25,530 - TOPOPT - INFO - Ite.: 489  Vol.: 0.172  Ch.: 0.0618  Obj.: 33.4
2020-06-30 12:57:25,723 - TOPOPT - INFO - Ite.: 490  Vol.: 0.172  Ch.: 0.0618  Obj.: 33.4
2020-06-30 12:57:25,912 - TOPOPT - INFO - Ite.: 491  Vol.: 0.172  Ch.: 0.0618  Obj.: 33.4
2020-06-30 12:57:26,104 - TOPOPT - INFO - Ite.: 492  Vol.: 0.172  Ch.: 0.0618  Obj.: 33.4
2020-06-30 12:57:26,292 - TOPOPT - INFO - Ite.: 493  Vol.: 0.172  Ch.: 0.0618  Obj.: 33.4
2020-06-30 12:57:26,484 - TOPOPT - INFO - Ite.: 494  Vol.: 0.172  Ch.: 0.0617  Obj.: 33.4
2020-06-30 12:57:26,664 - TOPOPT - INFO - Ite.: 495  Vol.: 0.172  Ch.: 0.0617  Obj.: 33.4
2020-06-30 12:57:26,862 - TOPOPT - INFO - Ite.: 496  Vol.: 0.172  Ch.: 0.0617  Obj.: 33.4
2020-06-30 12:57:27,044 - TOPOPT - INFO - Ite.: 497  Vol.: 0.172  Ch.: 0.0617  Obj.: 33.4
2020-06-30 12:57:27,243 - TOPOPT - INFO - Ite.: 498  Vol.: 0.172  Ch.: 0.0617  Obj.: 33.4
2020-06-30 12:57:27,434 - TOPOPT - INFO - Ite.: 499  Vol.: 0.172  Ch.: 0.0617  Obj.: 33.4
2020-06-30 12:57:27,617 - TOPOPT - INFO - Ite.: 500  Vol.: 0.172  Ch.: 0.0617  Obj.: 33.4
2020-06-30 12:57:27,800 - TOPOPT - INFO - Ite.: 501  Vol.: 0.172  Ch.: 0.0617  Obj.: 33.4
2020-06-30 12:57:27,996 - TOPOPT - INFO - Ite.: 502  Vol.: 0.172  Ch.: 0.0616  Obj.: 33.4
2020-06-30 12:57:28,187 - TOPOPT - INFO - Ite.: 503  Vol.: 0.172  Ch.: 0.0616  Obj.: 33.4
2020-06-30 12:57:28,371 - TOPOPT - INFO - Ite.: 504  Vol.: 0.172  Ch.: 0.0616  Obj.: 33.4
2020-06-30 12:57:28,561 - TOPOPT - INFO - Ite.: 505  Vol.: 0.172  Ch.: 0.0616  Obj.: 33.4
2020-06-30 12:57:28,758 - TOPOPT - INFO - Ite.: 506  Vol.: 0.172  Ch.: 0.0616  Obj.: 33.4
2020-06-30 12:57:28,948 - TOPOPT - INFO - Ite.: 507  Vol.: 0.172  Ch.: 0.0616  Obj.: 33.4
2020-06-30 12:57:29,134 - TOPOPT - INFO - Ite.: 508  Vol.: 0.172  Ch.: 0.0616  Obj.: 33.4
2020-06-30 12:57:29,316 - TOPOPT - INFO - Ite.: 509  Vol.: 0.172  Ch.: 0.0616  Obj.: 33.4
2020-06-30 12:57:29,516 - TOPOPT - INFO - Ite.: 510  Vol.: 0.172  Ch.: 0.0615  Obj.: 33.4
2020-06-30 12:57:29,716 - TOPOPT - INFO - Ite.: 511  Vol.: 0.172  Ch.: 0.0615  Obj.: 33.4
2020-06-30 12:57:29,901 - TOPOPT - INFO - Ite.: 512  Vol.: 0.172  Ch.: 0.0615  Obj.: 33.4
2020-06-30 12:57:30,088 - TOPOPT - INFO - Ite.: 513  Vol.: 0.172  Ch.: 0.0615  Obj.: 33.4
2020-06-30 12:57:30,280 - TOPOPT - INFO - Ite.: 514  Vol.: 0.172  Ch.: 0.0615  Obj.: 33.4
2020-06-30 12:57:30,469 - TOPOPT - INFO - Ite.: 515  Vol.: 0.172  Ch.: 0.0615  Obj.: 33.4
2020-06-30 12:57:30,664 - TOPOPT - INFO - Ite.: 516  Vol.: 0.172  Ch.: 0.0615  Obj.: 33.4
2020-06-30 12:57:30,847 - TOPOPT - INFO - Ite.: 517  Vol.: 0.172  Ch.: 0.0614  Obj.: 33.4
2020-06-30 12:57:31,052 - TOPOPT - INFO - Ite.: 518  Vol.: 0.172  Ch.: 0.0614  Obj.: 33.4
2020-06-30 12:57:31,240 - TOPOPT - INFO - Ite.: 519  Vol.: 0.172  Ch.: 0.0614  Obj.: 33.4
2020-06-30 12:57:31,429 - TOPOPT - INFO - Ite.: 520  Vol.: 0.172  Ch.: 0.0614  Obj.: 33.4
2020-06-30 12:57:31,621 - TOPOPT - INFO - Ite.: 521  Vol.: 0.172  Ch.: 0.0614  Obj.: 33.4
2020-06-30 12:57:31,816 - TOPOPT - INFO - Ite.: 522  Vol.: 0.172  Ch.: 0.0614  Obj.: 33.4
2020-06-30 12:57:32,024 - TOPOPT - INFO - Ite.: 523  Vol.: 0.172  Ch.: 0.0614  Obj.: 33.4
2020-06-30 12:57:32,210 - TOPOPT - INFO - Ite.: 524  Vol.: 0.172  Ch.: 0.0613  Obj.: 33.4
2020-06-30 12:57:32,403 - TOPOPT - INFO - Ite.: 525  Vol.: 0.172  Ch.: 0.0613  Obj.: 33.4
2020-06-30 12:57:32,587 - TOPOPT - INFO - Ite.: 526  Vol.: 0.172  Ch.: 0.0613  Obj.: 33.4
2020-06-30 12:57:32,774 - TOPOPT - INFO - Ite.: 527  Vol.: 0.172  Ch.: 0.0613  Obj.: 33.4
2020-06-30 12:57:32,959 - TOPOPT - INFO - Ite.: 528  Vol.: 0.172  Ch.: 0.0613  Obj.: 33.4
2020-06-30 12:57:33,148 - TOPOPT - INFO - Ite.: 529  Vol.: 0.172  Ch.: 0.0613  Obj.: 33.4
2020-06-30 12:57:33,346 - TOPOPT - INFO - Ite.: 530  Vol.: 0.172  Ch.: 0.0613  Obj.: 33.4
2020-06-30 12:57:33,546 - TOPOPT - INFO - Ite.: 531  Vol.: 0.172  Ch.: 0.0613  Obj.: 33.4
2020-06-30 12:57:33,732 - TOPOPT - INFO - Ite.: 532  Vol.: 0.172  Ch.: 0.0612  Obj.: 33.4
2020-06-30 12:57:33,928 - TOPOPT - INFO - Ite.: 533  Vol.: 0.172  Ch.: 0.0612  Obj.: 33.4
2020-06-30 12:57:34,133 - TOPOPT - INFO - Ite.: 534  Vol.: 0.172  Ch.: 0.0612  Obj.: 33.4
2020-06-30 12:57:34,325 - TOPOPT - INFO - Ite.: 535  Vol.: 0.172  Ch.: 0.0612  Obj.: 33.4
2020-06-30 12:57:34,515 - TOPOPT - INFO - Ite.: 536  Vol.: 0.172  Ch.: 0.0612  Obj.: 33.4
2020-06-30 12:57:34,709 - TOPOPT - INFO - Ite.: 537  Vol.: 0.172  Ch.: 0.0612  Obj.: 33.4
2020-06-30 12:57:34,905 - TOPOPT - INFO - Ite.: 538  Vol.: 0.172  Ch.: 0.0612  Obj.: 33.4
2020-06-30 12:57:35,107 - TOPOPT - INFO - Ite.: 539  Vol.: 0.172  Ch.: 0.0612  Obj.: 33.4
2020-06-30 12:57:35,323 - TOPOPT - INFO - Ite.: 540  Vol.: 0.172  Ch.: 0.0611  Obj.: 33.4
2020-06-30 12:57:35,527 - TOPOPT - INFO - Ite.: 541  Vol.: 0.172  Ch.: 0.0611  Obj.: 33.4
2020-06-30 12:57:35,808 - TOPOPT - INFO - Ite.: 542  Vol.: 0.172  Ch.: 0.0611  Obj.: 33.4
2020-06-30 12:57:36,119 - TOPOPT - INFO - Ite.: 543  Vol.: 0.172  Ch.: 0.0611  Obj.: 33.4
2020-06-30 12:57:36,418 - TOPOPT - INFO - Ite.: 544  Vol.: 0.172  Ch.: 0.0611  Obj.: 33.4
2020-06-30 12:57:36,749 - TOPOPT - INFO - Ite.: 545  Vol.: 0.172  Ch.: 0.0611  Obj.: 33.4
2020-06-30 12:57:37,157 - TOPOPT - INFO - Ite.: 546  Vol.: 0.172  Ch.: 0.0611  Obj.: 33.4
2020-06-30 12:57:37,569 - TOPOPT - INFO - Ite.: 547  Vol.: 0.172  Ch.: 0.0611  Obj.: 33.4
2020-06-30 12:57:37,965 - TOPOPT - INFO - Ite.: 548  Vol.: 0.172  Ch.: 0.0610  Obj.: 33.4
2020-06-30 12:57:38,384 - TOPOPT - INFO - Ite.: 549  Vol.: 0.172  Ch.: 0.0610  Obj.: 33.4
2020-06-30 12:57:38,784 - TOPOPT - INFO - Ite.: 550  Vol.: 0.172  Ch.: 0.0610  Obj.: 33.4
2020-06-30 12:57:39,215 - TOPOPT - INFO - Ite.: 551  Vol.: 0.172  Ch.: 0.0610  Obj.: 33.4
2020-06-30 12:57:39,605 - TOPOPT - INFO - Ite.: 552  Vol.: 0.172  Ch.: 0.0610  Obj.: 33.4
2020-06-30 12:57:40,029 - TOPOPT - INFO - Ite.: 553  Vol.: 0.172  Ch.: 0.0610  Obj.: 33.4
2020-06-30 12:57:40,493 - TOPOPT - INFO - Ite.: 554  Vol.: 0.172  Ch.: 0.0610  Obj.: 33.4
2020-06-30 12:57:40,918 - TOPOPT - INFO - Ite.: 555  Vol.: 0.172  Ch.: 0.0609  Obj.: 33.4
2020-06-30 12:57:41,342 - TOPOPT - INFO - Ite.: 556  Vol.: 0.172  Ch.: 0.0609  Obj.: 33.4
2020-06-30 12:57:41,726 - TOPOPT - INFO - Ite.: 557  Vol.: 0.172  Ch.: 0.0609  Obj.: 33.4
2020-06-30 12:57:42,146 - TOPOPT - INFO - Ite.: 558  Vol.: 0.172  Ch.: 0.0609  Obj.: 33.4
2020-06-30 12:57:42,527 - TOPOPT - INFO - Ite.: 559  Vol.: 0.172  Ch.: 0.0609  Obj.: 33.4
2020-06-30 12:57:42,943 - TOPOPT - INFO - Ite.: 560  Vol.: 0.172  Ch.: 0.0609  Obj.: 33.4
2020-06-30 12:57:43,376 - TOPOPT - INFO - Ite.: 561  Vol.: 0.172  Ch.: 0.0609  Obj.: 33.4
2020-06-30 12:57:43,762 - TOPOPT - INFO - Ite.: 562  Vol.: 0.172  Ch.: 0.0609  Obj.: 33.4
2020-06-30 12:57:44,187 - TOPOPT - INFO - Ite.: 563  Vol.: 0.172  Ch.: 0.0609  Obj.: 33.4
2020-06-30 12:57:44,595 - TOPOPT - INFO - Ite.: 564  Vol.: 0.172  Ch.: 0.0608  Obj.: 33.4
2020-06-30 12:57:45,036 - TOPOPT - INFO - Ite.: 565  Vol.: 0.172  Ch.: 0.0608  Obj.: 33.4
2020-06-30 12:57:45,464 - TOPOPT - INFO - Ite.: 566  Vol.: 0.172  Ch.: 0.0608  Obj.: 33.4
2020-06-30 12:57:45,877 - TOPOPT - INFO - Ite.: 567  Vol.: 0.172  Ch.: 0.0608  Obj.: 33.4
2020-06-30 12:57:46,289 - TOPOPT - INFO - Ite.: 568  Vol.: 0.172  Ch.: 0.0608  Obj.: 33.4
2020-06-30 12:57:46,676 - TOPOPT - INFO - Ite.: 569  Vol.: 0.172  Ch.: 0.0608  Obj.: 33.4
2020-06-30 12:57:47,115 - TOPOPT - INFO - Ite.: 570  Vol.: 0.172  Ch.: 0.0608  Obj.: 33.4
2020-06-30 12:57:47,501 - TOPOPT - INFO - Ite.: 571  Vol.: 0.172  Ch.: 0.0608  Obj.: 33.4
2020-06-30 12:57:47,898 - TOPOPT - INFO - Ite.: 572  Vol.: 0.172  Ch.: 0.0607  Obj.: 33.4
2020-06-30 12:57:48,348 - TOPOPT - INFO - Ite.: 573  Vol.: 0.172  Ch.: 0.0607  Obj.: 33.4
2020-06-30 12:57:48,726 - TOPOPT - INFO - Ite.: 574  Vol.: 0.172  Ch.: 0.0607  Obj.: 33.4
2020-06-30 12:57:49,136 - TOPOPT - INFO - Ite.: 575  Vol.: 0.172  Ch.: 0.0607  Obj.: 33.4
2020-06-30 12:57:49,602 - TOPOPT - INFO - Ite.: 576  Vol.: 0.172  Ch.: 0.0607  Obj.: 33.4
2020-06-30 12:57:50,005 - TOPOPT - INFO - Ite.: 577  Vol.: 0.172  Ch.: 0.0607  Obj.: 33.4
2020-06-30 12:57:50,430 - TOPOPT - INFO - Ite.: 578  Vol.: 0.172  Ch.: 0.0607  Obj.: 33.4
2020-06-30 12:57:50,828 - TOPOPT - INFO - Ite.: 579  Vol.: 0.172  Ch.: 0.0607  Obj.: 33.4
2020-06-30 12:57:51,261 - TOPOPT - INFO - Ite.: 580  Vol.: 0.172  Ch.: 0.0606  Obj.: 33.4
2020-06-30 12:57:51,643 - TOPOPT - INFO - Ite.: 581  Vol.: 0.172  Ch.: 0.0606  Obj.: 33.4
2020-06-30 12:57:52,038 - TOPOPT - INFO - Ite.: 582  Vol.: 0.172  Ch.: 0.0606  Obj.: 33.4
2020-06-30 12:57:52,474 - TOPOPT - INFO - Ite.: 583  Vol.: 0.172  Ch.: 0.0606  Obj.: 33.4
2020-06-30 12:57:52,852 - TOPOPT - INFO - Ite.: 584  Vol.: 0.172  Ch.: 0.0606  Obj.: 33.4
2020-06-30 12:57:53,258 - TOPOPT - INFO - Ite.: 585  Vol.: 0.172  Ch.: 0.0606  Obj.: 33.4
2020-06-30 12:57:53,729 - TOPOPT - INFO - Ite.: 586  Vol.: 0.172  Ch.: 0.0606  Obj.: 33.4
2020-06-30 12:57:54,127 - TOPOPT - INFO - Ite.: 587  Vol.: 0.172  Ch.: 0.0606  Obj.: 33.4
2020-06-30 12:57:54,512 - TOPOPT - INFO - Ite.: 588  Vol.: 0.172  Ch.: 0.0605  Obj.: 33.4
2020-06-30 12:57:54,892 - TOPOPT - INFO - Ite.: 589  Vol.: 0.172  Ch.: 0.0605  Obj.: 33.4
2020-06-30 12:57:55,257 - TOPOPT - INFO - Ite.: 590  Vol.: 0.172  Ch.: 0.0605  Obj.: 33.4
2020-06-30 12:57:55,649 - TOPOPT - INFO - Ite.: 591  Vol.: 0.172  Ch.: 0.0605  Obj.: 33.4
2020-06-30 12:57:56,030 - TOPOPT - INFO - Ite.: 592  Vol.: 0.172  Ch.: 0.0605  Obj.: 33.4
2020-06-30 12:57:56,447 - TOPOPT - INFO - Ite.: 593  Vol.: 0.172  Ch.: 0.0605  Obj.: 33.4
2020-06-30 12:57:56,861 - TOPOPT - INFO - Ite.: 594  Vol.: 0.172  Ch.: 0.0605  Obj.: 33.4
2020-06-30 12:57:57,135 - TOPOPT - INFO - Ite.: 595  Vol.: 0.172  Ch.: 0.0605  Obj.: 33.4
2020-06-30 12:57:57,354 - TOPOPT - INFO - Ite.: 596  Vol.: 0.172  Ch.: 0.0604  Obj.: 33.4
2020-06-30 12:57:57,552 - TOPOPT - INFO - Ite.: 597  Vol.: 0.172  Ch.: 0.0604  Obj.: 33.4
2020-06-30 12:57:57,758 - TOPOPT - INFO - Ite.: 598  Vol.: 0.172  Ch.: 0.0604  Obj.: 33.4
2020-06-30 12:57:57,989 - TOPOPT - INFO - Ite.: 599  Vol.: 0.172  Ch.: 0.0604  Obj.: 33.4
2020-06-30 12:57:58,231 - TOPOPT - INFO - Ite.: 600  Vol.: 0.172  Ch.: 0.0604  Obj.: 33.4
2020-06-30 12:57:58,470 - TOPOPT - INFO - Ite.: 601  Vol.: 0.172  Ch.: 0.0604  Obj.: 33.4
2020-06-30 12:57:58,718 - TOPOPT - INFO - Ite.: 602  Vol.: 0.172  Ch.: 0.0604  Obj.: 33.4
2020-06-30 12:57:59,030 - TOPOPT - INFO - Ite.: 603  Vol.: 0.172  Ch.: 0.0604  Obj.: 33.4
2020-06-30 12:57:59,413 - TOPOPT - INFO - Ite.: 604  Vol.: 0.172  Ch.: 0.0603  Obj.: 33.4
2020-06-30 12:57:59,853 - TOPOPT - INFO - Ite.: 605  Vol.: 0.172  Ch.: 0.0603  Obj.: 33.4
2020-06-30 12:58:00,343 - TOPOPT - INFO - Ite.: 606  Vol.: 0.172  Ch.: 0.0603  Obj.: 33.4
2020-06-30 12:58:00,799 - TOPOPT - INFO - Ite.: 607  Vol.: 0.172  Ch.: 0.0603  Obj.: 33.4
2020-06-30 12:58:01,235 - TOPOPT - INFO - Ite.: 608  Vol.: 0.172  Ch.: 0.0603  Obj.: 33.4
2020-06-30 12:58:01,690 - TOPOPT - INFO - Ite.: 609  Vol.: 0.172  Ch.: 0.0603  Obj.: 33.4
2020-06-30 12:58:02,111 - TOPOPT - INFO - Ite.: 610  Vol.: 0.172  Ch.: 0.0603  Obj.: 33.4
2020-06-30 12:58:02,563 - TOPOPT - INFO - Ite.: 611  Vol.: 0.172  Ch.: 0.0603  Obj.: 33.4
2020-06-30 12:58:02,968 - TOPOPT - INFO - Ite.: 612  Vol.: 0.172  Ch.: 0.0602  Obj.: 33.4
2020-06-30 12:58:03,436 - TOPOPT - INFO - Ite.: 613  Vol.: 0.172  Ch.: 0.0602  Obj.: 33.4
2020-06-30 12:58:03,838 - TOPOPT - INFO - Ite.: 614  Vol.: 0.172  Ch.: 0.0602  Obj.: 33.4
2020-06-30 12:58:04,129 - TOPOPT - INFO - Ite.: 615  Vol.: 0.172  Ch.: 0.0602  Obj.: 33.4
2020-06-30 12:58:04,354 - TOPOPT - INFO - Ite.: 616  Vol.: 0.172  Ch.: 0.0602  Obj.: 33.4
2020-06-30 12:58:04,591 - TOPOPT - INFO - Ite.: 617  Vol.: 0.172  Ch.: 0.0602  Obj.: 33.4
2020-06-30 12:58:04,826 - TOPOPT - INFO - Ite.: 618  Vol.: 0.172  Ch.: 0.0602  Obj.: 33.4
2020-06-30 12:58:05,076 - TOPOPT - INFO - Ite.: 619  Vol.: 0.172  Ch.: 0.0602  Obj.: 33.4
2020-06-30 12:58:05,323 - TOPOPT - INFO - Ite.: 620  Vol.: 0.172  Ch.: 0.0601  Obj.: 33.4
2020-06-30 12:58:05,559 - TOPOPT - INFO - Ite.: 621  Vol.: 0.172  Ch.: 0.0601  Obj.: 33.4
2020-06-30 12:58:05,810 - TOPOPT - INFO - Ite.: 622  Vol.: 0.172  Ch.: 0.0601  Obj.: 33.4
2020-06-30 12:58:06,059 - TOPOPT - INFO - Ite.: 623  Vol.: 0.172  Ch.: 0.0601  Obj.: 33.4
2020-06-30 12:58:06,300 - TOPOPT - INFO - Ite.: 624  Vol.: 0.172  Ch.: 0.0601  Obj.: 33.4
2020-06-30 12:58:06,516 - TOPOPT - INFO - Ite.: 625  Vol.: 0.172  Ch.: 0.0601  Obj.: 33.4
2020-06-30 12:58:06,733 - TOPOPT - INFO - Ite.: 626  Vol.: 0.172  Ch.: 0.0601  Obj.: 33.4
2020-06-30 12:58:06,938 - TOPOPT - INFO - Ite.: 627  Vol.: 0.172  Ch.: 0.0601  Obj.: 33.4
2020-06-30 12:58:07,125 - TOPOPT - INFO - Ite.: 628  Vol.: 0.172  Ch.: 0.0601  Obj.: 33.4
2020-06-30 12:58:07,327 - TOPOPT - INFO - Ite.: 629  Vol.: 0.172  Ch.: 0.0601  Obj.: 33.4
2020-06-30 12:58:07,530 - TOPOPT - INFO - Ite.: 630  Vol.: 0.172  Ch.: 0.0600  Obj.: 33.4
2020-06-30 12:58:07,735 - TOPOPT - INFO - Ite.: 631  Vol.: 0.172  Ch.: 0.0600  Obj.: 33.4
2020-06-30 12:58:07,939 - TOPOPT - INFO - Ite.: 632  Vol.: 0.172  Ch.: 0.0600  Obj.: 33.4
2020-06-30 12:58:08,142 - TOPOPT - INFO - Ite.: 633  Vol.: 0.172  Ch.: 0.0600  Obj.: 33.4
2020-06-30 12:58:08,333 - TOPOPT - INFO - Ite.: 634  Vol.: 0.172  Ch.: 0.0600  Obj.: 33.4
2020-06-30 12:58:08,533 - TOPOPT - INFO - Ite.: 635  Vol.: 0.172  Ch.: 0.0600  Obj.: 33.4
2020-06-30 12:58:08,735 - TOPOPT - INFO - Ite.: 636  Vol.: 0.172  Ch.: 0.0600  Obj.: 33.4
2020-06-30 12:58:08,932 - TOPOPT - INFO - Ite.: 637  Vol.: 0.172  Ch.: 0.0600  Obj.: 33.4
2020-06-30 12:58:09,115 - TOPOPT - INFO - Ite.: 638  Vol.: 0.172  Ch.: 0.0599  Obj.: 33.4
2020-06-30 12:58:09,304 - TOPOPT - INFO - Ite.: 639  Vol.: 0.172  Ch.: 0.0599  Obj.: 33.4
2020-06-30 12:58:09,490 - TOPOPT - INFO - Ite.: 640  Vol.: 0.172  Ch.: 0.0599  Obj.: 33.4
2020-06-30 12:58:09,696 - TOPOPT - INFO - Ite.: 641  Vol.: 0.172  Ch.: 0.0599  Obj.: 33.4
2020-06-30 12:58:09,877 - TOPOPT - INFO - Ite.: 642  Vol.: 0.172  Ch.: 0.0599  Obj.: 33.4
2020-06-30 12:58:10,072 - TOPOPT - INFO - Ite.: 643  Vol.: 0.172  Ch.: 0.0599  Obj.: 33.4
2020-06-30 12:58:10,274 - TOPOPT - INFO - Ite.: 644  Vol.: 0.172  Ch.: 0.0599  Obj.: 33.4
2020-06-30 12:58:10,460 - TOPOPT - INFO - Ite.: 645  Vol.: 0.172  Ch.: 0.0599  Obj.: 33.4
2020-06-30 12:58:10,651 - TOPOPT - INFO - Ite.: 646  Vol.: 0.172  Ch.: 0.0598  Obj.: 33.4
2020-06-30 12:58:10,835 - TOPOPT - INFO - Ite.: 647  Vol.: 0.172  Ch.: 0.0598  Obj.: 33.4
2020-06-30 12:58:11,010 - TOPOPT - INFO - Ite.: 648  Vol.: 0.172  Ch.: 0.0598  Obj.: 33.4
2020-06-30 12:58:11,233 - TOPOPT - INFO - Ite.: 649  Vol.: 0.172  Ch.: 0.0598  Obj.: 33.4
2020-06-30 12:58:11,456 - TOPOPT - INFO - Ite.: 650  Vol.: 0.172  Ch.: 0.0598  Obj.: 33.4
2020-06-30 12:58:11,666 - TOPOPT - INFO - Ite.: 651  Vol.: 0.172  Ch.: 0.0598  Obj.: 33.4
2020-06-30 12:58:11,882 - TOPOPT - INFO - Ite.: 652  Vol.: 0.172  Ch.: 0.0598  Obj.: 33.4
2020-06-30 12:58:12,126 - TOPOPT - INFO - Ite.: 653  Vol.: 0.172  Ch.: 0.0598  Obj.: 33.4
2020-06-30 12:58:12,386 - TOPOPT - INFO - Ite.: 654  Vol.: 0.172  Ch.: 0.0597  Obj.: 33.4
2020-06-30 12:58:12,677 - TOPOPT - INFO - Ite.: 655  Vol.: 0.172  Ch.: 0.0597  Obj.: 33.4
2020-06-30 12:58:12,930 - TOPOPT - INFO - Ite.: 656  Vol.: 0.172  Ch.: 0.0597  Obj.: 33.4
2020-06-30 12:58:13,158 - TOPOPT - INFO - Ite.: 657  Vol.: 0.172  Ch.: 0.0597  Obj.: 33.4
2020-06-30 12:58:13,366 - TOPOPT - INFO - Ite.: 658  Vol.: 0.172  Ch.: 0.0597  Obj.: 33.4
2020-06-30 12:58:13,574 - TOPOPT - INFO - Ite.: 659  Vol.: 0.172  Ch.: 0.0597  Obj.: 33.4
2020-06-30 12:58:13,804 - TOPOPT - INFO - Ite.: 660  Vol.: 0.172  Ch.: 0.0597  Obj.: 33.4
2020-06-30 12:58:14,006 - TOPOPT - INFO - Ite.: 661  Vol.: 0.172  Ch.: 0.0597  Obj.: 33.4
2020-06-30 12:58:14,209 - TOPOPT - INFO - Ite.: 662  Vol.: 0.172  Ch.: 0.0596  Obj.: 33.4
2020-06-30 12:58:14,429 - TOPOPT - INFO - Ite.: 663  Vol.: 0.172  Ch.: 0.0596  Obj.: 33.4
2020-06-30 12:58:14,660 - TOPOPT - INFO - Ite.: 664  Vol.: 0.172  Ch.: 0.0596  Obj.: 33.4
2020-06-30 12:58:14,847 - TOPOPT - INFO - Ite.: 665  Vol.: 0.172  Ch.: 0.0596  Obj.: 33.4
2020-06-30 12:58:15,069 - TOPOPT - INFO - Ite.: 666  Vol.: 0.172  Ch.: 0.0596  Obj.: 33.4
2020-06-30 12:58:15,284 - TOPOPT - INFO - Ite.: 667  Vol.: 0.172  Ch.: 0.0596  Obj.: 33.4
2020-06-30 12:58:15,487 - TOPOPT - INFO - Ite.: 668  Vol.: 0.172  Ch.: 0.0596  Obj.: 33.4
2020-06-30 12:58:15,682 - TOPOPT - INFO - Ite.: 669  Vol.: 0.172  Ch.: 0.0596  Obj.: 33.4
2020-06-30 12:58:15,882 - TOPOPT - INFO - Ite.: 670  Vol.: 0.172  Ch.: 0.0595  Obj.: 33.4
2020-06-30 12:58:16,074 - TOPOPT - INFO - Ite.: 671  Vol.: 0.172  Ch.: 0.0595  Obj.: 33.4
2020-06-30 12:58:16,258 - TOPOPT - INFO - Ite.: 672  Vol.: 0.172  Ch.: 0.0595  Obj.: 33.4
2020-06-30 12:58:16,445 - TOPOPT - INFO - Ite.: 673  Vol.: 0.172  Ch.: 0.0595  Obj.: 33.4
2020-06-30 12:58:16,642 - TOPOPT - INFO - Ite.: 674  Vol.: 0.172  Ch.: 0.0595  Obj.: 33.4
2020-06-30 12:58:16,815 - TOPOPT - INFO - Ite.: 675  Vol.: 0.172  Ch.: 0.0595  Obj.: 33.4
2020-06-30 12:58:17,014 - TOPOPT - INFO - Ite.: 676  Vol.: 0.172  Ch.: 0.0595  Obj.: 33.4
2020-06-30 12:58:17,181 - TOPOPT - INFO - Ite.: 677  Vol.: 0.172  Ch.: 0.0595  Obj.: 33.4
2020-06-30 12:58:17,365 - TOPOPT - INFO - Ite.: 678  Vol.: 0.172  Ch.: 0.0595  Obj.: 33.4
2020-06-30 12:58:17,552 - TOPOPT - INFO - Ite.: 679  Vol.: 0.172  Ch.: 0.0594  Obj.: 33.4
2020-06-30 12:58:17,741 - TOPOPT - INFO - Ite.: 680  Vol.: 0.172  Ch.: 0.0594  Obj.: 33.4
2020-06-30 12:58:17,935 - TOPOPT - INFO - Ite.: 681  Vol.: 0.172  Ch.: 0.0594  Obj.: 33.4
2020-06-30 12:58:18,120 - TOPOPT - INFO - Ite.: 682  Vol.: 0.172  Ch.: 0.0594  Obj.: 33.4
2020-06-30 12:58:18,312 - TOPOPT - INFO - Ite.: 683  Vol.: 0.172  Ch.: 0.0594  Obj.: 33.4
2020-06-30 12:58:18,493 - TOPOPT - INFO - Ite.: 684  Vol.: 0.172  Ch.: 0.0594  Obj.: 33.4
2020-06-30 12:58:18,681 - TOPOPT - INFO - Ite.: 685  Vol.: 0.172  Ch.: 0.0594  Obj.: 33.4
2020-06-30 12:58:18,858 - TOPOPT - INFO - Ite.: 686  Vol.: 0.172  Ch.: 0.0594  Obj.: 33.4
2020-06-30 12:58:19,038 - TOPOPT - INFO - Ite.: 687  Vol.: 0.172  Ch.: 0.0593  Obj.: 33.4
2020-06-30 12:58:19,217 - TOPOPT - INFO - Ite.: 688  Vol.: 0.172  Ch.: 0.0593  Obj.: 33.4
2020-06-30 12:58:19,408 - TOPOPT - INFO - Ite.: 689  Vol.: 0.172  Ch.: 0.0593  Obj.: 33.4
2020-06-30 12:58:19,593 - TOPOPT - INFO - Ite.: 690  Vol.: 0.172  Ch.: 0.0593  Obj.: 33.4
2020-06-30 12:58:19,779 - TOPOPT - INFO - Ite.: 691  Vol.: 0.172  Ch.: 0.0593  Obj.: 33.4
2020-06-30 12:58:19,963 - TOPOPT - INFO - Ite.: 692  Vol.: 0.172  Ch.: 0.0593  Obj.: 33.4
2020-06-30 12:58:20,172 - TOPOPT - INFO - Ite.: 693  Vol.: 0.172  Ch.: 0.0593  Obj.: 33.4
2020-06-30 12:58:20,374 - TOPOPT - INFO - Ite.: 694  Vol.: 0.172  Ch.: 0.0593  Obj.: 33.4
2020-06-30 12:58:20,585 - TOPOPT - INFO - Ite.: 695  Vol.: 0.172  Ch.: 0.0593  Obj.: 33.4
2020-06-30 12:58:20,797 - TOPOPT - INFO - Ite.: 696  Vol.: 0.172  Ch.: 0.0592  Obj.: 33.4
2020-06-30 12:58:21,017 - TOPOPT - INFO - Ite.: 697  Vol.: 0.172  Ch.: 0.0592  Obj.: 33.4
2020-06-30 12:58:21,213 - TOPOPT - INFO - Ite.: 698  Vol.: 0.172  Ch.: 0.0592  Obj.: 33.4
2020-06-30 12:58:21,396 - TOPOPT - INFO - Ite.: 699  Vol.: 0.172  Ch.: 0.0592  Obj.: 33.4
2020-06-30 12:58:21,574 - TOPOPT - INFO - Ite.: 700  Vol.: 0.172  Ch.: 0.0592  Obj.: 33.4
2020-06-30 12:58:21,757 - TOPOPT - INFO - Ite.: 701  Vol.: 0.172  Ch.: 0.0592  Obj.: 33.4
2020-06-30 12:58:21,923 - TOPOPT - INFO - Ite.: 702  Vol.: 0.172  Ch.: 0.0592  Obj.: 33.4
2020-06-30 12:58:22,098 - TOPOPT - INFO - Ite.: 703  Vol.: 0.172  Ch.: 0.0592  Obj.: 33.4
2020-06-30 12:58:22,288 - TOPOPT - INFO - Ite.: 704  Vol.: 0.172  Ch.: 0.0591  Obj.: 33.4
2020-06-30 12:58:22,462 - TOPOPT - INFO - Ite.: 705  Vol.: 0.172  Ch.: 0.0591  Obj.: 33.4
2020-06-30 12:58:22,649 - TOPOPT - INFO - Ite.: 706  Vol.: 0.172  Ch.: 0.0591  Obj.: 33.4
2020-06-30 12:58:22,831 - TOPOPT - INFO - Ite.: 707  Vol.: 0.172  Ch.: 0.0591  Obj.: 33.4
2020-06-30 12:58:23,042 - TOPOPT - INFO - Ite.: 708  Vol.: 0.172  Ch.: 0.0591  Obj.: 33.4
2020-06-30 12:58:23,269 - TOPOPT - INFO - Ite.: 709  Vol.: 0.172  Ch.: 0.0591  Obj.: 33.4
2020-06-30 12:58:23,491 - TOPOPT - INFO - Ite.: 710  Vol.: 0.172  Ch.: 0.0591  Obj.: 33.4
2020-06-30 12:58:23,710 - TOPOPT - INFO - Ite.: 711  Vol.: 0.172  Ch.: 0.0591  Obj.: 33.4
2020-06-30 12:58:23,936 - TOPOPT - INFO - Ite.: 712  Vol.: 0.172  Ch.: 0.0590  Obj.: 33.4
2020-06-30 12:58:24,190 - TOPOPT - INFO - Ite.: 713  Vol.: 0.172  Ch.: 0.0590  Obj.: 33.4
2020-06-30 12:58:24,477 - TOPOPT - INFO - Ite.: 714  Vol.: 0.172  Ch.: 0.0590  Obj.: 33.4
2020-06-30 12:58:24,781 - TOPOPT - INFO - Ite.: 715  Vol.: 0.172  Ch.: 0.0590  Obj.: 33.4
2020-06-30 12:58:25,098 - TOPOPT - INFO - Ite.: 716  Vol.: 0.172  Ch.: 0.0590  Obj.: 33.4
2020-06-30 12:58:25,469 - TOPOPT - INFO - Ite.: 717  Vol.: 0.172  Ch.: 0.0590  Obj.: 33.4
2020-06-30 12:58:25,910 - TOPOPT - INFO - Ite.: 718  Vol.: 0.172  Ch.: 0.0590  Obj.: 33.4
2020-06-30 12:58:26,194 - TOPOPT - INFO - Ite.: 719  Vol.: 0.172  Ch.: 0.0590  Obj.: 33.4
2020-06-30 12:58:26,421 - TOPOPT - INFO - Ite.: 720  Vol.: 0.172  Ch.: 0.0589  Obj.: 33.4
2020-06-30 12:58:26,634 - TOPOPT - INFO - Ite.: 721  Vol.: 0.172  Ch.: 0.0589  Obj.: 33.4
2020-06-30 12:58:26,847 - TOPOPT - INFO - Ite.: 722  Vol.: 0.172  Ch.: 0.0589  Obj.: 33.4
2020-06-30 12:58:27,063 - TOPOPT - INFO - Ite.: 723  Vol.: 0.172  Ch.: 0.0589  Obj.: 33.4
2020-06-30 12:58:27,279 - TOPOPT - INFO - Ite.: 724  Vol.: 0.172  Ch.: 0.0589  Obj.: 33.4
2020-06-30 12:58:27,483 - TOPOPT - INFO - Ite.: 725  Vol.: 0.172  Ch.: 0.0589  Obj.: 33.4
2020-06-30 12:58:27,675 - TOPOPT - INFO - Ite.: 726  Vol.: 0.172  Ch.: 0.0589  Obj.: 33.4
2020-06-30 12:58:27,878 - TOPOPT - INFO - Ite.: 727  Vol.: 0.172  Ch.: 0.0589  Obj.: 33.4
2020-06-30 12:58:28,095 - TOPOPT - INFO - Ite.: 728  Vol.: 0.172  Ch.: 0.0589  Obj.: 33.4
2020-06-30 12:58:28,298 - TOPOPT - INFO - Ite.: 729  Vol.: 0.172  Ch.: 0.0589  Obj.: 33.4
2020-06-30 12:58:28,515 - TOPOPT - INFO - Ite.: 730  Vol.: 0.172  Ch.: 0.0588  Obj.: 33.4
2020-06-30 12:58:28,755 - TOPOPT - INFO - Ite.: 731  Vol.: 0.172  Ch.: 0.0588  Obj.: 33.4
2020-06-30 12:58:28,984 - TOPOPT - INFO - Ite.: 732  Vol.: 0.172  Ch.: 0.0588  Obj.: 33.4
2020-06-30 12:58:29,264 - TOPOPT - INFO - Ite.: 733  Vol.: 0.172  Ch.: 0.0588  Obj.: 33.4
2020-06-30 12:58:29,568 - TOPOPT - INFO - Ite.: 734  Vol.: 0.172  Ch.: 0.0588  Obj.: 33.4
2020-06-30 12:58:29,905 - TOPOPT - INFO - Ite.: 735  Vol.: 0.172  Ch.: 0.0588  Obj.: 33.4
2020-06-30 12:58:30,257 - TOPOPT - INFO - Ite.: 736  Vol.: 0.172  Ch.: 0.0588  Obj.: 33.4
2020-06-30 12:58:30,689 - TOPOPT - INFO - Ite.: 737  Vol.: 0.172  Ch.: 0.0588  Obj.: 33.4
2020-06-30 12:58:31,051 - TOPOPT - INFO - Ite.: 738  Vol.: 0.172  Ch.: 0.0587  Obj.: 33.4
2020-06-30 12:58:31,483 - TOPOPT - INFO - Ite.: 739  Vol.: 0.172  Ch.: 0.0587  Obj.: 33.4
2020-06-30 12:58:31,899 - TOPOPT - INFO - Ite.: 740  Vol.: 0.172  Ch.: 0.0587  Obj.: 33.4
2020-06-30 12:58:32,224 - TOPOPT - INFO - Ite.: 741  Vol.: 0.172  Ch.: 0.0587  Obj.: 33.4
2020-06-30 12:58:32,498 - TOPOPT - INFO - Ite.: 742  Vol.: 0.172  Ch.: 0.0587  Obj.: 33.4
2020-06-30 12:58:32,754 - TOPOPT - INFO - Ite.: 743  Vol.: 0.172  Ch.: 0.0587  Obj.: 33.4
2020-06-30 12:58:33,000 - TOPOPT - INFO - Ite.: 744  Vol.: 0.172  Ch.: 0.0587  Obj.: 33.4
2020-06-30 12:58:33,307 - TOPOPT - INFO - Ite.: 745  Vol.: 0.172  Ch.: 0.0587  Obj.: 33.4
2020-06-30 12:58:33,650 - TOPOPT - INFO - Ite.: 746  Vol.: 0.172  Ch.: 0.0586  Obj.: 33.4
2020-06-30 12:58:34,094 - TOPOPT - INFO - Ite.: 747  Vol.: 0.172  Ch.: 0.0586  Obj.: 33.4
2020-06-30 12:58:34,494 - TOPOPT - INFO - Ite.: 748  Vol.: 0.172  Ch.: 0.0586  Obj.: 33.4
2020-06-30 12:58:34,908 - TOPOPT - INFO - Ite.: 749  Vol.: 0.172  Ch.: 0.0586  Obj.: 33.4
2020-06-30 12:58:35,294 - TOPOPT - INFO - Ite.: 750  Vol.: 0.172  Ch.: 0.0586  Obj.: 33.4
2020-06-30 12:58:35,684 - TOPOPT - INFO - Ite.: 751  Vol.: 0.172  Ch.: 0.0586  Obj.: 33.4
2020-06-30 12:58:36,103 - TOPOPT - INFO - Ite.: 752  Vol.: 0.172  Ch.: 0.0586  Obj.: 33.4
2020-06-30 12:58:36,532 - TOPOPT - INFO - Ite.: 753  Vol.: 0.172  Ch.: 0.0586  Obj.: 33.4
2020-06-30 12:58:36,914 - TOPOPT - INFO - Ite.: 754  Vol.: 0.172  Ch.: 0.0585  Obj.: 33.4
2020-06-30 12:58:37,303 - TOPOPT - INFO - Ite.: 755  Vol.: 0.172  Ch.: 0.0585  Obj.: 33.4
2020-06-30 12:58:37,736 - TOPOPT - INFO - Ite.: 756  Vol.: 0.172  Ch.: 0.0585  Obj.: 33.4
2020-06-30 12:58:38,119 - TOPOPT - INFO - Ite.: 757  Vol.: 0.172  Ch.: 0.0585  Obj.: 33.4
2020-06-30 12:58:38,515 - TOPOPT - INFO - Ite.: 758  Vol.: 0.172  Ch.: 0.0585  Obj.: 33.4
2020-06-30 12:58:38,904 - TOPOPT - INFO - Ite.: 759  Vol.: 0.172  Ch.: 0.0585  Obj.: 33.4
2020-06-30 12:58:39,289 - TOPOPT - INFO - Ite.: 760  Vol.: 0.172  Ch.: 0.0585  Obj.: 33.4
2020-06-30 12:58:39,666 - TOPOPT - INFO - Ite.: 761  Vol.: 0.172  Ch.: 0.0585  Obj.: 33.4
2020-06-30 12:58:40,095 - TOPOPT - INFO - Ite.: 762  Vol.: 0.172  Ch.: 0.0584  Obj.: 33.4
2020-06-30 12:58:40,491 - TOPOPT - INFO - Ite.: 763  Vol.: 0.172  Ch.: 0.0584  Obj.: 33.4
2020-06-30 12:58:40,909 - TOPOPT - INFO - Ite.: 764  Vol.: 0.172  Ch.: 0.0584  Obj.: 33.4
2020-06-30 12:58:41,244 - TOPOPT - INFO - Ite.: 765  Vol.: 0.172  Ch.: 0.0584  Obj.: 33.4
2020-06-30 12:58:41,501 - TOPOPT - INFO - Ite.: 766  Vol.: 0.172  Ch.: 0.0584  Obj.: 33.4
2020-06-30 12:58:41,744 - TOPOPT - INFO - Ite.: 767  Vol.: 0.172  Ch.: 0.0584  Obj.: 33.4
2020-06-30 12:58:41,977 - TOPOPT - INFO - Ite.: 768  Vol.: 0.172  Ch.: 0.0584  Obj.: 33.4
2020-06-30 12:58:42,233 - TOPOPT - INFO - Ite.: 769  Vol.: 0.172  Ch.: 0.0584  Obj.: 33.4
2020-06-30 12:58:42,579 - TOPOPT - INFO - Ite.: 770  Vol.: 0.172  Ch.: 0.0584  Obj.: 33.4
2020-06-30 12:58:42,977 - TOPOPT - INFO - Ite.: 771  Vol.: 0.172  Ch.: 0.0584  Obj.: 33.4
2020-06-30 12:58:43,341 - TOPOPT - INFO - Ite.: 772  Vol.: 0.172  Ch.: 0.0583  Obj.: 33.4
2020-06-30 12:58:43,592 - TOPOPT - INFO - Ite.: 773  Vol.: 0.172  Ch.: 0.0583  Obj.: 33.4
2020-06-30 12:58:43,824 - TOPOPT - INFO - Ite.: 774  Vol.: 0.172  Ch.: 0.0583  Obj.: 33.4
2020-06-30 12:58:44,058 - TOPOPT - INFO - Ite.: 775  Vol.: 0.172  Ch.: 0.0583  Obj.: 33.4
2020-06-30 12:58:44,350 - TOPOPT - INFO - Ite.: 776  Vol.: 0.172  Ch.: 0.0583  Obj.: 33.4
2020-06-30 12:58:44,700 - TOPOPT - INFO - Ite.: 777  Vol.: 0.172  Ch.: 0.0583  Obj.: 33.4
2020-06-30 12:58:45,078 - TOPOPT - INFO - Ite.: 778  Vol.: 0.172  Ch.: 0.0583  Obj.: 33.4
2020-06-30 12:58:45,516 - TOPOPT - INFO - Ite.: 779  Vol.: 0.172  Ch.: 0.0583  Obj.: 33.4
2020-06-30 12:58:45,911 - TOPOPT - INFO - Ite.: 780  Vol.: 0.172  Ch.: 0.0582  Obj.: 33.4
2020-06-30 12:58:46,364 - TOPOPT - INFO - Ite.: 781  Vol.: 0.172  Ch.: 0.0582  Obj.: 33.4
2020-06-30 12:58:46,755 - TOPOPT - INFO - Ite.: 782  Vol.: 0.172  Ch.: 0.0582  Obj.: 33.4
2020-06-30 12:58:47,117 - TOPOPT - INFO - Ite.: 783  Vol.: 0.172  Ch.: 0.0582  Obj.: 33.4
2020-06-30 12:58:47,488 - TOPOPT - INFO - Ite.: 784  Vol.: 0.172  Ch.: 0.0582  Obj.: 33.4
2020-06-30 12:58:47,841 - TOPOPT - INFO - Ite.: 785  Vol.: 0.172  Ch.: 0.0582  Obj.: 33.4
2020-06-30 12:58:48,188 - TOPOPT - INFO - Ite.: 786  Vol.: 0.172  Ch.: 0.0582  Obj.: 33.4
2020-06-30 12:58:48,556 - TOPOPT - INFO - Ite.: 787  Vol.: 0.172  Ch.: 0.0582  Obj.: 33.4
2020-06-30 12:58:48,918 - TOPOPT - INFO - Ite.: 788  Vol.: 0.172  Ch.: 0.0582  Obj.: 33.4
2020-06-30 12:58:49,283 - TOPOPT - INFO - Ite.: 789  Vol.: 0.172  Ch.: 0.0581  Obj.: 33.4
2020-06-30 12:58:49,647 - TOPOPT - INFO - Ite.: 790  Vol.: 0.172  Ch.: 0.0581  Obj.: 33.4
2020-06-30 12:58:49,999 - TOPOPT - INFO - Ite.: 791  Vol.: 0.172  Ch.: 0.0581  Obj.: 33.4
2020-06-30 12:58:50,365 - TOPOPT - INFO - Ite.: 792  Vol.: 0.172  Ch.: 0.0581  Obj.: 33.4
2020-06-30 12:58:50,721 - TOPOPT - INFO - Ite.: 793  Vol.: 0.172  Ch.: 0.0581  Obj.: 33.4
2020-06-30 12:58:51,076 - TOPOPT - INFO - Ite.: 794  Vol.: 0.172  Ch.: 0.0581  Obj.: 33.4
2020-06-30 12:58:51,432 - TOPOPT - INFO - Ite.: 795  Vol.: 0.172  Ch.: 0.0581  Obj.: 33.4
2020-06-30 12:58:51,804 - TOPOPT - INFO - Ite.: 796  Vol.: 0.172  Ch.: 0.0581  Obj.: 33.4
2020-06-30 12:58:52,170 - TOPOPT - INFO - Ite.: 797  Vol.: 0.172  Ch.: 0.0580  Obj.: 33.4
2020-06-30 12:58:52,442 - TOPOPT - INFO - Ite.: 798  Vol.: 0.172  Ch.: 0.0580  Obj.: 33.4
2020-06-30 12:58:52,676 - TOPOPT - INFO - Ite.: 799  Vol.: 0.172  Ch.: 0.0580  Obj.: 33.4
2020-06-30 12:58:52,892 - TOPOPT - INFO - Ite.: 800  Vol.: 0.172  Ch.: 0.0580  Obj.: 33.4
2020-06-30 12:58:53,120 - TOPOPT - INFO - Ite.: 801  Vol.: 0.172  Ch.: 0.0580  Obj.: 33.4
2020-06-30 12:58:53,344 - TOPOPT - INFO - Ite.: 802  Vol.: 0.172  Ch.: 0.0580  Obj.: 33.4
2020-06-30 12:58:53,567 - TOPOPT - INFO - Ite.: 803  Vol.: 0.172  Ch.: 0.0580  Obj.: 33.4
2020-06-30 12:58:53,800 - TOPOPT - INFO - Ite.: 804  Vol.: 0.172  Ch.: 0.0580  Obj.: 33.4
2020-06-30 12:58:54,037 - TOPOPT - INFO - Ite.: 805  Vol.: 0.172  Ch.: 0.0580  Obj.: 33.4
2020-06-30 12:58:54,275 - TOPOPT - INFO - Ite.: 806  Vol.: 0.172  Ch.: 0.0579  Obj.: 33.4
2020-06-30 12:58:54,485 - TOPOPT - INFO - Ite.: 807  Vol.: 0.172  Ch.: 0.0579  Obj.: 33.4
2020-06-30 12:58:54,673 - TOPOPT - INFO - Ite.: 808  Vol.: 0.172  Ch.: 0.0579  Obj.: 33.4
2020-06-30 12:58:54,867 - TOPOPT - INFO - Ite.: 809  Vol.: 0.172  Ch.: 0.0579  Obj.: 33.4
2020-06-30 12:58:55,048 - TOPOPT - INFO - Ite.: 810  Vol.: 0.172  Ch.: 0.0579  Obj.: 33.4
2020-06-30 12:58:55,241 - TOPOPT - INFO - Ite.: 811  Vol.: 0.172  Ch.: 0.0579  Obj.: 33.4
2020-06-30 12:58:55,462 - TOPOPT - INFO - Ite.: 812  Vol.: 0.172  Ch.: 0.0579  Obj.: 33.4
2020-06-30 12:58:55,681 - TOPOPT - INFO - Ite.: 813  Vol.: 0.172  Ch.: 0.0579  Obj.: 33.4
2020-06-30 12:58:55,920 - TOPOPT - INFO - Ite.: 814  Vol.: 0.172  Ch.: 0.0579  Obj.: 33.4
2020-06-30 12:58:56,128 - TOPOPT - INFO - Ite.: 815  Vol.: 0.172  Ch.: 0.0579  Obj.: 33.4
2020-06-30 12:58:56,347 - TOPOPT - INFO - Ite.: 816  Vol.: 0.172  Ch.: 0.0578  Obj.: 33.4
2020-06-30 12:58:56,538 - TOPOPT - INFO - Ite.: 817  Vol.: 0.172  Ch.: 0.0578  Obj.: 33.4
2020-06-30 12:58:56,731 - TOPOPT - INFO - Ite.: 818  Vol.: 0.172  Ch.: 0.0578  Obj.: 33.4
2020-06-30 12:58:56,923 - TOPOPT - INFO - Ite.: 819  Vol.: 0.172  Ch.: 0.0578  Obj.: 33.4
2020-06-30 12:58:57,108 - TOPOPT - INFO - Ite.: 820  Vol.: 0.172  Ch.: 0.0578  Obj.: 33.4
2020-06-30 12:58:57,290 - TOPOPT - INFO - Ite.: 821  Vol.: 0.172  Ch.: 0.0578  Obj.: 33.4
2020-06-30 12:58:57,471 - TOPOPT - INFO - Ite.: 822  Vol.: 0.172  Ch.: 0.0578  Obj.: 33.4
2020-06-30 12:58:57,641 - TOPOPT - INFO - Ite.: 823  Vol.: 0.172  Ch.: 0.0578  Obj.: 33.4
2020-06-30 12:58:57,817 - TOPOPT - INFO - Ite.: 824  Vol.: 0.172  Ch.: 0.0577  Obj.: 33.4
2020-06-30 12:58:57,982 - TOPOPT - INFO - Ite.: 825  Vol.: 0.172  Ch.: 0.0577  Obj.: 33.4
2020-06-30 12:58:58,153 - TOPOPT - INFO - Ite.: 826  Vol.: 0.172  Ch.: 0.0577  Obj.: 33.4
2020-06-30 12:58:58,324 - TOPOPT - INFO - Ite.: 827  Vol.: 0.172  Ch.: 0.0577  Obj.: 33.4
2020-06-30 12:58:58,513 - TOPOPT - INFO - Ite.: 828  Vol.: 0.172  Ch.: 0.0577  Obj.: 33.4
2020-06-30 12:58:58,709 - TOPOPT - INFO - Ite.: 829  Vol.: 0.172  Ch.: 0.0577  Obj.: 33.4
2020-06-30 12:58:58,900 - TOPOPT - INFO - Ite.: 830  Vol.: 0.172  Ch.: 0.0577  Obj.: 33.4
2020-06-30 12:58:59,072 - TOPOPT - INFO - Ite.: 831  Vol.: 0.172  Ch.: 0.0577  Obj.: 33.4
2020-06-30 12:58:59,259 - TOPOPT - INFO - Ite.: 832  Vol.: 0.172  Ch.: 0.0577  Obj.: 33.4
2020-06-30 12:58:59,470 - TOPOPT - INFO - Ite.: 833  Vol.: 0.172  Ch.: 0.0577  Obj.: 33.4
2020-06-30 12:58:59,691 - TOPOPT - INFO - Ite.: 834  Vol.: 0.172  Ch.: 0.0576  Obj.: 33.4
2020-06-30 12:58:59,923 - TOPOPT - INFO - Ite.: 835  Vol.: 0.172  Ch.: 0.0576  Obj.: 33.4
2020-06-30 12:59:00,151 - TOPOPT - INFO - Ite.: 836  Vol.: 0.172  Ch.: 0.0576  Obj.: 33.4
2020-06-30 12:59:00,349 - TOPOPT - INFO - Ite.: 837  Vol.: 0.172  Ch.: 0.0576  Obj.: 33.4
2020-06-30 12:59:00,524 - TOPOPT - INFO - Ite.: 838  Vol.: 0.172  Ch.: 0.0576  Obj.: 33.4
2020-06-30 12:59:00,693 - TOPOPT - INFO - Ite.: 839  Vol.: 0.172  Ch.: 0.0576  Obj.: 33.4
2020-06-30 12:59:00,881 - TOPOPT - INFO - Ite.: 840  Vol.: 0.172  Ch.: 0.0576  Obj.: 33.4
2020-06-30 12:59:01,057 - TOPOPT - INFO - Ite.: 841  Vol.: 0.172  Ch.: 0.0576  Obj.: 33.4
2020-06-30 12:59:01,233 - TOPOPT - INFO - Ite.: 842  Vol.: 0.172  Ch.: 0.0575  Obj.: 33.4
2020-06-30 12:59:01,388 - TOPOPT - INFO - Ite.: 843  Vol.: 0.172  Ch.: 0.0575  Obj.: 33.4
2020-06-30 12:59:01,572 - TOPOPT - INFO - Ite.: 844  Vol.: 0.172  Ch.: 0.0575  Obj.: 33.4
2020-06-30 12:59:01,749 - TOPOPT - INFO - Ite.: 845  Vol.: 0.172  Ch.: 0.0575  Obj.: 33.4
2020-06-30 12:59:01,906 - TOPOPT - INFO - Ite.: 846  Vol.: 0.172  Ch.: 0.0575  Obj.: 33.4
2020-06-30 12:59:02,087 - TOPOPT - INFO - Ite.: 847  Vol.: 0.172  Ch.: 0.0575  Obj.: 33.4
2020-06-30 12:59:02,258 - TOPOPT - INFO - Ite.: 848  Vol.: 0.172  Ch.: 0.0575  Obj.: 33.4
2020-06-30 12:59:02,429 - TOPOPT - INFO - Ite.: 849  Vol.: 0.172  Ch.: 0.0575  Obj.: 33.4
2020-06-30 12:59:02,592 - TOPOPT - INFO - Ite.: 850  Vol.: 0.172  Ch.: 0.0574  Obj.: 33.4
2020-06-30 12:59:02,774 - TOPOPT - INFO - Ite.: 851  Vol.: 0.172  Ch.: 0.0574  Obj.: 33.4
2020-06-30 12:59:02,950 - TOPOPT - INFO - Ite.: 852  Vol.: 0.172  Ch.: 0.0574  Obj.: 33.4
2020-06-30 12:59:03,130 - TOPOPT - INFO - Ite.: 853  Vol.: 0.172  Ch.: 0.0574  Obj.: 33.4
2020-06-30 12:59:03,322 - TOPOPT - INFO - Ite.: 854  Vol.: 0.172  Ch.: 0.0574  Obj.: 33.4
2020-06-30 12:59:03,484 - TOPOPT - INFO - Ite.: 855  Vol.: 0.172  Ch.: 0.0574  Obj.: 33.4
2020-06-30 12:59:03,655 - TOPOPT - INFO - Ite.: 856  Vol.: 0.172  Ch.: 0.0574  Obj.: 33.4
2020-06-30 12:59:03,845 - TOPOPT - INFO - Ite.: 857  Vol.: 0.172  Ch.: 0.0574  Obj.: 33.4
2020-06-30 12:59:04,012 - TOPOPT - INFO - Ite.: 858  Vol.: 0.172  Ch.: 0.0574  Obj.: 33.4
2020-06-30 12:59:04,181 - TOPOPT - INFO - Ite.: 859  Vol.: 0.172  Ch.: 0.0573  Obj.: 33.4
2020-06-30 12:59:04,361 - TOPOPT - INFO - Ite.: 860  Vol.: 0.172  Ch.: 0.0573  Obj.: 33.4
2020-06-30 12:59:04,540 - TOPOPT - INFO - Ite.: 861  Vol.: 0.172  Ch.: 0.0573  Obj.: 33.4
2020-06-30 12:59:04,711 - TOPOPT - INFO - Ite.: 862  Vol.: 0.172  Ch.: 0.0573  Obj.: 33.4
2020-06-30 12:59:04,881 - TOPOPT - INFO - Ite.: 863  Vol.: 0.172  Ch.: 0.0573  Obj.: 33.4
2020-06-30 12:59:05,059 - TOPOPT - INFO - Ite.: 864  Vol.: 0.172  Ch.: 0.0573  Obj.: 33.4
2020-06-30 12:59:05,245 - TOPOPT - INFO - Ite.: 865  Vol.: 0.172  Ch.: 0.0573  Obj.: 33.4
2020-06-30 12:59:05,422 - TOPOPT - INFO - Ite.: 866  Vol.: 0.172  Ch.: 0.0573  Obj.: 33.4
2020-06-30 12:59:05,602 - TOPOPT - INFO - Ite.: 867  Vol.: 0.172  Ch.: 0.0573  Obj.: 33.4
2020-06-30 12:59:05,790 - TOPOPT - INFO - Ite.: 868  Vol.: 0.172  Ch.: 0.0572  Obj.: 33.4
2020-06-30 12:59:05,967 - TOPOPT - INFO - Ite.: 869  Vol.: 0.172  Ch.: 0.0572  Obj.: 33.4
2020-06-30 12:59:06,142 - TOPOPT - INFO - Ite.: 870  Vol.: 0.172  Ch.: 0.0572  Obj.: 33.4
2020-06-30 12:59:06,323 - TOPOPT - INFO - Ite.: 871  Vol.: 0.172  Ch.: 0.0572  Obj.: 33.4
2020-06-30 12:59:06,497 - TOPOPT - INFO - Ite.: 872  Vol.: 0.172  Ch.: 0.0572  Obj.: 33.4
2020-06-30 12:59:06,681 - TOPOPT - INFO - Ite.: 873  Vol.: 0.172  Ch.: 0.0572  Obj.: 33.4
2020-06-30 12:59:06,874 - TOPOPT - INFO - Ite.: 874  Vol.: 0.172  Ch.: 0.0572  Obj.: 33.4
2020-06-30 12:59:07,058 - TOPOPT - INFO - Ite.: 875  Vol.: 0.172  Ch.: 0.0572  Obj.: 33.4
2020-06-30 12:59:07,262 - TOPOPT - INFO - Ite.: 876  Vol.: 0.172  Ch.: 0.0572  Obj.: 33.4
2020-06-30 12:59:07,439 - TOPOPT - INFO - Ite.: 877  Vol.: 0.172  Ch.: 0.0571  Obj.: 33.4
2020-06-30 12:59:07,616 - TOPOPT - INFO - Ite.: 878  Vol.: 0.172  Ch.: 0.0571  Obj.: 33.4
2020-06-30 12:59:07,791 - TOPOPT - INFO - Ite.: 879  Vol.: 0.172  Ch.: 0.0571  Obj.: 33.4
2020-06-30 12:59:07,972 - TOPOPT - INFO - Ite.: 880  Vol.: 0.172  Ch.: 0.0571  Obj.: 33.4
2020-06-30 12:59:08,153 - TOPOPT - INFO - Ite.: 881  Vol.: 0.172  Ch.: 0.0571  Obj.: 33.4
2020-06-30 12:59:08,324 - TOPOPT - INFO - Ite.: 882  Vol.: 0.172  Ch.: 0.0571  Obj.: 33.4
2020-06-30 12:59:08,509 - TOPOPT - INFO - Ite.: 883  Vol.: 0.172  Ch.: 0.0571  Obj.: 33.4
2020-06-30 12:59:08,691 - TOPOPT - INFO - Ite.: 884  Vol.: 0.172  Ch.: 0.0571  Obj.: 33.4
2020-06-30 12:59:08,870 - TOPOPT - INFO - Ite.: 885  Vol.: 0.172  Ch.: 0.0571  Obj.: 33.4
2020-06-30 12:59:09,062 - TOPOPT - INFO - Ite.: 886  Vol.: 0.172  Ch.: 0.0571  Obj.: 33.4
2020-06-30 12:59:09,247 - TOPOPT - INFO - Ite.: 887  Vol.: 0.172  Ch.: 0.0570  Obj.: 33.4
2020-06-30 12:59:09,433 - TOPOPT - INFO - Ite.: 888  Vol.: 0.172  Ch.: 0.0570  Obj.: 33.4
2020-06-30 12:59:09,617 - TOPOPT - INFO - Ite.: 889  Vol.: 0.172  Ch.: 0.0570  Obj.: 33.4
2020-06-30 12:59:09,804 - TOPOPT - INFO - Ite.: 890  Vol.: 0.172  Ch.: 0.0570  Obj.: 33.4
2020-06-30 12:59:09,997 - TOPOPT - INFO - Ite.: 891  Vol.: 0.172  Ch.: 0.0570  Obj.: 33.4
2020-06-30 12:59:10,186 - TOPOPT - INFO - Ite.: 892  Vol.: 0.172  Ch.: 0.0570  Obj.: 33.4
2020-06-30 12:59:10,381 - TOPOPT - INFO - Ite.: 893  Vol.: 0.172  Ch.: 0.0570  Obj.: 33.4
2020-06-30 12:59:10,562 - TOPOPT - INFO - Ite.: 894  Vol.: 0.172  Ch.: 0.0570  Obj.: 33.4
2020-06-30 12:59:10,743 - TOPOPT - INFO - Ite.: 895  Vol.: 0.172  Ch.: 0.0570  Obj.: 33.4
2020-06-30 12:59:10,923 - TOPOPT - INFO - Ite.: 896  Vol.: 0.172  Ch.: 0.0569  Obj.: 33.4
2020-06-30 12:59:11,099 - TOPOPT - INFO - Ite.: 897  Vol.: 0.172  Ch.: 0.0569  Obj.: 33.4
2020-06-30 12:59:11,278 - TOPOPT - INFO - Ite.: 898  Vol.: 0.172  Ch.: 0.0569  Obj.: 33.4
2020-06-30 12:59:11,472 - TOPOPT - INFO - Ite.: 899  Vol.: 0.172  Ch.: 0.0569  Obj.: 33.4
2020-06-30 12:59:11,653 - TOPOPT - INFO - Ite.: 900  Vol.: 0.172  Ch.: 0.0569  Obj.: 33.4
2020-06-30 12:59:11,833 - TOPOPT - INFO - Ite.: 901  Vol.: 0.172  Ch.: 0.0569  Obj.: 33.4
2020-06-30 12:59:12,015 - TOPOPT - INFO - Ite.: 902  Vol.: 0.172  Ch.: 0.0569  Obj.: 33.4
2020-06-30 12:59:12,203 - TOPOPT - INFO - Ite.: 903  Vol.: 0.172  Ch.: 0.0569  Obj.: 33.4
2020-06-30 12:59:12,376 - TOPOPT - INFO - Ite.: 904  Vol.: 0.172  Ch.: 0.0568  Obj.: 33.4
2020-06-30 12:59:12,565 - TOPOPT - INFO - Ite.: 905  Vol.: 0.172  Ch.: 0.0568  Obj.: 33.4
2020-06-30 12:59:12,750 - TOPOPT - INFO - Ite.: 906  Vol.: 0.172  Ch.: 0.0568  Obj.: 33.4
2020-06-30 12:59:12,937 - TOPOPT - INFO - Ite.: 907  Vol.: 0.172  Ch.: 0.0568  Obj.: 33.4
2020-06-30 12:59:13,131 - TOPOPT - INFO - Ite.: 908  Vol.: 0.172  Ch.: 0.0568  Obj.: 33.4
2020-06-30 12:59:13,311 - TOPOPT - INFO - Ite.: 909  Vol.: 0.172  Ch.: 0.0568  Obj.: 33.4
2020-06-30 12:59:13,495 - TOPOPT - INFO - Ite.: 910  Vol.: 0.172  Ch.: 0.0568  Obj.: 33.4
2020-06-30 12:59:13,686 - TOPOPT - INFO - Ite.: 911  Vol.: 0.172  Ch.: 0.0568  Obj.: 33.4
2020-06-30 12:59:13,880 - TOPOPT - INFO - Ite.: 912  Vol.: 0.172  Ch.: 0.0568  Obj.: 33.4
2020-06-30 12:59:14,070 - TOPOPT - INFO - Ite.: 913  Vol.: 0.172  Ch.: 0.0567  Obj.: 33.4
2020-06-30 12:59:14,261 - TOPOPT - INFO - Ite.: 914  Vol.: 0.172  Ch.: 0.0567  Obj.: 33.4
2020-06-30 12:59:14,470 - TOPOPT - INFO - Ite.: 915  Vol.: 0.172  Ch.: 0.0567  Obj.: 33.4
2020-06-30 12:59:14,669 - TOPOPT - INFO - Ite.: 916  Vol.: 0.172  Ch.: 0.0567  Obj.: 33.4
2020-06-30 12:59:14,856 - TOPOPT - INFO - Ite.: 917  Vol.: 0.172  Ch.: 0.0567  Obj.: 33.4
2020-06-30 12:59:15,058 - TOPOPT - INFO - Ite.: 918  Vol.: 0.172  Ch.: 0.0567  Obj.: 33.4
2020-06-30 12:59:15,250 - TOPOPT - INFO - Ite.: 919  Vol.: 0.172  Ch.: 0.0567  Obj.: 33.4
2020-06-30 12:59:15,447 - TOPOPT - INFO - Ite.: 920  Vol.: 0.172  Ch.: 0.0567  Obj.: 33.4
2020-06-30 12:59:15,636 - TOPOPT - INFO - Ite.: 921  Vol.: 0.172  Ch.: 0.0567  Obj.: 33.4
2020-06-30 12:59:15,818 - TOPOPT - INFO - Ite.: 922  Vol.: 0.172  Ch.: 0.0566  Obj.: 33.4
2020-06-30 12:59:16,004 - TOPOPT - INFO - Ite.: 923  Vol.: 0.172  Ch.: 0.0566  Obj.: 33.4
2020-06-30 12:59:16,206 - TOPOPT - INFO - Ite.: 924  Vol.: 0.172  Ch.: 0.0566  Obj.: 33.4
2020-06-30 12:59:16,407 - TOPOPT - INFO - Ite.: 925  Vol.: 0.172  Ch.: 0.0566  Obj.: 33.4
2020-06-30 12:59:16,598 - TOPOPT - INFO - Ite.: 926  Vol.: 0.172  Ch.: 0.0566  Obj.: 33.4
2020-06-30 12:59:16,794 - TOPOPT - INFO - Ite.: 927  Vol.: 0.172  Ch.: 0.0566  Obj.: 33.4
2020-06-30 12:59:16,992 - TOPOPT - INFO - Ite.: 928  Vol.: 0.172  Ch.: 0.0566  Obj.: 33.4
2020-06-30 12:59:17,188 - TOPOPT - INFO - Ite.: 929  Vol.: 0.172  Ch.: 0.0566  Obj.: 33.4
2020-06-30 12:59:17,392 - TOPOPT - INFO - Ite.: 930  Vol.: 0.172  Ch.: 0.0566  Obj.: 33.4
2020-06-30 12:59:17,590 - TOPOPT - INFO - Ite.: 931  Vol.: 0.172  Ch.: 0.0566  Obj.: 33.4
2020-06-30 12:59:17,789 - TOPOPT - INFO - Ite.: 932  Vol.: 0.172  Ch.: 0.0565  Obj.: 33.4
2020-06-30 12:59:17,999 - TOPOPT - INFO - Ite.: 933  Vol.: 0.172  Ch.: 0.0565  Obj.: 33.4
2020-06-30 12:59:18,195 - TOPOPT - INFO - Ite.: 934  Vol.: 0.172  Ch.: 0.0565  Obj.: 33.4
2020-06-30 12:59:18,395 - TOPOPT - INFO - Ite.: 935  Vol.: 0.172  Ch.: 0.0565  Obj.: 33.4
2020-06-30 12:59:18,597 - TOPOPT - INFO - Ite.: 936  Vol.: 0.172  Ch.: 0.0565  Obj.: 33.4
2020-06-30 12:59:18,799 - TOPOPT - INFO - Ite.: 937  Vol.: 0.172  Ch.: 0.0565  Obj.: 33.4
2020-06-30 12:59:18,992 - TOPOPT - INFO - Ite.: 938  Vol.: 0.172  Ch.: 0.0565  Obj.: 33.4
2020-06-30 12:59:19,191 - TOPOPT - INFO - Ite.: 939  Vol.: 0.172  Ch.: 0.0565  Obj.: 33.4
2020-06-30 12:59:19,387 - TOPOPT - INFO - Ite.: 940  Vol.: 0.172  Ch.: 0.0565  Obj.: 33.4
2020-06-30 12:59:19,570 - TOPOPT - INFO - Ite.: 941  Vol.: 0.172  Ch.: 0.0564  Obj.: 33.4
2020-06-30 12:59:19,764 - TOPOPT - INFO - Ite.: 942  Vol.: 0.172  Ch.: 0.0564  Obj.: 33.4
2020-06-30 12:59:19,961 - TOPOPT - INFO - Ite.: 943  Vol.: 0.172  Ch.: 0.0564  Obj.: 33.4
2020-06-30 12:59:20,165 - TOPOPT - INFO - Ite.: 944  Vol.: 0.172  Ch.: 0.0564  Obj.: 33.4
2020-06-30 12:59:20,368 - TOPOPT - INFO - Ite.: 945  Vol.: 0.172  Ch.: 0.0564  Obj.: 33.4
2020-06-30 12:59:20,569 - TOPOPT - INFO - Ite.: 946  Vol.: 0.172  Ch.: 0.0564  Obj.: 33.4
2020-06-30 12:59:20,771 - TOPOPT - INFO - Ite.: 947  Vol.: 0.172  Ch.: 0.0564  Obj.: 33.4
2020-06-30 12:59:20,976 - TOPOPT - INFO - Ite.: 948  Vol.: 0.172  Ch.: 0.0564  Obj.: 33.4
2020-06-30 12:59:21,180 - TOPOPT - INFO - Ite.: 949  Vol.: 0.172  Ch.: 0.0564  Obj.: 33.4
2020-06-30 12:59:21,378 - TOPOPT - INFO - Ite.: 950  Vol.: 0.172  Ch.: 0.0563  Obj.: 33.4
2020-06-30 12:59:21,578 - TOPOPT - INFO - Ite.: 951  Vol.: 0.172  Ch.: 0.0563  Obj.: 33.4
2020-06-30 12:59:21,777 - TOPOPT - INFO - Ite.: 952  Vol.: 0.172  Ch.: 0.0563  Obj.: 33.4
2020-06-30 12:59:21,973 - TOPOPT - INFO - Ite.: 953  Vol.: 0.172  Ch.: 0.0563  Obj.: 33.4
2020-06-30 12:59:22,176 - TOPOPT - INFO - Ite.: 954  Vol.: 0.172  Ch.: 0.0563  Obj.: 33.4
2020-06-30 12:59:22,381 - TOPOPT - INFO - Ite.: 955  Vol.: 0.172  Ch.: 0.0563  Obj.: 33.4
2020-06-30 12:59:22,576 - TOPOPT - INFO - Ite.: 956  Vol.: 0.172  Ch.: 0.0563  Obj.: 33.4
2020-06-30 12:59:22,768 - TOPOPT - INFO - Ite.: 957  Vol.: 0.172  Ch.: 0.0563  Obj.: 33.4
2020-06-30 12:59:22,958 - TOPOPT - INFO - Ite.: 958  Vol.: 0.172  Ch.: 0.0562  Obj.: 33.4
2020-06-30 12:59:23,149 - TOPOPT - INFO - Ite.: 959  Vol.: 0.172  Ch.: 0.0562  Obj.: 33.4
2020-06-30 12:59:23,331 - TOPOPT - INFO - Ite.: 960  Vol.: 0.172  Ch.: 0.0562  Obj.: 33.4
2020-06-30 12:59:23,537 - TOPOPT - INFO - Ite.: 961  Vol.: 0.172  Ch.: 0.0562  Obj.: 33.4
2020-06-30 12:59:23,741 - TOPOPT - INFO - Ite.: 962  Vol.: 0.172  Ch.: 0.0562  Obj.: 33.4
2020-06-30 12:59:24,043 - TOPOPT - INFO - Ite.: 963  Vol.: 0.172  Ch.: 0.0562  Obj.: 33.4
2020-06-30 12:59:24,472 - TOPOPT - INFO - Ite.: 964  Vol.: 0.172  Ch.: 0.0562  Obj.: 33.4
2020-06-30 12:59:24,937 - TOPOPT - INFO - Ite.: 965  Vol.: 0.172  Ch.: 0.0562  Obj.: 33.4
2020-06-30 12:59:25,401 - TOPOPT - INFO - Ite.: 966  Vol.: 0.172  Ch.: 0.0562  Obj.: 33.4
2020-06-30 12:59:25,851 - TOPOPT - INFO - Ite.: 967  Vol.: 0.172  Ch.: 0.0562  Obj.: 33.4
2020-06-30 12:59:26,288 - TOPOPT - INFO - Ite.: 968  Vol.: 0.172  Ch.: 0.0561  Obj.: 33.4
2020-06-30 12:59:26,711 - TOPOPT - INFO - Ite.: 969  Vol.: 0.172  Ch.: 0.0561  Obj.: 33.4
2020-06-30 12:59:27,112 - TOPOPT - INFO - Ite.: 970  Vol.: 0.172  Ch.: 0.0561  Obj.: 33.4
2020-06-30 12:59:27,565 - TOPOPT - INFO - Ite.: 971  Vol.: 0.172  Ch.: 0.0561  Obj.: 33.4
2020-06-30 12:59:27,974 - TOPOPT - INFO - Ite.: 972  Vol.: 0.172  Ch.: 0.0561  Obj.: 33.4
2020-06-30 12:59:28,441 - TOPOPT - INFO - Ite.: 973  Vol.: 0.172  Ch.: 0.0561  Obj.: 33.4
2020-06-30 12:59:28,870 - TOPOPT - INFO - Ite.: 974  Vol.: 0.172  Ch.: 0.0561  Obj.: 33.4
2020-06-30 12:59:29,305 - TOPOPT - INFO - Ite.: 975  Vol.: 0.172  Ch.: 0.0561  Obj.: 33.4
2020-06-30 12:59:29,730 - TOPOPT - INFO - Ite.: 976  Vol.: 0.172  Ch.: 0.0561  Obj.: 33.4
2020-06-30 12:59:30,169 - TOPOPT - INFO - Ite.: 977  Vol.: 0.172  Ch.: 0.0561  Obj.: 33.4
2020-06-30 12:59:30,577 - TOPOPT - INFO - Ite.: 978  Vol.: 0.172  Ch.: 0.0560  Obj.: 33.4
2020-06-30 12:59:30,985 - TOPOPT - INFO - Ite.: 979  Vol.: 0.172  Ch.: 0.0560  Obj.: 33.4
2020-06-30 12:59:31,360 - TOPOPT - INFO - Ite.: 980  Vol.: 0.172  Ch.: 0.0560  Obj.: 33.4
2020-06-30 12:59:31,760 - TOPOPT - INFO - Ite.: 981  Vol.: 0.172  Ch.: 0.0560  Obj.: 33.4
2020-06-30 12:59:32,149 - TOPOPT - INFO - Ite.: 982  Vol.: 0.172  Ch.: 0.0560  Obj.: 33.4
2020-06-30 12:59:32,581 - TOPOPT - INFO - Ite.: 983  Vol.: 0.172  Ch.: 0.0560  Obj.: 33.4
2020-06-30 12:59:33,015 - TOPOPT - INFO - Ite.: 984  Vol.: 0.172  Ch.: 0.0560  Obj.: 33.4
2020-06-30 12:59:33,414 - TOPOPT - INFO - Ite.: 985  Vol.: 0.172  Ch.: 0.0560  Obj.: 33.4
2020-06-30 12:59:33,820 - TOPOPT - INFO - Ite.: 986  Vol.: 0.172  Ch.: 0.0560  Obj.: 33.4
2020-06-30 12:59:34,259 - TOPOPT - INFO - Ite.: 987  Vol.: 0.172  Ch.: 0.0559  Obj.: 33.4
2020-06-30 12:59:34,639 - TOPOPT - INFO - Ite.: 988  Vol.: 0.172  Ch.: 0.0559  Obj.: 33.4
2020-06-30 12:59:35,048 - TOPOPT - INFO - Ite.: 989  Vol.: 0.172  Ch.: 0.0559  Obj.: 33.4
2020-06-30 12:59:35,436 - TOPOPT - INFO - Ite.: 990  Vol.: 0.172  Ch.: 0.0559  Obj.: 33.4
2020-06-30 12:59:35,842 - TOPOPT - INFO - Ite.: 991  Vol.: 0.172  Ch.: 0.0559  Obj.: 33.4
2020-06-30 12:59:36,251 - TOPOPT - INFO - Ite.: 992  Vol.: 0.172  Ch.: 0.0559  Obj.: 33.4
2020-06-30 12:59:36,635 - TOPOPT - INFO - Ite.: 993  Vol.: 0.172  Ch.: 0.0559  Obj.: 33.4
2020-06-30 12:59:37,054 - TOPOPT - INFO - Ite.: 994  Vol.: 0.172  Ch.: 0.0559  Obj.: 33.4
2020-06-30 12:59:37,454 - TOPOPT - INFO - Ite.: 995  Vol.: 0.172  Ch.: 0.0559  Obj.: 33.4
2020-06-30 12:59:37,891 - TOPOPT - INFO - Ite.: 996  Vol.: 0.172  Ch.: 0.0558  Obj.: 33.4
2020-06-30 12:59:38,271 - TOPOPT - INFO - Ite.: 997  Vol.: 0.172  Ch.: 0.0558  Obj.: 33.4
2020-06-30 12:59:38,669 - TOPOPT - INFO - Ite.: 998  Vol.: 0.172  Ch.: 0.0558  Obj.: 33.4
2020-06-30 12:59:39,121 - TOPOPT - INFO - Ite.: 999  Vol.: 0.172  Ch.: 0.0558  Obj.: 33.4
2020-06-30 12:59:39,477 - TOPOPT - INFO - Ite.: 1000  Vol.: 0.172  Ch.: 0.0558  Obj.: 33.4
2020-06-30 12:59:39,529 - TOPOPT - INFO - Ite.: 1001  Maximum number of iterations reached

2020-06-30 12:59:39,532 - TOPOPT - INFO - FINAL OBJECTIVE FUNCTION VALUE     :   21114570191.459095

2020-06-30 12:59:39,539 - TOPOPT - INFO - Black and white filtering data for different threshold values
2020-06-30 12:59:39,900 - TOPOPT - INFO - Threshold value            :   0.1
2020-06-30 12:59:39,901 - TOPOPT - INFO - Volume fraction            :   0.19501470435436868
2020-06-30 12:59:39,905 - TOPOPT - INFO - Objective function value   :   2234900380437.947

2020-06-30 12:59:40,239 - TOPOPT - INFO - Threshold value            :   0.2
2020-06-30 12:59:40,241 - TOPOPT - INFO - Volume fraction            :   0.18190316401787046
2020-06-30 12:59:40,250 - TOPOPT - INFO - Objective function value   :   15375595268715.123

2020-06-30 12:59:40,532 - TOPOPT - INFO - Threshold value            :   0.3
2020-06-30 12:59:40,532 - TOPOPT - INFO - Volume fraction            :   0.180095073745246
2020-06-30 12:59:40,534 - TOPOPT - INFO - Objective function value   :   20412823665437.996

2020-06-30 12:59:40,831 - TOPOPT - INFO - Threshold value            :   0.4
2020-06-30 12:59:40,834 - TOPOPT - INFO - Volume fraction            :   0.17515650868061466
2020-06-30 12:59:40,847 - TOPOPT - INFO - Objective function value   :   20497290617976.043

2020-06-30 12:59:41,219 - TOPOPT - INFO - Threshold value            :   0.5
2020-06-30 12:59:41,220 - TOPOPT - INFO - Volume fraction            :   0.17371003646251512
2020-06-30 12:59:41,225 - TOPOPT - INFO - Objective function value   :   20588896395950.074

2020-06-30 12:59:41,581 - TOPOPT - INFO - Threshold value            :   0.6
2020-06-30 12:59:41,586 - TOPOPT - INFO - Volume fraction            :   0.17015589976662476
2020-06-30 12:59:41,589 - TOPOPT - INFO - Objective function value   :   39230727646549.17

2020-06-30 12:59:41,968 - TOPOPT - INFO - Threshold value            :   0.7
2020-06-30 12:59:41,971 - TOPOPT - INFO - Volume fraction            :   0.16206829093751698
2020-06-30 12:59:41,979 - TOPOPT - INFO - Objective function value   :   77358542345878.14

2020-06-30 12:59:42,424 - TOPOPT - INFO - Threshold value            :   0.8
2020-06-30 12:59:42,425 - TOPOPT - INFO - Volume fraction            :   0.15666417240313216
2020-06-30 12:59:42,430 - TOPOPT - INFO - Objective function value   :   6.38933993535102e+16

2020-06-30 12:59:42,779 - TOPOPT - INFO - Threshold value            :   0.9
2020-06-30 12:59:42,780 - TOPOPT - INFO - Volume fraction            :   0.15027913512040122
2020-06-30 12:59:42,785 - TOPOPT - INFO - Objective function value   :   9.114158850142379e+16

2020-06-30 12:59:42,793 - TOPOPT - INFO - OPTIMIZATION FINISHED IN 1417 SEC. /// 24 MIN.

2020-06-30 12:59:42,795 - TOPOPT - INFO - END OF THE MAIN PROGRAM

2020-06-30 12:59:42,825 - TOPOPT - INFO - YOU CAN CLOSE THIS WINDOW AND CONTINUE IN GRASSHOPPER
