2019-01-24 15:41:13,581 - TOPOPT_UNMASKED - INFO - START OF THE MAIN PROGRAM

2019-01-24 15:41:14,904 - TOPOPT_UNMASKED - INFO - Number of finite elements                  :   135350
2019-01-24 15:41:14,904 - TOPOPT_UNMASKED - INFO - Number of nodes                            :   30351
2019-01-24 15:41:14,904 - TOPOPT_UNMASKED - INFO - Total degrees of freedom                   :   91053
2019-01-24 15:41:14,905 - TOPOPT_UNMASKED - INFO - Number of free degrees of freedom          :   60699
2019-01-24 15:41:14,905 - TOPOPT_UNMASKED - INFO - Algoritmn for finding design variables x   :   OC
2019-01-24 15:41:14,905 - TOPOPT_UNMASKED - INFO - Volume fraction                            :   0.2601788053
2019-01-24 15:41:14,907 - TOPOPT_UNMASKED - INFO - Penalty factor                             :   3.0
2019-01-24 15:41:14,907 - TOPOPT_UNMASKED - INFO - Continuation step                          :   False
2019-01-24 15:41:14,907 - TOPOPT_UNMASKED - INFO - Filter length                              :   32.0
2019-01-24 15:41:14,907 - TOPOPT_UNMASKED - INFO - Filter approach                            :   SENS
2019-01-24 15:41:14,907 - TOPOPT_UNMASKED - INFO - Maximum number of iterations               :   1000.0
2019-01-24 15:41:14,907 - TOPOPT_UNMASKED - INFO - Tolerance (max. density change)            :   0.001
2019-01-24 15:41:14,907 - TOPOPT_UNMASKED - INFO - Maximum Young's modulus (if x_i=1)         :   1.0
2019-01-24 15:41:14,907 - TOPOPT_UNMASKED - INFO - Minimum Young's modulus (if x_i=0)         :   1e-09

2019-01-24 15:41:16,694 - TOPOPT_UNMASKED - INFO - Scaling factor for objective function f0   :   0.844
2019-01-24 15:41:16,694 - TOPOPT_UNMASKED - INFO - Scaling factor for constraint function f1  :   135350.000

2019-01-24 15:44:06,930 - TOPOPT_UNMASKED - INFO - Ite.: 000  Vol.: 0.260  Ch.: 0.0000  Obj.: 1107.9
2019-01-24 15:44:08,631 - TOPOPT_UNMASKED - INFO - Ite.: 001  Vol.: 0.260  Ch.: 0.2000  Obj.: 285.5
2019-01-24 15:44:10,072 - TOPOPT_UNMASKED - INFO - Ite.: 002  Vol.: 0.260  Ch.: 0.2000  Obj.: 113.1
2019-01-24 15:44:11,585 - TOPOPT_UNMASKED - INFO - Ite.: 003  Vol.: 0.260  Ch.: 0.2000  Obj.: 55.8
2019-01-24 15:44:13,115 - TOPOPT_UNMASKED - INFO - Ite.: 004  Vol.: 0.260  Ch.: 0.2000  Obj.: 35.5
2019-01-24 15:44:14,627 - TOPOPT_UNMASKED - INFO - Ite.: 005  Vol.: 0.260  Ch.: 0.2000  Obj.: 31.6
2019-01-24 15:44:16,151 - TOPOPT_UNMASKED - INFO - Ite.: 006  Vol.: 0.260  Ch.: 0.2000  Obj.: 30.1
2019-01-24 15:44:17,710 - TOPOPT_UNMASKED - INFO - Ite.: 007  Vol.: 0.260  Ch.: 0.2000  Obj.: 29.4
2019-01-24 15:44:19,174 - TOPOPT_UNMASKED - INFO - Ite.: 008  Vol.: 0.260  Ch.: 0.2000  Obj.: 29.2
2019-01-24 15:44:20,648 - TOPOPT_UNMASKED - INFO - Ite.: 009  Vol.: 0.260  Ch.: 0.2000  Obj.: 29.1
2019-01-24 15:44:22,105 - TOPOPT_UNMASKED - INFO - Ite.: 010  Vol.: 0.260  Ch.: 0.2000  Obj.: 29.0
2019-01-24 15:44:23,642 - TOPOPT_UNMASKED - INFO - Ite.: 011  Vol.: 0.260  Ch.: 0.2000  Obj.: 29.0
2019-01-24 15:44:25,170 - TOPOPT_UNMASKED - INFO - Ite.: 012  Vol.: 0.260  Ch.: 0.2000  Obj.: 28.9
2019-01-24 15:44:26,628 - TOPOPT_UNMASKED - INFO - Ite.: 013  Vol.: 0.260  Ch.: 0.2000  Obj.: 28.9
2019-01-24 15:44:28,075 - TOPOPT_UNMASKED - INFO - Ite.: 014  Vol.: 0.260  Ch.: 0.2000  Obj.: 28.8
2019-01-24 15:44:29,654 - TOPOPT_UNMASKED - INFO - Ite.: 015  Vol.: 0.260  Ch.: 0.2000  Obj.: 28.8
2019-01-24 15:44:31,170 - TOPOPT_UNMASKED - INFO - Ite.: 016  Vol.: 0.260  Ch.: 0.2000  Obj.: 28.7
2019-01-24 15:44:32,562 - TOPOPT_UNMASKED - INFO - Ite.: 017  Vol.: 0.260  Ch.: 0.2000  Obj.: 28.7
2019-01-24 15:44:34,052 - TOPOPT_UNMASKED - INFO - Ite.: 018  Vol.: 0.260  Ch.: 0.1538  Obj.: 28.7
2019-01-24 15:44:35,503 - TOPOPT_UNMASKED - INFO - Ite.: 019  Vol.: 0.260  Ch.: 0.1823  Obj.: 28.7
2019-01-24 15:44:37,010 - TOPOPT_UNMASKED - INFO - Ite.: 020  Vol.: 0.260  Ch.: 0.1758  Obj.: 28.7
2019-01-24 15:44:38,467 - TOPOPT_UNMASKED - INFO - Ite.: 021  Vol.: 0.260  Ch.: 0.1484  Obj.: 28.7
2019-01-24 15:44:40,042 - TOPOPT_UNMASKED - INFO - Ite.: 022  Vol.: 0.260  Ch.: 0.1334  Obj.: 28.7
2019-01-24 15:44:41,509 - TOPOPT_UNMASKED - INFO - Ite.: 023  Vol.: 0.260  Ch.: 0.0966  Obj.: 28.7
2019-01-24 15:44:43,059 - TOPOPT_UNMASKED - INFO - Ite.: 024  Vol.: 0.260  Ch.: 0.0891  Obj.: 28.7
2019-01-24 15:44:44,578 - TOPOPT_UNMASKED - INFO - Ite.: 025  Vol.: 0.260  Ch.: 0.0887  Obj.: 28.7
2019-01-24 15:44:46,069 - TOPOPT_UNMASKED - INFO - Ite.: 026  Vol.: 0.260  Ch.: 0.1093  Obj.: 28.7
2019-01-24 15:44:47,546 - TOPOPT_UNMASKED - INFO - Ite.: 027  Vol.: 0.260  Ch.: 0.1467  Obj.: 28.7
2019-01-24 15:44:49,010 - TOPOPT_UNMASKED - INFO - Ite.: 028  Vol.: 0.260  Ch.: 0.1678  Obj.: 28.7
2019-01-24 15:44:50,490 - TOPOPT_UNMASKED - INFO - Ite.: 029  Vol.: 0.260  Ch.: 0.1359  Obj.: 28.7
2019-01-24 15:44:51,993 - TOPOPT_UNMASKED - INFO - Ite.: 030  Vol.: 0.260  Ch.: 0.0778  Obj.: 28.7
2019-01-24 15:44:53,471 - TOPOPT_UNMASKED - INFO - Ite.: 031  Vol.: 0.260  Ch.: 0.0583  Obj.: 28.7
2019-01-24 15:44:54,977 - TOPOPT_UNMASKED - INFO - Ite.: 032  Vol.: 0.260  Ch.: 0.0421  Obj.: 28.7
2019-01-24 15:44:56,440 - TOPOPT_UNMASKED - INFO - Ite.: 033  Vol.: 0.260  Ch.: 0.0435  Obj.: 28.7
2019-01-24 15:44:57,961 - TOPOPT_UNMASKED - INFO - Ite.: 034  Vol.: 0.260  Ch.: 0.0538  Obj.: 28.7
2019-01-24 15:44:59,420 - TOPOPT_UNMASKED - INFO - Ite.: 035  Vol.: 0.260  Ch.: 0.0667  Obj.: 28.7
2019-01-24 15:45:00,930 - TOPOPT_UNMASKED - INFO - Ite.: 036  Vol.: 0.260  Ch.: 0.0821  Obj.: 28.7
2019-01-24 15:45:02,441 - TOPOPT_UNMASKED - INFO - Ite.: 037  Vol.: 0.260  Ch.: 0.0981  Obj.: 28.7
2019-01-24 15:45:03,957 - TOPOPT_UNMASKED - INFO - Ite.: 038  Vol.: 0.260  Ch.: 0.1107  Obj.: 28.7
2019-01-24 15:45:05,457 - TOPOPT_UNMASKED - INFO - Ite.: 039  Vol.: 0.260  Ch.: 0.1156  Obj.: 28.7
2019-01-24 15:45:07,002 - TOPOPT_UNMASKED - INFO - Ite.: 040  Vol.: 0.260  Ch.: 0.1133  Obj.: 28.7
2019-01-24 15:45:08,678 - TOPOPT_UNMASKED - INFO - Ite.: 041  Vol.: 0.260  Ch.: 0.0831  Obj.: 28.7
2019-01-24 15:45:10,160 - TOPOPT_UNMASKED - INFO - Ite.: 042  Vol.: 0.260  Ch.: 0.0270  Obj.: 28.7
2019-01-24 15:45:11,730 - TOPOPT_UNMASKED - INFO - Ite.: 043  Vol.: 0.260  Ch.: 0.0189  Obj.: 28.7
2019-01-24 15:45:13,427 - TOPOPT_UNMASKED - INFO - Ite.: 044  Vol.: 0.260  Ch.: 0.0195  Obj.: 28.7
2019-01-24 15:45:15,167 - TOPOPT_UNMASKED - INFO - Ite.: 045  Vol.: 0.260  Ch.: 0.0194  Obj.: 28.7
2019-01-24 15:45:16,878 - TOPOPT_UNMASKED - INFO - Ite.: 046  Vol.: 0.260  Ch.: 0.0210  Obj.: 28.7
2019-01-24 15:45:18,507 - TOPOPT_UNMASKED - INFO - Ite.: 047  Vol.: 0.260  Ch.: 0.0232  Obj.: 28.7
2019-01-24 15:45:20,088 - TOPOPT_UNMASKED - INFO - Ite.: 048  Vol.: 0.260  Ch.: 0.0259  Obj.: 28.7
2019-01-24 15:45:21,747 - TOPOPT_UNMASKED - INFO - Ite.: 049  Vol.: 0.260  Ch.: 0.0288  Obj.: 28.7
2019-01-24 15:45:23,427 - TOPOPT_UNMASKED - INFO - Ite.: 050  Vol.: 0.260  Ch.: 0.0318  Obj.: 28.7
2019-01-24 15:45:25,035 - TOPOPT_UNMASKED - INFO - Ite.: 051  Vol.: 0.260  Ch.: 0.0336  Obj.: 28.7
2019-01-24 15:45:26,686 - TOPOPT_UNMASKED - INFO - Ite.: 052  Vol.: 0.260  Ch.: 0.0331  Obj.: 28.7
2019-01-24 15:45:28,348 - TOPOPT_UNMASKED - INFO - Ite.: 053  Vol.: 0.260  Ch.: 0.0316  Obj.: 28.7
2019-01-24 15:45:30,009 - TOPOPT_UNMASKED - INFO - Ite.: 054  Vol.: 0.260  Ch.: 0.0297  Obj.: 28.7
2019-01-24 15:45:31,539 - TOPOPT_UNMASKED - INFO - Ite.: 055  Vol.: 0.260  Ch.: 0.0274  Obj.: 28.7
2019-01-24 15:45:33,006 - TOPOPT_UNMASKED - INFO - Ite.: 056  Vol.: 0.260  Ch.: 0.0250  Obj.: 28.7
2019-01-24 15:45:34,512 - TOPOPT_UNMASKED - INFO - Ite.: 057  Vol.: 0.260  Ch.: 0.0226  Obj.: 28.7
2019-01-24 15:45:35,970 - TOPOPT_UNMASKED - INFO - Ite.: 058  Vol.: 0.260  Ch.: 0.0202  Obj.: 28.7
2019-01-24 15:45:37,440 - TOPOPT_UNMASKED - INFO - Ite.: 059  Vol.: 0.260  Ch.: 0.0179  Obj.: 28.7
2019-01-24 15:45:38,900 - TOPOPT_UNMASKED - INFO - Ite.: 060  Vol.: 0.260  Ch.: 0.0158  Obj.: 28.7
2019-01-24 15:45:40,381 - TOPOPT_UNMASKED - INFO - Ite.: 061  Vol.: 0.260  Ch.: 0.0152  Obj.: 28.7
2019-01-24 15:45:41,849 - TOPOPT_UNMASKED - INFO - Ite.: 062  Vol.: 0.260  Ch.: 0.0159  Obj.: 28.7
2019-01-24 15:45:43,411 - TOPOPT_UNMASKED - INFO - Ite.: 063  Vol.: 0.260  Ch.: 0.0166  Obj.: 28.7
2019-01-24 15:45:44,930 - TOPOPT_UNMASKED - INFO - Ite.: 064  Vol.: 0.260  Ch.: 0.0174  Obj.: 28.7
2019-01-24 15:45:46,608 - TOPOPT_UNMASKED - INFO - Ite.: 065  Vol.: 0.260  Ch.: 0.0179  Obj.: 28.7
2019-01-24 15:45:48,151 - TOPOPT_UNMASKED - INFO - Ite.: 066  Vol.: 0.260  Ch.: 0.0175  Obj.: 28.7
2019-01-24 15:45:49,753 - TOPOPT_UNMASKED - INFO - Ite.: 067  Vol.: 0.260  Ch.: 0.0164  Obj.: 28.7
2019-01-24 15:45:51,282 - TOPOPT_UNMASKED - INFO - Ite.: 068  Vol.: 0.260  Ch.: 0.0154  Obj.: 28.7
2019-01-24 15:45:52,760 - TOPOPT_UNMASKED - INFO - Ite.: 069  Vol.: 0.260  Ch.: 0.0143  Obj.: 28.7
2019-01-24 15:45:54,332 - TOPOPT_UNMASKED - INFO - Ite.: 070  Vol.: 0.260  Ch.: 0.0132  Obj.: 28.7
2019-01-24 15:45:55,905 - TOPOPT_UNMASKED - INFO - Ite.: 071  Vol.: 0.260  Ch.: 0.0123  Obj.: 28.7
2019-01-24 15:45:57,470 - TOPOPT_UNMASKED - INFO - Ite.: 072  Vol.: 0.260  Ch.: 0.0114  Obj.: 28.7
2019-01-24 15:45:59,059 - TOPOPT_UNMASKED - INFO - Ite.: 073  Vol.: 0.260  Ch.: 0.0107  Obj.: 28.7
2019-01-24 15:46:00,596 - TOPOPT_UNMASKED - INFO - Ite.: 074  Vol.: 0.260  Ch.: 0.0099  Obj.: 28.7
2019-01-24 15:46:02,101 - TOPOPT_UNMASKED - INFO - Ite.: 075  Vol.: 0.260  Ch.: 0.0091  Obj.: 28.7
2019-01-24 15:46:03,684 - TOPOPT_UNMASKED - INFO - Ite.: 076  Vol.: 0.260  Ch.: 0.0084  Obj.: 28.7
2019-01-24 15:46:05,157 - TOPOPT_UNMASKED - INFO - Ite.: 077  Vol.: 0.260  Ch.: 0.0089  Obj.: 28.7
2019-01-24 15:46:06,665 - TOPOPT_UNMASKED - INFO - Ite.: 078  Vol.: 0.260  Ch.: 0.0073  Obj.: 28.7
2019-01-24 15:46:08,276 - TOPOPT_UNMASKED - INFO - Ite.: 079  Vol.: 0.260  Ch.: 0.0068  Obj.: 28.7
2019-01-24 15:46:09,888 - TOPOPT_UNMASKED - INFO - Ite.: 080  Vol.: 0.260  Ch.: 0.0078  Obj.: 28.7
2019-01-24 15:46:11,493 - TOPOPT_UNMASKED - INFO - Ite.: 081  Vol.: 0.260  Ch.: 0.0079  Obj.: 28.7
2019-01-24 15:46:13,109 - TOPOPT_UNMASKED - INFO - Ite.: 082  Vol.: 0.260  Ch.: 0.0057  Obj.: 28.7
2019-01-24 15:46:14,759 - TOPOPT_UNMASKED - INFO - Ite.: 083  Vol.: 0.260  Ch.: 0.0064  Obj.: 28.7
2019-01-24 15:46:16,392 - TOPOPT_UNMASKED - INFO - Ite.: 084  Vol.: 0.260  Ch.: 0.0076  Obj.: 28.7
2019-01-24 15:46:17,967 - TOPOPT_UNMASKED - INFO - Ite.: 085  Vol.: 0.260  Ch.: 0.0059  Obj.: 28.7
2019-01-24 15:46:19,535 - TOPOPT_UNMASKED - INFO - Ite.: 086  Vol.: 0.260  Ch.: 0.0038  Obj.: 28.7
2019-01-24 15:46:21,078 - TOPOPT_UNMASKED - INFO - Ite.: 087  Vol.: 0.260  Ch.: 0.0063  Obj.: 28.7
2019-01-24 15:46:22,589 - TOPOPT_UNMASKED - INFO - Ite.: 088  Vol.: 0.260  Ch.: 0.0067  Obj.: 28.7
2019-01-24 15:46:24,072 - TOPOPT_UNMASKED - INFO - Ite.: 089  Vol.: 0.260  Ch.: 0.0050  Obj.: 28.7
2019-01-24 15:46:25,545 - TOPOPT_UNMASKED - INFO - Ite.: 090  Vol.: 0.260  Ch.: 0.0031  Obj.: 28.7
2019-01-24 15:46:27,010 - TOPOPT_UNMASKED - INFO - Ite.: 091  Vol.: 0.260  Ch.: 0.0046  Obj.: 28.7
2019-01-24 15:46:28,513 - TOPOPT_UNMASKED - INFO - Ite.: 092  Vol.: 0.260  Ch.: 0.0063  Obj.: 28.7
2019-01-24 15:46:30,036 - TOPOPT_UNMASKED - INFO - Ite.: 093  Vol.: 0.260  Ch.: 0.0053  Obj.: 28.7
2019-01-24 15:46:31,615 - TOPOPT_UNMASKED - INFO - Ite.: 094  Vol.: 0.260  Ch.: 0.0035  Obj.: 28.7
2019-01-24 15:46:33,134 - TOPOPT_UNMASKED - INFO - Ite.: 095  Vol.: 0.260  Ch.: 0.0020  Obj.: 28.7
2019-01-24 15:46:34,598 - TOPOPT_UNMASKED - INFO - Ite.: 096  Vol.: 0.260  Ch.: 0.0039  Obj.: 28.7
2019-01-24 15:46:36,188 - TOPOPT_UNMASKED - INFO - Ite.: 097  Vol.: 0.260  Ch.: 0.0057  Obj.: 28.7
2019-01-24 15:46:37,934 - TOPOPT_UNMASKED - INFO - Ite.: 098  Vol.: 0.260  Ch.: 0.0049  Obj.: 28.7
2019-01-24 15:46:39,861 - TOPOPT_UNMASKED - INFO - Ite.: 099  Vol.: 0.260  Ch.: 0.0033  Obj.: 28.7
2019-01-24 15:46:41,621 - TOPOPT_UNMASKED - INFO - Ite.: 100  Vol.: 0.260  Ch.: 0.0019  Obj.: 28.7
2019-01-24 15:46:43,345 - TOPOPT_UNMASKED - INFO - Ite.: 101  Vol.: 0.260  Ch.: 0.0020  Obj.: 28.7
2019-01-24 15:46:45,062 - TOPOPT_UNMASKED - INFO - Ite.: 102  Vol.: 0.260  Ch.: 0.0047  Obj.: 28.7
2019-01-24 15:46:46,697 - TOPOPT_UNMASKED - INFO - Ite.: 103  Vol.: 0.260  Ch.: 0.0049  Obj.: 28.7
2019-01-24 15:46:48,346 - TOPOPT_UNMASKED - INFO - Ite.: 104  Vol.: 0.260  Ch.: 0.0036  Obj.: 28.7
2019-01-24 15:46:49,993 - TOPOPT_UNMASKED - INFO - Ite.: 105  Vol.: 0.260  Ch.: 0.0022  Obj.: 28.7
2019-01-24 15:46:51,638 - TOPOPT_UNMASKED - INFO - Ite.: 106  Vol.: 0.260  Ch.: 0.0012  Obj.: 28.7
2019-01-24 15:46:53,286 - TOPOPT_UNMASKED - INFO - Ite.: 107  Vol.: 0.260  Ch.: 0.0012  Obj.: 28.7
2019-01-24 15:46:54,941 - TOPOPT_UNMASKED - INFO - Ite.: 108  Vol.: 0.260  Ch.: 0.0038  Obj.: 28.7
2019-01-24 15:46:56,611 - TOPOPT_UNMASKED - INFO - Ite.: 109  Vol.: 0.260  Ch.: 0.0046  Obj.: 28.7
2019-01-24 15:46:58,259 - TOPOPT_UNMASKED - INFO - Ite.: 110  Vol.: 0.260  Ch.: 0.0036  Obj.: 28.7
2019-01-24 15:46:59,921 - TOPOPT_UNMASKED - INFO - Ite.: 111  Vol.: 0.260  Ch.: 0.0023  Obj.: 28.7
2019-01-24 15:47:01,611 - TOPOPT_UNMASKED - INFO - Ite.: 112  Vol.: 0.260  Ch.: 0.0015  Obj.: 28.7
2019-01-24 15:47:03,290 - TOPOPT_UNMASKED - INFO - Ite.: 113  Vol.: 0.260  Ch.: 0.0013  Obj.: 28.7
2019-01-24 15:47:05,078 - TOPOPT_UNMASKED - INFO - Ite.: 114  Vol.: 0.260  Ch.: 0.0009  Obj.: 28.7
2019-01-24 15:47:05,588 - TOPOPT_UNMASKED - INFO - Ite.: 115  Convergence criterion reached

2019-01-24 15:47:05,588 - TOPOPT_UNMASKED - INFO - FINAL OBJECTIVE FUNCTION VALUE     :   34.0216242728

2019-01-24 15:47:05,594 - TOPOPT_UNMASKED - INFO - Black and white filtering data for different threshold values
2019-01-24 15:47:07,451 - TOPOPT_UNMASKED - INFO - Threshold value            :   0.1
2019-01-24 15:47:07,451 - TOPOPT_UNMASKED - INFO - Volume fraction            :   0.294602532137
2019-01-24 15:47:07,451 - TOPOPT_UNMASKED - INFO - Objective function value   :   33.2895691463

2019-01-24 15:47:08,947 - TOPOPT_UNMASKED - INFO - Threshold value            :   0.2
2019-01-24 15:47:08,959 - TOPOPT_UNMASKED - INFO - Volume fraction            :   0.281939011159
2019-01-24 15:47:08,960 - TOPOPT_UNMASKED - INFO - Objective function value   :   33.5204072948

2019-01-24 15:47:10,404 - TOPOPT_UNMASKED - INFO - Threshold value            :   0.3
2019-01-24 15:47:10,404 - TOPOPT_UNMASKED - INFO - Volume fraction            :   0.27251456939
2019-01-24 15:47:10,404 - TOPOPT_UNMASKED - INFO - Objective function value   :   33.6480938418

2019-01-24 15:47:11,990 - TOPOPT_UNMASKED - INFO - Threshold value            :   0.4
2019-01-24 15:47:11,990 - TOPOPT_UNMASKED - INFO - Volume fraction            :   0.264071596824
2019-01-24 15:47:11,990 - TOPOPT_UNMASKED - INFO - Objective function value   :   33.765774919

2019-01-24 15:47:13,558 - TOPOPT_UNMASKED - INFO - Threshold value            :   0.5
2019-01-24 15:47:13,558 - TOPOPT_UNMASKED - INFO - Volume fraction            :   0.256498669427
2019-01-24 15:47:13,559 - TOPOPT_UNMASKED - INFO - Objective function value   :   33.8978609517

2019-01-24 15:47:15,213 - TOPOPT_UNMASKED - INFO - Threshold value            :   0.6
2019-01-24 15:47:15,214 - TOPOPT_UNMASKED - INFO - Volume fraction            :   0.249871062411
2019-01-24 15:47:15,214 - TOPOPT_UNMASKED - INFO - Objective function value   :   34.0283668765

2019-01-24 15:47:16,948 - TOPOPT_UNMASKED - INFO - Threshold value            :   0.7
2019-01-24 15:47:16,948 - TOPOPT_UNMASKED - INFO - Volume fraction            :   0.243577548468
2019-01-24 15:47:16,948 - TOPOPT_UNMASKED - INFO - Objective function value   :   34.2495094333

2019-01-24 15:47:18,466 - TOPOPT_UNMASKED - INFO - Threshold value            :   0.8
2019-01-24 15:47:18,466 - TOPOPT_UNMASKED - INFO - Volume fraction            :   0.237408375367
2019-01-24 15:47:18,467 - TOPOPT_UNMASKED - INFO - Objective function value   :   35.3799557499

2019-01-24 15:47:19,980 - TOPOPT_UNMASKED - INFO - Threshold value            :   0.9
2019-01-24 15:47:19,980 - TOPOPT_UNMASKED - INFO - Volume fraction            :   0.231146962953
2019-01-24 15:47:19,982 - TOPOPT_UNMASKED - INFO - Objective function value   :   36.6659223385

2019-01-24 15:47:19,982 - TOPOPT_UNMASKED - INFO - OPTIMIZATION FINISHED IN 353 SEC. /// 6 MIN.

2019-01-24 15:47:19,983 - TOPOPT_UNMASKED - INFO - END OF THE MAIN PROGRAM
