2019-09-02 16:39:47,542 - TOPOPT - INFO - START OF THE MAIN PROGRAM

2019-09-02 16:39:48,171 - TOPOPT - INFO - Number of finite elements                  :   60350
2019-09-02 16:39:48,171 - TOPOPT - INFO - Number of nodes                            :   15351
2019-09-02 16:39:48,171 - TOPOPT - INFO - Total degrees of freedom                   :   46053
2019-09-02 16:39:48,171 - TOPOPT - INFO - Number of free degrees of freedom          :   30699
2019-09-02 16:39:48,171 - TOPOPT - INFO - Algoritmn for finding design variables x   :   OC
2019-09-02 16:39:48,171 - TOPOPT - INFO - Volume fraction                            :   0.5
2019-09-02 16:39:48,178 - TOPOPT - INFO - Penalty factor                             :   3.0
2019-09-02 16:39:48,178 - TOPOPT - INFO - Continuation step                          :   False
2019-09-02 16:39:48,178 - TOPOPT - INFO - Filter length                              :   4.0
2019-09-02 16:39:48,178 - TOPOPT - INFO - Filter approach                            :   SENS
2019-09-02 16:39:48,178 - TOPOPT - INFO - Maximum number of iterations               :   1000.0
2019-09-02 16:39:48,178 - TOPOPT - INFO - Tolerance (max. density change)            :   0.001
2019-09-02 16:39:48,178 - TOPOPT - INFO - Maximum Young's modulus (if x_i=1)         :   1.0
2019-09-02 16:39:48,178 - TOPOPT - INFO - Minimum Young's modulus (if x_i=0)         :   1e-09

2019-09-02 16:39:48,770 - TOPOPT - INFO - Scaling factor for objective function f0   :   0.896
2019-09-02 16:39:48,776 - TOPOPT - INFO - Scaling factor for constraint function f1  :   60350.000

2019-09-02 16:39:53,138 - TOPOPT - INFO - Ite.: 000  Vol.: 0.500  Ch.: 0.0000  Obj.: 300.0
2019-09-02 16:39:53,677 - TOPOPT - INFO - Ite.: 001  Vol.: 0.500  Ch.: 0.2000  Obj.: 130.6
2019-09-02 16:39:54,190 - TOPOPT - INFO - Ite.: 002  Vol.: 0.500  Ch.: 0.2000  Obj.: 71.8
2019-09-02 16:39:54,688 - TOPOPT - INFO - Ite.: 003  Vol.: 0.500  Ch.: 0.2000  Obj.: 51.4
2019-09-02 16:39:55,184 - TOPOPT - INFO - Ite.: 004  Vol.: 0.500  Ch.: 0.2000  Obj.: 47.2
2019-09-02 16:39:55,677 - TOPOPT - INFO - Ite.: 005  Vol.: 0.500  Ch.: 0.2000  Obj.: 45.4
2019-09-02 16:39:56,213 - TOPOPT - INFO - Ite.: 006  Vol.: 0.500  Ch.: 0.2000  Obj.: 44.5
2019-09-02 16:39:56,671 - TOPOPT - INFO - Ite.: 007  Vol.: 0.500  Ch.: 0.2000  Obj.: 44.0
2019-09-02 16:39:57,161 - TOPOPT - INFO - Ite.: 008  Vol.: 0.500  Ch.: 0.2000  Obj.: 43.7
2019-09-02 16:39:57,651 - TOPOPT - INFO - Ite.: 009  Vol.: 0.500  Ch.: 0.2000  Obj.: 43.4
2019-09-02 16:39:58,151 - TOPOPT - INFO - Ite.: 010  Vol.: 0.500  Ch.: 0.2000  Obj.: 43.2
2019-09-02 16:39:58,642 - TOPOPT - INFO - Ite.: 011  Vol.: 0.500  Ch.: 0.2000  Obj.: 43.1
2019-09-02 16:39:59,207 - TOPOPT - INFO - Ite.: 012  Vol.: 0.500  Ch.: 0.2000  Obj.: 42.9
2019-09-02 16:39:59,732 - TOPOPT - INFO - Ite.: 013  Vol.: 0.500  Ch.: 0.2000  Obj.: 42.8
2019-09-02 16:40:00,244 - TOPOPT - INFO - Ite.: 014  Vol.: 0.500  Ch.: 0.2000  Obj.: 42.7
2019-09-02 16:40:00,809 - TOPOPT - INFO - Ite.: 015  Vol.: 0.500  Ch.: 0.2000  Obj.: 42.7
2019-09-02 16:40:01,306 - TOPOPT - INFO - Ite.: 016  Vol.: 0.500  Ch.: 0.2000  Obj.: 42.6
2019-09-02 16:40:01,815 - TOPOPT - INFO - Ite.: 017  Vol.: 0.500  Ch.: 0.2000  Obj.: 42.6
2019-09-02 16:40:02,298 - TOPOPT - INFO - Ite.: 018  Vol.: 0.500  Ch.: 0.2000  Obj.: 42.6
2019-09-02 16:40:02,842 - TOPOPT - INFO - Ite.: 019  Vol.: 0.500  Ch.: 0.2000  Obj.: 42.6
2019-09-02 16:40:03,351 - TOPOPT - INFO - Ite.: 020  Vol.: 0.500  Ch.: 0.2000  Obj.: 42.6
2019-09-02 16:40:03,871 - TOPOPT - INFO - Ite.: 021  Vol.: 0.500  Ch.: 0.2000  Obj.: 42.6
2019-09-02 16:40:04,364 - TOPOPT - INFO - Ite.: 022  Vol.: 0.500  Ch.: 0.2000  Obj.: 42.5
2019-09-02 16:40:04,857 - TOPOPT - INFO - Ite.: 023  Vol.: 0.500  Ch.: 0.2000  Obj.: 42.5
2019-09-02 16:40:05,312 - TOPOPT - INFO - Ite.: 024  Vol.: 0.500  Ch.: 0.2000  Obj.: 42.5
2019-09-02 16:40:05,816 - TOPOPT - INFO - Ite.: 025  Vol.: 0.500  Ch.: 0.2000  Obj.: 42.5
2019-09-02 16:40:06,236 - TOPOPT - INFO - Ite.: 026  Vol.: 0.500  Ch.: 0.2000  Obj.: 42.5
2019-09-02 16:40:06,762 - TOPOPT - INFO - Ite.: 027  Vol.: 0.500  Ch.: 0.2000  Obj.: 42.5
2019-09-02 16:40:07,236 - TOPOPT - INFO - Ite.: 028  Vol.: 0.500  Ch.: 0.1792  Obj.: 42.5
2019-09-02 16:40:07,752 - TOPOPT - INFO - Ite.: 029  Vol.: 0.500  Ch.: 0.1895  Obj.: 42.5
2019-09-02 16:40:08,280 - TOPOPT - INFO - Ite.: 030  Vol.: 0.500  Ch.: 0.1768  Obj.: 42.5
2019-09-02 16:40:08,815 - TOPOPT - INFO - Ite.: 031  Vol.: 0.500  Ch.: 0.2000  Obj.: 42.5
2019-09-02 16:40:09,280 - TOPOPT - INFO - Ite.: 032  Vol.: 0.500  Ch.: 0.2000  Obj.: 42.5
2019-09-02 16:40:09,812 - TOPOPT - INFO - Ite.: 033  Vol.: 0.500  Ch.: 0.2000  Obj.: 42.5
2019-09-02 16:40:10,296 - TOPOPT - INFO - Ite.: 034  Vol.: 0.500  Ch.: 0.1691  Obj.: 42.5
2019-09-02 16:40:10,825 - TOPOPT - INFO - Ite.: 035  Vol.: 0.500  Ch.: 0.1708  Obj.: 42.5
2019-09-02 16:40:11,342 - TOPOPT - INFO - Ite.: 036  Vol.: 0.500  Ch.: 0.2000  Obj.: 42.5
2019-09-02 16:40:11,871 - TOPOPT - INFO - Ite.: 037  Vol.: 0.500  Ch.: 0.2000  Obj.: 42.5
2019-09-02 16:40:12,410 - TOPOPT - INFO - Ite.: 038  Vol.: 0.500  Ch.: 0.1710  Obj.: 42.5
2019-09-02 16:40:12,940 - TOPOPT - INFO - Ite.: 039  Vol.: 0.500  Ch.: 0.1636  Obj.: 42.5
2019-09-02 16:40:13,424 - TOPOPT - INFO - Ite.: 040  Vol.: 0.500  Ch.: 0.1833  Obj.: 42.5
2019-09-02 16:40:13,971 - TOPOPT - INFO - Ite.: 041  Vol.: 0.500  Ch.: 0.2000  Obj.: 42.5
2019-09-02 16:40:14,536 - TOPOPT - INFO - Ite.: 042  Vol.: 0.500  Ch.: 0.1480  Obj.: 42.5
2019-09-02 16:40:15,122 - TOPOPT - INFO - Ite.: 043  Vol.: 0.500  Ch.: 0.1506  Obj.: 42.5
2019-09-02 16:40:15,628 - TOPOPT - INFO - Ite.: 044  Vol.: 0.500  Ch.: 0.1643  Obj.: 42.5
2019-09-02 16:40:16,157 - TOPOPT - INFO - Ite.: 045  Vol.: 0.500  Ch.: 0.1826  Obj.: 42.5
2019-09-02 16:40:16,686 - TOPOPT - INFO - Ite.: 046  Vol.: 0.500  Ch.: 0.1827  Obj.: 42.5
2019-09-02 16:40:17,191 - TOPOPT - INFO - Ite.: 047  Vol.: 0.500  Ch.: 0.1843  Obj.: 42.5
2019-09-02 16:40:17,664 - TOPOPT - INFO - Ite.: 048  Vol.: 0.500  Ch.: 0.1385  Obj.: 42.5
2019-09-02 16:40:18,176 - TOPOPT - INFO - Ite.: 049  Vol.: 0.500  Ch.: 0.1333  Obj.: 42.5
2019-09-02 16:40:18,683 - TOPOPT - INFO - Ite.: 050  Vol.: 0.500  Ch.: 0.1362  Obj.: 42.5
2019-09-02 16:40:19,200 - TOPOPT - INFO - Ite.: 051  Vol.: 0.500  Ch.: 0.1205  Obj.: 42.5
2019-09-02 16:40:19,680 - TOPOPT - INFO - Ite.: 052  Vol.: 0.500  Ch.: 0.1511  Obj.: 42.5
2019-09-02 16:40:20,173 - TOPOPT - INFO - Ite.: 053  Vol.: 0.500  Ch.: 0.1488  Obj.: 42.5
2019-09-02 16:40:20,687 - TOPOPT - INFO - Ite.: 054  Vol.: 0.500  Ch.: 0.1634  Obj.: 42.5
2019-09-02 16:40:21,190 - TOPOPT - INFO - Ite.: 055  Vol.: 0.500  Ch.: 0.1949  Obj.: 42.5
2019-09-02 16:40:21,654 - TOPOPT - INFO - Ite.: 056  Vol.: 0.500  Ch.: 0.1738  Obj.: 42.5
2019-09-02 16:40:22,171 - TOPOPT - INFO - Ite.: 057  Vol.: 0.500  Ch.: 0.1408  Obj.: 42.5
2019-09-02 16:40:22,694 - TOPOPT - INFO - Ite.: 058  Vol.: 0.500  Ch.: 0.1093  Obj.: 42.5
2019-09-02 16:40:23,157 - TOPOPT - INFO - Ite.: 059  Vol.: 0.500  Ch.: 0.0762  Obj.: 42.5
2019-09-02 16:40:23,617 - TOPOPT - INFO - Ite.: 060  Vol.: 0.500  Ch.: 0.0710  Obj.: 42.5
2019-09-02 16:40:24,121 - TOPOPT - INFO - Ite.: 061  Vol.: 0.500  Ch.: 0.0879  Obj.: 42.5
2019-09-02 16:40:24,572 - TOPOPT - INFO - Ite.: 062  Vol.: 0.500  Ch.: 0.1080  Obj.: 42.5
2019-09-02 16:40:25,026 - TOPOPT - INFO - Ite.: 063  Vol.: 0.500  Ch.: 0.1073  Obj.: 42.5
2019-09-02 16:40:25,492 - TOPOPT - INFO - Ite.: 064  Vol.: 0.500  Ch.: 0.1204  Obj.: 42.5
2019-09-02 16:40:25,964 - TOPOPT - INFO - Ite.: 065  Vol.: 0.500  Ch.: 0.1262  Obj.: 42.5
2019-09-02 16:40:26,440 - TOPOPT - INFO - Ite.: 066  Vol.: 0.500  Ch.: 0.1423  Obj.: 42.5
2019-09-02 16:40:26,926 - TOPOPT - INFO - Ite.: 067  Vol.: 0.500  Ch.: 0.1382  Obj.: 42.5
2019-09-02 16:40:27,381 - TOPOPT - INFO - Ite.: 068  Vol.: 0.500  Ch.: 0.1518  Obj.: 42.5
2019-09-02 16:40:27,881 - TOPOPT - INFO - Ite.: 069  Vol.: 0.500  Ch.: 0.1794  Obj.: 42.5
2019-09-02 16:40:28,331 - TOPOPT - INFO - Ite.: 070  Vol.: 0.500  Ch.: 0.1902  Obj.: 42.5
2019-09-02 16:40:28,818 - TOPOPT - INFO - Ite.: 071  Vol.: 0.500  Ch.: 0.1215  Obj.: 42.5
2019-09-02 16:40:29,293 - TOPOPT - INFO - Ite.: 072  Vol.: 0.500  Ch.: 0.0978  Obj.: 42.5
2019-09-02 16:40:29,806 - TOPOPT - INFO - Ite.: 073  Vol.: 0.500  Ch.: 0.1264  Obj.: 42.5
2019-09-02 16:40:30,263 - TOPOPT - INFO - Ite.: 074  Vol.: 0.500  Ch.: 0.1236  Obj.: 42.5
2019-09-02 16:40:30,757 - TOPOPT - INFO - Ite.: 075  Vol.: 0.500  Ch.: 0.1045  Obj.: 42.5
2019-09-02 16:40:31,220 - TOPOPT - INFO - Ite.: 076  Vol.: 0.500  Ch.: 0.0887  Obj.: 42.5
2019-09-02 16:40:31,684 - TOPOPT - INFO - Ite.: 077  Vol.: 0.500  Ch.: 0.0807  Obj.: 42.5
2019-09-02 16:40:32,171 - TOPOPT - INFO - Ite.: 078  Vol.: 0.500  Ch.: 0.0854  Obj.: 42.5
2019-09-02 16:40:32,641 - TOPOPT - INFO - Ite.: 079  Vol.: 0.500  Ch.: 0.1429  Obj.: 42.5
2019-09-02 16:40:33,131 - TOPOPT - INFO - Ite.: 080  Vol.: 0.500  Ch.: 0.1494  Obj.: 42.5
2019-09-02 16:40:33,647 - TOPOPT - INFO - Ite.: 081  Vol.: 0.500  Ch.: 0.1516  Obj.: 42.5
2019-09-02 16:40:34,141 - TOPOPT - INFO - Ite.: 082  Vol.: 0.500  Ch.: 0.1521  Obj.: 42.5
2019-09-02 16:40:34,611 - TOPOPT - INFO - Ite.: 083  Vol.: 0.500  Ch.: 0.1313  Obj.: 42.5
2019-09-02 16:40:35,075 - TOPOPT - INFO - Ite.: 084  Vol.: 0.500  Ch.: 0.1248  Obj.: 42.5
2019-09-02 16:40:35,536 - TOPOPT - INFO - Ite.: 085  Vol.: 0.500  Ch.: 0.1974  Obj.: 42.5
2019-09-02 16:40:35,996 - TOPOPT - INFO - Ite.: 086  Vol.: 0.500  Ch.: 0.2000  Obj.: 42.5
2019-09-02 16:40:36,473 - TOPOPT - INFO - Ite.: 087  Vol.: 0.500  Ch.: 0.2000  Obj.: 42.5
2019-09-02 16:40:36,967 - TOPOPT - INFO - Ite.: 088  Vol.: 0.500  Ch.: 0.1697  Obj.: 42.5
2019-09-02 16:40:37,460 - TOPOPT - INFO - Ite.: 089  Vol.: 0.500  Ch.: 0.1626  Obj.: 42.5
2019-09-02 16:40:37,956 - TOPOPT - INFO - Ite.: 090  Vol.: 0.500  Ch.: 0.1574  Obj.: 42.5
2019-09-02 16:40:38,427 - TOPOPT - INFO - Ite.: 091  Vol.: 0.500  Ch.: 0.1577  Obj.: 42.5
2019-09-02 16:40:38,946 - TOPOPT - INFO - Ite.: 092  Vol.: 0.500  Ch.: 0.1523  Obj.: 42.5
2019-09-02 16:40:39,450 - TOPOPT - INFO - Ite.: 093  Vol.: 0.500  Ch.: 0.1268  Obj.: 42.5
2019-09-02 16:40:39,882 - TOPOPT - INFO - Ite.: 094  Vol.: 0.500  Ch.: 0.1088  Obj.: 42.5
2019-09-02 16:40:40,401 - TOPOPT - INFO - Ite.: 095  Vol.: 0.500  Ch.: 0.1103  Obj.: 42.5
2019-09-02 16:40:41,134 - TOPOPT - INFO - Ite.: 096  Vol.: 0.500  Ch.: 0.0970  Obj.: 42.5
2019-09-02 16:40:41,711 - TOPOPT - INFO - Ite.: 097  Vol.: 0.500  Ch.: 0.0707  Obj.: 42.5
2019-09-02 16:40:42,224 - TOPOPT - INFO - Ite.: 098  Vol.: 0.500  Ch.: 0.0712  Obj.: 42.5
2019-09-02 16:40:42,688 - TOPOPT - INFO - Ite.: 099  Vol.: 0.500  Ch.: 0.0919  Obj.: 42.5
2019-09-02 16:40:43,193 - TOPOPT - INFO - Ite.: 100  Vol.: 0.500  Ch.: 0.0786  Obj.: 42.5
2019-09-02 16:40:43,724 - TOPOPT - INFO - Ite.: 101  Vol.: 0.500  Ch.: 0.0971  Obj.: 42.5
2019-09-02 16:40:44,216 - TOPOPT - INFO - Ite.: 102  Vol.: 0.500  Ch.: 0.1338  Obj.: 42.5
2019-09-02 16:40:44,694 - TOPOPT - INFO - Ite.: 103  Vol.: 0.500  Ch.: 0.1307  Obj.: 42.5
2019-09-02 16:40:45,187 - TOPOPT - INFO - Ite.: 104  Vol.: 0.500  Ch.: 0.1360  Obj.: 42.5
2019-09-02 16:40:45,665 - TOPOPT - INFO - Ite.: 105  Vol.: 0.500  Ch.: 0.1194  Obj.: 42.5
2019-09-02 16:40:46,174 - TOPOPT - INFO - Ite.: 106  Vol.: 0.500  Ch.: 0.1272  Obj.: 42.5
2019-09-02 16:40:46,631 - TOPOPT - INFO - Ite.: 107  Vol.: 0.500  Ch.: 0.1325  Obj.: 42.5
2019-09-02 16:40:47,145 - TOPOPT - INFO - Ite.: 108  Vol.: 0.500  Ch.: 0.1164  Obj.: 42.5
2019-09-02 16:40:47,667 - TOPOPT - INFO - Ite.: 109  Vol.: 0.500  Ch.: 0.0687  Obj.: 42.5
2019-09-02 16:40:48,171 - TOPOPT - INFO - Ite.: 110  Vol.: 0.500  Ch.: 0.0956  Obj.: 42.5
2019-09-02 16:40:48,641 - TOPOPT - INFO - Ite.: 111  Vol.: 0.500  Ch.: 0.0853  Obj.: 42.5
2019-09-02 16:40:49,135 - TOPOPT - INFO - Ite.: 112  Vol.: 0.500  Ch.: 0.0697  Obj.: 42.5
2019-09-02 16:40:49,634 - TOPOPT - INFO - Ite.: 113  Vol.: 0.500  Ch.: 0.0755  Obj.: 42.5
2019-09-02 16:40:50,101 - TOPOPT - INFO - Ite.: 114  Vol.: 0.500  Ch.: 0.0884  Obj.: 42.5
2019-09-02 16:40:50,546 - TOPOPT - INFO - Ite.: 115  Vol.: 0.500  Ch.: 0.1048  Obj.: 42.5
2019-09-02 16:40:51,095 - TOPOPT - INFO - Ite.: 116  Vol.: 0.500  Ch.: 0.1062  Obj.: 42.5
2019-09-02 16:40:51,562 - TOPOPT - INFO - Ite.: 117  Vol.: 0.500  Ch.: 0.1226  Obj.: 42.5
2019-09-02 16:40:52,096 - TOPOPT - INFO - Ite.: 118  Vol.: 0.500  Ch.: 0.1417  Obj.: 42.5
2019-09-02 16:40:52,615 - TOPOPT - INFO - Ite.: 119  Vol.: 0.500  Ch.: 0.1284  Obj.: 42.5
2019-09-02 16:40:53,111 - TOPOPT - INFO - Ite.: 120  Vol.: 0.500  Ch.: 0.1004  Obj.: 42.5
2019-09-02 16:40:53,594 - TOPOPT - INFO - Ite.: 121  Vol.: 0.500  Ch.: 0.0962  Obj.: 42.5
2019-09-02 16:40:54,086 - TOPOPT - INFO - Ite.: 122  Vol.: 0.500  Ch.: 0.0869  Obj.: 42.5
2019-09-02 16:40:54,517 - TOPOPT - INFO - Ite.: 123  Vol.: 0.500  Ch.: 0.1208  Obj.: 42.5
2019-09-02 16:40:54,992 - TOPOPT - INFO - Ite.: 124  Vol.: 0.500  Ch.: 0.1363  Obj.: 42.5
2019-09-02 16:40:55,522 - TOPOPT - INFO - Ite.: 125  Vol.: 0.500  Ch.: 0.1245  Obj.: 42.5
2019-09-02 16:40:55,996 - TOPOPT - INFO - Ite.: 126  Vol.: 0.500  Ch.: 0.1211  Obj.: 42.5
2019-09-02 16:40:56,493 - TOPOPT - INFO - Ite.: 127  Vol.: 0.500  Ch.: 0.1268  Obj.: 42.5
2019-09-02 16:40:56,966 - TOPOPT - INFO - Ite.: 128  Vol.: 0.500  Ch.: 0.1333  Obj.: 42.5
2019-09-02 16:40:57,440 - TOPOPT - INFO - Ite.: 129  Vol.: 0.500  Ch.: 0.1323  Obj.: 42.5
2019-09-02 16:40:57,931 - TOPOPT - INFO - Ite.: 130  Vol.: 0.500  Ch.: 0.0843  Obj.: 42.5
2019-09-02 16:40:58,397 - TOPOPT - INFO - Ite.: 131  Vol.: 0.500  Ch.: 0.0913  Obj.: 42.5
2019-09-02 16:40:58,915 - TOPOPT - INFO - Ite.: 132  Vol.: 0.500  Ch.: 0.0987  Obj.: 42.5
2019-09-02 16:40:59,430 - TOPOPT - INFO - Ite.: 133  Vol.: 0.500  Ch.: 0.1110  Obj.: 42.5
2019-09-02 16:40:59,911 - TOPOPT - INFO - Ite.: 134  Vol.: 0.500  Ch.: 0.1173  Obj.: 42.5
2019-09-02 16:41:00,424 - TOPOPT - INFO - Ite.: 135  Vol.: 0.500  Ch.: 0.1070  Obj.: 42.5
2019-09-02 16:41:00,930 - TOPOPT - INFO - Ite.: 136  Vol.: 0.500  Ch.: 0.1049  Obj.: 42.5
2019-09-02 16:41:01,456 - TOPOPT - INFO - Ite.: 137  Vol.: 0.500  Ch.: 0.1021  Obj.: 42.5
2019-09-02 16:41:01,931 - TOPOPT - INFO - Ite.: 138  Vol.: 0.500  Ch.: 0.0897  Obj.: 42.5
2019-09-02 16:41:02,461 - TOPOPT - INFO - Ite.: 139  Vol.: 0.500  Ch.: 0.0735  Obj.: 42.5
2019-09-02 16:41:02,964 - TOPOPT - INFO - Ite.: 140  Vol.: 0.500  Ch.: 0.0655  Obj.: 42.5
2019-09-02 16:41:03,470 - TOPOPT - INFO - Ite.: 141  Vol.: 0.500  Ch.: 0.0649  Obj.: 42.5
2019-09-02 16:41:03,943 - TOPOPT - INFO - Ite.: 142  Vol.: 0.500  Ch.: 0.0680  Obj.: 42.5
2019-09-02 16:41:04,459 - TOPOPT - INFO - Ite.: 143  Vol.: 0.500  Ch.: 0.0711  Obj.: 42.5
2019-09-02 16:41:04,920 - TOPOPT - INFO - Ite.: 144  Vol.: 0.500  Ch.: 0.0737  Obj.: 42.5
2019-09-02 16:41:05,394 - TOPOPT - INFO - Ite.: 145  Vol.: 0.500  Ch.: 0.0727  Obj.: 42.5
2019-09-02 16:41:05,861 - TOPOPT - INFO - Ite.: 146  Vol.: 0.500  Ch.: 0.0661  Obj.: 42.5
2019-09-02 16:41:06,434 - TOPOPT - INFO - Ite.: 147  Vol.: 0.500  Ch.: 0.0540  Obj.: 42.5
2019-09-02 16:41:06,957 - TOPOPT - INFO - Ite.: 148  Vol.: 0.500  Ch.: 0.0398  Obj.: 42.5
2019-09-02 16:41:07,447 - TOPOPT - INFO - Ite.: 149  Vol.: 0.500  Ch.: 0.0527  Obj.: 42.5
2019-09-02 16:41:07,914 - TOPOPT - INFO - Ite.: 150  Vol.: 0.500  Ch.: 0.0654  Obj.: 42.5
2019-09-02 16:41:08,489 - TOPOPT - INFO - Ite.: 151  Vol.: 0.500  Ch.: 0.1231  Obj.: 42.5
2019-09-02 16:41:08,976 - TOPOPT - INFO - Ite.: 152  Vol.: 0.500  Ch.: 0.2000  Obj.: 42.5
2019-09-02 16:41:09,506 - TOPOPT - INFO - Ite.: 153  Vol.: 0.500  Ch.: 0.2000  Obj.: 42.5
2019-09-02 16:41:09,996 - TOPOPT - INFO - Ite.: 154  Vol.: 0.500  Ch.: 0.1966  Obj.: 42.5
2019-09-02 16:41:10,477 - TOPOPT - INFO - Ite.: 155  Vol.: 0.500  Ch.: 0.1398  Obj.: 42.5
2019-09-02 16:41:10,961 - TOPOPT - INFO - Ite.: 156  Vol.: 0.500  Ch.: 0.1174  Obj.: 42.5
2019-09-02 16:41:11,440 - TOPOPT - INFO - Ite.: 157  Vol.: 0.500  Ch.: 0.1306  Obj.: 42.5
2019-09-02 16:41:11,982 - TOPOPT - INFO - Ite.: 158  Vol.: 0.500  Ch.: 0.1373  Obj.: 42.5
2019-09-02 16:41:12,516 - TOPOPT - INFO - Ite.: 159  Vol.: 0.500  Ch.: 0.1575  Obj.: 42.5
2019-09-02 16:41:13,039 - TOPOPT - INFO - Ite.: 160  Vol.: 0.500  Ch.: 0.1960  Obj.: 42.5
2019-09-02 16:41:13,526 - TOPOPT - INFO - Ite.: 161  Vol.: 0.500  Ch.: 0.1757  Obj.: 42.5
2019-09-02 16:41:14,020 - TOPOPT - INFO - Ite.: 162  Vol.: 0.500  Ch.: 0.1191  Obj.: 42.5
2019-09-02 16:41:14,565 - TOPOPT - INFO - Ite.: 163  Vol.: 0.500  Ch.: 0.1160  Obj.: 42.5
2019-09-02 16:41:15,131 - TOPOPT - INFO - Ite.: 164  Vol.: 0.500  Ch.: 0.0907  Obj.: 42.5
2019-09-02 16:41:15,598 - TOPOPT - INFO - Ite.: 165  Vol.: 0.500  Ch.: 0.0662  Obj.: 42.5
2019-09-02 16:41:16,095 - TOPOPT - INFO - Ite.: 166  Vol.: 0.500  Ch.: 0.0648  Obj.: 42.5
2019-09-02 16:41:16,611 - TOPOPT - INFO - Ite.: 167  Vol.: 0.500  Ch.: 0.0694  Obj.: 42.5
2019-09-02 16:41:17,171 - TOPOPT - INFO - Ite.: 168  Vol.: 0.500  Ch.: 0.0800  Obj.: 42.5
2019-09-02 16:41:17,641 - TOPOPT - INFO - Ite.: 169  Vol.: 0.500  Ch.: 0.0825  Obj.: 42.5
2019-09-02 16:41:18,151 - TOPOPT - INFO - Ite.: 170  Vol.: 0.500  Ch.: 0.0627  Obj.: 42.5
2019-09-02 16:41:18,641 - TOPOPT - INFO - Ite.: 171  Vol.: 0.500  Ch.: 0.0732  Obj.: 42.5
2019-09-02 16:41:19,178 - TOPOPT - INFO - Ite.: 172  Vol.: 0.500  Ch.: 0.1026  Obj.: 42.5
2019-09-02 16:41:19,732 - TOPOPT - INFO - Ite.: 173  Vol.: 0.500  Ch.: 0.0951  Obj.: 42.5
2019-09-02 16:41:20,230 - TOPOPT - INFO - Ite.: 174  Vol.: 0.500  Ch.: 0.1964  Obj.: 42.5
2019-09-02 16:41:20,733 - TOPOPT - INFO - Ite.: 175  Vol.: 0.500  Ch.: 0.2000  Obj.: 42.5
2019-09-02 16:41:21,230 - TOPOPT - INFO - Ite.: 176  Vol.: 0.500  Ch.: 0.2000  Obj.: 42.5
2019-09-02 16:41:21,732 - TOPOPT - INFO - Ite.: 177  Vol.: 0.500  Ch.: 0.2000  Obj.: 42.5
2019-09-02 16:41:22,224 - TOPOPT - INFO - Ite.: 178  Vol.: 0.500  Ch.: 0.1385  Obj.: 42.5
2019-09-02 16:41:22,756 - TOPOPT - INFO - Ite.: 179  Vol.: 0.500  Ch.: 0.0867  Obj.: 42.5
2019-09-02 16:41:23,243 - TOPOPT - INFO - Ite.: 180  Vol.: 0.500  Ch.: 0.0922  Obj.: 42.5
2019-09-02 16:41:23,770 - TOPOPT - INFO - Ite.: 181  Vol.: 0.500  Ch.: 0.0943  Obj.: 42.5
2019-09-02 16:41:24,305 - TOPOPT - INFO - Ite.: 182  Vol.: 0.500  Ch.: 0.0833  Obj.: 42.5
2019-09-02 16:41:24,785 - TOPOPT - INFO - Ite.: 183  Vol.: 0.500  Ch.: 0.0657  Obj.: 42.5
2019-09-02 16:41:25,270 - TOPOPT - INFO - Ite.: 184  Vol.: 0.500  Ch.: 0.0622  Obj.: 42.5
2019-09-02 16:41:25,776 - TOPOPT - INFO - Ite.: 185  Vol.: 0.500  Ch.: 0.0582  Obj.: 42.5
2019-09-02 16:41:26,256 - TOPOPT - INFO - Ite.: 186  Vol.: 0.500  Ch.: 0.1067  Obj.: 42.5
2019-09-02 16:41:26,736 - TOPOPT - INFO - Ite.: 187  Vol.: 0.500  Ch.: 0.1545  Obj.: 42.5
2019-09-02 16:41:27,265 - TOPOPT - INFO - Ite.: 188  Vol.: 0.500  Ch.: 0.1541  Obj.: 42.5
2019-09-02 16:41:27,816 - TOPOPT - INFO - Ite.: 189  Vol.: 0.500  Ch.: 0.1433  Obj.: 42.5
2019-09-02 16:41:28,315 - TOPOPT - INFO - Ite.: 190  Vol.: 0.500  Ch.: 0.1282  Obj.: 42.5
2019-09-02 16:41:28,835 - TOPOPT - INFO - Ite.: 191  Vol.: 0.500  Ch.: 0.0997  Obj.: 42.5
2019-09-02 16:41:29,401 - TOPOPT - INFO - Ite.: 192  Vol.: 0.500  Ch.: 0.1848  Obj.: 42.5
2019-09-02 16:41:29,960 - TOPOPT - INFO - Ite.: 193  Vol.: 0.500  Ch.: 0.2000  Obj.: 42.5
2019-09-02 16:41:30,516 - TOPOPT - INFO - Ite.: 194  Vol.: 0.500  Ch.: 0.2000  Obj.: 42.5
2019-09-02 16:41:31,013 - TOPOPT - INFO - Ite.: 195  Vol.: 0.500  Ch.: 0.2000  Obj.: 42.5
2019-09-02 16:41:31,572 - TOPOPT - INFO - Ite.: 196  Vol.: 0.500  Ch.: 0.1552  Obj.: 42.5
2019-09-02 16:41:32,092 - TOPOPT - INFO - Ite.: 197  Vol.: 0.500  Ch.: 0.0928  Obj.: 42.5
2019-09-02 16:41:32,641 - TOPOPT - INFO - Ite.: 198  Vol.: 0.500  Ch.: 0.0952  Obj.: 42.5
2019-09-02 16:41:33,131 - TOPOPT - INFO - Ite.: 199  Vol.: 0.500  Ch.: 0.0983  Obj.: 42.5
2019-09-02 16:41:33,607 - TOPOPT - INFO - Ite.: 200  Vol.: 0.500  Ch.: 0.0963  Obj.: 42.5
2019-09-02 16:41:34,180 - TOPOPT - INFO - Ite.: 201  Vol.: 0.500  Ch.: 0.0862  Obj.: 42.5
2019-09-02 16:41:34,671 - TOPOPT - INFO - Ite.: 202  Vol.: 0.500  Ch.: 0.0702  Obj.: 42.5
2019-09-02 16:41:35,171 - TOPOPT - INFO - Ite.: 203  Vol.: 0.500  Ch.: 0.0435  Obj.: 42.5
2019-09-02 16:41:35,665 - TOPOPT - INFO - Ite.: 204  Vol.: 0.500  Ch.: 0.0408  Obj.: 42.5
2019-09-02 16:41:36,207 - TOPOPT - INFO - Ite.: 205  Vol.: 0.500  Ch.: 0.0610  Obj.: 42.5
2019-09-02 16:41:36,698 - TOPOPT - INFO - Ite.: 206  Vol.: 0.500  Ch.: 0.0540  Obj.: 42.5
2019-09-02 16:41:37,226 - TOPOPT - INFO - Ite.: 207  Vol.: 0.500  Ch.: 0.0539  Obj.: 42.5
2019-09-02 16:41:37,680 - TOPOPT - INFO - Ite.: 208  Vol.: 0.500  Ch.: 0.0521  Obj.: 42.5
2019-09-02 16:41:38,213 - TOPOPT - INFO - Ite.: 209  Vol.: 0.500  Ch.: 0.0368  Obj.: 42.5
2019-09-02 16:41:38,766 - TOPOPT - INFO - Ite.: 210  Vol.: 0.500  Ch.: 0.0225  Obj.: 42.5
2019-09-02 16:41:39,269 - TOPOPT - INFO - Ite.: 211  Vol.: 0.500  Ch.: 0.0167  Obj.: 42.5
2019-09-02 16:41:39,775 - TOPOPT - INFO - Ite.: 212  Vol.: 0.500  Ch.: 0.0166  Obj.: 42.5
2019-09-02 16:41:40,272 - TOPOPT - INFO - Ite.: 213  Vol.: 0.500  Ch.: 0.0165  Obj.: 42.5
2019-09-02 16:41:40,796 - TOPOPT - INFO - Ite.: 214  Vol.: 0.500  Ch.: 0.0162  Obj.: 42.5
2019-09-02 16:41:41,292 - TOPOPT - INFO - Ite.: 215  Vol.: 0.500  Ch.: 0.0158  Obj.: 42.5
2019-09-02 16:41:41,823 - TOPOPT - INFO - Ite.: 216  Vol.: 0.500  Ch.: 0.0152  Obj.: 42.5
2019-09-02 16:41:42,331 - TOPOPT - INFO - Ite.: 217  Vol.: 0.500  Ch.: 0.0145  Obj.: 42.5
2019-09-02 16:41:42,836 - TOPOPT - INFO - Ite.: 218  Vol.: 0.500  Ch.: 0.0141  Obj.: 42.5
2019-09-02 16:41:43,296 - TOPOPT - INFO - Ite.: 219  Vol.: 0.500  Ch.: 0.0352  Obj.: 42.5
2019-09-02 16:41:43,805 - TOPOPT - INFO - Ite.: 220  Vol.: 0.500  Ch.: 0.1014  Obj.: 42.5
2019-09-02 16:41:44,322 - TOPOPT - INFO - Ite.: 221  Vol.: 0.500  Ch.: 0.1289  Obj.: 42.5
2019-09-02 16:41:44,901 - TOPOPT - INFO - Ite.: 222  Vol.: 0.500  Ch.: 0.1142  Obj.: 42.5
2019-09-02 16:41:45,433 - TOPOPT - INFO - Ite.: 223  Vol.: 0.500  Ch.: 0.0928  Obj.: 42.5
2019-09-02 16:41:45,970 - TOPOPT - INFO - Ite.: 224  Vol.: 0.500  Ch.: 0.1014  Obj.: 42.5
2019-09-02 16:41:46,453 - TOPOPT - INFO - Ite.: 225  Vol.: 0.500  Ch.: 0.1093  Obj.: 42.5
2019-09-02 16:41:46,959 - TOPOPT - INFO - Ite.: 226  Vol.: 0.500  Ch.: 0.0831  Obj.: 42.5
2019-09-02 16:41:47,440 - TOPOPT - INFO - Ite.: 227  Vol.: 0.500  Ch.: 0.0543  Obj.: 42.5
2019-09-02 16:41:47,950 - TOPOPT - INFO - Ite.: 228  Vol.: 0.500  Ch.: 0.0963  Obj.: 42.5
2019-09-02 16:41:48,434 - TOPOPT - INFO - Ite.: 229  Vol.: 0.500  Ch.: 0.1262  Obj.: 42.5
2019-09-02 16:41:48,931 - TOPOPT - INFO - Ite.: 230  Vol.: 0.500  Ch.: 0.1114  Obj.: 42.5
2019-09-02 16:41:49,417 - TOPOPT - INFO - Ite.: 231  Vol.: 0.500  Ch.: 0.0906  Obj.: 42.5
2019-09-02 16:41:49,927 - TOPOPT - INFO - Ite.: 232  Vol.: 0.500  Ch.: 0.0753  Obj.: 42.5
2019-09-02 16:41:50,443 - TOPOPT - INFO - Ite.: 233  Vol.: 0.500  Ch.: 0.0642  Obj.: 42.5
2019-09-02 16:41:50,926 - TOPOPT - INFO - Ite.: 234  Vol.: 0.500  Ch.: 0.0556  Obj.: 42.5
2019-09-02 16:41:51,469 - TOPOPT - INFO - Ite.: 235  Vol.: 0.500  Ch.: 0.0488  Obj.: 42.5
2019-09-02 16:41:51,951 - TOPOPT - INFO - Ite.: 236  Vol.: 0.500  Ch.: 0.0434  Obj.: 42.5
2019-09-02 16:41:52,450 - TOPOPT - INFO - Ite.: 237  Vol.: 0.500  Ch.: 0.0392  Obj.: 42.5
2019-09-02 16:41:52,956 - TOPOPT - INFO - Ite.: 238  Vol.: 0.500  Ch.: 0.0355  Obj.: 42.5
2019-09-02 16:41:53,506 - TOPOPT - INFO - Ite.: 239  Vol.: 0.500  Ch.: 0.0321  Obj.: 42.5
2019-09-02 16:41:53,970 - TOPOPT - INFO - Ite.: 240  Vol.: 0.500  Ch.: 0.0290  Obj.: 42.5
2019-09-02 16:41:54,444 - TOPOPT - INFO - Ite.: 241  Vol.: 0.500  Ch.: 0.0325  Obj.: 42.5
2019-09-02 16:41:54,947 - TOPOPT - INFO - Ite.: 242  Vol.: 0.500  Ch.: 0.0371  Obj.: 42.5
2019-09-02 16:41:55,512 - TOPOPT - INFO - Ite.: 243  Vol.: 0.500  Ch.: 0.0426  Obj.: 42.5
2019-09-02 16:41:56,007 - TOPOPT - INFO - Ite.: 244  Vol.: 0.500  Ch.: 0.0518  Obj.: 42.5
2019-09-02 16:41:56,483 - TOPOPT - INFO - Ite.: 245  Vol.: 0.500  Ch.: 0.0654  Obj.: 42.5
2019-09-02 16:41:57,017 - TOPOPT - INFO - Ite.: 246  Vol.: 0.500  Ch.: 0.0835  Obj.: 42.5
2019-09-02 16:41:57,493 - TOPOPT - INFO - Ite.: 247  Vol.: 0.500  Ch.: 0.1060  Obj.: 42.5
2019-09-02 16:41:57,976 - TOPOPT - INFO - Ite.: 248  Vol.: 0.500  Ch.: 0.1289  Obj.: 42.5
2019-09-02 16:41:58,489 - TOPOPT - INFO - Ite.: 249  Vol.: 0.500  Ch.: 0.1380  Obj.: 42.5
2019-09-02 16:41:58,974 - TOPOPT - INFO - Ite.: 250  Vol.: 0.500  Ch.: 0.1173  Obj.: 42.5
2019-09-02 16:41:59,492 - TOPOPT - INFO - Ite.: 251  Vol.: 0.500  Ch.: 0.0943  Obj.: 42.5
2019-09-02 16:42:00,005 - TOPOPT - INFO - Ite.: 252  Vol.: 0.500  Ch.: 0.1229  Obj.: 42.5
2019-09-02 16:42:00,510 - TOPOPT - INFO - Ite.: 253  Vol.: 0.500  Ch.: 0.1107  Obj.: 42.5
2019-09-02 16:42:01,022 - TOPOPT - INFO - Ite.: 254  Vol.: 0.500  Ch.: 0.0970  Obj.: 42.5
2019-09-02 16:42:01,496 - TOPOPT - INFO - Ite.: 255  Vol.: 0.500  Ch.: 0.0917  Obj.: 42.5
2019-09-02 16:42:01,996 - TOPOPT - INFO - Ite.: 256  Vol.: 0.500  Ch.: 0.0905  Obj.: 42.5
2019-09-02 16:42:02,496 - TOPOPT - INFO - Ite.: 257  Vol.: 0.500  Ch.: 0.0887  Obj.: 42.5
2019-09-02 16:42:02,980 - TOPOPT - INFO - Ite.: 258  Vol.: 0.500  Ch.: 0.0825  Obj.: 42.5
2019-09-02 16:42:03,480 - TOPOPT - INFO - Ite.: 259  Vol.: 0.500  Ch.: 0.0706  Obj.: 42.5
2019-09-02 16:42:03,997 - TOPOPT - INFO - Ite.: 260  Vol.: 0.500  Ch.: 0.0563  Obj.: 42.5
2019-09-02 16:42:04,463 - TOPOPT - INFO - Ite.: 261  Vol.: 0.500  Ch.: 0.0435  Obj.: 42.5
2019-09-02 16:42:04,997 - TOPOPT - INFO - Ite.: 262  Vol.: 0.500  Ch.: 0.0367  Obj.: 42.5
2019-09-02 16:42:05,456 - TOPOPT - INFO - Ite.: 263  Vol.: 0.500  Ch.: 0.0355  Obj.: 42.5
2019-09-02 16:42:05,993 - TOPOPT - INFO - Ite.: 264  Vol.: 0.500  Ch.: 0.0323  Obj.: 42.5
2019-09-02 16:42:06,470 - TOPOPT - INFO - Ite.: 265  Vol.: 0.500  Ch.: 0.0469  Obj.: 42.5
2019-09-02 16:42:06,993 - TOPOPT - INFO - Ite.: 266  Vol.: 0.500  Ch.: 0.0509  Obj.: 42.5
2019-09-02 16:42:07,526 - TOPOPT - INFO - Ite.: 267  Vol.: 0.500  Ch.: 0.0379  Obj.: 42.5
2019-09-02 16:42:08,055 - TOPOPT - INFO - Ite.: 268  Vol.: 0.500  Ch.: 0.0236  Obj.: 42.5
2019-09-02 16:42:08,539 - TOPOPT - INFO - Ite.: 269  Vol.: 0.500  Ch.: 0.0590  Obj.: 42.5
2019-09-02 16:42:09,036 - TOPOPT - INFO - Ite.: 270  Vol.: 0.500  Ch.: 0.0784  Obj.: 42.5
2019-09-02 16:42:09,530 - TOPOPT - INFO - Ite.: 271  Vol.: 0.500  Ch.: 0.0660  Obj.: 42.5
2019-09-02 16:42:10,059 - TOPOPT - INFO - Ite.: 272  Vol.: 0.500  Ch.: 0.0459  Obj.: 42.5
2019-09-02 16:42:10,582 - TOPOPT - INFO - Ite.: 273  Vol.: 0.500  Ch.: 0.0305  Obj.: 42.5
2019-09-02 16:42:11,069 - TOPOPT - INFO - Ite.: 274  Vol.: 0.500  Ch.: 0.0205  Obj.: 42.5
2019-09-02 16:42:11,605 - TOPOPT - INFO - Ite.: 275  Vol.: 0.500  Ch.: 0.0144  Obj.: 42.5
2019-09-02 16:42:12,155 - TOPOPT - INFO - Ite.: 276  Vol.: 0.500  Ch.: 0.0119  Obj.: 42.5
2019-09-02 16:42:12,621 - TOPOPT - INFO - Ite.: 277  Vol.: 0.500  Ch.: 0.0128  Obj.: 42.5
2019-09-02 16:42:13,135 - TOPOPT - INFO - Ite.: 278  Vol.: 0.500  Ch.: 0.0136  Obj.: 42.5
2019-09-02 16:42:13,635 - TOPOPT - INFO - Ite.: 279  Vol.: 0.500  Ch.: 0.0144  Obj.: 42.5
2019-09-02 16:42:14,141 - TOPOPT - INFO - Ite.: 280  Vol.: 0.500  Ch.: 0.0151  Obj.: 42.5
2019-09-02 16:42:14,674 - TOPOPT - INFO - Ite.: 281  Vol.: 0.500  Ch.: 0.0159  Obj.: 42.5
2019-09-02 16:42:15,135 - TOPOPT - INFO - Ite.: 282  Vol.: 0.500  Ch.: 0.0165  Obj.: 42.5
2019-09-02 16:42:15,655 - TOPOPT - INFO - Ite.: 283  Vol.: 0.500  Ch.: 0.0172  Obj.: 42.5
2019-09-02 16:42:16,187 - TOPOPT - INFO - Ite.: 284  Vol.: 0.500  Ch.: 0.0175  Obj.: 42.5
2019-09-02 16:42:16,719 - TOPOPT - INFO - Ite.: 285  Vol.: 0.500  Ch.: 0.0178  Obj.: 42.5
2019-09-02 16:42:17,253 - TOPOPT - INFO - Ite.: 286  Vol.: 0.500  Ch.: 0.0385  Obj.: 42.5
2019-09-02 16:42:17,767 - TOPOPT - INFO - Ite.: 287  Vol.: 0.500  Ch.: 0.0484  Obj.: 42.5
2019-09-02 16:42:18,315 - TOPOPT - INFO - Ite.: 288  Vol.: 0.500  Ch.: 0.0391  Obj.: 42.5
2019-09-02 16:42:18,865 - TOPOPT - INFO - Ite.: 289  Vol.: 0.500  Ch.: 0.0255  Obj.: 42.5
2019-09-02 16:42:19,421 - TOPOPT - INFO - Ite.: 290  Vol.: 0.500  Ch.: 0.0152  Obj.: 42.5
2019-09-02 16:42:19,943 - TOPOPT - INFO - Ite.: 291  Vol.: 0.500  Ch.: 0.0108  Obj.: 42.5
2019-09-02 16:42:20,457 - TOPOPT - INFO - Ite.: 292  Vol.: 0.500  Ch.: 0.0100  Obj.: 42.5
2019-09-02 16:42:21,052 - TOPOPT - INFO - Ite.: 293  Vol.: 0.500  Ch.: 0.0130  Obj.: 42.5
2019-09-02 16:42:21,594 - TOPOPT - INFO - Ite.: 294  Vol.: 0.500  Ch.: 0.0123  Obj.: 42.5
2019-09-02 16:42:22,101 - TOPOPT - INFO - Ite.: 295  Vol.: 0.500  Ch.: 0.0087  Obj.: 42.5
2019-09-02 16:42:22,651 - TOPOPT - INFO - Ite.: 296  Vol.: 0.500  Ch.: 0.0077  Obj.: 42.5
2019-09-02 16:42:23,137 - TOPOPT - INFO - Ite.: 297  Vol.: 0.500  Ch.: 0.0072  Obj.: 42.5
2019-09-02 16:42:23,676 - TOPOPT - INFO - Ite.: 298  Vol.: 0.500  Ch.: 0.0068  Obj.: 42.5
2019-09-02 16:42:24,176 - TOPOPT - INFO - Ite.: 299  Vol.: 0.500  Ch.: 0.0063  Obj.: 42.5
2019-09-02 16:42:24,727 - TOPOPT - INFO - Ite.: 300  Vol.: 0.500  Ch.: 0.0060  Obj.: 42.5
2019-09-02 16:42:25,220 - TOPOPT - INFO - Ite.: 301  Vol.: 0.500  Ch.: 0.0056  Obj.: 42.5
2019-09-02 16:42:25,752 - TOPOPT - INFO - Ite.: 302  Vol.: 0.500  Ch.: 0.0055  Obj.: 42.5
2019-09-02 16:42:26,252 - TOPOPT - INFO - Ite.: 303  Vol.: 0.500  Ch.: 0.0058  Obj.: 42.5
2019-09-02 16:42:26,780 - TOPOPT - INFO - Ite.: 304  Vol.: 0.500  Ch.: 0.0059  Obj.: 42.5
2019-09-02 16:42:27,358 - TOPOPT - INFO - Ite.: 305  Vol.: 0.500  Ch.: 0.0061  Obj.: 42.5
2019-09-02 16:42:27,825 - TOPOPT - INFO - Ite.: 306  Vol.: 0.500  Ch.: 0.0064  Obj.: 42.5
2019-09-02 16:42:28,335 - TOPOPT - INFO - Ite.: 307  Vol.: 0.500  Ch.: 0.0067  Obj.: 42.5
2019-09-02 16:42:28,825 - TOPOPT - INFO - Ite.: 308  Vol.: 0.500  Ch.: 0.0069  Obj.: 42.5
2019-09-02 16:42:29,309 - TOPOPT - INFO - Ite.: 309  Vol.: 0.500  Ch.: 0.0072  Obj.: 42.5
2019-09-02 16:42:29,816 - TOPOPT - INFO - Ite.: 310  Vol.: 0.500  Ch.: 0.0075  Obj.: 42.5
2019-09-02 16:42:30,346 - TOPOPT - INFO - Ite.: 311  Vol.: 0.500  Ch.: 0.0079  Obj.: 42.5
2019-09-02 16:42:30,846 - TOPOPT - INFO - Ite.: 312  Vol.: 0.500  Ch.: 0.0132  Obj.: 42.5
2019-09-02 16:42:31,404 - TOPOPT - INFO - Ite.: 313  Vol.: 0.500  Ch.: 0.0286  Obj.: 42.5
2019-09-02 16:42:31,947 - TOPOPT - INFO - Ite.: 314  Vol.: 0.500  Ch.: 0.0309  Obj.: 42.5
2019-09-02 16:42:32,440 - TOPOPT - INFO - Ite.: 315  Vol.: 0.500  Ch.: 0.0230  Obj.: 42.5
2019-09-02 16:42:33,002 - TOPOPT - INFO - Ite.: 316  Vol.: 0.500  Ch.: 0.0142  Obj.: 42.5
2019-09-02 16:42:33,516 - TOPOPT - INFO - Ite.: 317  Vol.: 0.500  Ch.: 0.0104  Obj.: 42.5
2019-09-02 16:42:34,065 - TOPOPT - INFO - Ite.: 318  Vol.: 0.500  Ch.: 0.0108  Obj.: 42.5
2019-09-02 16:42:34,591 - TOPOPT - INFO - Ite.: 319  Vol.: 0.500  Ch.: 0.0110  Obj.: 42.5
2019-09-02 16:42:35,092 - TOPOPT - INFO - Ite.: 320  Vol.: 0.500  Ch.: 0.0112  Obj.: 42.5
2019-09-02 16:42:35,604 - TOPOPT - INFO - Ite.: 321  Vol.: 0.500  Ch.: 0.0112  Obj.: 42.5
2019-09-02 16:42:36,115 - TOPOPT - INFO - Ite.: 322  Vol.: 0.500  Ch.: 0.0113  Obj.: 42.5
2019-09-02 16:42:36,612 - TOPOPT - INFO - Ite.: 323  Vol.: 0.500  Ch.: 0.0111  Obj.: 42.5
2019-09-02 16:42:37,157 - TOPOPT - INFO - Ite.: 324  Vol.: 0.500  Ch.: 0.0111  Obj.: 42.5
2019-09-02 16:42:37,631 - TOPOPT - INFO - Ite.: 325  Vol.: 0.500  Ch.: 0.0109  Obj.: 42.5
2019-09-02 16:42:38,105 - TOPOPT - INFO - Ite.: 326  Vol.: 0.500  Ch.: 0.0107  Obj.: 42.5
2019-09-02 16:42:38,680 - TOPOPT - INFO - Ite.: 327  Vol.: 0.500  Ch.: 0.0400  Obj.: 42.5
2019-09-02 16:42:39,191 - TOPOPT - INFO - Ite.: 328  Vol.: 0.500  Ch.: 0.1035  Obj.: 42.5
2019-09-02 16:42:39,706 - TOPOPT - INFO - Ite.: 329  Vol.: 0.500  Ch.: 0.1241  Obj.: 42.5
2019-09-02 16:42:40,282 - TOPOPT - INFO - Ite.: 330  Vol.: 0.500  Ch.: 0.1059  Obj.: 42.5
2019-09-02 16:42:40,815 - TOPOPT - INFO - Ite.: 331  Vol.: 0.500  Ch.: 0.0842  Obj.: 42.5
2019-09-02 16:42:41,351 - TOPOPT - INFO - Ite.: 332  Vol.: 0.500  Ch.: 0.0664  Obj.: 42.5
2019-09-02 16:42:41,881 - TOPOPT - INFO - Ite.: 333  Vol.: 0.500  Ch.: 0.0519  Obj.: 42.5
2019-09-02 16:42:42,391 - TOPOPT - INFO - Ite.: 334  Vol.: 0.500  Ch.: 0.0400  Obj.: 42.5
2019-09-02 16:42:42,956 - TOPOPT - INFO - Ite.: 335  Vol.: 0.500  Ch.: 0.0307  Obj.: 42.5
2019-09-02 16:42:43,523 - TOPOPT - INFO - Ite.: 336  Vol.: 0.500  Ch.: 0.0236  Obj.: 42.5
2019-09-02 16:42:44,009 - TOPOPT - INFO - Ite.: 337  Vol.: 0.500  Ch.: 0.0182  Obj.: 42.5
2019-09-02 16:42:44,559 - TOPOPT - INFO - Ite.: 338  Vol.: 0.500  Ch.: 0.0139  Obj.: 42.5
2019-09-02 16:42:45,092 - TOPOPT - INFO - Ite.: 339  Vol.: 0.500  Ch.: 0.0110  Obj.: 42.5
2019-09-02 16:42:45,611 - TOPOPT - INFO - Ite.: 340  Vol.: 0.500  Ch.: 0.0097  Obj.: 42.5
2019-09-02 16:42:46,112 - TOPOPT - INFO - Ite.: 341  Vol.: 0.500  Ch.: 0.0084  Obj.: 42.5
2019-09-02 16:42:46,687 - TOPOPT - INFO - Ite.: 342  Vol.: 0.500  Ch.: 0.0073  Obj.: 42.5
2019-09-02 16:42:47,216 - TOPOPT - INFO - Ite.: 343  Vol.: 0.500  Ch.: 0.0063  Obj.: 42.5
2019-09-02 16:42:47,733 - TOPOPT - INFO - Ite.: 344  Vol.: 0.500  Ch.: 0.0108  Obj.: 42.5
2019-09-02 16:42:48,230 - TOPOPT - INFO - Ite.: 345  Vol.: 0.500  Ch.: 0.0175  Obj.: 42.5
2019-09-02 16:42:48,739 - TOPOPT - INFO - Ite.: 346  Vol.: 0.500  Ch.: 0.0165  Obj.: 42.5
2019-09-02 16:42:49,253 - TOPOPT - INFO - Ite.: 347  Vol.: 0.500  Ch.: 0.0118  Obj.: 42.5
2019-09-02 16:42:49,786 - TOPOPT - INFO - Ite.: 348  Vol.: 0.500  Ch.: 0.0085  Obj.: 42.5
2019-09-02 16:42:50,342 - TOPOPT - INFO - Ite.: 349  Vol.: 0.500  Ch.: 0.0078  Obj.: 42.5
2019-09-02 16:42:50,862 - TOPOPT - INFO - Ite.: 350  Vol.: 0.500  Ch.: 0.0053  Obj.: 42.5
2019-09-02 16:42:51,421 - TOPOPT - INFO - Ite.: 351  Vol.: 0.500  Ch.: 0.0036  Obj.: 42.5
2019-09-02 16:42:51,911 - TOPOPT - INFO - Ite.: 352  Vol.: 0.500  Ch.: 0.0034  Obj.: 42.5
2019-09-02 16:42:52,453 - TOPOPT - INFO - Ite.: 353  Vol.: 0.500  Ch.: 0.0033  Obj.: 42.5
2019-09-02 16:42:52,964 - TOPOPT - INFO - Ite.: 354  Vol.: 0.500  Ch.: 0.0032  Obj.: 42.5
2019-09-02 16:42:53,510 - TOPOPT - INFO - Ite.: 355  Vol.: 0.500  Ch.: 0.0030  Obj.: 42.5
2019-09-02 16:42:54,065 - TOPOPT - INFO - Ite.: 356  Vol.: 0.500  Ch.: 0.0028  Obj.: 42.5
2019-09-02 16:42:54,644 - TOPOPT - INFO - Ite.: 357  Vol.: 0.500  Ch.: 0.0028  Obj.: 42.5
2019-09-02 16:42:55,237 - TOPOPT - INFO - Ite.: 358  Vol.: 0.500  Ch.: 0.0026  Obj.: 42.5
2019-09-02 16:42:55,801 - TOPOPT - INFO - Ite.: 359  Vol.: 0.500  Ch.: 0.0026  Obj.: 42.5
2019-09-02 16:42:56,415 - TOPOPT - INFO - Ite.: 360  Vol.: 0.500  Ch.: 0.0026  Obj.: 42.5
2019-09-02 16:42:56,999 - TOPOPT - INFO - Ite.: 361  Vol.: 0.500  Ch.: 0.0027  Obj.: 42.5
2019-09-02 16:42:57,612 - TOPOPT - INFO - Ite.: 362  Vol.: 0.500  Ch.: 0.0026  Obj.: 42.5
2019-09-02 16:42:58,223 - TOPOPT - INFO - Ite.: 363  Vol.: 0.500  Ch.: 0.0092  Obj.: 42.5
2019-09-02 16:42:58,809 - TOPOPT - INFO - Ite.: 364  Vol.: 0.500  Ch.: 0.0136  Obj.: 42.5
2019-09-02 16:42:59,395 - TOPOPT - INFO - Ite.: 365  Vol.: 0.500  Ch.: 0.0119  Obj.: 42.5
2019-09-02 16:42:59,983 - TOPOPT - INFO - Ite.: 366  Vol.: 0.500  Ch.: 0.0079  Obj.: 42.5
2019-09-02 16:43:00,581 - TOPOPT - INFO - Ite.: 367  Vol.: 0.500  Ch.: 0.0046  Obj.: 42.5
2019-09-02 16:43:01,191 - TOPOPT - INFO - Ite.: 368  Vol.: 0.500  Ch.: 0.0028  Obj.: 42.5
2019-09-02 16:43:01,760 - TOPOPT - INFO - Ite.: 369  Vol.: 0.500  Ch.: 0.0027  Obj.: 42.5
2019-09-02 16:43:02,358 - TOPOPT - INFO - Ite.: 370  Vol.: 0.500  Ch.: 0.0028  Obj.: 42.5
2019-09-02 16:43:02,895 - TOPOPT - INFO - Ite.: 371  Vol.: 0.500  Ch.: 0.0032  Obj.: 42.5
2019-09-02 16:43:03,404 - TOPOPT - INFO - Ite.: 372  Vol.: 0.500  Ch.: 0.0061  Obj.: 42.5
2019-09-02 16:43:03,926 - TOPOPT - INFO - Ite.: 373  Vol.: 0.500  Ch.: 0.0060  Obj.: 42.5
2019-09-02 16:43:04,463 - TOPOPT - INFO - Ite.: 374  Vol.: 0.500  Ch.: 0.0043  Obj.: 42.5
2019-09-02 16:43:05,006 - TOPOPT - INFO - Ite.: 375  Vol.: 0.500  Ch.: 0.0028  Obj.: 42.5
2019-09-02 16:43:05,553 - TOPOPT - INFO - Ite.: 376  Vol.: 0.500  Ch.: 0.0029  Obj.: 42.5
2019-09-02 16:43:06,157 - TOPOPT - INFO - Ite.: 377  Vol.: 0.500  Ch.: 0.0029  Obj.: 42.5
2019-09-02 16:43:06,706 - TOPOPT - INFO - Ite.: 378  Vol.: 0.500  Ch.: 0.0061  Obj.: 42.5
2019-09-02 16:43:07,237 - TOPOPT - INFO - Ite.: 379  Vol.: 0.500  Ch.: 0.0086  Obj.: 42.5
2019-09-02 16:43:07,782 - TOPOPT - INFO - Ite.: 380  Vol.: 0.500  Ch.: 0.0073  Obj.: 42.5
2019-09-02 16:43:08,345 - TOPOPT - INFO - Ite.: 381  Vol.: 0.500  Ch.: 0.0048  Obj.: 42.5
2019-09-02 16:43:08,901 - TOPOPT - INFO - Ite.: 382  Vol.: 0.500  Ch.: 0.0031  Obj.: 42.5
2019-09-02 16:43:09,505 - TOPOPT - INFO - Ite.: 383  Vol.: 0.500  Ch.: 0.0032  Obj.: 42.5
2019-09-02 16:43:10,020 - TOPOPT - INFO - Ite.: 384  Vol.: 0.500  Ch.: 0.0032  Obj.: 42.5
2019-09-02 16:43:10,500 - TOPOPT - INFO - Ite.: 385  Vol.: 0.500  Ch.: 0.0033  Obj.: 42.5
2019-09-02 16:43:11,081 - TOPOPT - INFO - Ite.: 386  Vol.: 0.500  Ch.: 0.0032  Obj.: 42.5
2019-09-02 16:43:11,566 - TOPOPT - INFO - Ite.: 387  Vol.: 0.500  Ch.: 0.0034  Obj.: 42.5
2019-09-02 16:43:12,125 - TOPOPT - INFO - Ite.: 388  Vol.: 0.500  Ch.: 0.0033  Obj.: 42.5
2019-09-02 16:43:12,696 - TOPOPT - INFO - Ite.: 389  Vol.: 0.500  Ch.: 0.0046  Obj.: 42.5
2019-09-02 16:43:13,233 - TOPOPT - INFO - Ite.: 390  Vol.: 0.500  Ch.: 0.0153  Obj.: 42.5
2019-09-02 16:43:13,770 - TOPOPT - INFO - Ite.: 391  Vol.: 0.500  Ch.: 0.0203  Obj.: 42.5
2019-09-02 16:43:14,256 - TOPOPT - INFO - Ite.: 392  Vol.: 0.500  Ch.: 0.0168  Obj.: 42.5
2019-09-02 16:43:14,770 - TOPOPT - INFO - Ite.: 393  Vol.: 0.500  Ch.: 0.0108  Obj.: 42.5
2019-09-02 16:43:15,290 - TOPOPT - INFO - Ite.: 394  Vol.: 0.500  Ch.: 0.0062  Obj.: 42.5
2019-09-02 16:43:15,844 - TOPOPT - INFO - Ite.: 395  Vol.: 0.500  Ch.: 0.0037  Obj.: 42.5
2019-09-02 16:43:16,437 - TOPOPT - INFO - Ite.: 396  Vol.: 0.500  Ch.: 0.0039  Obj.: 42.5
2019-09-02 16:43:17,020 - TOPOPT - INFO - Ite.: 397  Vol.: 0.500  Ch.: 0.0039  Obj.: 42.5
2019-09-02 16:43:17,572 - TOPOPT - INFO - Ite.: 398  Vol.: 0.500  Ch.: 0.0039  Obj.: 42.5
2019-09-02 16:43:18,111 - TOPOPT - INFO - Ite.: 399  Vol.: 0.500  Ch.: 0.0041  Obj.: 42.5
2019-09-02 16:43:18,644 - TOPOPT - INFO - Ite.: 400  Vol.: 0.500  Ch.: 0.0042  Obj.: 42.5
2019-09-02 16:43:19,219 - TOPOPT - INFO - Ite.: 401  Vol.: 0.500  Ch.: 0.0041  Obj.: 42.5
2019-09-02 16:43:19,782 - TOPOPT - INFO - Ite.: 402  Vol.: 0.500  Ch.: 0.0042  Obj.: 42.5
2019-09-02 16:43:20,381 - TOPOPT - INFO - Ite.: 403  Vol.: 0.500  Ch.: 0.0043  Obj.: 42.5
2019-09-02 16:43:20,911 - TOPOPT - INFO - Ite.: 404  Vol.: 0.500  Ch.: 0.0043  Obj.: 42.5
2019-09-02 16:43:21,414 - TOPOPT - INFO - Ite.: 405  Vol.: 0.500  Ch.: 0.0044  Obj.: 42.5
2019-09-02 16:43:21,937 - TOPOPT - INFO - Ite.: 406  Vol.: 0.500  Ch.: 0.0041  Obj.: 42.5
2019-09-02 16:43:22,453 - TOPOPT - INFO - Ite.: 407  Vol.: 0.500  Ch.: 0.0041  Obj.: 42.5
2019-09-02 16:43:22,960 - TOPOPT - INFO - Ite.: 408  Vol.: 0.500  Ch.: 0.0040  Obj.: 42.5
2019-09-02 16:43:23,480 - TOPOPT - INFO - Ite.: 409  Vol.: 0.500  Ch.: 0.0040  Obj.: 42.5
2019-09-02 16:43:24,023 - TOPOPT - INFO - Ite.: 410  Vol.: 0.500  Ch.: 0.0038  Obj.: 42.5
2019-09-02 16:43:24,621 - TOPOPT - INFO - Ite.: 411  Vol.: 0.500  Ch.: 0.0039  Obj.: 42.5
2019-09-02 16:43:25,141 - TOPOPT - INFO - Ite.: 412  Vol.: 0.500  Ch.: 0.0037  Obj.: 42.5
2019-09-02 16:43:25,634 - TOPOPT - INFO - Ite.: 413  Vol.: 0.500  Ch.: 0.0037  Obj.: 42.5
2019-09-02 16:43:26,191 - TOPOPT - INFO - Ite.: 414  Vol.: 0.500  Ch.: 0.0036  Obj.: 42.5
2019-09-02 16:43:26,694 - TOPOPT - INFO - Ite.: 415  Vol.: 0.500  Ch.: 0.0036  Obj.: 42.5
2019-09-02 16:43:27,262 - TOPOPT - INFO - Ite.: 416  Vol.: 0.500  Ch.: 0.0034  Obj.: 42.5
2019-09-02 16:43:27,822 - TOPOPT - INFO - Ite.: 417  Vol.: 0.500  Ch.: 0.0034  Obj.: 42.5
2019-09-02 16:43:28,296 - TOPOPT - INFO - Ite.: 418  Vol.: 0.500  Ch.: 0.0033  Obj.: 42.5
2019-09-02 16:43:28,861 - TOPOPT - INFO - Ite.: 419  Vol.: 0.500  Ch.: 0.0033  Obj.: 42.5
2019-09-02 16:43:29,364 - TOPOPT - INFO - Ite.: 420  Vol.: 0.500  Ch.: 0.0031  Obj.: 42.5
2019-09-02 16:43:29,940 - TOPOPT - INFO - Ite.: 421  Vol.: 0.500  Ch.: 0.0031  Obj.: 42.5
2019-09-02 16:43:30,463 - TOPOPT - INFO - Ite.: 422  Vol.: 0.500  Ch.: 0.0030  Obj.: 42.5
2019-09-02 16:43:31,032 - TOPOPT - INFO - Ite.: 423  Vol.: 0.500  Ch.: 0.0030  Obj.: 42.5
2019-09-02 16:43:31,601 - TOPOPT - INFO - Ite.: 424  Vol.: 0.500  Ch.: 0.0028  Obj.: 42.5
2019-09-02 16:43:32,124 - TOPOPT - INFO - Ite.: 425  Vol.: 0.500  Ch.: 0.0028  Obj.: 42.5
2019-09-02 16:43:32,680 - TOPOPT - INFO - Ite.: 426  Vol.: 0.500  Ch.: 0.0027  Obj.: 42.5
2019-09-02 16:43:33,246 - TOPOPT - INFO - Ite.: 427  Vol.: 0.500  Ch.: 0.0027  Obj.: 42.5
2019-09-02 16:43:33,757 - TOPOPT - INFO - Ite.: 428  Vol.: 0.500  Ch.: 0.0025  Obj.: 42.5
2019-09-02 16:43:34,272 - TOPOPT - INFO - Ite.: 429  Vol.: 0.500  Ch.: 0.0025  Obj.: 42.5
2019-09-02 16:43:34,831 - TOPOPT - INFO - Ite.: 430  Vol.: 0.500  Ch.: 0.0024  Obj.: 42.5
2019-09-02 16:43:35,361 - TOPOPT - INFO - Ite.: 431  Vol.: 0.500  Ch.: 0.0023  Obj.: 42.5
2019-09-02 16:43:35,892 - TOPOPT - INFO - Ite.: 432  Vol.: 0.500  Ch.: 0.0023  Obj.: 42.5
2019-09-02 16:43:36,454 - TOPOPT - INFO - Ite.: 433  Vol.: 0.500  Ch.: 0.0023  Obj.: 42.5
2019-09-02 16:43:36,940 - TOPOPT - INFO - Ite.: 434  Vol.: 0.500  Ch.: 0.0021  Obj.: 42.5
2019-09-02 16:43:37,476 - TOPOPT - INFO - Ite.: 435  Vol.: 0.500  Ch.: 0.0021  Obj.: 42.5
2019-09-02 16:43:38,019 - TOPOPT - INFO - Ite.: 436  Vol.: 0.500  Ch.: 0.0020  Obj.: 42.5
2019-09-02 16:43:38,562 - TOPOPT - INFO - Ite.: 437  Vol.: 0.500  Ch.: 0.0019  Obj.: 42.5
2019-09-02 16:43:39,125 - TOPOPT - INFO - Ite.: 438  Vol.: 0.500  Ch.: 0.0019  Obj.: 42.5
2019-09-02 16:43:39,641 - TOPOPT - INFO - Ite.: 439  Vol.: 0.500  Ch.: 0.0019  Obj.: 42.5
2019-09-02 16:43:40,174 - TOPOPT - INFO - Ite.: 440  Vol.: 0.500  Ch.: 0.0017  Obj.: 42.5
2019-09-02 16:43:40,696 - TOPOPT - INFO - Ite.: 441  Vol.: 0.500  Ch.: 0.0018  Obj.: 42.5
2019-09-02 16:43:41,252 - TOPOPT - INFO - Ite.: 442  Vol.: 0.500  Ch.: 0.0016  Obj.: 42.5
2019-09-02 16:43:41,815 - TOPOPT - INFO - Ite.: 443  Vol.: 0.500  Ch.: 0.0016  Obj.: 42.5
2019-09-02 16:43:42,397 - TOPOPT - INFO - Ite.: 444  Vol.: 0.500  Ch.: 0.0016  Obj.: 42.5
2019-09-02 16:43:42,901 - TOPOPT - INFO - Ite.: 445  Vol.: 0.500  Ch.: 0.0016  Obj.: 42.5
2019-09-02 16:43:43,446 - TOPOPT - INFO - Ite.: 446  Vol.: 0.500  Ch.: 0.0015  Obj.: 42.5
2019-09-02 16:43:44,009 - TOPOPT - INFO - Ite.: 447  Vol.: 0.500  Ch.: 0.0014  Obj.: 42.5
2019-09-02 16:43:44,496 - TOPOPT - INFO - Ite.: 448  Vol.: 0.500  Ch.: 0.0014  Obj.: 42.5
2019-09-02 16:43:45,016 - TOPOPT - INFO - Ite.: 449  Vol.: 0.500  Ch.: 0.0014  Obj.: 42.5
2019-09-02 16:43:45,561 - TOPOPT - INFO - Ite.: 450  Vol.: 0.500  Ch.: 0.0013  Obj.: 42.5
2019-09-02 16:43:46,141 - TOPOPT - INFO - Ite.: 451  Vol.: 0.500  Ch.: 0.0013  Obj.: 42.5
2019-09-02 16:43:46,687 - TOPOPT - INFO - Ite.: 452  Vol.: 0.500  Ch.: 0.0012  Obj.: 42.5
2019-09-02 16:43:47,240 - TOPOPT - INFO - Ite.: 453  Vol.: 0.500  Ch.: 0.0012  Obj.: 42.5
2019-09-02 16:43:47,770 - TOPOPT - INFO - Ite.: 454  Vol.: 0.500  Ch.: 0.0011  Obj.: 42.5
2019-09-02 16:43:48,236 - TOPOPT - INFO - Ite.: 455  Vol.: 0.500  Ch.: 0.0011  Obj.: 42.5
2019-09-02 16:43:48,802 - TOPOPT - INFO - Ite.: 456  Vol.: 0.500  Ch.: 0.0011  Obj.: 42.5
2019-09-02 16:43:49,365 - TOPOPT - INFO - Ite.: 457  Vol.: 0.500  Ch.: 0.0011  Obj.: 42.5
2019-09-02 16:43:49,887 - TOPOPT - INFO - Ite.: 458  Vol.: 0.500  Ch.: 0.0010  Obj.: 42.5
2019-09-02 16:43:50,401 - TOPOPT - INFO - Ite.: 459  Vol.: 0.500  Ch.: 0.0010  Obj.: 42.5
2019-09-02 16:43:50,976 - TOPOPT - INFO - Ite.: 460  Vol.: 0.500  Ch.: 0.0009  Obj.: 42.5
2019-09-02 16:43:51,280 - TOPOPT - INFO - Ite.: 461  Convergence criterion reached

2019-09-02 16:43:51,280 - TOPOPT - INFO - FINAL OBJECTIVE FUNCTION VALUE     :   47.404672197

2019-09-02 16:43:51,280 - TOPOPT - INFO - Black and white filtering data for different threshold values
2019-09-02 16:43:51,835 - TOPOPT - INFO - Threshold value            :   0.1
2019-09-02 16:43:51,835 - TOPOPT - INFO - Volume fraction            :   0.527789981184
2019-09-02 16:43:51,835 - TOPOPT - INFO - Objective function value   :   47.085019521

2019-09-02 16:43:52,427 - TOPOPT - INFO - Threshold value            :   0.2
2019-09-02 16:43:52,427 - TOPOPT - INFO - Volume fraction            :   0.517074117596
2019-09-02 16:43:52,427 - TOPOPT - INFO - Objective function value   :   47.1660886279

2019-09-02 16:43:52,970 - TOPOPT - INFO - Threshold value            :   0.3
2019-09-02 16:43:52,970 - TOPOPT - INFO - Volume fraction            :   0.509401146657
2019-09-02 16:43:52,970 - TOPOPT - INFO - Objective function value   :   47.2243957143

2019-09-02 16:43:53,502 - TOPOPT - INFO - Threshold value            :   0.4
2019-09-02 16:43:53,502 - TOPOPT - INFO - Volume fraction            :   0.502482701677
2019-09-02 16:43:53,502 - TOPOPT - INFO - Objective function value   :   47.2694345457

2019-09-02 16:43:54,036 - TOPOPT - INFO - Threshold value            :   0.5
2019-09-02 16:43:54,036 - TOPOPT - INFO - Volume fraction            :   0.497165992034
2019-09-02 16:43:54,036 - TOPOPT - INFO - Objective function value   :   47.3215378086

2019-09-02 16:43:54,661 - TOPOPT - INFO - Threshold value            :   0.6
2019-09-02 16:43:54,661 - TOPOPT - INFO - Volume fraction            :   0.49114069365
2019-09-02 16:43:54,661 - TOPOPT - INFO - Objective function value   :   47.3921972796

2019-09-02 16:43:55,135 - TOPOPT - INFO - Threshold value            :   0.7
2019-09-02 16:43:55,135 - TOPOPT - INFO - Volume fraction            :   0.486464273652
2019-09-02 16:43:55,135 - TOPOPT - INFO - Objective function value   :   47.5332657132

2019-09-02 16:43:55,611 - TOPOPT - INFO - Threshold value            :   0.8
2019-09-02 16:43:55,611 - TOPOPT - INFO - Volume fraction            :   0.48198022369
2019-09-02 16:43:55,611 - TOPOPT - INFO - Objective function value   :   47.7310521532

2019-09-02 16:43:56,111 - TOPOPT - INFO - Threshold value            :   0.9
2019-09-02 16:43:56,111 - TOPOPT - INFO - Volume fraction            :   0.477098501917
2019-09-02 16:43:56,111 - TOPOPT - INFO - Objective function value   :   48.1820868462

2019-09-02 16:43:56,111 - TOPOPT - INFO - OPTIMIZATION FINISHED IN 244 SEC. /// 4 MIN.

2019-09-02 16:43:56,111 - TOPOPT - INFO - END OF THE MAIN PROGRAM
